<?xml version="1.0"?>
<!DOCTYPE citydrain SYSTEM "model.dtd">

<citydrain version="1.0">

	<pluginpath path="./libnodes.so" />

	<simulation class="ParallelSimulation">
		<time start="0" stop="72000" dt="300" />
	</simulation>

	<model>
		<nodelist>


			<node id="constsource-0" class="ConstSource">
				<parameter name="const_flow" kind="complex" type="Flow">
					<flow>
						<unit name="Q" kind="Flow" value="234.0" />
						<unit name="C0" kind="Concentration" value="0.1"/>
						<unit name="C1" kind="Concentration" value="0.2"/>
					</flow>
				</parameter>
			</node>

			<node id="musk-0-0" class="Sewer" />
			<node id="musk-0-1" class="Sewer" />
			<node id="musk-0-2" class="Sewer" />
			<node id="musk-0-3" class="Sewer" />
			<node id="musk-0-4" class="Sewer" />
			<node id="musk-0-5" class="Sewer" />
			<node id="musk-0-6" class="Sewer" />
			<node id="musk-0-7" class="Sewer" />
			<node id="musk-0-8" class="Sewer" />
			<node id="musk-0-9" class="Sewer" />
			<node id="musk-0-10" class="Sewer" />
			<node id="musk-0-11" class="Sewer" />
			<node id="musk-0-12" class="Sewer" />
			<node id="musk-0-13" class="Sewer" />
			<node id="musk-0-14" class="Sewer" />
			<node id="musk-0-15" class="Sewer" />
			<node id="musk-0-16" class="Sewer" />
			<node id="musk-0-17" class="Sewer" />
			<node id="musk-0-18" class="Sewer" />
			<node id="musk-0-19" class="Sewer" />
			<node id="musk-0-20" class="Sewer" />
			<node id="musk-0-21" class="Sewer" />
			<node id="musk-0-22" class="Sewer" />
			<node id="musk-0-23" class="Sewer" />
			<node id="musk-0-24" class="Sewer" />
			<node id="musk-0-25" class="Sewer" />
			<node id="musk-0-26" class="Sewer" />
			<node id="musk-0-27" class="Sewer" />
			<node id="musk-0-28" class="Sewer" />
			<node id="musk-0-29" class="Sewer" />
			<node id="musk-0-30" class="Sewer" />
			<node id="musk-0-31" class="Sewer" />
			<node id="musk-0-32" class="Sewer" />
			<node id="musk-0-33" class="Sewer" />
			<node id="musk-0-34" class="Sewer" />
			<node id="musk-0-35" class="Sewer" />
			<node id="musk-0-36" class="Sewer" />
			<node id="musk-0-37" class="Sewer" />
			<node id="musk-0-38" class="Sewer" />
			<node id="musk-0-39" class="Sewer" />
			<node id="musk-0-40" class="Sewer" />
			<node id="musk-0-41" class="Sewer" />
			<node id="musk-0-42" class="Sewer" />
			<node id="musk-0-43" class="Sewer" />
			<node id="musk-0-44" class="Sewer" />
			<node id="musk-0-45" class="Sewer" />
			<node id="musk-0-46" class="Sewer" />
			<node id="musk-0-47" class="Sewer" />
			<node id="musk-0-48" class="Sewer" />
			<node id="musk-0-49" class="Sewer" />
			<node id="musk-0-50" class="Sewer" />
			<node id="musk-0-51" class="Sewer" />
			<node id="musk-0-52" class="Sewer" />
			<node id="musk-0-53" class="Sewer" />
			<node id="musk-0-54" class="Sewer" />
			<node id="musk-0-55" class="Sewer" />
			<node id="musk-0-56" class="Sewer" />
			<node id="musk-0-57" class="Sewer" />
			<node id="musk-0-58" class="Sewer" />
			<node id="musk-0-59" class="Sewer" />
			<node id="musk-0-60" class="Sewer" />
			<node id="musk-0-61" class="Sewer" />
			<node id="musk-0-62" class="Sewer" />
			<node id="musk-0-63" class="Sewer" />
			<node id="musk-0-64" class="Sewer" />
			<node id="musk-0-65" class="Sewer" />
			<node id="musk-0-66" class="Sewer" />
			<node id="musk-0-67" class="Sewer" />
			<node id="musk-0-68" class="Sewer" />
			<node id="musk-0-69" class="Sewer" />
			<node id="musk-0-70" class="Sewer" />
			<node id="musk-0-71" class="Sewer" />
			<node id="musk-0-72" class="Sewer" />
			<node id="musk-0-73" class="Sewer" />
			<node id="musk-0-74" class="Sewer" />
			<node id="musk-0-75" class="Sewer" />
			<node id="musk-0-76" class="Sewer" />
			<node id="musk-0-77" class="Sewer" />
			<node id="musk-0-78" class="Sewer" />
			<node id="musk-0-79" class="Sewer" />
			<node id="musk-0-80" class="Sewer" />
			<node id="musk-0-81" class="Sewer" />
			<node id="musk-0-82" class="Sewer" />
			<node id="musk-0-83" class="Sewer" />
			<node id="musk-0-84" class="Sewer" />
			<node id="musk-0-85" class="Sewer" />
			<node id="musk-0-86" class="Sewer" />
			<node id="musk-0-87" class="Sewer" />
			<node id="musk-0-88" class="Sewer" />
			<node id="musk-0-89" class="Sewer" />
			<node id="musk-0-90" class="Sewer" />
			<node id="musk-0-91" class="Sewer" />
			<node id="musk-0-92" class="Sewer" />
			<node id="musk-0-93" class="Sewer" />
			<node id="musk-0-94" class="Sewer" />
			<node id="musk-0-95" class="Sewer" />
			<node id="musk-0-96" class="Sewer" />
			<node id="musk-0-97" class="Sewer" />
			<node id="musk-0-98" class="Sewer" />
			<node id="musk-0-99" class="Sewer" />

			<node id="constsource-1" class="ConstSource">
				<parameter name="const_flow" kind="complex" type="Flow">
					<flow>
						<unit name="Q" kind="Flow" value="234.0" />
						<unit name="C0" kind="Concentration" value="0.1"/>
						<unit name="C1" kind="Concentration" value="0.2"/>
					</flow>
				</parameter>
			</node>

			<node id="musk-1-0" class="Sewer" />
			<node id="musk-1-1" class="Sewer" />
			<node id="musk-1-2" class="Sewer" />
			<node id="musk-1-3" class="Sewer" />
			<node id="musk-1-4" class="Sewer" />
			<node id="musk-1-5" class="Sewer" />
			<node id="musk-1-6" class="Sewer" />
			<node id="musk-1-7" class="Sewer" />
			<node id="musk-1-8" class="Sewer" />
			<node id="musk-1-9" class="Sewer" />
			<node id="musk-1-10" class="Sewer" />
			<node id="musk-1-11" class="Sewer" />
			<node id="musk-1-12" class="Sewer" />
			<node id="musk-1-13" class="Sewer" />
			<node id="musk-1-14" class="Sewer" />
			<node id="musk-1-15" class="Sewer" />
			<node id="musk-1-16" class="Sewer" />
			<node id="musk-1-17" class="Sewer" />
			<node id="musk-1-18" class="Sewer" />
			<node id="musk-1-19" class="Sewer" />
			<node id="musk-1-20" class="Sewer" />
			<node id="musk-1-21" class="Sewer" />
			<node id="musk-1-22" class="Sewer" />
			<node id="musk-1-23" class="Sewer" />
			<node id="musk-1-24" class="Sewer" />
			<node id="musk-1-25" class="Sewer" />
			<node id="musk-1-26" class="Sewer" />
			<node id="musk-1-27" class="Sewer" />
			<node id="musk-1-28" class="Sewer" />
			<node id="musk-1-29" class="Sewer" />
			<node id="musk-1-30" class="Sewer" />
			<node id="musk-1-31" class="Sewer" />
			<node id="musk-1-32" class="Sewer" />
			<node id="musk-1-33" class="Sewer" />
			<node id="musk-1-34" class="Sewer" />
			<node id="musk-1-35" class="Sewer" />
			<node id="musk-1-36" class="Sewer" />
			<node id="musk-1-37" class="Sewer" />
			<node id="musk-1-38" class="Sewer" />
			<node id="musk-1-39" class="Sewer" />
			<node id="musk-1-40" class="Sewer" />
			<node id="musk-1-41" class="Sewer" />
			<node id="musk-1-42" class="Sewer" />
			<node id="musk-1-43" class="Sewer" />
			<node id="musk-1-44" class="Sewer" />
			<node id="musk-1-45" class="Sewer" />
			<node id="musk-1-46" class="Sewer" />
			<node id="musk-1-47" class="Sewer" />
			<node id="musk-1-48" class="Sewer" />
			<node id="musk-1-49" class="Sewer" />
			<node id="musk-1-50" class="Sewer" />
			<node id="musk-1-51" class="Sewer" />
			<node id="musk-1-52" class="Sewer" />
			<node id="musk-1-53" class="Sewer" />
			<node id="musk-1-54" class="Sewer" />
			<node id="musk-1-55" class="Sewer" />
			<node id="musk-1-56" class="Sewer" />
			<node id="musk-1-57" class="Sewer" />
			<node id="musk-1-58" class="Sewer" />
			<node id="musk-1-59" class="Sewer" />
			<node id="musk-1-60" class="Sewer" />
			<node id="musk-1-61" class="Sewer" />
			<node id="musk-1-62" class="Sewer" />
			<node id="musk-1-63" class="Sewer" />
			<node id="musk-1-64" class="Sewer" />
			<node id="musk-1-65" class="Sewer" />
			<node id="musk-1-66" class="Sewer" />
			<node id="musk-1-67" class="Sewer" />
			<node id="musk-1-68" class="Sewer" />
			<node id="musk-1-69" class="Sewer" />
			<node id="musk-1-70" class="Sewer" />
			<node id="musk-1-71" class="Sewer" />
			<node id="musk-1-72" class="Sewer" />
			<node id="musk-1-73" class="Sewer" />
			<node id="musk-1-74" class="Sewer" />
			<node id="musk-1-75" class="Sewer" />
			<node id="musk-1-76" class="Sewer" />
			<node id="musk-1-77" class="Sewer" />
			<node id="musk-1-78" class="Sewer" />
			<node id="musk-1-79" class="Sewer" />
			<node id="musk-1-80" class="Sewer" />
			<node id="musk-1-81" class="Sewer" />
			<node id="musk-1-82" class="Sewer" />
			<node id="musk-1-83" class="Sewer" />
			<node id="musk-1-84" class="Sewer" />
			<node id="musk-1-85" class="Sewer" />
			<node id="musk-1-86" class="Sewer" />
			<node id="musk-1-87" class="Sewer" />
			<node id="musk-1-88" class="Sewer" />
			<node id="musk-1-89" class="Sewer" />
			<node id="musk-1-90" class="Sewer" />
			<node id="musk-1-91" class="Sewer" />
			<node id="musk-1-92" class="Sewer" />
			<node id="musk-1-93" class="Sewer" />
			<node id="musk-1-94" class="Sewer" />
			<node id="musk-1-95" class="Sewer" />
			<node id="musk-1-96" class="Sewer" />
			<node id="musk-1-97" class="Sewer" />
			<node id="musk-1-98" class="Sewer" />
			<node id="musk-1-99" class="Sewer" />

			<node id="constsource-2" class="ConstSource">
				<parameter name="const_flow" kind="complex" type="Flow">
					<flow>
						<unit name="Q" kind="Flow" value="234.0" />
						<unit name="C0" kind="Concentration" value="0.1"/>
						<unit name="C1" kind="Concentration" value="0.2"/>
					</flow>
				</parameter>
			</node>

			<node id="musk-2-0" class="Sewer" />
			<node id="musk-2-1" class="Sewer" />
			<node id="musk-2-2" class="Sewer" />
			<node id="musk-2-3" class="Sewer" />
			<node id="musk-2-4" class="Sewer" />
			<node id="musk-2-5" class="Sewer" />
			<node id="musk-2-6" class="Sewer" />
			<node id="musk-2-7" class="Sewer" />
			<node id="musk-2-8" class="Sewer" />
			<node id="musk-2-9" class="Sewer" />
			<node id="musk-2-10" class="Sewer" />
			<node id="musk-2-11" class="Sewer" />
			<node id="musk-2-12" class="Sewer" />
			<node id="musk-2-13" class="Sewer" />
			<node id="musk-2-14" class="Sewer" />
			<node id="musk-2-15" class="Sewer" />
			<node id="musk-2-16" class="Sewer" />
			<node id="musk-2-17" class="Sewer" />
			<node id="musk-2-18" class="Sewer" />
			<node id="musk-2-19" class="Sewer" />
			<node id="musk-2-20" class="Sewer" />
			<node id="musk-2-21" class="Sewer" />
			<node id="musk-2-22" class="Sewer" />
			<node id="musk-2-23" class="Sewer" />
			<node id="musk-2-24" class="Sewer" />
			<node id="musk-2-25" class="Sewer" />
			<node id="musk-2-26" class="Sewer" />
			<node id="musk-2-27" class="Sewer" />
			<node id="musk-2-28" class="Sewer" />
			<node id="musk-2-29" class="Sewer" />
			<node id="musk-2-30" class="Sewer" />
			<node id="musk-2-31" class="Sewer" />
			<node id="musk-2-32" class="Sewer" />
			<node id="musk-2-33" class="Sewer" />
			<node id="musk-2-34" class="Sewer" />
			<node id="musk-2-35" class="Sewer" />
			<node id="musk-2-36" class="Sewer" />
			<node id="musk-2-37" class="Sewer" />
			<node id="musk-2-38" class="Sewer" />
			<node id="musk-2-39" class="Sewer" />
			<node id="musk-2-40" class="Sewer" />
			<node id="musk-2-41" class="Sewer" />
			<node id="musk-2-42" class="Sewer" />
			<node id="musk-2-43" class="Sewer" />
			<node id="musk-2-44" class="Sewer" />
			<node id="musk-2-45" class="Sewer" />
			<node id="musk-2-46" class="Sewer" />
			<node id="musk-2-47" class="Sewer" />
			<node id="musk-2-48" class="Sewer" />
			<node id="musk-2-49" class="Sewer" />
			<node id="musk-2-50" class="Sewer" />
			<node id="musk-2-51" class="Sewer" />
			<node id="musk-2-52" class="Sewer" />
			<node id="musk-2-53" class="Sewer" />
			<node id="musk-2-54" class="Sewer" />
			<node id="musk-2-55" class="Sewer" />
			<node id="musk-2-56" class="Sewer" />
			<node id="musk-2-57" class="Sewer" />
			<node id="musk-2-58" class="Sewer" />
			<node id="musk-2-59" class="Sewer" />
			<node id="musk-2-60" class="Sewer" />
			<node id="musk-2-61" class="Sewer" />
			<node id="musk-2-62" class="Sewer" />
			<node id="musk-2-63" class="Sewer" />
			<node id="musk-2-64" class="Sewer" />
			<node id="musk-2-65" class="Sewer" />
			<node id="musk-2-66" class="Sewer" />
			<node id="musk-2-67" class="Sewer" />
			<node id="musk-2-68" class="Sewer" />
			<node id="musk-2-69" class="Sewer" />
			<node id="musk-2-70" class="Sewer" />
			<node id="musk-2-71" class="Sewer" />
			<node id="musk-2-72" class="Sewer" />
			<node id="musk-2-73" class="Sewer" />
			<node id="musk-2-74" class="Sewer" />
			<node id="musk-2-75" class="Sewer" />
			<node id="musk-2-76" class="Sewer" />
			<node id="musk-2-77" class="Sewer" />
			<node id="musk-2-78" class="Sewer" />
			<node id="musk-2-79" class="Sewer" />
			<node id="musk-2-80" class="Sewer" />
			<node id="musk-2-81" class="Sewer" />
			<node id="musk-2-82" class="Sewer" />
			<node id="musk-2-83" class="Sewer" />
			<node id="musk-2-84" class="Sewer" />
			<node id="musk-2-85" class="Sewer" />
			<node id="musk-2-86" class="Sewer" />
			<node id="musk-2-87" class="Sewer" />
			<node id="musk-2-88" class="Sewer" />
			<node id="musk-2-89" class="Sewer" />
			<node id="musk-2-90" class="Sewer" />
			<node id="musk-2-91" class="Sewer" />
			<node id="musk-2-92" class="Sewer" />
			<node id="musk-2-93" class="Sewer" />
			<node id="musk-2-94" class="Sewer" />
			<node id="musk-2-95" class="Sewer" />
			<node id="musk-2-96" class="Sewer" />
			<node id="musk-2-97" class="Sewer" />
			<node id="musk-2-98" class="Sewer" />
			<node id="musk-2-99" class="Sewer" />

			<node id="constsource-3" class="ConstSource">
				<parameter name="const_flow" kind="complex" type="Flow">
					<flow>
						<unit name="Q" kind="Flow" value="234.0" />
						<unit name="C0" kind="Concentration" value="0.1"/>
						<unit name="C1" kind="Concentration" value="0.2"/>
					</flow>
				</parameter>
			</node>

			<node id="musk-3-0" class="Sewer" />
			<node id="musk-3-1" class="Sewer" />
			<node id="musk-3-2" class="Sewer" />
			<node id="musk-3-3" class="Sewer" />
			<node id="musk-3-4" class="Sewer" />
			<node id="musk-3-5" class="Sewer" />
			<node id="musk-3-6" class="Sewer" />
			<node id="musk-3-7" class="Sewer" />
			<node id="musk-3-8" class="Sewer" />
			<node id="musk-3-9" class="Sewer" />
			<node id="musk-3-10" class="Sewer" />
			<node id="musk-3-11" class="Sewer" />
			<node id="musk-3-12" class="Sewer" />
			<node id="musk-3-13" class="Sewer" />
			<node id="musk-3-14" class="Sewer" />
			<node id="musk-3-15" class="Sewer" />
			<node id="musk-3-16" class="Sewer" />
			<node id="musk-3-17" class="Sewer" />
			<node id="musk-3-18" class="Sewer" />
			<node id="musk-3-19" class="Sewer" />
			<node id="musk-3-20" class="Sewer" />
			<node id="musk-3-21" class="Sewer" />
			<node id="musk-3-22" class="Sewer" />
			<node id="musk-3-23" class="Sewer" />
			<node id="musk-3-24" class="Sewer" />
			<node id="musk-3-25" class="Sewer" />
			<node id="musk-3-26" class="Sewer" />
			<node id="musk-3-27" class="Sewer" />
			<node id="musk-3-28" class="Sewer" />
			<node id="musk-3-29" class="Sewer" />
			<node id="musk-3-30" class="Sewer" />
			<node id="musk-3-31" class="Sewer" />
			<node id="musk-3-32" class="Sewer" />
			<node id="musk-3-33" class="Sewer" />
			<node id="musk-3-34" class="Sewer" />
			<node id="musk-3-35" class="Sewer" />
			<node id="musk-3-36" class="Sewer" />
			<node id="musk-3-37" class="Sewer" />
			<node id="musk-3-38" class="Sewer" />
			<node id="musk-3-39" class="Sewer" />
			<node id="musk-3-40" class="Sewer" />
			<node id="musk-3-41" class="Sewer" />
			<node id="musk-3-42" class="Sewer" />
			<node id="musk-3-43" class="Sewer" />
			<node id="musk-3-44" class="Sewer" />
			<node id="musk-3-45" class="Sewer" />
			<node id="musk-3-46" class="Sewer" />
			<node id="musk-3-47" class="Sewer" />
			<node id="musk-3-48" class="Sewer" />
			<node id="musk-3-49" class="Sewer" />
			<node id="musk-3-50" class="Sewer" />
			<node id="musk-3-51" class="Sewer" />
			<node id="musk-3-52" class="Sewer" />
			<node id="musk-3-53" class="Sewer" />
			<node id="musk-3-54" class="Sewer" />
			<node id="musk-3-55" class="Sewer" />
			<node id="musk-3-56" class="Sewer" />
			<node id="musk-3-57" class="Sewer" />
			<node id="musk-3-58" class="Sewer" />
			<node id="musk-3-59" class="Sewer" />
			<node id="musk-3-60" class="Sewer" />
			<node id="musk-3-61" class="Sewer" />
			<node id="musk-3-62" class="Sewer" />
			<node id="musk-3-63" class="Sewer" />
			<node id="musk-3-64" class="Sewer" />
			<node id="musk-3-65" class="Sewer" />
			<node id="musk-3-66" class="Sewer" />
			<node id="musk-3-67" class="Sewer" />
			<node id="musk-3-68" class="Sewer" />
			<node id="musk-3-69" class="Sewer" />
			<node id="musk-3-70" class="Sewer" />
			<node id="musk-3-71" class="Sewer" />
			<node id="musk-3-72" class="Sewer" />
			<node id="musk-3-73" class="Sewer" />
			<node id="musk-3-74" class="Sewer" />
			<node id="musk-3-75" class="Sewer" />
			<node id="musk-3-76" class="Sewer" />
			<node id="musk-3-77" class="Sewer" />
			<node id="musk-3-78" class="Sewer" />
			<node id="musk-3-79" class="Sewer" />
			<node id="musk-3-80" class="Sewer" />
			<node id="musk-3-81" class="Sewer" />
			<node id="musk-3-82" class="Sewer" />
			<node id="musk-3-83" class="Sewer" />
			<node id="musk-3-84" class="Sewer" />
			<node id="musk-3-85" class="Sewer" />
			<node id="musk-3-86" class="Sewer" />
			<node id="musk-3-87" class="Sewer" />
			<node id="musk-3-88" class="Sewer" />
			<node id="musk-3-89" class="Sewer" />
			<node id="musk-3-90" class="Sewer" />
			<node id="musk-3-91" class="Sewer" />
			<node id="musk-3-92" class="Sewer" />
			<node id="musk-3-93" class="Sewer" />
			<node id="musk-3-94" class="Sewer" />
			<node id="musk-3-95" class="Sewer" />
			<node id="musk-3-96" class="Sewer" />
			<node id="musk-3-97" class="Sewer" />
			<node id="musk-3-98" class="Sewer" />
			<node id="musk-3-99" class="Sewer" />

			<node id="mixer" class="Mixer">
				<parameter name="num_inputs" type="int" value="4" />
			</node>


			<node id="fileout" class="FileOut">
				<parameter name="out_file_name" type="string" value="tmp/par-sewer.txt" />
			</node>


		</nodelist>
		
		<connectionlist>


			<connection id="const-sewer-0">
				<source node="constsource-0" port="out" />
				<sink	node="musk-0-0" port="in" />
			</connection>

			
			<connection id="sewer-con-0-0">
				<source node="musk-0-0" port="out" />
				<sink node="musk-0-1" port="in" />
			</connection>

			
			<connection id="sewer-con-0-1">
				<source node="musk-0-1" port="out" />
				<sink node="musk-0-2" port="in" />
			</connection>

			
			<connection id="sewer-con-0-2">
				<source node="musk-0-2" port="out" />
				<sink node="musk-0-3" port="in" />
			</connection>

			
			<connection id="sewer-con-0-3">
				<source node="musk-0-3" port="out" />
				<sink node="musk-0-4" port="in" />
			</connection>

			
			<connection id="sewer-con-0-4">
				<source node="musk-0-4" port="out" />
				<sink node="musk-0-5" port="in" />
			</connection>

			
			<connection id="sewer-con-0-5">
				<source node="musk-0-5" port="out" />
				<sink node="musk-0-6" port="in" />
			</connection>

			
			<connection id="sewer-con-0-6">
				<source node="musk-0-6" port="out" />
				<sink node="musk-0-7" port="in" />
			</connection>

			
			<connection id="sewer-con-0-7">
				<source node="musk-0-7" port="out" />
				<sink node="musk-0-8" port="in" />
			</connection>

			
			<connection id="sewer-con-0-8">
				<source node="musk-0-8" port="out" />
				<sink node="musk-0-9" port="in" />
			</connection>

			
			<connection id="sewer-con-0-9">
				<source node="musk-0-9" port="out" />
				<sink node="musk-0-10" port="in" />
			</connection>

			
			<connection id="sewer-con-0-10">
				<source node="musk-0-10" port="out" />
				<sink node="musk-0-11" port="in" />
			</connection>

			
			<connection id="sewer-con-0-11">
				<source node="musk-0-11" port="out" />
				<sink node="musk-0-12" port="in" />
			</connection>

			
			<connection id="sewer-con-0-12">
				<source node="musk-0-12" port="out" />
				<sink node="musk-0-13" port="in" />
			</connection>

			
			<connection id="sewer-con-0-13">
				<source node="musk-0-13" port="out" />
				<sink node="musk-0-14" port="in" />
			</connection>

			
			<connection id="sewer-con-0-14">
				<source node="musk-0-14" port="out" />
				<sink node="musk-0-15" port="in" />
			</connection>

			
			<connection id="sewer-con-0-15">
				<source node="musk-0-15" port="out" />
				<sink node="musk-0-16" port="in" />
			</connection>

			
			<connection id="sewer-con-0-16">
				<source node="musk-0-16" port="out" />
				<sink node="musk-0-17" port="in" />
			</connection>

			
			<connection id="sewer-con-0-17">
				<source node="musk-0-17" port="out" />
				<sink node="musk-0-18" port="in" />
			</connection>

			
			<connection id="sewer-con-0-18">
				<source node="musk-0-18" port="out" />
				<sink node="musk-0-19" port="in" />
			</connection>

			
			<connection id="sewer-con-0-19">
				<source node="musk-0-19" port="out" />
				<sink node="musk-0-20" port="in" />
			</connection>

			
			<connection id="sewer-con-0-20">
				<source node="musk-0-20" port="out" />
				<sink node="musk-0-21" port="in" />
			</connection>

			
			<connection id="sewer-con-0-21">
				<source node="musk-0-21" port="out" />
				<sink node="musk-0-22" port="in" />
			</connection>

			
			<connection id="sewer-con-0-22">
				<source node="musk-0-22" port="out" />
				<sink node="musk-0-23" port="in" />
			</connection>

			
			<connection id="sewer-con-0-23">
				<source node="musk-0-23" port="out" />
				<sink node="musk-0-24" port="in" />
			</connection>

			
			<connection id="sewer-con-0-24">
				<source node="musk-0-24" port="out" />
				<sink node="musk-0-25" port="in" />
			</connection>

			
			<connection id="sewer-con-0-25">
				<source node="musk-0-25" port="out" />
				<sink node="musk-0-26" port="in" />
			</connection>

			
			<connection id="sewer-con-0-26">
				<source node="musk-0-26" port="out" />
				<sink node="musk-0-27" port="in" />
			</connection>

			
			<connection id="sewer-con-0-27">
				<source node="musk-0-27" port="out" />
				<sink node="musk-0-28" port="in" />
			</connection>

			
			<connection id="sewer-con-0-28">
				<source node="musk-0-28" port="out" />
				<sink node="musk-0-29" port="in" />
			</connection>

			
			<connection id="sewer-con-0-29">
				<source node="musk-0-29" port="out" />
				<sink node="musk-0-30" port="in" />
			</connection>

			
			<connection id="sewer-con-0-30">
				<source node="musk-0-30" port="out" />
				<sink node="musk-0-31" port="in" />
			</connection>

			
			<connection id="sewer-con-0-31">
				<source node="musk-0-31" port="out" />
				<sink node="musk-0-32" port="in" />
			</connection>

			
			<connection id="sewer-con-0-32">
				<source node="musk-0-32" port="out" />
				<sink node="musk-0-33" port="in" />
			</connection>

			
			<connection id="sewer-con-0-33">
				<source node="musk-0-33" port="out" />
				<sink node="musk-0-34" port="in" />
			</connection>

			
			<connection id="sewer-con-0-34">
				<source node="musk-0-34" port="out" />
				<sink node="musk-0-35" port="in" />
			</connection>

			
			<connection id="sewer-con-0-35">
				<source node="musk-0-35" port="out" />
				<sink node="musk-0-36" port="in" />
			</connection>

			
			<connection id="sewer-con-0-36">
				<source node="musk-0-36" port="out" />
				<sink node="musk-0-37" port="in" />
			</connection>

			
			<connection id="sewer-con-0-37">
				<source node="musk-0-37" port="out" />
				<sink node="musk-0-38" port="in" />
			</connection>

			
			<connection id="sewer-con-0-38">
				<source node="musk-0-38" port="out" />
				<sink node="musk-0-39" port="in" />
			</connection>

			
			<connection id="sewer-con-0-39">
				<source node="musk-0-39" port="out" />
				<sink node="musk-0-40" port="in" />
			</connection>

			
			<connection id="sewer-con-0-40">
				<source node="musk-0-40" port="out" />
				<sink node="musk-0-41" port="in" />
			</connection>

			
			<connection id="sewer-con-0-41">
				<source node="musk-0-41" port="out" />
				<sink node="musk-0-42" port="in" />
			</connection>

			
			<connection id="sewer-con-0-42">
				<source node="musk-0-42" port="out" />
				<sink node="musk-0-43" port="in" />
			</connection>

			
			<connection id="sewer-con-0-43">
				<source node="musk-0-43" port="out" />
				<sink node="musk-0-44" port="in" />
			</connection>

			
			<connection id="sewer-con-0-44">
				<source node="musk-0-44" port="out" />
				<sink node="musk-0-45" port="in" />
			</connection>

			
			<connection id="sewer-con-0-45">
				<source node="musk-0-45" port="out" />
				<sink node="musk-0-46" port="in" />
			</connection>

			
			<connection id="sewer-con-0-46">
				<source node="musk-0-46" port="out" />
				<sink node="musk-0-47" port="in" />
			</connection>

			
			<connection id="sewer-con-0-47">
				<source node="musk-0-47" port="out" />
				<sink node="musk-0-48" port="in" />
			</connection>

			
			<connection id="sewer-con-0-48">
				<source node="musk-0-48" port="out" />
				<sink node="musk-0-49" port="in" />
			</connection>

			
			<connection id="sewer-con-0-49">
				<source node="musk-0-49" port="out" />
				<sink node="musk-0-50" port="in" />
			</connection>

			
			<connection id="sewer-con-0-50">
				<source node="musk-0-50" port="out" />
				<sink node="musk-0-51" port="in" />
			</connection>

			
			<connection id="sewer-con-0-51">
				<source node="musk-0-51" port="out" />
				<sink node="musk-0-52" port="in" />
			</connection>

			
			<connection id="sewer-con-0-52">
				<source node="musk-0-52" port="out" />
				<sink node="musk-0-53" port="in" />
			</connection>

			
			<connection id="sewer-con-0-53">
				<source node="musk-0-53" port="out" />
				<sink node="musk-0-54" port="in" />
			</connection>

			
			<connection id="sewer-con-0-54">
				<source node="musk-0-54" port="out" />
				<sink node="musk-0-55" port="in" />
			</connection>

			
			<connection id="sewer-con-0-55">
				<source node="musk-0-55" port="out" />
				<sink node="musk-0-56" port="in" />
			</connection>

			
			<connection id="sewer-con-0-56">
				<source node="musk-0-56" port="out" />
				<sink node="musk-0-57" port="in" />
			</connection>

			
			<connection id="sewer-con-0-57">
				<source node="musk-0-57" port="out" />
				<sink node="musk-0-58" port="in" />
			</connection>

			
			<connection id="sewer-con-0-58">
				<source node="musk-0-58" port="out" />
				<sink node="musk-0-59" port="in" />
			</connection>

			
			<connection id="sewer-con-0-59">
				<source node="musk-0-59" port="out" />
				<sink node="musk-0-60" port="in" />
			</connection>

			
			<connection id="sewer-con-0-60">
				<source node="musk-0-60" port="out" />
				<sink node="musk-0-61" port="in" />
			</connection>

			
			<connection id="sewer-con-0-61">
				<source node="musk-0-61" port="out" />
				<sink node="musk-0-62" port="in" />
			</connection>

			
			<connection id="sewer-con-0-62">
				<source node="musk-0-62" port="out" />
				<sink node="musk-0-63" port="in" />
			</connection>

			
			<connection id="sewer-con-0-63">
				<source node="musk-0-63" port="out" />
				<sink node="musk-0-64" port="in" />
			</connection>

			
			<connection id="sewer-con-0-64">
				<source node="musk-0-64" port="out" />
				<sink node="musk-0-65" port="in" />
			</connection>

			
			<connection id="sewer-con-0-65">
				<source node="musk-0-65" port="out" />
				<sink node="musk-0-66" port="in" />
			</connection>

			
			<connection id="sewer-con-0-66">
				<source node="musk-0-66" port="out" />
				<sink node="musk-0-67" port="in" />
			</connection>

			
			<connection id="sewer-con-0-67">
				<source node="musk-0-67" port="out" />
				<sink node="musk-0-68" port="in" />
			</connection>

			
			<connection id="sewer-con-0-68">
				<source node="musk-0-68" port="out" />
				<sink node="musk-0-69" port="in" />
			</connection>

			
			<connection id="sewer-con-0-69">
				<source node="musk-0-69" port="out" />
				<sink node="musk-0-70" port="in" />
			</connection>

			
			<connection id="sewer-con-0-70">
				<source node="musk-0-70" port="out" />
				<sink node="musk-0-71" port="in" />
			</connection>

			
			<connection id="sewer-con-0-71">
				<source node="musk-0-71" port="out" />
				<sink node="musk-0-72" port="in" />
			</connection>

			
			<connection id="sewer-con-0-72">
				<source node="musk-0-72" port="out" />
				<sink node="musk-0-73" port="in" />
			</connection>

			
			<connection id="sewer-con-0-73">
				<source node="musk-0-73" port="out" />
				<sink node="musk-0-74" port="in" />
			</connection>

			
			<connection id="sewer-con-0-74">
				<source node="musk-0-74" port="out" />
				<sink node="musk-0-75" port="in" />
			</connection>

			
			<connection id="sewer-con-0-75">
				<source node="musk-0-75" port="out" />
				<sink node="musk-0-76" port="in" />
			</connection>

			
			<connection id="sewer-con-0-76">
				<source node="musk-0-76" port="out" />
				<sink node="musk-0-77" port="in" />
			</connection>

			
			<connection id="sewer-con-0-77">
				<source node="musk-0-77" port="out" />
				<sink node="musk-0-78" port="in" />
			</connection>

			
			<connection id="sewer-con-0-78">
				<source node="musk-0-78" port="out" />
				<sink node="musk-0-79" port="in" />
			</connection>

			
			<connection id="sewer-con-0-79">
				<source node="musk-0-79" port="out" />
				<sink node="musk-0-80" port="in" />
			</connection>

			
			<connection id="sewer-con-0-80">
				<source node="musk-0-80" port="out" />
				<sink node="musk-0-81" port="in" />
			</connection>

			
			<connection id="sewer-con-0-81">
				<source node="musk-0-81" port="out" />
				<sink node="musk-0-82" port="in" />
			</connection>

			
			<connection id="sewer-con-0-82">
				<source node="musk-0-82" port="out" />
				<sink node="musk-0-83" port="in" />
			</connection>

			
			<connection id="sewer-con-0-83">
				<source node="musk-0-83" port="out" />
				<sink node="musk-0-84" port="in" />
			</connection>

			
			<connection id="sewer-con-0-84">
				<source node="musk-0-84" port="out" />
				<sink node="musk-0-85" port="in" />
			</connection>

			
			<connection id="sewer-con-0-85">
				<source node="musk-0-85" port="out" />
				<sink node="musk-0-86" port="in" />
			</connection>

			
			<connection id="sewer-con-0-86">
				<source node="musk-0-86" port="out" />
				<sink node="musk-0-87" port="in" />
			</connection>

			
			<connection id="sewer-con-0-87">
				<source node="musk-0-87" port="out" />
				<sink node="musk-0-88" port="in" />
			</connection>

			
			<connection id="sewer-con-0-88">
				<source node="musk-0-88" port="out" />
				<sink node="musk-0-89" port="in" />
			</connection>

			
			<connection id="sewer-con-0-89">
				<source node="musk-0-89" port="out" />
				<sink node="musk-0-90" port="in" />
			</connection>

			
			<connection id="sewer-con-0-90">
				<source node="musk-0-90" port="out" />
				<sink node="musk-0-91" port="in" />
			</connection>

			
			<connection id="sewer-con-0-91">
				<source node="musk-0-91" port="out" />
				<sink node="musk-0-92" port="in" />
			</connection>

			
			<connection id="sewer-con-0-92">
				<source node="musk-0-92" port="out" />
				<sink node="musk-0-93" port="in" />
			</connection>

			
			<connection id="sewer-con-0-93">
				<source node="musk-0-93" port="out" />
				<sink node="musk-0-94" port="in" />
			</connection>

			
			<connection id="sewer-con-0-94">
				<source node="musk-0-94" port="out" />
				<sink node="musk-0-95" port="in" />
			</connection>

			
			<connection id="sewer-con-0-95">
				<source node="musk-0-95" port="out" />
				<sink node="musk-0-96" port="in" />
			</connection>

			
			<connection id="sewer-con-0-96">
				<source node="musk-0-96" port="out" />
				<sink node="musk-0-97" port="in" />
			</connection>

			
			<connection id="sewer-con-0-97">
				<source node="musk-0-97" port="out" />
				<sink node="musk-0-98" port="in" />
			</connection>

			
			<connection id="sewer-con-0-98">
				<source node="musk-0-98" port="out" />
				<sink node="musk-0-99" port="in" />
			</connection>


			<connection id="sewer-mixer-0">
				<source node="musk-0-99" port="out" />
				<sink	node="mixer" port="inputs[0]" />
			</connection>


			<connection id="const-sewer-1">
				<source node="constsource-1" port="out" />
				<sink	node="musk-1-0" port="in" />
			</connection>

			
			<connection id="sewer-con-1-0">
				<source node="musk-1-0" port="out" />
				<sink node="musk-1-1" port="in" />
			</connection>

			
			<connection id="sewer-con-1-1">
				<source node="musk-1-1" port="out" />
				<sink node="musk-1-2" port="in" />
			</connection>

			
			<connection id="sewer-con-1-2">
				<source node="musk-1-2" port="out" />
				<sink node="musk-1-3" port="in" />
			</connection>

			
			<connection id="sewer-con-1-3">
				<source node="musk-1-3" port="out" />
				<sink node="musk-1-4" port="in" />
			</connection>

			
			<connection id="sewer-con-1-4">
				<source node="musk-1-4" port="out" />
				<sink node="musk-1-5" port="in" />
			</connection>

			
			<connection id="sewer-con-1-5">
				<source node="musk-1-5" port="out" />
				<sink node="musk-1-6" port="in" />
			</connection>

			
			<connection id="sewer-con-1-6">
				<source node="musk-1-6" port="out" />
				<sink node="musk-1-7" port="in" />
			</connection>

			
			<connection id="sewer-con-1-7">
				<source node="musk-1-7" port="out" />
				<sink node="musk-1-8" port="in" />
			</connection>

			
			<connection id="sewer-con-1-8">
				<source node="musk-1-8" port="out" />
				<sink node="musk-1-9" port="in" />
			</connection>

			
			<connection id="sewer-con-1-9">
				<source node="musk-1-9" port="out" />
				<sink node="musk-1-10" port="in" />
			</connection>

			
			<connection id="sewer-con-1-10">
				<source node="musk-1-10" port="out" />
				<sink node="musk-1-11" port="in" />
			</connection>

			
			<connection id="sewer-con-1-11">
				<source node="musk-1-11" port="out" />
				<sink node="musk-1-12" port="in" />
			</connection>

			
			<connection id="sewer-con-1-12">
				<source node="musk-1-12" port="out" />
				<sink node="musk-1-13" port="in" />
			</connection>

			
			<connection id="sewer-con-1-13">
				<source node="musk-1-13" port="out" />
				<sink node="musk-1-14" port="in" />
			</connection>

			
			<connection id="sewer-con-1-14">
				<source node="musk-1-14" port="out" />
				<sink node="musk-1-15" port="in" />
			</connection>

			
			<connection id="sewer-con-1-15">
				<source node="musk-1-15" port="out" />
				<sink node="musk-1-16" port="in" />
			</connection>

			
			<connection id="sewer-con-1-16">
				<source node="musk-1-16" port="out" />
				<sink node="musk-1-17" port="in" />
			</connection>

			
			<connection id="sewer-con-1-17">
				<source node="musk-1-17" port="out" />
				<sink node="musk-1-18" port="in" />
			</connection>

			
			<connection id="sewer-con-1-18">
				<source node="musk-1-18" port="out" />
				<sink node="musk-1-19" port="in" />
			</connection>

			
			<connection id="sewer-con-1-19">
				<source node="musk-1-19" port="out" />
				<sink node="musk-1-20" port="in" />
			</connection>

			
			<connection id="sewer-con-1-20">
				<source node="musk-1-20" port="out" />
				<sink node="musk-1-21" port="in" />
			</connection>

			
			<connection id="sewer-con-1-21">
				<source node="musk-1-21" port="out" />
				<sink node="musk-1-22" port="in" />
			</connection>

			
			<connection id="sewer-con-1-22">
				<source node="musk-1-22" port="out" />
				<sink node="musk-1-23" port="in" />
			</connection>

			
			<connection id="sewer-con-1-23">
				<source node="musk-1-23" port="out" />
				<sink node="musk-1-24" port="in" />
			</connection>

			
			<connection id="sewer-con-1-24">
				<source node="musk-1-24" port="out" />
				<sink node="musk-1-25" port="in" />
			</connection>

			
			<connection id="sewer-con-1-25">
				<source node="musk-1-25" port="out" />
				<sink node="musk-1-26" port="in" />
			</connection>

			
			<connection id="sewer-con-1-26">
				<source node="musk-1-26" port="out" />
				<sink node="musk-1-27" port="in" />
			</connection>

			
			<connection id="sewer-con-1-27">
				<source node="musk-1-27" port="out" />
				<sink node="musk-1-28" port="in" />
			</connection>

			
			<connection id="sewer-con-1-28">
				<source node="musk-1-28" port="out" />
				<sink node="musk-1-29" port="in" />
			</connection>

			
			<connection id="sewer-con-1-29">
				<source node="musk-1-29" port="out" />
				<sink node="musk-1-30" port="in" />
			</connection>

			
			<connection id="sewer-con-1-30">
				<source node="musk-1-30" port="out" />
				<sink node="musk-1-31" port="in" />
			</connection>

			
			<connection id="sewer-con-1-31">
				<source node="musk-1-31" port="out" />
				<sink node="musk-1-32" port="in" />
			</connection>

			
			<connection id="sewer-con-1-32">
				<source node="musk-1-32" port="out" />
				<sink node="musk-1-33" port="in" />
			</connection>

			
			<connection id="sewer-con-1-33">
				<source node="musk-1-33" port="out" />
				<sink node="musk-1-34" port="in" />
			</connection>

			
			<connection id="sewer-con-1-34">
				<source node="musk-1-34" port="out" />
				<sink node="musk-1-35" port="in" />
			</connection>

			
			<connection id="sewer-con-1-35">
				<source node="musk-1-35" port="out" />
				<sink node="musk-1-36" port="in" />
			</connection>

			
			<connection id="sewer-con-1-36">
				<source node="musk-1-36" port="out" />
				<sink node="musk-1-37" port="in" />
			</connection>

			
			<connection id="sewer-con-1-37">
				<source node="musk-1-37" port="out" />
				<sink node="musk-1-38" port="in" />
			</connection>

			
			<connection id="sewer-con-1-38">
				<source node="musk-1-38" port="out" />
				<sink node="musk-1-39" port="in" />
			</connection>

			
			<connection id="sewer-con-1-39">
				<source node="musk-1-39" port="out" />
				<sink node="musk-1-40" port="in" />
			</connection>

			
			<connection id="sewer-con-1-40">
				<source node="musk-1-40" port="out" />
				<sink node="musk-1-41" port="in" />
			</connection>

			
			<connection id="sewer-con-1-41">
				<source node="musk-1-41" port="out" />
				<sink node="musk-1-42" port="in" />
			</connection>

			
			<connection id="sewer-con-1-42">
				<source node="musk-1-42" port="out" />
				<sink node="musk-1-43" port="in" />
			</connection>

			
			<connection id="sewer-con-1-43">
				<source node="musk-1-43" port="out" />
				<sink node="musk-1-44" port="in" />
			</connection>

			
			<connection id="sewer-con-1-44">
				<source node="musk-1-44" port="out" />
				<sink node="musk-1-45" port="in" />
			</connection>

			
			<connection id="sewer-con-1-45">
				<source node="musk-1-45" port="out" />
				<sink node="musk-1-46" port="in" />
			</connection>

			
			<connection id="sewer-con-1-46">
				<source node="musk-1-46" port="out" />
				<sink node="musk-1-47" port="in" />
			</connection>

			
			<connection id="sewer-con-1-47">
				<source node="musk-1-47" port="out" />
				<sink node="musk-1-48" port="in" />
			</connection>

			
			<connection id="sewer-con-1-48">
				<source node="musk-1-48" port="out" />
				<sink node="musk-1-49" port="in" />
			</connection>

			
			<connection id="sewer-con-1-49">
				<source node="musk-1-49" port="out" />
				<sink node="musk-1-50" port="in" />
			</connection>

			
			<connection id="sewer-con-1-50">
				<source node="musk-1-50" port="out" />
				<sink node="musk-1-51" port="in" />
			</connection>

			
			<connection id="sewer-con-1-51">
				<source node="musk-1-51" port="out" />
				<sink node="musk-1-52" port="in" />
			</connection>

			
			<connection id="sewer-con-1-52">
				<source node="musk-1-52" port="out" />
				<sink node="musk-1-53" port="in" />
			</connection>

			
			<connection id="sewer-con-1-53">
				<source node="musk-1-53" port="out" />
				<sink node="musk-1-54" port="in" />
			</connection>

			
			<connection id="sewer-con-1-54">
				<source node="musk-1-54" port="out" />
				<sink node="musk-1-55" port="in" />
			</connection>

			
			<connection id="sewer-con-1-55">
				<source node="musk-1-55" port="out" />
				<sink node="musk-1-56" port="in" />
			</connection>

			
			<connection id="sewer-con-1-56">
				<source node="musk-1-56" port="out" />
				<sink node="musk-1-57" port="in" />
			</connection>

			
			<connection id="sewer-con-1-57">
				<source node="musk-1-57" port="out" />
				<sink node="musk-1-58" port="in" />
			</connection>

			
			<connection id="sewer-con-1-58">
				<source node="musk-1-58" port="out" />
				<sink node="musk-1-59" port="in" />
			</connection>

			
			<connection id="sewer-con-1-59">
				<source node="musk-1-59" port="out" />
				<sink node="musk-1-60" port="in" />
			</connection>

			
			<connection id="sewer-con-1-60">
				<source node="musk-1-60" port="out" />
				<sink node="musk-1-61" port="in" />
			</connection>

			
			<connection id="sewer-con-1-61">
				<source node="musk-1-61" port="out" />
				<sink node="musk-1-62" port="in" />
			</connection>

			
			<connection id="sewer-con-1-62">
				<source node="musk-1-62" port="out" />
				<sink node="musk-1-63" port="in" />
			</connection>

			
			<connection id="sewer-con-1-63">
				<source node="musk-1-63" port="out" />
				<sink node="musk-1-64" port="in" />
			</connection>

			
			<connection id="sewer-con-1-64">
				<source node="musk-1-64" port="out" />
				<sink node="musk-1-65" port="in" />
			</connection>

			
			<connection id="sewer-con-1-65">
				<source node="musk-1-65" port="out" />
				<sink node="musk-1-66" port="in" />
			</connection>

			
			<connection id="sewer-con-1-66">
				<source node="musk-1-66" port="out" />
				<sink node="musk-1-67" port="in" />
			</connection>

			
			<connection id="sewer-con-1-67">
				<source node="musk-1-67" port="out" />
				<sink node="musk-1-68" port="in" />
			</connection>

			
			<connection id="sewer-con-1-68">
				<source node="musk-1-68" port="out" />
				<sink node="musk-1-69" port="in" />
			</connection>

			
			<connection id="sewer-con-1-69">
				<source node="musk-1-69" port="out" />
				<sink node="musk-1-70" port="in" />
			</connection>

			
			<connection id="sewer-con-1-70">
				<source node="musk-1-70" port="out" />
				<sink node="musk-1-71" port="in" />
			</connection>

			
			<connection id="sewer-con-1-71">
				<source node="musk-1-71" port="out" />
				<sink node="musk-1-72" port="in" />
			</connection>

			
			<connection id="sewer-con-1-72">
				<source node="musk-1-72" port="out" />
				<sink node="musk-1-73" port="in" />
			</connection>

			
			<connection id="sewer-con-1-73">
				<source node="musk-1-73" port="out" />
				<sink node="musk-1-74" port="in" />
			</connection>

			
			<connection id="sewer-con-1-74">
				<source node="musk-1-74" port="out" />
				<sink node="musk-1-75" port="in" />
			</connection>

			
			<connection id="sewer-con-1-75">
				<source node="musk-1-75" port="out" />
				<sink node="musk-1-76" port="in" />
			</connection>

			
			<connection id="sewer-con-1-76">
				<source node="musk-1-76" port="out" />
				<sink node="musk-1-77" port="in" />
			</connection>

			
			<connection id="sewer-con-1-77">
				<source node="musk-1-77" port="out" />
				<sink node="musk-1-78" port="in" />
			</connection>

			
			<connection id="sewer-con-1-78">
				<source node="musk-1-78" port="out" />
				<sink node="musk-1-79" port="in" />
			</connection>

			
			<connection id="sewer-con-1-79">
				<source node="musk-1-79" port="out" />
				<sink node="musk-1-80" port="in" />
			</connection>

			
			<connection id="sewer-con-1-80">
				<source node="musk-1-80" port="out" />
				<sink node="musk-1-81" port="in" />
			</connection>

			
			<connection id="sewer-con-1-81">
				<source node="musk-1-81" port="out" />
				<sink node="musk-1-82" port="in" />
			</connection>

			
			<connection id="sewer-con-1-82">
				<source node="musk-1-82" port="out" />
				<sink node="musk-1-83" port="in" />
			</connection>

			
			<connection id="sewer-con-1-83">
				<source node="musk-1-83" port="out" />
				<sink node="musk-1-84" port="in" />
			</connection>

			
			<connection id="sewer-con-1-84">
				<source node="musk-1-84" port="out" />
				<sink node="musk-1-85" port="in" />
			</connection>

			
			<connection id="sewer-con-1-85">
				<source node="musk-1-85" port="out" />
				<sink node="musk-1-86" port="in" />
			</connection>

			
			<connection id="sewer-con-1-86">
				<source node="musk-1-86" port="out" />
				<sink node="musk-1-87" port="in" />
			</connection>

			
			<connection id="sewer-con-1-87">
				<source node="musk-1-87" port="out" />
				<sink node="musk-1-88" port="in" />
			</connection>

			
			<connection id="sewer-con-1-88">
				<source node="musk-1-88" port="out" />
				<sink node="musk-1-89" port="in" />
			</connection>

			
			<connection id="sewer-con-1-89">
				<source node="musk-1-89" port="out" />
				<sink node="musk-1-90" port="in" />
			</connection>

			
			<connection id="sewer-con-1-90">
				<source node="musk-1-90" port="out" />
				<sink node="musk-1-91" port="in" />
			</connection>

			
			<connection id="sewer-con-1-91">
				<source node="musk-1-91" port="out" />
				<sink node="musk-1-92" port="in" />
			</connection>

			
			<connection id="sewer-con-1-92">
				<source node="musk-1-92" port="out" />
				<sink node="musk-1-93" port="in" />
			</connection>

			
			<connection id="sewer-con-1-93">
				<source node="musk-1-93" port="out" />
				<sink node="musk-1-94" port="in" />
			</connection>

			
			<connection id="sewer-con-1-94">
				<source node="musk-1-94" port="out" />
				<sink node="musk-1-95" port="in" />
			</connection>

			
			<connection id="sewer-con-1-95">
				<source node="musk-1-95" port="out" />
				<sink node="musk-1-96" port="in" />
			</connection>

			
			<connection id="sewer-con-1-96">
				<source node="musk-1-96" port="out" />
				<sink node="musk-1-97" port="in" />
			</connection>

			
			<connection id="sewer-con-1-97">
				<source node="musk-1-97" port="out" />
				<sink node="musk-1-98" port="in" />
			</connection>

			
			<connection id="sewer-con-1-98">
				<source node="musk-1-98" port="out" />
				<sink node="musk-1-99" port="in" />
			</connection>


			<connection id="sewer-mixer-1">
				<source node="musk-1-99" port="out" />
				<sink	node="mixer" port="inputs[1]" />
			</connection>


			<connection id="const-sewer-2">
				<source node="constsource-2" port="out" />
				<sink	node="musk-2-0" port="in" />
			</connection>

			
			<connection id="sewer-con-2-0">
				<source node="musk-2-0" port="out" />
				<sink node="musk-2-1" port="in" />
			</connection>

			
			<connection id="sewer-con-2-1">
				<source node="musk-2-1" port="out" />
				<sink node="musk-2-2" port="in" />
			</connection>

			
			<connection id="sewer-con-2-2">
				<source node="musk-2-2" port="out" />
				<sink node="musk-2-3" port="in" />
			</connection>

			
			<connection id="sewer-con-2-3">
				<source node="musk-2-3" port="out" />
				<sink node="musk-2-4" port="in" />
			</connection>

			
			<connection id="sewer-con-2-4">
				<source node="musk-2-4" port="out" />
				<sink node="musk-2-5" port="in" />
			</connection>

			
			<connection id="sewer-con-2-5">
				<source node="musk-2-5" port="out" />
				<sink node="musk-2-6" port="in" />
			</connection>

			
			<connection id="sewer-con-2-6">
				<source node="musk-2-6" port="out" />
				<sink node="musk-2-7" port="in" />
			</connection>

			
			<connection id="sewer-con-2-7">
				<source node="musk-2-7" port="out" />
				<sink node="musk-2-8" port="in" />
			</connection>

			
			<connection id="sewer-con-2-8">
				<source node="musk-2-8" port="out" />
				<sink node="musk-2-9" port="in" />
			</connection>

			
			<connection id="sewer-con-2-9">
				<source node="musk-2-9" port="out" />
				<sink node="musk-2-10" port="in" />
			</connection>

			
			<connection id="sewer-con-2-10">
				<source node="musk-2-10" port="out" />
				<sink node="musk-2-11" port="in" />
			</connection>

			
			<connection id="sewer-con-2-11">
				<source node="musk-2-11" port="out" />
				<sink node="musk-2-12" port="in" />
			</connection>

			
			<connection id="sewer-con-2-12">
				<source node="musk-2-12" port="out" />
				<sink node="musk-2-13" port="in" />
			</connection>

			
			<connection id="sewer-con-2-13">
				<source node="musk-2-13" port="out" />
				<sink node="musk-2-14" port="in" />
			</connection>

			
			<connection id="sewer-con-2-14">
				<source node="musk-2-14" port="out" />
				<sink node="musk-2-15" port="in" />
			</connection>

			
			<connection id="sewer-con-2-15">
				<source node="musk-2-15" port="out" />
				<sink node="musk-2-16" port="in" />
			</connection>

			
			<connection id="sewer-con-2-16">
				<source node="musk-2-16" port="out" />
				<sink node="musk-2-17" port="in" />
			</connection>

			
			<connection id="sewer-con-2-17">
				<source node="musk-2-17" port="out" />
				<sink node="musk-2-18" port="in" />
			</connection>

			
			<connection id="sewer-con-2-18">
				<source node="musk-2-18" port="out" />
				<sink node="musk-2-19" port="in" />
			</connection>

			
			<connection id="sewer-con-2-19">
				<source node="musk-2-19" port="out" />
				<sink node="musk-2-20" port="in" />
			</connection>

			
			<connection id="sewer-con-2-20">
				<source node="musk-2-20" port="out" />
				<sink node="musk-2-21" port="in" />
			</connection>

			
			<connection id="sewer-con-2-21">
				<source node="musk-2-21" port="out" />
				<sink node="musk-2-22" port="in" />
			</connection>

			
			<connection id="sewer-con-2-22">
				<source node="musk-2-22" port="out" />
				<sink node="musk-2-23" port="in" />
			</connection>

			
			<connection id="sewer-con-2-23">
				<source node="musk-2-23" port="out" />
				<sink node="musk-2-24" port="in" />
			</connection>

			
			<connection id="sewer-con-2-24">
				<source node="musk-2-24" port="out" />
				<sink node="musk-2-25" port="in" />
			</connection>

			
			<connection id="sewer-con-2-25">
				<source node="musk-2-25" port="out" />
				<sink node="musk-2-26" port="in" />
			</connection>

			
			<connection id="sewer-con-2-26">
				<source node="musk-2-26" port="out" />
				<sink node="musk-2-27" port="in" />
			</connection>

			
			<connection id="sewer-con-2-27">
				<source node="musk-2-27" port="out" />
				<sink node="musk-2-28" port="in" />
			</connection>

			
			<connection id="sewer-con-2-28">
				<source node="musk-2-28" port="out" />
				<sink node="musk-2-29" port="in" />
			</connection>

			
			<connection id="sewer-con-2-29">
				<source node="musk-2-29" port="out" />
				<sink node="musk-2-30" port="in" />
			</connection>

			
			<connection id="sewer-con-2-30">
				<source node="musk-2-30" port="out" />
				<sink node="musk-2-31" port="in" />
			</connection>

			
			<connection id="sewer-con-2-31">
				<source node="musk-2-31" port="out" />
				<sink node="musk-2-32" port="in" />
			</connection>

			
			<connection id="sewer-con-2-32">
				<source node="musk-2-32" port="out" />
				<sink node="musk-2-33" port="in" />
			</connection>

			
			<connection id="sewer-con-2-33">
				<source node="musk-2-33" port="out" />
				<sink node="musk-2-34" port="in" />
			</connection>

			
			<connection id="sewer-con-2-34">
				<source node="musk-2-34" port="out" />
				<sink node="musk-2-35" port="in" />
			</connection>

			
			<connection id="sewer-con-2-35">
				<source node="musk-2-35" port="out" />
				<sink node="musk-2-36" port="in" />
			</connection>

			
			<connection id="sewer-con-2-36">
				<source node="musk-2-36" port="out" />
				<sink node="musk-2-37" port="in" />
			</connection>

			
			<connection id="sewer-con-2-37">
				<source node="musk-2-37" port="out" />
				<sink node="musk-2-38" port="in" />
			</connection>

			
			<connection id="sewer-con-2-38">
				<source node="musk-2-38" port="out" />
				<sink node="musk-2-39" port="in" />
			</connection>

			
			<connection id="sewer-con-2-39">
				<source node="musk-2-39" port="out" />
				<sink node="musk-2-40" port="in" />
			</connection>

			
			<connection id="sewer-con-2-40">
				<source node="musk-2-40" port="out" />
				<sink node="musk-2-41" port="in" />
			</connection>

			
			<connection id="sewer-con-2-41">
				<source node="musk-2-41" port="out" />
				<sink node="musk-2-42" port="in" />
			</connection>

			
			<connection id="sewer-con-2-42">
				<source node="musk-2-42" port="out" />
				<sink node="musk-2-43" port="in" />
			</connection>

			
			<connection id="sewer-con-2-43">
				<source node="musk-2-43" port="out" />
				<sink node="musk-2-44" port="in" />
			</connection>

			
			<connection id="sewer-con-2-44">
				<source node="musk-2-44" port="out" />
				<sink node="musk-2-45" port="in" />
			</connection>

			
			<connection id="sewer-con-2-45">
				<source node="musk-2-45" port="out" />
				<sink node="musk-2-46" port="in" />
			</connection>

			
			<connection id="sewer-con-2-46">
				<source node="musk-2-46" port="out" />
				<sink node="musk-2-47" port="in" />
			</connection>

			
			<connection id="sewer-con-2-47">
				<source node="musk-2-47" port="out" />
				<sink node="musk-2-48" port="in" />
			</connection>

			
			<connection id="sewer-con-2-48">
				<source node="musk-2-48" port="out" />
				<sink node="musk-2-49" port="in" />
			</connection>

			
			<connection id="sewer-con-2-49">
				<source node="musk-2-49" port="out" />
				<sink node="musk-2-50" port="in" />
			</connection>

			
			<connection id="sewer-con-2-50">
				<source node="musk-2-50" port="out" />
				<sink node="musk-2-51" port="in" />
			</connection>

			
			<connection id="sewer-con-2-51">
				<source node="musk-2-51" port="out" />
				<sink node="musk-2-52" port="in" />
			</connection>

			
			<connection id="sewer-con-2-52">
				<source node="musk-2-52" port="out" />
				<sink node="musk-2-53" port="in" />
			</connection>

			
			<connection id="sewer-con-2-53">
				<source node="musk-2-53" port="out" />
				<sink node="musk-2-54" port="in" />
			</connection>

			
			<connection id="sewer-con-2-54">
				<source node="musk-2-54" port="out" />
				<sink node="musk-2-55" port="in" />
			</connection>

			
			<connection id="sewer-con-2-55">
				<source node="musk-2-55" port="out" />
				<sink node="musk-2-56" port="in" />
			</connection>

			
			<connection id="sewer-con-2-56">
				<source node="musk-2-56" port="out" />
				<sink node="musk-2-57" port="in" />
			</connection>

			
			<connection id="sewer-con-2-57">
				<source node="musk-2-57" port="out" />
				<sink node="musk-2-58" port="in" />
			</connection>

			
			<connection id="sewer-con-2-58">
				<source node="musk-2-58" port="out" />
				<sink node="musk-2-59" port="in" />
			</connection>

			
			<connection id="sewer-con-2-59">
				<source node="musk-2-59" port="out" />
				<sink node="musk-2-60" port="in" />
			</connection>

			
			<connection id="sewer-con-2-60">
				<source node="musk-2-60" port="out" />
				<sink node="musk-2-61" port="in" />
			</connection>

			
			<connection id="sewer-con-2-61">
				<source node="musk-2-61" port="out" />
				<sink node="musk-2-62" port="in" />
			</connection>

			
			<connection id="sewer-con-2-62">
				<source node="musk-2-62" port="out" />
				<sink node="musk-2-63" port="in" />
			</connection>

			
			<connection id="sewer-con-2-63">
				<source node="musk-2-63" port="out" />
				<sink node="musk-2-64" port="in" />
			</connection>

			
			<connection id="sewer-con-2-64">
				<source node="musk-2-64" port="out" />
				<sink node="musk-2-65" port="in" />
			</connection>

			
			<connection id="sewer-con-2-65">
				<source node="musk-2-65" port="out" />
				<sink node="musk-2-66" port="in" />
			</connection>

			
			<connection id="sewer-con-2-66">
				<source node="musk-2-66" port="out" />
				<sink node="musk-2-67" port="in" />
			</connection>

			
			<connection id="sewer-con-2-67">
				<source node="musk-2-67" port="out" />
				<sink node="musk-2-68" port="in" />
			</connection>

			
			<connection id="sewer-con-2-68">
				<source node="musk-2-68" port="out" />
				<sink node="musk-2-69" port="in" />
			</connection>

			
			<connection id="sewer-con-2-69">
				<source node="musk-2-69" port="out" />
				<sink node="musk-2-70" port="in" />
			</connection>

			
			<connection id="sewer-con-2-70">
				<source node="musk-2-70" port="out" />
				<sink node="musk-2-71" port="in" />
			</connection>

			
			<connection id="sewer-con-2-71">
				<source node="musk-2-71" port="out" />
				<sink node="musk-2-72" port="in" />
			</connection>

			
			<connection id="sewer-con-2-72">
				<source node="musk-2-72" port="out" />
				<sink node="musk-2-73" port="in" />
			</connection>

			
			<connection id="sewer-con-2-73">
				<source node="musk-2-73" port="out" />
				<sink node="musk-2-74" port="in" />
			</connection>

			
			<connection id="sewer-con-2-74">
				<source node="musk-2-74" port="out" />
				<sink node="musk-2-75" port="in" />
			</connection>

			
			<connection id="sewer-con-2-75">
				<source node="musk-2-75" port="out" />
				<sink node="musk-2-76" port="in" />
			</connection>

			
			<connection id="sewer-con-2-76">
				<source node="musk-2-76" port="out" />
				<sink node="musk-2-77" port="in" />
			</connection>

			
			<connection id="sewer-con-2-77">
				<source node="musk-2-77" port="out" />
				<sink node="musk-2-78" port="in" />
			</connection>

			
			<connection id="sewer-con-2-78">
				<source node="musk-2-78" port="out" />
				<sink node="musk-2-79" port="in" />
			</connection>

			
			<connection id="sewer-con-2-79">
				<source node="musk-2-79" port="out" />
				<sink node="musk-2-80" port="in" />
			</connection>

			
			<connection id="sewer-con-2-80">
				<source node="musk-2-80" port="out" />
				<sink node="musk-2-81" port="in" />
			</connection>

			
			<connection id="sewer-con-2-81">
				<source node="musk-2-81" port="out" />
				<sink node="musk-2-82" port="in" />
			</connection>

			
			<connection id="sewer-con-2-82">
				<source node="musk-2-82" port="out" />
				<sink node="musk-2-83" port="in" />
			</connection>

			
			<connection id="sewer-con-2-83">
				<source node="musk-2-83" port="out" />
				<sink node="musk-2-84" port="in" />
			</connection>

			
			<connection id="sewer-con-2-84">
				<source node="musk-2-84" port="out" />
				<sink node="musk-2-85" port="in" />
			</connection>

			
			<connection id="sewer-con-2-85">
				<source node="musk-2-85" port="out" />
				<sink node="musk-2-86" port="in" />
			</connection>

			
			<connection id="sewer-con-2-86">
				<source node="musk-2-86" port="out" />
				<sink node="musk-2-87" port="in" />
			</connection>

			
			<connection id="sewer-con-2-87">
				<source node="musk-2-87" port="out" />
				<sink node="musk-2-88" port="in" />
			</connection>

			
			<connection id="sewer-con-2-88">
				<source node="musk-2-88" port="out" />
				<sink node="musk-2-89" port="in" />
			</connection>

			
			<connection id="sewer-con-2-89">
				<source node="musk-2-89" port="out" />
				<sink node="musk-2-90" port="in" />
			</connection>

			
			<connection id="sewer-con-2-90">
				<source node="musk-2-90" port="out" />
				<sink node="musk-2-91" port="in" />
			</connection>

			
			<connection id="sewer-con-2-91">
				<source node="musk-2-91" port="out" />
				<sink node="musk-2-92" port="in" />
			</connection>

			
			<connection id="sewer-con-2-92">
				<source node="musk-2-92" port="out" />
				<sink node="musk-2-93" port="in" />
			</connection>

			
			<connection id="sewer-con-2-93">
				<source node="musk-2-93" port="out" />
				<sink node="musk-2-94" port="in" />
			</connection>

			
			<connection id="sewer-con-2-94">
				<source node="musk-2-94" port="out" />
				<sink node="musk-2-95" port="in" />
			</connection>

			
			<connection id="sewer-con-2-95">
				<source node="musk-2-95" port="out" />
				<sink node="musk-2-96" port="in" />
			</connection>

			
			<connection id="sewer-con-2-96">
				<source node="musk-2-96" port="out" />
				<sink node="musk-2-97" port="in" />
			</connection>

			
			<connection id="sewer-con-2-97">
				<source node="musk-2-97" port="out" />
				<sink node="musk-2-98" port="in" />
			</connection>

			
			<connection id="sewer-con-2-98">
				<source node="musk-2-98" port="out" />
				<sink node="musk-2-99" port="in" />
			</connection>


			<connection id="sewer-mixer-2">
				<source node="musk-2-99" port="out" />
				<sink	node="mixer" port="inputs[2]" />
			</connection>


			<connection id="const-sewer-3">
				<source node="constsource-3" port="out" />
				<sink	node="musk-3-0" port="in" />
			</connection>

			
			<connection id="sewer-con-3-0">
				<source node="musk-3-0" port="out" />
				<sink node="musk-3-1" port="in" />
			</connection>

			
			<connection id="sewer-con-3-1">
				<source node="musk-3-1" port="out" />
				<sink node="musk-3-2" port="in" />
			</connection>

			
			<connection id="sewer-con-3-2">
				<source node="musk-3-2" port="out" />
				<sink node="musk-3-3" port="in" />
			</connection>

			
			<connection id="sewer-con-3-3">
				<source node="musk-3-3" port="out" />
				<sink node="musk-3-4" port="in" />
			</connection>

			
			<connection id="sewer-con-3-4">
				<source node="musk-3-4" port="out" />
				<sink node="musk-3-5" port="in" />
			</connection>

			
			<connection id="sewer-con-3-5">
				<source node="musk-3-5" port="out" />
				<sink node="musk-3-6" port="in" />
			</connection>

			
			<connection id="sewer-con-3-6">
				<source node="musk-3-6" port="out" />
				<sink node="musk-3-7" port="in" />
			</connection>

			
			<connection id="sewer-con-3-7">
				<source node="musk-3-7" port="out" />
				<sink node="musk-3-8" port="in" />
			</connection>

			
			<connection id="sewer-con-3-8">
				<source node="musk-3-8" port="out" />
				<sink node="musk-3-9" port="in" />
			</connection>

			
			<connection id="sewer-con-3-9">
				<source node="musk-3-9" port="out" />
				<sink node="musk-3-10" port="in" />
			</connection>

			
			<connection id="sewer-con-3-10">
				<source node="musk-3-10" port="out" />
				<sink node="musk-3-11" port="in" />
			</connection>

			
			<connection id="sewer-con-3-11">
				<source node="musk-3-11" port="out" />
				<sink node="musk-3-12" port="in" />
			</connection>

			
			<connection id="sewer-con-3-12">
				<source node="musk-3-12" port="out" />
				<sink node="musk-3-13" port="in" />
			</connection>

			
			<connection id="sewer-con-3-13">
				<source node="musk-3-13" port="out" />
				<sink node="musk-3-14" port="in" />
			</connection>

			
			<connection id="sewer-con-3-14">
				<source node="musk-3-14" port="out" />
				<sink node="musk-3-15" port="in" />
			</connection>

			
			<connection id="sewer-con-3-15">
				<source node="musk-3-15" port="out" />
				<sink node="musk-3-16" port="in" />
			</connection>

			
			<connection id="sewer-con-3-16">
				<source node="musk-3-16" port="out" />
				<sink node="musk-3-17" port="in" />
			</connection>

			
			<connection id="sewer-con-3-17">
				<source node="musk-3-17" port="out" />
				<sink node="musk-3-18" port="in" />
			</connection>

			
			<connection id="sewer-con-3-18">
				<source node="musk-3-18" port="out" />
				<sink node="musk-3-19" port="in" />
			</connection>

			
			<connection id="sewer-con-3-19">
				<source node="musk-3-19" port="out" />
				<sink node="musk-3-20" port="in" />
			</connection>

			
			<connection id="sewer-con-3-20">
				<source node="musk-3-20" port="out" />
				<sink node="musk-3-21" port="in" />
			</connection>

			
			<connection id="sewer-con-3-21">
				<source node="musk-3-21" port="out" />
				<sink node="musk-3-22" port="in" />
			</connection>

			
			<connection id="sewer-con-3-22">
				<source node="musk-3-22" port="out" />
				<sink node="musk-3-23" port="in" />
			</connection>

			
			<connection id="sewer-con-3-23">
				<source node="musk-3-23" port="out" />
				<sink node="musk-3-24" port="in" />
			</connection>

			
			<connection id="sewer-con-3-24">
				<source node="musk-3-24" port="out" />
				<sink node="musk-3-25" port="in" />
			</connection>

			
			<connection id="sewer-con-3-25">
				<source node="musk-3-25" port="out" />
				<sink node="musk-3-26" port="in" />
			</connection>

			
			<connection id="sewer-con-3-26">
				<source node="musk-3-26" port="out" />
				<sink node="musk-3-27" port="in" />
			</connection>

			
			<connection id="sewer-con-3-27">
				<source node="musk-3-27" port="out" />
				<sink node="musk-3-28" port="in" />
			</connection>

			
			<connection id="sewer-con-3-28">
				<source node="musk-3-28" port="out" />
				<sink node="musk-3-29" port="in" />
			</connection>

			
			<connection id="sewer-con-3-29">
				<source node="musk-3-29" port="out" />
				<sink node="musk-3-30" port="in" />
			</connection>

			
			<connection id="sewer-con-3-30">
				<source node="musk-3-30" port="out" />
				<sink node="musk-3-31" port="in" />
			</connection>

			
			<connection id="sewer-con-3-31">
				<source node="musk-3-31" port="out" />
				<sink node="musk-3-32" port="in" />
			</connection>

			
			<connection id="sewer-con-3-32">
				<source node="musk-3-32" port="out" />
				<sink node="musk-3-33" port="in" />
			</connection>

			
			<connection id="sewer-con-3-33">
				<source node="musk-3-33" port="out" />
				<sink node="musk-3-34" port="in" />
			</connection>

			
			<connection id="sewer-con-3-34">
				<source node="musk-3-34" port="out" />
				<sink node="musk-3-35" port="in" />
			</connection>

			
			<connection id="sewer-con-3-35">
				<source node="musk-3-35" port="out" />
				<sink node="musk-3-36" port="in" />
			</connection>

			
			<connection id="sewer-con-3-36">
				<source node="musk-3-36" port="out" />
				<sink node="musk-3-37" port="in" />
			</connection>

			
			<connection id="sewer-con-3-37">
				<source node="musk-3-37" port="out" />
				<sink node="musk-3-38" port="in" />
			</connection>

			
			<connection id="sewer-con-3-38">
				<source node="musk-3-38" port="out" />
				<sink node="musk-3-39" port="in" />
			</connection>

			
			<connection id="sewer-con-3-39">
				<source node="musk-3-39" port="out" />
				<sink node="musk-3-40" port="in" />
			</connection>

			
			<connection id="sewer-con-3-40">
				<source node="musk-3-40" port="out" />
				<sink node="musk-3-41" port="in" />
			</connection>

			
			<connection id="sewer-con-3-41">
				<source node="musk-3-41" port="out" />
				<sink node="musk-3-42" port="in" />
			</connection>

			
			<connection id="sewer-con-3-42">
				<source node="musk-3-42" port="out" />
				<sink node="musk-3-43" port="in" />
			</connection>

			
			<connection id="sewer-con-3-43">
				<source node="musk-3-43" port="out" />
				<sink node="musk-3-44" port="in" />
			</connection>

			
			<connection id="sewer-con-3-44">
				<source node="musk-3-44" port="out" />
				<sink node="musk-3-45" port="in" />
			</connection>

			
			<connection id="sewer-con-3-45">
				<source node="musk-3-45" port="out" />
				<sink node="musk-3-46" port="in" />
			</connection>

			
			<connection id="sewer-con-3-46">
				<source node="musk-3-46" port="out" />
				<sink node="musk-3-47" port="in" />
			</connection>

			
			<connection id="sewer-con-3-47">
				<source node="musk-3-47" port="out" />
				<sink node="musk-3-48" port="in" />
			</connection>

			
			<connection id="sewer-con-3-48">
				<source node="musk-3-48" port="out" />
				<sink node="musk-3-49" port="in" />
			</connection>

			
			<connection id="sewer-con-3-49">
				<source node="musk-3-49" port="out" />
				<sink node="musk-3-50" port="in" />
			</connection>

			
			<connection id="sewer-con-3-50">
				<source node="musk-3-50" port="out" />
				<sink node="musk-3-51" port="in" />
			</connection>

			
			<connection id="sewer-con-3-51">
				<source node="musk-3-51" port="out" />
				<sink node="musk-3-52" port="in" />
			</connection>

			
			<connection id="sewer-con-3-52">
				<source node="musk-3-52" port="out" />
				<sink node="musk-3-53" port="in" />
			</connection>

			
			<connection id="sewer-con-3-53">
				<source node="musk-3-53" port="out" />
				<sink node="musk-3-54" port="in" />
			</connection>

			
			<connection id="sewer-con-3-54">
				<source node="musk-3-54" port="out" />
				<sink node="musk-3-55" port="in" />
			</connection>

			
			<connection id="sewer-con-3-55">
				<source node="musk-3-55" port="out" />
				<sink node="musk-3-56" port="in" />
			</connection>

			
			<connection id="sewer-con-3-56">
				<source node="musk-3-56" port="out" />
				<sink node="musk-3-57" port="in" />
			</connection>

			
			<connection id="sewer-con-3-57">
				<source node="musk-3-57" port="out" />
				<sink node="musk-3-58" port="in" />
			</connection>

			
			<connection id="sewer-con-3-58">
				<source node="musk-3-58" port="out" />
				<sink node="musk-3-59" port="in" />
			</connection>

			
			<connection id="sewer-con-3-59">
				<source node="musk-3-59" port="out" />
				<sink node="musk-3-60" port="in" />
			</connection>

			
			<connection id="sewer-con-3-60">
				<source node="musk-3-60" port="out" />
				<sink node="musk-3-61" port="in" />
			</connection>

			
			<connection id="sewer-con-3-61">
				<source node="musk-3-61" port="out" />
				<sink node="musk-3-62" port="in" />
			</connection>

			
			<connection id="sewer-con-3-62">
				<source node="musk-3-62" port="out" />
				<sink node="musk-3-63" port="in" />
			</connection>

			
			<connection id="sewer-con-3-63">
				<source node="musk-3-63" port="out" />
				<sink node="musk-3-64" port="in" />
			</connection>

			
			<connection id="sewer-con-3-64">
				<source node="musk-3-64" port="out" />
				<sink node="musk-3-65" port="in" />
			</connection>

			
			<connection id="sewer-con-3-65">
				<source node="musk-3-65" port="out" />
				<sink node="musk-3-66" port="in" />
			</connection>

			
			<connection id="sewer-con-3-66">
				<source node="musk-3-66" port="out" />
				<sink node="musk-3-67" port="in" />
			</connection>

			
			<connection id="sewer-con-3-67">
				<source node="musk-3-67" port="out" />
				<sink node="musk-3-68" port="in" />
			</connection>

			
			<connection id="sewer-con-3-68">
				<source node="musk-3-68" port="out" />
				<sink node="musk-3-69" port="in" />
			</connection>

			
			<connection id="sewer-con-3-69">
				<source node="musk-3-69" port="out" />
				<sink node="musk-3-70" port="in" />
			</connection>

			
			<connection id="sewer-con-3-70">
				<source node="musk-3-70" port="out" />
				<sink node="musk-3-71" port="in" />
			</connection>

			
			<connection id="sewer-con-3-71">
				<source node="musk-3-71" port="out" />
				<sink node="musk-3-72" port="in" />
			</connection>

			
			<connection id="sewer-con-3-72">
				<source node="musk-3-72" port="out" />
				<sink node="musk-3-73" port="in" />
			</connection>

			
			<connection id="sewer-con-3-73">
				<source node="musk-3-73" port="out" />
				<sink node="musk-3-74" port="in" />
			</connection>

			
			<connection id="sewer-con-3-74">
				<source node="musk-3-74" port="out" />
				<sink node="musk-3-75" port="in" />
			</connection>

			
			<connection id="sewer-con-3-75">
				<source node="musk-3-75" port="out" />
				<sink node="musk-3-76" port="in" />
			</connection>

			
			<connection id="sewer-con-3-76">
				<source node="musk-3-76" port="out" />
				<sink node="musk-3-77" port="in" />
			</connection>

			
			<connection id="sewer-con-3-77">
				<source node="musk-3-77" port="out" />
				<sink node="musk-3-78" port="in" />
			</connection>

			
			<connection id="sewer-con-3-78">
				<source node="musk-3-78" port="out" />
				<sink node="musk-3-79" port="in" />
			</connection>

			
			<connection id="sewer-con-3-79">
				<source node="musk-3-79" port="out" />
				<sink node="musk-3-80" port="in" />
			</connection>

			
			<connection id="sewer-con-3-80">
				<source node="musk-3-80" port="out" />
				<sink node="musk-3-81" port="in" />
			</connection>

			
			<connection id="sewer-con-3-81">
				<source node="musk-3-81" port="out" />
				<sink node="musk-3-82" port="in" />
			</connection>

			
			<connection id="sewer-con-3-82">
				<source node="musk-3-82" port="out" />
				<sink node="musk-3-83" port="in" />
			</connection>

			
			<connection id="sewer-con-3-83">
				<source node="musk-3-83" port="out" />
				<sink node="musk-3-84" port="in" />
			</connection>

			
			<connection id="sewer-con-3-84">
				<source node="musk-3-84" port="out" />
				<sink node="musk-3-85" port="in" />
			</connection>

			
			<connection id="sewer-con-3-85">
				<source node="musk-3-85" port="out" />
				<sink node="musk-3-86" port="in" />
			</connection>

			
			<connection id="sewer-con-3-86">
				<source node="musk-3-86" port="out" />
				<sink node="musk-3-87" port="in" />
			</connection>

			
			<connection id="sewer-con-3-87">
				<source node="musk-3-87" port="out" />
				<sink node="musk-3-88" port="in" />
			</connection>

			
			<connection id="sewer-con-3-88">
				<source node="musk-3-88" port="out" />
				<sink node="musk-3-89" port="in" />
			</connection>

			
			<connection id="sewer-con-3-89">
				<source node="musk-3-89" port="out" />
				<sink node="musk-3-90" port="in" />
			</connection>

			
			<connection id="sewer-con-3-90">
				<source node="musk-3-90" port="out" />
				<sink node="musk-3-91" port="in" />
			</connection>

			
			<connection id="sewer-con-3-91">
				<source node="musk-3-91" port="out" />
				<sink node="musk-3-92" port="in" />
			</connection>

			
			<connection id="sewer-con-3-92">
				<source node="musk-3-92" port="out" />
				<sink node="musk-3-93" port="in" />
			</connection>

			
			<connection id="sewer-con-3-93">
				<source node="musk-3-93" port="out" />
				<sink node="musk-3-94" port="in" />
			</connection>

			
			<connection id="sewer-con-3-94">
				<source node="musk-3-94" port="out" />
				<sink node="musk-3-95" port="in" />
			</connection>

			
			<connection id="sewer-con-3-95">
				<source node="musk-3-95" port="out" />
				<sink node="musk-3-96" port="in" />
			</connection>

			
			<connection id="sewer-con-3-96">
				<source node="musk-3-96" port="out" />
				<sink node="musk-3-97" port="in" />
			</connection>

			
			<connection id="sewer-con-3-97">
				<source node="musk-3-97" port="out" />
				<sink node="musk-3-98" port="in" />
			</connection>

			
			<connection id="sewer-con-3-98">
				<source node="musk-3-98" port="out" />
				<sink node="musk-3-99" port="in" />
			</connection>


			<connection id="sewer-mixer-3">
				<source node="musk-3-99" port="out" />
				<sink	node="mixer" port="inputs[3]" />
			</connection>


			<connection id="mixer-fileout">
				<source node="mixer" port="out" />
				<sink	node="fileout" port="in" />
			</connection>


			
		</connectionlist>
	</model>
</citydrain>

