<?xml version="1.0"?>
<!DOCTYPE citydrain SYSTEM "model.dtd">

<citydrain version="1.0">

	<pluginpath path="./libnodes.so" />

	<simulation class="ParallelSimulation">
		<time start="0" stop="72000" dt="300" />
	</simulation>

	<model>
		<nodelist>


			<node id="constsource-0" class="ConstSource">
				<parameter name="const_flow" kind="complex" type="Flow">
					<flow>
						<unit name="Q" kind="Flow" value="234.0" />
						<unit name="C0" kind="Concentration" value="0.1"/>
						<unit name="C1" kind="Concentration" value="0.2"/>
					</flow>
				</parameter>
			</node>

			<node id="musk-0-0" class="Sewer" />
			<node id="musk-0-1" class="Sewer" />
			<node id="musk-0-2" class="Sewer" />
			<node id="musk-0-3" class="Sewer" />
			<node id="musk-0-4" class="Sewer" />
			<node id="musk-0-5" class="Sewer" />
			<node id="musk-0-6" class="Sewer" />
			<node id="musk-0-7" class="Sewer" />
			<node id="musk-0-8" class="Sewer" />
			<node id="musk-0-9" class="Sewer" />
			<node id="musk-0-10" class="Sewer" />
			<node id="musk-0-11" class="Sewer" />
			<node id="musk-0-12" class="Sewer" />
			<node id="musk-0-13" class="Sewer" />
			<node id="musk-0-14" class="Sewer" />
			<node id="musk-0-15" class="Sewer" />
			<node id="musk-0-16" class="Sewer" />
			<node id="musk-0-17" class="Sewer" />
			<node id="musk-0-18" class="Sewer" />
			<node id="musk-0-19" class="Sewer" />
			<node id="musk-0-20" class="Sewer" />
			<node id="musk-0-21" class="Sewer" />
			<node id="musk-0-22" class="Sewer" />
			<node id="musk-0-23" class="Sewer" />
			<node id="musk-0-24" class="Sewer" />
			<node id="musk-0-25" class="Sewer" />
			<node id="musk-0-26" class="Sewer" />
			<node id="musk-0-27" class="Sewer" />
			<node id="musk-0-28" class="Sewer" />
			<node id="musk-0-29" class="Sewer" />
			<node id="musk-0-30" class="Sewer" />
			<node id="musk-0-31" class="Sewer" />
			<node id="musk-0-32" class="Sewer" />
			<node id="musk-0-33" class="Sewer" />
			<node id="musk-0-34" class="Sewer" />
			<node id="musk-0-35" class="Sewer" />
			<node id="musk-0-36" class="Sewer" />
			<node id="musk-0-37" class="Sewer" />
			<node id="musk-0-38" class="Sewer" />
			<node id="musk-0-39" class="Sewer" />
			<node id="musk-0-40" class="Sewer" />
			<node id="musk-0-41" class="Sewer" />
			<node id="musk-0-42" class="Sewer" />
			<node id="musk-0-43" class="Sewer" />
			<node id="musk-0-44" class="Sewer" />
			<node id="musk-0-45" class="Sewer" />
			<node id="musk-0-46" class="Sewer" />
			<node id="musk-0-47" class="Sewer" />
			<node id="musk-0-48" class="Sewer" />
			<node id="musk-0-49" class="Sewer" />
			<node id="musk-0-50" class="Sewer" />
			<node id="musk-0-51" class="Sewer" />
			<node id="musk-0-52" class="Sewer" />
			<node id="musk-0-53" class="Sewer" />
			<node id="musk-0-54" class="Sewer" />
			<node id="musk-0-55" class="Sewer" />
			<node id="musk-0-56" class="Sewer" />
			<node id="musk-0-57" class="Sewer" />
			<node id="musk-0-58" class="Sewer" />
			<node id="musk-0-59" class="Sewer" />
			<node id="musk-0-60" class="Sewer" />
			<node id="musk-0-61" class="Sewer" />
			<node id="musk-0-62" class="Sewer" />
			<node id="musk-0-63" class="Sewer" />
			<node id="musk-0-64" class="Sewer" />
			<node id="musk-0-65" class="Sewer" />
			<node id="musk-0-66" class="Sewer" />
			<node id="musk-0-67" class="Sewer" />
			<node id="musk-0-68" class="Sewer" />
			<node id="musk-0-69" class="Sewer" />
			<node id="musk-0-70" class="Sewer" />
			<node id="musk-0-71" class="Sewer" />
			<node id="musk-0-72" class="Sewer" />
			<node id="musk-0-73" class="Sewer" />
			<node id="musk-0-74" class="Sewer" />
			<node id="musk-0-75" class="Sewer" />
			<node id="musk-0-76" class="Sewer" />
			<node id="musk-0-77" class="Sewer" />
			<node id="musk-0-78" class="Sewer" />
			<node id="musk-0-79" class="Sewer" />
			<node id="musk-0-80" class="Sewer" />
			<node id="musk-0-81" class="Sewer" />
			<node id="musk-0-82" class="Sewer" />
			<node id="musk-0-83" class="Sewer" />
			<node id="musk-0-84" class="Sewer" />
			<node id="musk-0-85" class="Sewer" />
			<node id="musk-0-86" class="Sewer" />
			<node id="musk-0-87" class="Sewer" />
			<node id="musk-0-88" class="Sewer" />
			<node id="musk-0-89" class="Sewer" />
			<node id="musk-0-90" class="Sewer" />
			<node id="musk-0-91" class="Sewer" />
			<node id="musk-0-92" class="Sewer" />
			<node id="musk-0-93" class="Sewer" />
			<node id="musk-0-94" class="Sewer" />
			<node id="musk-0-95" class="Sewer" />
			<node id="musk-0-96" class="Sewer" />
			<node id="musk-0-97" class="Sewer" />
			<node id="musk-0-98" class="Sewer" />
			<node id="musk-0-99" class="Sewer" />

			<node id="constsource-1" class="ConstSource">
				<parameter name="const_flow" kind="complex" type="Flow">
					<flow>
						<unit name="Q" kind="Flow" value="234.0" />
						<unit name="C0" kind="Concentration" value="0.1"/>
						<unit name="C1" kind="Concentration" value="0.2"/>
					</flow>
				</parameter>
			</node>

			<node id="musk-1-0" class="Sewer" />
			<node id="musk-1-1" class="Sewer" />
			<node id="musk-1-2" class="Sewer" />
			<node id="musk-1-3" class="Sewer" />
			<node id="musk-1-4" class="Sewer" />
			<node id="musk-1-5" class="Sewer" />
			<node id="musk-1-6" class="Sewer" />
			<node id="musk-1-7" class="Sewer" />
			<node id="musk-1-8" class="Sewer" />
			<node id="musk-1-9" class="Sewer" />
			<node id="musk-1-10" class="Sewer" />
			<node id="musk-1-11" class="Sewer" />
			<node id="musk-1-12" class="Sewer" />
			<node id="musk-1-13" class="Sewer" />
			<node id="musk-1-14" class="Sewer" />
			<node id="musk-1-15" class="Sewer" />
			<node id="musk-1-16" class="Sewer" />
			<node id="musk-1-17" class="Sewer" />
			<node id="musk-1-18" class="Sewer" />
			<node id="musk-1-19" class="Sewer" />
			<node id="musk-1-20" class="Sewer" />
			<node id="musk-1-21" class="Sewer" />
			<node id="musk-1-22" class="Sewer" />
			<node id="musk-1-23" class="Sewer" />
			<node id="musk-1-24" class="Sewer" />
			<node id="musk-1-25" class="Sewer" />
			<node id="musk-1-26" class="Sewer" />
			<node id="musk-1-27" class="Sewer" />
			<node id="musk-1-28" class="Sewer" />
			<node id="musk-1-29" class="Sewer" />
			<node id="musk-1-30" class="Sewer" />
			<node id="musk-1-31" class="Sewer" />
			<node id="musk-1-32" class="Sewer" />
			<node id="musk-1-33" class="Sewer" />
			<node id="musk-1-34" class="Sewer" />
			<node id="musk-1-35" class="Sewer" />
			<node id="musk-1-36" class="Sewer" />
			<node id="musk-1-37" class="Sewer" />
			<node id="musk-1-38" class="Sewer" />
			<node id="musk-1-39" class="Sewer" />
			<node id="musk-1-40" class="Sewer" />
			<node id="musk-1-41" class="Sewer" />
			<node id="musk-1-42" class="Sewer" />
			<node id="musk-1-43" class="Sewer" />
			<node id="musk-1-44" class="Sewer" />
			<node id="musk-1-45" class="Sewer" />
			<node id="musk-1-46" class="Sewer" />
			<node id="musk-1-47" class="Sewer" />
			<node id="musk-1-48" class="Sewer" />
			<node id="musk-1-49" class="Sewer" />
			<node id="musk-1-50" class="Sewer" />
			<node id="musk-1-51" class="Sewer" />
			<node id="musk-1-52" class="Sewer" />
			<node id="musk-1-53" class="Sewer" />
			<node id="musk-1-54" class="Sewer" />
			<node id="musk-1-55" class="Sewer" />
			<node id="musk-1-56" class="Sewer" />
			<node id="musk-1-57" class="Sewer" />
			<node id="musk-1-58" class="Sewer" />
			<node id="musk-1-59" class="Sewer" />
			<node id="musk-1-60" class="Sewer" />
			<node id="musk-1-61" class="Sewer" />
			<node id="musk-1-62" class="Sewer" />
			<node id="musk-1-63" class="Sewer" />
			<node id="musk-1-64" class="Sewer" />
			<node id="musk-1-65" class="Sewer" />
			<node id="musk-1-66" class="Sewer" />
			<node id="musk-1-67" class="Sewer" />
			<node id="musk-1-68" class="Sewer" />
			<node id="musk-1-69" class="Sewer" />
			<node id="musk-1-70" class="Sewer" />
			<node id="musk-1-71" class="Sewer" />
			<node id="musk-1-72" class="Sewer" />
			<node id="musk-1-73" class="Sewer" />
			<node id="musk-1-74" class="Sewer" />
			<node id="musk-1-75" class="Sewer" />
			<node id="musk-1-76" class="Sewer" />
			<node id="musk-1-77" class="Sewer" />
			<node id="musk-1-78" class="Sewer" />
			<node id="musk-1-79" class="Sewer" />
			<node id="musk-1-80" class="Sewer" />
			<node id="musk-1-81" class="Sewer" />
			<node id="musk-1-82" class="Sewer" />
			<node id="musk-1-83" class="Sewer" />
			<node id="musk-1-84" class="Sewer" />
			<node id="musk-1-85" class="Sewer" />
			<node id="musk-1-86" class="Sewer" />
			<node id="musk-1-87" class="Sewer" />
			<node id="musk-1-88" class="Sewer" />
			<node id="musk-1-89" class="Sewer" />
			<node id="musk-1-90" class="Sewer" />
			<node id="musk-1-91" class="Sewer" />
			<node id="musk-1-92" class="Sewer" />
			<node id="musk-1-93" class="Sewer" />
			<node id="musk-1-94" class="Sewer" />
			<node id="musk-1-95" class="Sewer" />
			<node id="musk-1-96" class="Sewer" />
			<node id="musk-1-97" class="Sewer" />
			<node id="musk-1-98" class="Sewer" />
			<node id="musk-1-99" class="Sewer" />

			<node id="constsource-2" class="ConstSource">
				<parameter name="const_flow" kind="complex" type="Flow">
					<flow>
						<unit name="Q" kind="Flow" value="234.0" />
						<unit name="C0" kind="Concentration" value="0.1"/>
						<unit name="C1" kind="Concentration" value="0.2"/>
					</flow>
				</parameter>
			</node>

			<node id="musk-2-0" class="Sewer" />
			<node id="musk-2-1" class="Sewer" />
			<node id="musk-2-2" class="Sewer" />
			<node id="musk-2-3" class="Sewer" />
			<node id="musk-2-4" class="Sewer" />
			<node id="musk-2-5" class="Sewer" />
			<node id="musk-2-6" class="Sewer" />
			<node id="musk-2-7" class="Sewer" />
			<node id="musk-2-8" class="Sewer" />
			<node id="musk-2-9" class="Sewer" />
			<node id="musk-2-10" class="Sewer" />
			<node id="musk-2-11" class="Sewer" />
			<node id="musk-2-12" class="Sewer" />
			<node id="musk-2-13" class="Sewer" />
			<node id="musk-2-14" class="Sewer" />
			<node id="musk-2-15" class="Sewer" />
			<node id="musk-2-16" class="Sewer" />
			<node id="musk-2-17" class="Sewer" />
			<node id="musk-2-18" class="Sewer" />
			<node id="musk-2-19" class="Sewer" />
			<node id="musk-2-20" class="Sewer" />
			<node id="musk-2-21" class="Sewer" />
			<node id="musk-2-22" class="Sewer" />
			<node id="musk-2-23" class="Sewer" />
			<node id="musk-2-24" class="Sewer" />
			<node id="musk-2-25" class="Sewer" />
			<node id="musk-2-26" class="Sewer" />
			<node id="musk-2-27" class="Sewer" />
			<node id="musk-2-28" class="Sewer" />
			<node id="musk-2-29" class="Sewer" />
			<node id="musk-2-30" class="Sewer" />
			<node id="musk-2-31" class="Sewer" />
			<node id="musk-2-32" class="Sewer" />
			<node id="musk-2-33" class="Sewer" />
			<node id="musk-2-34" class="Sewer" />
			<node id="musk-2-35" class="Sewer" />
			<node id="musk-2-36" class="Sewer" />
			<node id="musk-2-37" class="Sewer" />
			<node id="musk-2-38" class="Sewer" />
			<node id="musk-2-39" class="Sewer" />
			<node id="musk-2-40" class="Sewer" />
			<node id="musk-2-41" class="Sewer" />
			<node id="musk-2-42" class="Sewer" />
			<node id="musk-2-43" class="Sewer" />
			<node id="musk-2-44" class="Sewer" />
			<node id="musk-2-45" class="Sewer" />
			<node id="musk-2-46" class="Sewer" />
			<node id="musk-2-47" class="Sewer" />
			<node id="musk-2-48" class="Sewer" />
			<node id="musk-2-49" class="Sewer" />
			<node id="musk-2-50" class="Sewer" />
			<node id="musk-2-51" class="Sewer" />
			<node id="musk-2-52" class="Sewer" />
			<node id="musk-2-53" class="Sewer" />
			<node id="musk-2-54" class="Sewer" />
			<node id="musk-2-55" class="Sewer" />
			<node id="musk-2-56" class="Sewer" />
			<node id="musk-2-57" class="Sewer" />
			<node id="musk-2-58" class="Sewer" />
			<node id="musk-2-59" class="Sewer" />
			<node id="musk-2-60" class="Sewer" />
			<node id="musk-2-61" class="Sewer" />
			<node id="musk-2-62" class="Sewer" />
			<node id="musk-2-63" class="Sewer" />
			<node id="musk-2-64" class="Sewer" />
			<node id="musk-2-65" class="Sewer" />
			<node id="musk-2-66" class="Sewer" />
			<node id="musk-2-67" class="Sewer" />
			<node id="musk-2-68" class="Sewer" />
			<node id="musk-2-69" class="Sewer" />
			<node id="musk-2-70" class="Sewer" />
			<node id="musk-2-71" class="Sewer" />
			<node id="musk-2-72" class="Sewer" />
			<node id="musk-2-73" class="Sewer" />
			<node id="musk-2-74" class="Sewer" />
			<node id="musk-2-75" class="Sewer" />
			<node id="musk-2-76" class="Sewer" />
			<node id="musk-2-77" class="Sewer" />
			<node id="musk-2-78" class="Sewer" />
			<node id="musk-2-79" class="Sewer" />
			<node id="musk-2-80" class="Sewer" />
			<node id="musk-2-81" class="Sewer" />
			<node id="musk-2-82" class="Sewer" />
			<node id="musk-2-83" class="Sewer" />
			<node id="musk-2-84" class="Sewer" />
			<node id="musk-2-85" class="Sewer" />
			<node id="musk-2-86" class="Sewer" />
			<node id="musk-2-87" class="Sewer" />
			<node id="musk-2-88" class="Sewer" />
			<node id="musk-2-89" class="Sewer" />
			<node id="musk-2-90" class="Sewer" />
			<node id="musk-2-91" class="Sewer" />
			<node id="musk-2-92" class="Sewer" />
			<node id="musk-2-93" class="Sewer" />
			<node id="musk-2-94" class="Sewer" />
			<node id="musk-2-95" class="Sewer" />
			<node id="musk-2-96" class="Sewer" />
			<node id="musk-2-97" class="Sewer" />
			<node id="musk-2-98" class="Sewer" />
			<node id="musk-2-99" class="Sewer" />

			<node id="constsource-3" class="ConstSource">
				<parameter name="const_flow" kind="complex" type="Flow">
					<flow>
						<unit name="Q" kind="Flow" value="234.0" />
						<unit name="C0" kind="Concentration" value="0.1"/>
						<unit name="C1" kind="Concentration" value="0.2"/>
					</flow>
				</parameter>
			</node>

			<node id="musk-3-0" class="Sewer" />
			<node id="musk-3-1" class="Sewer" />
			<node id="musk-3-2" class="Sewer" />
			<node id="musk-3-3" class="Sewer" />
			<node id="musk-3-4" class="Sewer" />
			<node id="musk-3-5" class="Sewer" />
			<node id="musk-3-6" class="Sewer" />
			<node id="musk-3-7" class="Sewer" />
			<node id="musk-3-8" class="Sewer" />
			<node id="musk-3-9" class="Sewer" />
			<node id="musk-3-10" class="Sewer" />
			<node id="musk-3-11" class="Sewer" />
			<node id="musk-3-12" class="Sewer" />
			<node id="musk-3-13" class="Sewer" />
			<node id="musk-3-14" class="Sewer" />
			<node id="musk-3-15" class="Sewer" />
			<node id="musk-3-16" class="Sewer" />
			<node id="musk-3-17" class="Sewer" />
			<node id="musk-3-18" class="Sewer" />
			<node id="musk-3-19" class="Sewer" />
			<node id="musk-3-20" class="Sewer" />
			<node id="musk-3-21" class="Sewer" />
			<node id="musk-3-22" class="Sewer" />
			<node id="musk-3-23" class="Sewer" />
			<node id="musk-3-24" class="Sewer" />
			<node id="musk-3-25" class="Sewer" />
			<node id="musk-3-26" class="Sewer" />
			<node id="musk-3-27" class="Sewer" />
			<node id="musk-3-28" class="Sewer" />
			<node id="musk-3-29" class="Sewer" />
			<node id="musk-3-30" class="Sewer" />
			<node id="musk-3-31" class="Sewer" />
			<node id="musk-3-32" class="Sewer" />
			<node id="musk-3-33" class="Sewer" />
			<node id="musk-3-34" class="Sewer" />
			<node id="musk-3-35" class="Sewer" />
			<node id="musk-3-36" class="Sewer" />
			<node id="musk-3-37" class="Sewer" />
			<node id="musk-3-38" class="Sewer" />
			<node id="musk-3-39" class="Sewer" />
			<node id="musk-3-40" class="Sewer" />
			<node id="musk-3-41" class="Sewer" />
			<node id="musk-3-42" class="Sewer" />
			<node id="musk-3-43" class="Sewer" />
			<node id="musk-3-44" class="Sewer" />
			<node id="musk-3-45" class="Sewer" />
			<node id="musk-3-46" class="Sewer" />
			<node id="musk-3-47" class="Sewer" />
			<node id="musk-3-48" class="Sewer" />
			<node id="musk-3-49" class="Sewer" />
			<node id="musk-3-50" class="Sewer" />
			<node id="musk-3-51" class="Sewer" />
			<node id="musk-3-52" class="Sewer" />
			<node id="musk-3-53" class="Sewer" />
			<node id="musk-3-54" class="Sewer" />
			<node id="musk-3-55" class="Sewer" />
			<node id="musk-3-56" class="Sewer" />
			<node id="musk-3-57" class="Sewer" />
			<node id="musk-3-58" class="Sewer" />
			<node id="musk-3-59" class="Sewer" />
			<node id="musk-3-60" class="Sewer" />
			<node id="musk-3-61" class="Sewer" />
			<node id="musk-3-62" class="Sewer" />
			<node id="musk-3-63" class="Sewer" />
			<node id="musk-3-64" class="Sewer" />
			<node id="musk-3-65" class="Sewer" />
			<node id="musk-3-66" class="Sewer" />
			<node id="musk-3-67" class="Sewer" />
			<node id="musk-3-68" class="Sewer" />
			<node id="musk-3-69" class="Sewer" />
			<node id="musk-3-70" class="Sewer" />
			<node id="musk-3-71" class="Sewer" />
			<node id="musk-3-72" class="Sewer" />
			<node id="musk-3-73" class="Sewer" />
			<node id="musk-3-74" class="Sewer" />
			<node id="musk-3-75" class="Sewer" />
			<node id="musk-3-76" class="Sewer" />
			<node id="musk-3-77" class="Sewer" />
			<node id="musk-3-78" class="Sewer" />
			<node id="musk-3-79" class="Sewer" />
			<node id="musk-3-80" class="Sewer" />
			<node id="musk-3-81" class="Sewer" />
			<node id="musk-3-82" class="Sewer" />
			<node id="musk-3-83" class="Sewer" />
			<node id="musk-3-84" class="Sewer" />
			<node id="musk-3-85" class="Sewer" />
			<node id="musk-3-86" class="Sewer" />
			<node id="musk-3-87" class="Sewer" />
			<node id="musk-3-88" class="Sewer" />
			<node id="musk-3-89" class="Sewer" />
			<node id="musk-3-90" class="Sewer" />
			<node id="musk-3-91" class="Sewer" />
			<node id="musk-3-92" class="Sewer" />
			<node id="musk-3-93" class="Sewer" />
			<node id="musk-3-94" class="Sewer" />
			<node id="musk-3-95" class="Sewer" />
			<node id="musk-3-96" class="Sewer" />
			<node id="musk-3-97" class="Sewer" />
			<node id="musk-3-98" class="Sewer" />
			<node id="musk-3-99" class="Sewer" />

			<node id="constsource-4" class="ConstSource">
				<parameter name="const_flow" kind="complex" type="Flow">
					<flow>
						<unit name="Q" kind="Flow" value="234.0" />
						<unit name="C0" kind="Concentration" value="0.1"/>
						<unit name="C1" kind="Concentration" value="0.2"/>
					</flow>
				</parameter>
			</node>

			<node id="musk-4-0" class="Sewer" />
			<node id="musk-4-1" class="Sewer" />
			<node id="musk-4-2" class="Sewer" />
			<node id="musk-4-3" class="Sewer" />
			<node id="musk-4-4" class="Sewer" />
			<node id="musk-4-5" class="Sewer" />
			<node id="musk-4-6" class="Sewer" />
			<node id="musk-4-7" class="Sewer" />
			<node id="musk-4-8" class="Sewer" />
			<node id="musk-4-9" class="Sewer" />
			<node id="musk-4-10" class="Sewer" />
			<node id="musk-4-11" class="Sewer" />
			<node id="musk-4-12" class="Sewer" />
			<node id="musk-4-13" class="Sewer" />
			<node id="musk-4-14" class="Sewer" />
			<node id="musk-4-15" class="Sewer" />
			<node id="musk-4-16" class="Sewer" />
			<node id="musk-4-17" class="Sewer" />
			<node id="musk-4-18" class="Sewer" />
			<node id="musk-4-19" class="Sewer" />
			<node id="musk-4-20" class="Sewer" />
			<node id="musk-4-21" class="Sewer" />
			<node id="musk-4-22" class="Sewer" />
			<node id="musk-4-23" class="Sewer" />
			<node id="musk-4-24" class="Sewer" />
			<node id="musk-4-25" class="Sewer" />
			<node id="musk-4-26" class="Sewer" />
			<node id="musk-4-27" class="Sewer" />
			<node id="musk-4-28" class="Sewer" />
			<node id="musk-4-29" class="Sewer" />
			<node id="musk-4-30" class="Sewer" />
			<node id="musk-4-31" class="Sewer" />
			<node id="musk-4-32" class="Sewer" />
			<node id="musk-4-33" class="Sewer" />
			<node id="musk-4-34" class="Sewer" />
			<node id="musk-4-35" class="Sewer" />
			<node id="musk-4-36" class="Sewer" />
			<node id="musk-4-37" class="Sewer" />
			<node id="musk-4-38" class="Sewer" />
			<node id="musk-4-39" class="Sewer" />
			<node id="musk-4-40" class="Sewer" />
			<node id="musk-4-41" class="Sewer" />
			<node id="musk-4-42" class="Sewer" />
			<node id="musk-4-43" class="Sewer" />
			<node id="musk-4-44" class="Sewer" />
			<node id="musk-4-45" class="Sewer" />
			<node id="musk-4-46" class="Sewer" />
			<node id="musk-4-47" class="Sewer" />
			<node id="musk-4-48" class="Sewer" />
			<node id="musk-4-49" class="Sewer" />
			<node id="musk-4-50" class="Sewer" />
			<node id="musk-4-51" class="Sewer" />
			<node id="musk-4-52" class="Sewer" />
			<node id="musk-4-53" class="Sewer" />
			<node id="musk-4-54" class="Sewer" />
			<node id="musk-4-55" class="Sewer" />
			<node id="musk-4-56" class="Sewer" />
			<node id="musk-4-57" class="Sewer" />
			<node id="musk-4-58" class="Sewer" />
			<node id="musk-4-59" class="Sewer" />
			<node id="musk-4-60" class="Sewer" />
			<node id="musk-4-61" class="Sewer" />
			<node id="musk-4-62" class="Sewer" />
			<node id="musk-4-63" class="Sewer" />
			<node id="musk-4-64" class="Sewer" />
			<node id="musk-4-65" class="Sewer" />
			<node id="musk-4-66" class="Sewer" />
			<node id="musk-4-67" class="Sewer" />
			<node id="musk-4-68" class="Sewer" />
			<node id="musk-4-69" class="Sewer" />
			<node id="musk-4-70" class="Sewer" />
			<node id="musk-4-71" class="Sewer" />
			<node id="musk-4-72" class="Sewer" />
			<node id="musk-4-73" class="Sewer" />
			<node id="musk-4-74" class="Sewer" />
			<node id="musk-4-75" class="Sewer" />
			<node id="musk-4-76" class="Sewer" />
			<node id="musk-4-77" class="Sewer" />
			<node id="musk-4-78" class="Sewer" />
			<node id="musk-4-79" class="Sewer" />
			<node id="musk-4-80" class="Sewer" />
			<node id="musk-4-81" class="Sewer" />
			<node id="musk-4-82" class="Sewer" />
			<node id="musk-4-83" class="Sewer" />
			<node id="musk-4-84" class="Sewer" />
			<node id="musk-4-85" class="Sewer" />
			<node id="musk-4-86" class="Sewer" />
			<node id="musk-4-87" class="Sewer" />
			<node id="musk-4-88" class="Sewer" />
			<node id="musk-4-89" class="Sewer" />
			<node id="musk-4-90" class="Sewer" />
			<node id="musk-4-91" class="Sewer" />
			<node id="musk-4-92" class="Sewer" />
			<node id="musk-4-93" class="Sewer" />
			<node id="musk-4-94" class="Sewer" />
			<node id="musk-4-95" class="Sewer" />
			<node id="musk-4-96" class="Sewer" />
			<node id="musk-4-97" class="Sewer" />
			<node id="musk-4-98" class="Sewer" />
			<node id="musk-4-99" class="Sewer" />

			<node id="constsource-5" class="ConstSource">
				<parameter name="const_flow" kind="complex" type="Flow">
					<flow>
						<unit name="Q" kind="Flow" value="234.0" />
						<unit name="C0" kind="Concentration" value="0.1"/>
						<unit name="C1" kind="Concentration" value="0.2"/>
					</flow>
				</parameter>
			</node>

			<node id="musk-5-0" class="Sewer" />
			<node id="musk-5-1" class="Sewer" />
			<node id="musk-5-2" class="Sewer" />
			<node id="musk-5-3" class="Sewer" />
			<node id="musk-5-4" class="Sewer" />
			<node id="musk-5-5" class="Sewer" />
			<node id="musk-5-6" class="Sewer" />
			<node id="musk-5-7" class="Sewer" />
			<node id="musk-5-8" class="Sewer" />
			<node id="musk-5-9" class="Sewer" />
			<node id="musk-5-10" class="Sewer" />
			<node id="musk-5-11" class="Sewer" />
			<node id="musk-5-12" class="Sewer" />
			<node id="musk-5-13" class="Sewer" />
			<node id="musk-5-14" class="Sewer" />
			<node id="musk-5-15" class="Sewer" />
			<node id="musk-5-16" class="Sewer" />
			<node id="musk-5-17" class="Sewer" />
			<node id="musk-5-18" class="Sewer" />
			<node id="musk-5-19" class="Sewer" />
			<node id="musk-5-20" class="Sewer" />
			<node id="musk-5-21" class="Sewer" />
			<node id="musk-5-22" class="Sewer" />
			<node id="musk-5-23" class="Sewer" />
			<node id="musk-5-24" class="Sewer" />
			<node id="musk-5-25" class="Sewer" />
			<node id="musk-5-26" class="Sewer" />
			<node id="musk-5-27" class="Sewer" />
			<node id="musk-5-28" class="Sewer" />
			<node id="musk-5-29" class="Sewer" />
			<node id="musk-5-30" class="Sewer" />
			<node id="musk-5-31" class="Sewer" />
			<node id="musk-5-32" class="Sewer" />
			<node id="musk-5-33" class="Sewer" />
			<node id="musk-5-34" class="Sewer" />
			<node id="musk-5-35" class="Sewer" />
			<node id="musk-5-36" class="Sewer" />
			<node id="musk-5-37" class="Sewer" />
			<node id="musk-5-38" class="Sewer" />
			<node id="musk-5-39" class="Sewer" />
			<node id="musk-5-40" class="Sewer" />
			<node id="musk-5-41" class="Sewer" />
			<node id="musk-5-42" class="Sewer" />
			<node id="musk-5-43" class="Sewer" />
			<node id="musk-5-44" class="Sewer" />
			<node id="musk-5-45" class="Sewer" />
			<node id="musk-5-46" class="Sewer" />
			<node id="musk-5-47" class="Sewer" />
			<node id="musk-5-48" class="Sewer" />
			<node id="musk-5-49" class="Sewer" />
			<node id="musk-5-50" class="Sewer" />
			<node id="musk-5-51" class="Sewer" />
			<node id="musk-5-52" class="Sewer" />
			<node id="musk-5-53" class="Sewer" />
			<node id="musk-5-54" class="Sewer" />
			<node id="musk-5-55" class="Sewer" />
			<node id="musk-5-56" class="Sewer" />
			<node id="musk-5-57" class="Sewer" />
			<node id="musk-5-58" class="Sewer" />
			<node id="musk-5-59" class="Sewer" />
			<node id="musk-5-60" class="Sewer" />
			<node id="musk-5-61" class="Sewer" />
			<node id="musk-5-62" class="Sewer" />
			<node id="musk-5-63" class="Sewer" />
			<node id="musk-5-64" class="Sewer" />
			<node id="musk-5-65" class="Sewer" />
			<node id="musk-5-66" class="Sewer" />
			<node id="musk-5-67" class="Sewer" />
			<node id="musk-5-68" class="Sewer" />
			<node id="musk-5-69" class="Sewer" />
			<node id="musk-5-70" class="Sewer" />
			<node id="musk-5-71" class="Sewer" />
			<node id="musk-5-72" class="Sewer" />
			<node id="musk-5-73" class="Sewer" />
			<node id="musk-5-74" class="Sewer" />
			<node id="musk-5-75" class="Sewer" />
			<node id="musk-5-76" class="Sewer" />
			<node id="musk-5-77" class="Sewer" />
			<node id="musk-5-78" class="Sewer" />
			<node id="musk-5-79" class="Sewer" />
			<node id="musk-5-80" class="Sewer" />
			<node id="musk-5-81" class="Sewer" />
			<node id="musk-5-82" class="Sewer" />
			<node id="musk-5-83" class="Sewer" />
			<node id="musk-5-84" class="Sewer" />
			<node id="musk-5-85" class="Sewer" />
			<node id="musk-5-86" class="Sewer" />
			<node id="musk-5-87" class="Sewer" />
			<node id="musk-5-88" class="Sewer" />
			<node id="musk-5-89" class="Sewer" />
			<node id="musk-5-90" class="Sewer" />
			<node id="musk-5-91" class="Sewer" />
			<node id="musk-5-92" class="Sewer" />
			<node id="musk-5-93" class="Sewer" />
			<node id="musk-5-94" class="Sewer" />
			<node id="musk-5-95" class="Sewer" />
			<node id="musk-5-96" class="Sewer" />
			<node id="musk-5-97" class="Sewer" />
			<node id="musk-5-98" class="Sewer" />
			<node id="musk-5-99" class="Sewer" />

			<node id="constsource-6" class="ConstSource">
				<parameter name="const_flow" kind="complex" type="Flow">
					<flow>
						<unit name="Q" kind="Flow" value="234.0" />
						<unit name="C0" kind="Concentration" value="0.1"/>
						<unit name="C1" kind="Concentration" value="0.2"/>
					</flow>
				</parameter>
			</node>

			<node id="musk-6-0" class="Sewer" />
			<node id="musk-6-1" class="Sewer" />
			<node id="musk-6-2" class="Sewer" />
			<node id="musk-6-3" class="Sewer" />
			<node id="musk-6-4" class="Sewer" />
			<node id="musk-6-5" class="Sewer" />
			<node id="musk-6-6" class="Sewer" />
			<node id="musk-6-7" class="Sewer" />
			<node id="musk-6-8" class="Sewer" />
			<node id="musk-6-9" class="Sewer" />
			<node id="musk-6-10" class="Sewer" />
			<node id="musk-6-11" class="Sewer" />
			<node id="musk-6-12" class="Sewer" />
			<node id="musk-6-13" class="Sewer" />
			<node id="musk-6-14" class="Sewer" />
			<node id="musk-6-15" class="Sewer" />
			<node id="musk-6-16" class="Sewer" />
			<node id="musk-6-17" class="Sewer" />
			<node id="musk-6-18" class="Sewer" />
			<node id="musk-6-19" class="Sewer" />
			<node id="musk-6-20" class="Sewer" />
			<node id="musk-6-21" class="Sewer" />
			<node id="musk-6-22" class="Sewer" />
			<node id="musk-6-23" class="Sewer" />
			<node id="musk-6-24" class="Sewer" />
			<node id="musk-6-25" class="Sewer" />
			<node id="musk-6-26" class="Sewer" />
			<node id="musk-6-27" class="Sewer" />
			<node id="musk-6-28" class="Sewer" />
			<node id="musk-6-29" class="Sewer" />
			<node id="musk-6-30" class="Sewer" />
			<node id="musk-6-31" class="Sewer" />
			<node id="musk-6-32" class="Sewer" />
			<node id="musk-6-33" class="Sewer" />
			<node id="musk-6-34" class="Sewer" />
			<node id="musk-6-35" class="Sewer" />
			<node id="musk-6-36" class="Sewer" />
			<node id="musk-6-37" class="Sewer" />
			<node id="musk-6-38" class="Sewer" />
			<node id="musk-6-39" class="Sewer" />
			<node id="musk-6-40" class="Sewer" />
			<node id="musk-6-41" class="Sewer" />
			<node id="musk-6-42" class="Sewer" />
			<node id="musk-6-43" class="Sewer" />
			<node id="musk-6-44" class="Sewer" />
			<node id="musk-6-45" class="Sewer" />
			<node id="musk-6-46" class="Sewer" />
			<node id="musk-6-47" class="Sewer" />
			<node id="musk-6-48" class="Sewer" />
			<node id="musk-6-49" class="Sewer" />
			<node id="musk-6-50" class="Sewer" />
			<node id="musk-6-51" class="Sewer" />
			<node id="musk-6-52" class="Sewer" />
			<node id="musk-6-53" class="Sewer" />
			<node id="musk-6-54" class="Sewer" />
			<node id="musk-6-55" class="Sewer" />
			<node id="musk-6-56" class="Sewer" />
			<node id="musk-6-57" class="Sewer" />
			<node id="musk-6-58" class="Sewer" />
			<node id="musk-6-59" class="Sewer" />
			<node id="musk-6-60" class="Sewer" />
			<node id="musk-6-61" class="Sewer" />
			<node id="musk-6-62" class="Sewer" />
			<node id="musk-6-63" class="Sewer" />
			<node id="musk-6-64" class="Sewer" />
			<node id="musk-6-65" class="Sewer" />
			<node id="musk-6-66" class="Sewer" />
			<node id="musk-6-67" class="Sewer" />
			<node id="musk-6-68" class="Sewer" />
			<node id="musk-6-69" class="Sewer" />
			<node id="musk-6-70" class="Sewer" />
			<node id="musk-6-71" class="Sewer" />
			<node id="musk-6-72" class="Sewer" />
			<node id="musk-6-73" class="Sewer" />
			<node id="musk-6-74" class="Sewer" />
			<node id="musk-6-75" class="Sewer" />
			<node id="musk-6-76" class="Sewer" />
			<node id="musk-6-77" class="Sewer" />
			<node id="musk-6-78" class="Sewer" />
			<node id="musk-6-79" class="Sewer" />
			<node id="musk-6-80" class="Sewer" />
			<node id="musk-6-81" class="Sewer" />
			<node id="musk-6-82" class="Sewer" />
			<node id="musk-6-83" class="Sewer" />
			<node id="musk-6-84" class="Sewer" />
			<node id="musk-6-85" class="Sewer" />
			<node id="musk-6-86" class="Sewer" />
			<node id="musk-6-87" class="Sewer" />
			<node id="musk-6-88" class="Sewer" />
			<node id="musk-6-89" class="Sewer" />
			<node id="musk-6-90" class="Sewer" />
			<node id="musk-6-91" class="Sewer" />
			<node id="musk-6-92" class="Sewer" />
			<node id="musk-6-93" class="Sewer" />
			<node id="musk-6-94" class="Sewer" />
			<node id="musk-6-95" class="Sewer" />
			<node id="musk-6-96" class="Sewer" />
			<node id="musk-6-97" class="Sewer" />
			<node id="musk-6-98" class="Sewer" />
			<node id="musk-6-99" class="Sewer" />

			<node id="constsource-7" class="ConstSource">
				<parameter name="const_flow" kind="complex" type="Flow">
					<flow>
						<unit name="Q" kind="Flow" value="234.0" />
						<unit name="C0" kind="Concentration" value="0.1"/>
						<unit name="C1" kind="Concentration" value="0.2"/>
					</flow>
				</parameter>
			</node>

			<node id="musk-7-0" class="Sewer" />
			<node id="musk-7-1" class="Sewer" />
			<node id="musk-7-2" class="Sewer" />
			<node id="musk-7-3" class="Sewer" />
			<node id="musk-7-4" class="Sewer" />
			<node id="musk-7-5" class="Sewer" />
			<node id="musk-7-6" class="Sewer" />
			<node id="musk-7-7" class="Sewer" />
			<node id="musk-7-8" class="Sewer" />
			<node id="musk-7-9" class="Sewer" />
			<node id="musk-7-10" class="Sewer" />
			<node id="musk-7-11" class="Sewer" />
			<node id="musk-7-12" class="Sewer" />
			<node id="musk-7-13" class="Sewer" />
			<node id="musk-7-14" class="Sewer" />
			<node id="musk-7-15" class="Sewer" />
			<node id="musk-7-16" class="Sewer" />
			<node id="musk-7-17" class="Sewer" />
			<node id="musk-7-18" class="Sewer" />
			<node id="musk-7-19" class="Sewer" />
			<node id="musk-7-20" class="Sewer" />
			<node id="musk-7-21" class="Sewer" />
			<node id="musk-7-22" class="Sewer" />
			<node id="musk-7-23" class="Sewer" />
			<node id="musk-7-24" class="Sewer" />
			<node id="musk-7-25" class="Sewer" />
			<node id="musk-7-26" class="Sewer" />
			<node id="musk-7-27" class="Sewer" />
			<node id="musk-7-28" class="Sewer" />
			<node id="musk-7-29" class="Sewer" />
			<node id="musk-7-30" class="Sewer" />
			<node id="musk-7-31" class="Sewer" />
			<node id="musk-7-32" class="Sewer" />
			<node id="musk-7-33" class="Sewer" />
			<node id="musk-7-34" class="Sewer" />
			<node id="musk-7-35" class="Sewer" />
			<node id="musk-7-36" class="Sewer" />
			<node id="musk-7-37" class="Sewer" />
			<node id="musk-7-38" class="Sewer" />
			<node id="musk-7-39" class="Sewer" />
			<node id="musk-7-40" class="Sewer" />
			<node id="musk-7-41" class="Sewer" />
			<node id="musk-7-42" class="Sewer" />
			<node id="musk-7-43" class="Sewer" />
			<node id="musk-7-44" class="Sewer" />
			<node id="musk-7-45" class="Sewer" />
			<node id="musk-7-46" class="Sewer" />
			<node id="musk-7-47" class="Sewer" />
			<node id="musk-7-48" class="Sewer" />
			<node id="musk-7-49" class="Sewer" />
			<node id="musk-7-50" class="Sewer" />
			<node id="musk-7-51" class="Sewer" />
			<node id="musk-7-52" class="Sewer" />
			<node id="musk-7-53" class="Sewer" />
			<node id="musk-7-54" class="Sewer" />
			<node id="musk-7-55" class="Sewer" />
			<node id="musk-7-56" class="Sewer" />
			<node id="musk-7-57" class="Sewer" />
			<node id="musk-7-58" class="Sewer" />
			<node id="musk-7-59" class="Sewer" />
			<node id="musk-7-60" class="Sewer" />
			<node id="musk-7-61" class="Sewer" />
			<node id="musk-7-62" class="Sewer" />
			<node id="musk-7-63" class="Sewer" />
			<node id="musk-7-64" class="Sewer" />
			<node id="musk-7-65" class="Sewer" />
			<node id="musk-7-66" class="Sewer" />
			<node id="musk-7-67" class="Sewer" />
			<node id="musk-7-68" class="Sewer" />
			<node id="musk-7-69" class="Sewer" />
			<node id="musk-7-70" class="Sewer" />
			<node id="musk-7-71" class="Sewer" />
			<node id="musk-7-72" class="Sewer" />
			<node id="musk-7-73" class="Sewer" />
			<node id="musk-7-74" class="Sewer" />
			<node id="musk-7-75" class="Sewer" />
			<node id="musk-7-76" class="Sewer" />
			<node id="musk-7-77" class="Sewer" />
			<node id="musk-7-78" class="Sewer" />
			<node id="musk-7-79" class="Sewer" />
			<node id="musk-7-80" class="Sewer" />
			<node id="musk-7-81" class="Sewer" />
			<node id="musk-7-82" class="Sewer" />
			<node id="musk-7-83" class="Sewer" />
			<node id="musk-7-84" class="Sewer" />
			<node id="musk-7-85" class="Sewer" />
			<node id="musk-7-86" class="Sewer" />
			<node id="musk-7-87" class="Sewer" />
			<node id="musk-7-88" class="Sewer" />
			<node id="musk-7-89" class="Sewer" />
			<node id="musk-7-90" class="Sewer" />
			<node id="musk-7-91" class="Sewer" />
			<node id="musk-7-92" class="Sewer" />
			<node id="musk-7-93" class="Sewer" />
			<node id="musk-7-94" class="Sewer" />
			<node id="musk-7-95" class="Sewer" />
			<node id="musk-7-96" class="Sewer" />
			<node id="musk-7-97" class="Sewer" />
			<node id="musk-7-98" class="Sewer" />
			<node id="musk-7-99" class="Sewer" />

			<node id="constsource-8" class="ConstSource">
				<parameter name="const_flow" kind="complex" type="Flow">
					<flow>
						<unit name="Q" kind="Flow" value="234.0" />
						<unit name="C0" kind="Concentration" value="0.1"/>
						<unit name="C1" kind="Concentration" value="0.2"/>
					</flow>
				</parameter>
			</node>

			<node id="musk-8-0" class="Sewer" />
			<node id="musk-8-1" class="Sewer" />
			<node id="musk-8-2" class="Sewer" />
			<node id="musk-8-3" class="Sewer" />
			<node id="musk-8-4" class="Sewer" />
			<node id="musk-8-5" class="Sewer" />
			<node id="musk-8-6" class="Sewer" />
			<node id="musk-8-7" class="Sewer" />
			<node id="musk-8-8" class="Sewer" />
			<node id="musk-8-9" class="Sewer" />
			<node id="musk-8-10" class="Sewer" />
			<node id="musk-8-11" class="Sewer" />
			<node id="musk-8-12" class="Sewer" />
			<node id="musk-8-13" class="Sewer" />
			<node id="musk-8-14" class="Sewer" />
			<node id="musk-8-15" class="Sewer" />
			<node id="musk-8-16" class="Sewer" />
			<node id="musk-8-17" class="Sewer" />
			<node id="musk-8-18" class="Sewer" />
			<node id="musk-8-19" class="Sewer" />
			<node id="musk-8-20" class="Sewer" />
			<node id="musk-8-21" class="Sewer" />
			<node id="musk-8-22" class="Sewer" />
			<node id="musk-8-23" class="Sewer" />
			<node id="musk-8-24" class="Sewer" />
			<node id="musk-8-25" class="Sewer" />
			<node id="musk-8-26" class="Sewer" />
			<node id="musk-8-27" class="Sewer" />
			<node id="musk-8-28" class="Sewer" />
			<node id="musk-8-29" class="Sewer" />
			<node id="musk-8-30" class="Sewer" />
			<node id="musk-8-31" class="Sewer" />
			<node id="musk-8-32" class="Sewer" />
			<node id="musk-8-33" class="Sewer" />
			<node id="musk-8-34" class="Sewer" />
			<node id="musk-8-35" class="Sewer" />
			<node id="musk-8-36" class="Sewer" />
			<node id="musk-8-37" class="Sewer" />
			<node id="musk-8-38" class="Sewer" />
			<node id="musk-8-39" class="Sewer" />
			<node id="musk-8-40" class="Sewer" />
			<node id="musk-8-41" class="Sewer" />
			<node id="musk-8-42" class="Sewer" />
			<node id="musk-8-43" class="Sewer" />
			<node id="musk-8-44" class="Sewer" />
			<node id="musk-8-45" class="Sewer" />
			<node id="musk-8-46" class="Sewer" />
			<node id="musk-8-47" class="Sewer" />
			<node id="musk-8-48" class="Sewer" />
			<node id="musk-8-49" class="Sewer" />
			<node id="musk-8-50" class="Sewer" />
			<node id="musk-8-51" class="Sewer" />
			<node id="musk-8-52" class="Sewer" />
			<node id="musk-8-53" class="Sewer" />
			<node id="musk-8-54" class="Sewer" />
			<node id="musk-8-55" class="Sewer" />
			<node id="musk-8-56" class="Sewer" />
			<node id="musk-8-57" class="Sewer" />
			<node id="musk-8-58" class="Sewer" />
			<node id="musk-8-59" class="Sewer" />
			<node id="musk-8-60" class="Sewer" />
			<node id="musk-8-61" class="Sewer" />
			<node id="musk-8-62" class="Sewer" />
			<node id="musk-8-63" class="Sewer" />
			<node id="musk-8-64" class="Sewer" />
			<node id="musk-8-65" class="Sewer" />
			<node id="musk-8-66" class="Sewer" />
			<node id="musk-8-67" class="Sewer" />
			<node id="musk-8-68" class="Sewer" />
			<node id="musk-8-69" class="Sewer" />
			<node id="musk-8-70" class="Sewer" />
			<node id="musk-8-71" class="Sewer" />
			<node id="musk-8-72" class="Sewer" />
			<node id="musk-8-73" class="Sewer" />
			<node id="musk-8-74" class="Sewer" />
			<node id="musk-8-75" class="Sewer" />
			<node id="musk-8-76" class="Sewer" />
			<node id="musk-8-77" class="Sewer" />
			<node id="musk-8-78" class="Sewer" />
			<node id="musk-8-79" class="Sewer" />
			<node id="musk-8-80" class="Sewer" />
			<node id="musk-8-81" class="Sewer" />
			<node id="musk-8-82" class="Sewer" />
			<node id="musk-8-83" class="Sewer" />
			<node id="musk-8-84" class="Sewer" />
			<node id="musk-8-85" class="Sewer" />
			<node id="musk-8-86" class="Sewer" />
			<node id="musk-8-87" class="Sewer" />
			<node id="musk-8-88" class="Sewer" />
			<node id="musk-8-89" class="Sewer" />
			<node id="musk-8-90" class="Sewer" />
			<node id="musk-8-91" class="Sewer" />
			<node id="musk-8-92" class="Sewer" />
			<node id="musk-8-93" class="Sewer" />
			<node id="musk-8-94" class="Sewer" />
			<node id="musk-8-95" class="Sewer" />
			<node id="musk-8-96" class="Sewer" />
			<node id="musk-8-97" class="Sewer" />
			<node id="musk-8-98" class="Sewer" />
			<node id="musk-8-99" class="Sewer" />

			<node id="constsource-9" class="ConstSource">
				<parameter name="const_flow" kind="complex" type="Flow">
					<flow>
						<unit name="Q" kind="Flow" value="234.0" />
						<unit name="C0" kind="Concentration" value="0.1"/>
						<unit name="C1" kind="Concentration" value="0.2"/>
					</flow>
				</parameter>
			</node>

			<node id="musk-9-0" class="Sewer" />
			<node id="musk-9-1" class="Sewer" />
			<node id="musk-9-2" class="Sewer" />
			<node id="musk-9-3" class="Sewer" />
			<node id="musk-9-4" class="Sewer" />
			<node id="musk-9-5" class="Sewer" />
			<node id="musk-9-6" class="Sewer" />
			<node id="musk-9-7" class="Sewer" />
			<node id="musk-9-8" class="Sewer" />
			<node id="musk-9-9" class="Sewer" />
			<node id="musk-9-10" class="Sewer" />
			<node id="musk-9-11" class="Sewer" />
			<node id="musk-9-12" class="Sewer" />
			<node id="musk-9-13" class="Sewer" />
			<node id="musk-9-14" class="Sewer" />
			<node id="musk-9-15" class="Sewer" />
			<node id="musk-9-16" class="Sewer" />
			<node id="musk-9-17" class="Sewer" />
			<node id="musk-9-18" class="Sewer" />
			<node id="musk-9-19" class="Sewer" />
			<node id="musk-9-20" class="Sewer" />
			<node id="musk-9-21" class="Sewer" />
			<node id="musk-9-22" class="Sewer" />
			<node id="musk-9-23" class="Sewer" />
			<node id="musk-9-24" class="Sewer" />
			<node id="musk-9-25" class="Sewer" />
			<node id="musk-9-26" class="Sewer" />
			<node id="musk-9-27" class="Sewer" />
			<node id="musk-9-28" class="Sewer" />
			<node id="musk-9-29" class="Sewer" />
			<node id="musk-9-30" class="Sewer" />
			<node id="musk-9-31" class="Sewer" />
			<node id="musk-9-32" class="Sewer" />
			<node id="musk-9-33" class="Sewer" />
			<node id="musk-9-34" class="Sewer" />
			<node id="musk-9-35" class="Sewer" />
			<node id="musk-9-36" class="Sewer" />
			<node id="musk-9-37" class="Sewer" />
			<node id="musk-9-38" class="Sewer" />
			<node id="musk-9-39" class="Sewer" />
			<node id="musk-9-40" class="Sewer" />
			<node id="musk-9-41" class="Sewer" />
			<node id="musk-9-42" class="Sewer" />
			<node id="musk-9-43" class="Sewer" />
			<node id="musk-9-44" class="Sewer" />
			<node id="musk-9-45" class="Sewer" />
			<node id="musk-9-46" class="Sewer" />
			<node id="musk-9-47" class="Sewer" />
			<node id="musk-9-48" class="Sewer" />
			<node id="musk-9-49" class="Sewer" />
			<node id="musk-9-50" class="Sewer" />
			<node id="musk-9-51" class="Sewer" />
			<node id="musk-9-52" class="Sewer" />
			<node id="musk-9-53" class="Sewer" />
			<node id="musk-9-54" class="Sewer" />
			<node id="musk-9-55" class="Sewer" />
			<node id="musk-9-56" class="Sewer" />
			<node id="musk-9-57" class="Sewer" />
			<node id="musk-9-58" class="Sewer" />
			<node id="musk-9-59" class="Sewer" />
			<node id="musk-9-60" class="Sewer" />
			<node id="musk-9-61" class="Sewer" />
			<node id="musk-9-62" class="Sewer" />
			<node id="musk-9-63" class="Sewer" />
			<node id="musk-9-64" class="Sewer" />
			<node id="musk-9-65" class="Sewer" />
			<node id="musk-9-66" class="Sewer" />
			<node id="musk-9-67" class="Sewer" />
			<node id="musk-9-68" class="Sewer" />
			<node id="musk-9-69" class="Sewer" />
			<node id="musk-9-70" class="Sewer" />
			<node id="musk-9-71" class="Sewer" />
			<node id="musk-9-72" class="Sewer" />
			<node id="musk-9-73" class="Sewer" />
			<node id="musk-9-74" class="Sewer" />
			<node id="musk-9-75" class="Sewer" />
			<node id="musk-9-76" class="Sewer" />
			<node id="musk-9-77" class="Sewer" />
			<node id="musk-9-78" class="Sewer" />
			<node id="musk-9-79" class="Sewer" />
			<node id="musk-9-80" class="Sewer" />
			<node id="musk-9-81" class="Sewer" />
			<node id="musk-9-82" class="Sewer" />
			<node id="musk-9-83" class="Sewer" />
			<node id="musk-9-84" class="Sewer" />
			<node id="musk-9-85" class="Sewer" />
			<node id="musk-9-86" class="Sewer" />
			<node id="musk-9-87" class="Sewer" />
			<node id="musk-9-88" class="Sewer" />
			<node id="musk-9-89" class="Sewer" />
			<node id="musk-9-90" class="Sewer" />
			<node id="musk-9-91" class="Sewer" />
			<node id="musk-9-92" class="Sewer" />
			<node id="musk-9-93" class="Sewer" />
			<node id="musk-9-94" class="Sewer" />
			<node id="musk-9-95" class="Sewer" />
			<node id="musk-9-96" class="Sewer" />
			<node id="musk-9-97" class="Sewer" />
			<node id="musk-9-98" class="Sewer" />
			<node id="musk-9-99" class="Sewer" />

			<node id="constsource-10" class="ConstSource">
				<parameter name="const_flow" kind="complex" type="Flow">
					<flow>
						<unit name="Q" kind="Flow" value="234.0" />
						<unit name="C0" kind="Concentration" value="0.1"/>
						<unit name="C1" kind="Concentration" value="0.2"/>
					</flow>
				</parameter>
			</node>

			<node id="musk-10-0" class="Sewer" />
			<node id="musk-10-1" class="Sewer" />
			<node id="musk-10-2" class="Sewer" />
			<node id="musk-10-3" class="Sewer" />
			<node id="musk-10-4" class="Sewer" />
			<node id="musk-10-5" class="Sewer" />
			<node id="musk-10-6" class="Sewer" />
			<node id="musk-10-7" class="Sewer" />
			<node id="musk-10-8" class="Sewer" />
			<node id="musk-10-9" class="Sewer" />
			<node id="musk-10-10" class="Sewer" />
			<node id="musk-10-11" class="Sewer" />
			<node id="musk-10-12" class="Sewer" />
			<node id="musk-10-13" class="Sewer" />
			<node id="musk-10-14" class="Sewer" />
			<node id="musk-10-15" class="Sewer" />
			<node id="musk-10-16" class="Sewer" />
			<node id="musk-10-17" class="Sewer" />
			<node id="musk-10-18" class="Sewer" />
			<node id="musk-10-19" class="Sewer" />
			<node id="musk-10-20" class="Sewer" />
			<node id="musk-10-21" class="Sewer" />
			<node id="musk-10-22" class="Sewer" />
			<node id="musk-10-23" class="Sewer" />
			<node id="musk-10-24" class="Sewer" />
			<node id="musk-10-25" class="Sewer" />
			<node id="musk-10-26" class="Sewer" />
			<node id="musk-10-27" class="Sewer" />
			<node id="musk-10-28" class="Sewer" />
			<node id="musk-10-29" class="Sewer" />
			<node id="musk-10-30" class="Sewer" />
			<node id="musk-10-31" class="Sewer" />
			<node id="musk-10-32" class="Sewer" />
			<node id="musk-10-33" class="Sewer" />
			<node id="musk-10-34" class="Sewer" />
			<node id="musk-10-35" class="Sewer" />
			<node id="musk-10-36" class="Sewer" />
			<node id="musk-10-37" class="Sewer" />
			<node id="musk-10-38" class="Sewer" />
			<node id="musk-10-39" class="Sewer" />
			<node id="musk-10-40" class="Sewer" />
			<node id="musk-10-41" class="Sewer" />
			<node id="musk-10-42" class="Sewer" />
			<node id="musk-10-43" class="Sewer" />
			<node id="musk-10-44" class="Sewer" />
			<node id="musk-10-45" class="Sewer" />
			<node id="musk-10-46" class="Sewer" />
			<node id="musk-10-47" class="Sewer" />
			<node id="musk-10-48" class="Sewer" />
			<node id="musk-10-49" class="Sewer" />
			<node id="musk-10-50" class="Sewer" />
			<node id="musk-10-51" class="Sewer" />
			<node id="musk-10-52" class="Sewer" />
			<node id="musk-10-53" class="Sewer" />
			<node id="musk-10-54" class="Sewer" />
			<node id="musk-10-55" class="Sewer" />
			<node id="musk-10-56" class="Sewer" />
			<node id="musk-10-57" class="Sewer" />
			<node id="musk-10-58" class="Sewer" />
			<node id="musk-10-59" class="Sewer" />
			<node id="musk-10-60" class="Sewer" />
			<node id="musk-10-61" class="Sewer" />
			<node id="musk-10-62" class="Sewer" />
			<node id="musk-10-63" class="Sewer" />
			<node id="musk-10-64" class="Sewer" />
			<node id="musk-10-65" class="Sewer" />
			<node id="musk-10-66" class="Sewer" />
			<node id="musk-10-67" class="Sewer" />
			<node id="musk-10-68" class="Sewer" />
			<node id="musk-10-69" class="Sewer" />
			<node id="musk-10-70" class="Sewer" />
			<node id="musk-10-71" class="Sewer" />
			<node id="musk-10-72" class="Sewer" />
			<node id="musk-10-73" class="Sewer" />
			<node id="musk-10-74" class="Sewer" />
			<node id="musk-10-75" class="Sewer" />
			<node id="musk-10-76" class="Sewer" />
			<node id="musk-10-77" class="Sewer" />
			<node id="musk-10-78" class="Sewer" />
			<node id="musk-10-79" class="Sewer" />
			<node id="musk-10-80" class="Sewer" />
			<node id="musk-10-81" class="Sewer" />
			<node id="musk-10-82" class="Sewer" />
			<node id="musk-10-83" class="Sewer" />
			<node id="musk-10-84" class="Sewer" />
			<node id="musk-10-85" class="Sewer" />
			<node id="musk-10-86" class="Sewer" />
			<node id="musk-10-87" class="Sewer" />
			<node id="musk-10-88" class="Sewer" />
			<node id="musk-10-89" class="Sewer" />
			<node id="musk-10-90" class="Sewer" />
			<node id="musk-10-91" class="Sewer" />
			<node id="musk-10-92" class="Sewer" />
			<node id="musk-10-93" class="Sewer" />
			<node id="musk-10-94" class="Sewer" />
			<node id="musk-10-95" class="Sewer" />
			<node id="musk-10-96" class="Sewer" />
			<node id="musk-10-97" class="Sewer" />
			<node id="musk-10-98" class="Sewer" />
			<node id="musk-10-99" class="Sewer" />

			<node id="constsource-11" class="ConstSource">
				<parameter name="const_flow" kind="complex" type="Flow">
					<flow>
						<unit name="Q" kind="Flow" value="234.0" />
						<unit name="C0" kind="Concentration" value="0.1"/>
						<unit name="C1" kind="Concentration" value="0.2"/>
					</flow>
				</parameter>
			</node>

			<node id="musk-11-0" class="Sewer" />
			<node id="musk-11-1" class="Sewer" />
			<node id="musk-11-2" class="Sewer" />
			<node id="musk-11-3" class="Sewer" />
			<node id="musk-11-4" class="Sewer" />
			<node id="musk-11-5" class="Sewer" />
			<node id="musk-11-6" class="Sewer" />
			<node id="musk-11-7" class="Sewer" />
			<node id="musk-11-8" class="Sewer" />
			<node id="musk-11-9" class="Sewer" />
			<node id="musk-11-10" class="Sewer" />
			<node id="musk-11-11" class="Sewer" />
			<node id="musk-11-12" class="Sewer" />
			<node id="musk-11-13" class="Sewer" />
			<node id="musk-11-14" class="Sewer" />
			<node id="musk-11-15" class="Sewer" />
			<node id="musk-11-16" class="Sewer" />
			<node id="musk-11-17" class="Sewer" />
			<node id="musk-11-18" class="Sewer" />
			<node id="musk-11-19" class="Sewer" />
			<node id="musk-11-20" class="Sewer" />
			<node id="musk-11-21" class="Sewer" />
			<node id="musk-11-22" class="Sewer" />
			<node id="musk-11-23" class="Sewer" />
			<node id="musk-11-24" class="Sewer" />
			<node id="musk-11-25" class="Sewer" />
			<node id="musk-11-26" class="Sewer" />
			<node id="musk-11-27" class="Sewer" />
			<node id="musk-11-28" class="Sewer" />
			<node id="musk-11-29" class="Sewer" />
			<node id="musk-11-30" class="Sewer" />
			<node id="musk-11-31" class="Sewer" />
			<node id="musk-11-32" class="Sewer" />
			<node id="musk-11-33" class="Sewer" />
			<node id="musk-11-34" class="Sewer" />
			<node id="musk-11-35" class="Sewer" />
			<node id="musk-11-36" class="Sewer" />
			<node id="musk-11-37" class="Sewer" />
			<node id="musk-11-38" class="Sewer" />
			<node id="musk-11-39" class="Sewer" />
			<node id="musk-11-40" class="Sewer" />
			<node id="musk-11-41" class="Sewer" />
			<node id="musk-11-42" class="Sewer" />
			<node id="musk-11-43" class="Sewer" />
			<node id="musk-11-44" class="Sewer" />
			<node id="musk-11-45" class="Sewer" />
			<node id="musk-11-46" class="Sewer" />
			<node id="musk-11-47" class="Sewer" />
			<node id="musk-11-48" class="Sewer" />
			<node id="musk-11-49" class="Sewer" />
			<node id="musk-11-50" class="Sewer" />
			<node id="musk-11-51" class="Sewer" />
			<node id="musk-11-52" class="Sewer" />
			<node id="musk-11-53" class="Sewer" />
			<node id="musk-11-54" class="Sewer" />
			<node id="musk-11-55" class="Sewer" />
			<node id="musk-11-56" class="Sewer" />
			<node id="musk-11-57" class="Sewer" />
			<node id="musk-11-58" class="Sewer" />
			<node id="musk-11-59" class="Sewer" />
			<node id="musk-11-60" class="Sewer" />
			<node id="musk-11-61" class="Sewer" />
			<node id="musk-11-62" class="Sewer" />
			<node id="musk-11-63" class="Sewer" />
			<node id="musk-11-64" class="Sewer" />
			<node id="musk-11-65" class="Sewer" />
			<node id="musk-11-66" class="Sewer" />
			<node id="musk-11-67" class="Sewer" />
			<node id="musk-11-68" class="Sewer" />
			<node id="musk-11-69" class="Sewer" />
			<node id="musk-11-70" class="Sewer" />
			<node id="musk-11-71" class="Sewer" />
			<node id="musk-11-72" class="Sewer" />
			<node id="musk-11-73" class="Sewer" />
			<node id="musk-11-74" class="Sewer" />
			<node id="musk-11-75" class="Sewer" />
			<node id="musk-11-76" class="Sewer" />
			<node id="musk-11-77" class="Sewer" />
			<node id="musk-11-78" class="Sewer" />
			<node id="musk-11-79" class="Sewer" />
			<node id="musk-11-80" class="Sewer" />
			<node id="musk-11-81" class="Sewer" />
			<node id="musk-11-82" class="Sewer" />
			<node id="musk-11-83" class="Sewer" />
			<node id="musk-11-84" class="Sewer" />
			<node id="musk-11-85" class="Sewer" />
			<node id="musk-11-86" class="Sewer" />
			<node id="musk-11-87" class="Sewer" />
			<node id="musk-11-88" class="Sewer" />
			<node id="musk-11-89" class="Sewer" />
			<node id="musk-11-90" class="Sewer" />
			<node id="musk-11-91" class="Sewer" />
			<node id="musk-11-92" class="Sewer" />
			<node id="musk-11-93" class="Sewer" />
			<node id="musk-11-94" class="Sewer" />
			<node id="musk-11-95" class="Sewer" />
			<node id="musk-11-96" class="Sewer" />
			<node id="musk-11-97" class="Sewer" />
			<node id="musk-11-98" class="Sewer" />
			<node id="musk-11-99" class="Sewer" />

			<node id="constsource-12" class="ConstSource">
				<parameter name="const_flow" kind="complex" type="Flow">
					<flow>
						<unit name="Q" kind="Flow" value="234.0" />
						<unit name="C0" kind="Concentration" value="0.1"/>
						<unit name="C1" kind="Concentration" value="0.2"/>
					</flow>
				</parameter>
			</node>

			<node id="musk-12-0" class="Sewer" />
			<node id="musk-12-1" class="Sewer" />
			<node id="musk-12-2" class="Sewer" />
			<node id="musk-12-3" class="Sewer" />
			<node id="musk-12-4" class="Sewer" />
			<node id="musk-12-5" class="Sewer" />
			<node id="musk-12-6" class="Sewer" />
			<node id="musk-12-7" class="Sewer" />
			<node id="musk-12-8" class="Sewer" />
			<node id="musk-12-9" class="Sewer" />
			<node id="musk-12-10" class="Sewer" />
			<node id="musk-12-11" class="Sewer" />
			<node id="musk-12-12" class="Sewer" />
			<node id="musk-12-13" class="Sewer" />
			<node id="musk-12-14" class="Sewer" />
			<node id="musk-12-15" class="Sewer" />
			<node id="musk-12-16" class="Sewer" />
			<node id="musk-12-17" class="Sewer" />
			<node id="musk-12-18" class="Sewer" />
			<node id="musk-12-19" class="Sewer" />
			<node id="musk-12-20" class="Sewer" />
			<node id="musk-12-21" class="Sewer" />
			<node id="musk-12-22" class="Sewer" />
			<node id="musk-12-23" class="Sewer" />
			<node id="musk-12-24" class="Sewer" />
			<node id="musk-12-25" class="Sewer" />
			<node id="musk-12-26" class="Sewer" />
			<node id="musk-12-27" class="Sewer" />
			<node id="musk-12-28" class="Sewer" />
			<node id="musk-12-29" class="Sewer" />
			<node id="musk-12-30" class="Sewer" />
			<node id="musk-12-31" class="Sewer" />
			<node id="musk-12-32" class="Sewer" />
			<node id="musk-12-33" class="Sewer" />
			<node id="musk-12-34" class="Sewer" />
			<node id="musk-12-35" class="Sewer" />
			<node id="musk-12-36" class="Sewer" />
			<node id="musk-12-37" class="Sewer" />
			<node id="musk-12-38" class="Sewer" />
			<node id="musk-12-39" class="Sewer" />
			<node id="musk-12-40" class="Sewer" />
			<node id="musk-12-41" class="Sewer" />
			<node id="musk-12-42" class="Sewer" />
			<node id="musk-12-43" class="Sewer" />
			<node id="musk-12-44" class="Sewer" />
			<node id="musk-12-45" class="Sewer" />
			<node id="musk-12-46" class="Sewer" />
			<node id="musk-12-47" class="Sewer" />
			<node id="musk-12-48" class="Sewer" />
			<node id="musk-12-49" class="Sewer" />
			<node id="musk-12-50" class="Sewer" />
			<node id="musk-12-51" class="Sewer" />
			<node id="musk-12-52" class="Sewer" />
			<node id="musk-12-53" class="Sewer" />
			<node id="musk-12-54" class="Sewer" />
			<node id="musk-12-55" class="Sewer" />
			<node id="musk-12-56" class="Sewer" />
			<node id="musk-12-57" class="Sewer" />
			<node id="musk-12-58" class="Sewer" />
			<node id="musk-12-59" class="Sewer" />
			<node id="musk-12-60" class="Sewer" />
			<node id="musk-12-61" class="Sewer" />
			<node id="musk-12-62" class="Sewer" />
			<node id="musk-12-63" class="Sewer" />
			<node id="musk-12-64" class="Sewer" />
			<node id="musk-12-65" class="Sewer" />
			<node id="musk-12-66" class="Sewer" />
			<node id="musk-12-67" class="Sewer" />
			<node id="musk-12-68" class="Sewer" />
			<node id="musk-12-69" class="Sewer" />
			<node id="musk-12-70" class="Sewer" />
			<node id="musk-12-71" class="Sewer" />
			<node id="musk-12-72" class="Sewer" />
			<node id="musk-12-73" class="Sewer" />
			<node id="musk-12-74" class="Sewer" />
			<node id="musk-12-75" class="Sewer" />
			<node id="musk-12-76" class="Sewer" />
			<node id="musk-12-77" class="Sewer" />
			<node id="musk-12-78" class="Sewer" />
			<node id="musk-12-79" class="Sewer" />
			<node id="musk-12-80" class="Sewer" />
			<node id="musk-12-81" class="Sewer" />
			<node id="musk-12-82" class="Sewer" />
			<node id="musk-12-83" class="Sewer" />
			<node id="musk-12-84" class="Sewer" />
			<node id="musk-12-85" class="Sewer" />
			<node id="musk-12-86" class="Sewer" />
			<node id="musk-12-87" class="Sewer" />
			<node id="musk-12-88" class="Sewer" />
			<node id="musk-12-89" class="Sewer" />
			<node id="musk-12-90" class="Sewer" />
			<node id="musk-12-91" class="Sewer" />
			<node id="musk-12-92" class="Sewer" />
			<node id="musk-12-93" class="Sewer" />
			<node id="musk-12-94" class="Sewer" />
			<node id="musk-12-95" class="Sewer" />
			<node id="musk-12-96" class="Sewer" />
			<node id="musk-12-97" class="Sewer" />
			<node id="musk-12-98" class="Sewer" />
			<node id="musk-12-99" class="Sewer" />

			<node id="constsource-13" class="ConstSource">
				<parameter name="const_flow" kind="complex" type="Flow">
					<flow>
						<unit name="Q" kind="Flow" value="234.0" />
						<unit name="C0" kind="Concentration" value="0.1"/>
						<unit name="C1" kind="Concentration" value="0.2"/>
					</flow>
				</parameter>
			</node>

			<node id="musk-13-0" class="Sewer" />
			<node id="musk-13-1" class="Sewer" />
			<node id="musk-13-2" class="Sewer" />
			<node id="musk-13-3" class="Sewer" />
			<node id="musk-13-4" class="Sewer" />
			<node id="musk-13-5" class="Sewer" />
			<node id="musk-13-6" class="Sewer" />
			<node id="musk-13-7" class="Sewer" />
			<node id="musk-13-8" class="Sewer" />
			<node id="musk-13-9" class="Sewer" />
			<node id="musk-13-10" class="Sewer" />
			<node id="musk-13-11" class="Sewer" />
			<node id="musk-13-12" class="Sewer" />
			<node id="musk-13-13" class="Sewer" />
			<node id="musk-13-14" class="Sewer" />
			<node id="musk-13-15" class="Sewer" />
			<node id="musk-13-16" class="Sewer" />
			<node id="musk-13-17" class="Sewer" />
			<node id="musk-13-18" class="Sewer" />
			<node id="musk-13-19" class="Sewer" />
			<node id="musk-13-20" class="Sewer" />
			<node id="musk-13-21" class="Sewer" />
			<node id="musk-13-22" class="Sewer" />
			<node id="musk-13-23" class="Sewer" />
			<node id="musk-13-24" class="Sewer" />
			<node id="musk-13-25" class="Sewer" />
			<node id="musk-13-26" class="Sewer" />
			<node id="musk-13-27" class="Sewer" />
			<node id="musk-13-28" class="Sewer" />
			<node id="musk-13-29" class="Sewer" />
			<node id="musk-13-30" class="Sewer" />
			<node id="musk-13-31" class="Sewer" />
			<node id="musk-13-32" class="Sewer" />
			<node id="musk-13-33" class="Sewer" />
			<node id="musk-13-34" class="Sewer" />
			<node id="musk-13-35" class="Sewer" />
			<node id="musk-13-36" class="Sewer" />
			<node id="musk-13-37" class="Sewer" />
			<node id="musk-13-38" class="Sewer" />
			<node id="musk-13-39" class="Sewer" />
			<node id="musk-13-40" class="Sewer" />
			<node id="musk-13-41" class="Sewer" />
			<node id="musk-13-42" class="Sewer" />
			<node id="musk-13-43" class="Sewer" />
			<node id="musk-13-44" class="Sewer" />
			<node id="musk-13-45" class="Sewer" />
			<node id="musk-13-46" class="Sewer" />
			<node id="musk-13-47" class="Sewer" />
			<node id="musk-13-48" class="Sewer" />
			<node id="musk-13-49" class="Sewer" />
			<node id="musk-13-50" class="Sewer" />
			<node id="musk-13-51" class="Sewer" />
			<node id="musk-13-52" class="Sewer" />
			<node id="musk-13-53" class="Sewer" />
			<node id="musk-13-54" class="Sewer" />
			<node id="musk-13-55" class="Sewer" />
			<node id="musk-13-56" class="Sewer" />
			<node id="musk-13-57" class="Sewer" />
			<node id="musk-13-58" class="Sewer" />
			<node id="musk-13-59" class="Sewer" />
			<node id="musk-13-60" class="Sewer" />
			<node id="musk-13-61" class="Sewer" />
			<node id="musk-13-62" class="Sewer" />
			<node id="musk-13-63" class="Sewer" />
			<node id="musk-13-64" class="Sewer" />
			<node id="musk-13-65" class="Sewer" />
			<node id="musk-13-66" class="Sewer" />
			<node id="musk-13-67" class="Sewer" />
			<node id="musk-13-68" class="Sewer" />
			<node id="musk-13-69" class="Sewer" />
			<node id="musk-13-70" class="Sewer" />
			<node id="musk-13-71" class="Sewer" />
			<node id="musk-13-72" class="Sewer" />
			<node id="musk-13-73" class="Sewer" />
			<node id="musk-13-74" class="Sewer" />
			<node id="musk-13-75" class="Sewer" />
			<node id="musk-13-76" class="Sewer" />
			<node id="musk-13-77" class="Sewer" />
			<node id="musk-13-78" class="Sewer" />
			<node id="musk-13-79" class="Sewer" />
			<node id="musk-13-80" class="Sewer" />
			<node id="musk-13-81" class="Sewer" />
			<node id="musk-13-82" class="Sewer" />
			<node id="musk-13-83" class="Sewer" />
			<node id="musk-13-84" class="Sewer" />
			<node id="musk-13-85" class="Sewer" />
			<node id="musk-13-86" class="Sewer" />
			<node id="musk-13-87" class="Sewer" />
			<node id="musk-13-88" class="Sewer" />
			<node id="musk-13-89" class="Sewer" />
			<node id="musk-13-90" class="Sewer" />
			<node id="musk-13-91" class="Sewer" />
			<node id="musk-13-92" class="Sewer" />
			<node id="musk-13-93" class="Sewer" />
			<node id="musk-13-94" class="Sewer" />
			<node id="musk-13-95" class="Sewer" />
			<node id="musk-13-96" class="Sewer" />
			<node id="musk-13-97" class="Sewer" />
			<node id="musk-13-98" class="Sewer" />
			<node id="musk-13-99" class="Sewer" />

			<node id="constsource-14" class="ConstSource">
				<parameter name="const_flow" kind="complex" type="Flow">
					<flow>
						<unit name="Q" kind="Flow" value="234.0" />
						<unit name="C0" kind="Concentration" value="0.1"/>
						<unit name="C1" kind="Concentration" value="0.2"/>
					</flow>
				</parameter>
			</node>

			<node id="musk-14-0" class="Sewer" />
			<node id="musk-14-1" class="Sewer" />
			<node id="musk-14-2" class="Sewer" />
			<node id="musk-14-3" class="Sewer" />
			<node id="musk-14-4" class="Sewer" />
			<node id="musk-14-5" class="Sewer" />
			<node id="musk-14-6" class="Sewer" />
			<node id="musk-14-7" class="Sewer" />
			<node id="musk-14-8" class="Sewer" />
			<node id="musk-14-9" class="Sewer" />
			<node id="musk-14-10" class="Sewer" />
			<node id="musk-14-11" class="Sewer" />
			<node id="musk-14-12" class="Sewer" />
			<node id="musk-14-13" class="Sewer" />
			<node id="musk-14-14" class="Sewer" />
			<node id="musk-14-15" class="Sewer" />
			<node id="musk-14-16" class="Sewer" />
			<node id="musk-14-17" class="Sewer" />
			<node id="musk-14-18" class="Sewer" />
			<node id="musk-14-19" class="Sewer" />
			<node id="musk-14-20" class="Sewer" />
			<node id="musk-14-21" class="Sewer" />
			<node id="musk-14-22" class="Sewer" />
			<node id="musk-14-23" class="Sewer" />
			<node id="musk-14-24" class="Sewer" />
			<node id="musk-14-25" class="Sewer" />
			<node id="musk-14-26" class="Sewer" />
			<node id="musk-14-27" class="Sewer" />
			<node id="musk-14-28" class="Sewer" />
			<node id="musk-14-29" class="Sewer" />
			<node id="musk-14-30" class="Sewer" />
			<node id="musk-14-31" class="Sewer" />
			<node id="musk-14-32" class="Sewer" />
			<node id="musk-14-33" class="Sewer" />
			<node id="musk-14-34" class="Sewer" />
			<node id="musk-14-35" class="Sewer" />
			<node id="musk-14-36" class="Sewer" />
			<node id="musk-14-37" class="Sewer" />
			<node id="musk-14-38" class="Sewer" />
			<node id="musk-14-39" class="Sewer" />
			<node id="musk-14-40" class="Sewer" />
			<node id="musk-14-41" class="Sewer" />
			<node id="musk-14-42" class="Sewer" />
			<node id="musk-14-43" class="Sewer" />
			<node id="musk-14-44" class="Sewer" />
			<node id="musk-14-45" class="Sewer" />
			<node id="musk-14-46" class="Sewer" />
			<node id="musk-14-47" class="Sewer" />
			<node id="musk-14-48" class="Sewer" />
			<node id="musk-14-49" class="Sewer" />
			<node id="musk-14-50" class="Sewer" />
			<node id="musk-14-51" class="Sewer" />
			<node id="musk-14-52" class="Sewer" />
			<node id="musk-14-53" class="Sewer" />
			<node id="musk-14-54" class="Sewer" />
			<node id="musk-14-55" class="Sewer" />
			<node id="musk-14-56" class="Sewer" />
			<node id="musk-14-57" class="Sewer" />
			<node id="musk-14-58" class="Sewer" />
			<node id="musk-14-59" class="Sewer" />
			<node id="musk-14-60" class="Sewer" />
			<node id="musk-14-61" class="Sewer" />
			<node id="musk-14-62" class="Sewer" />
			<node id="musk-14-63" class="Sewer" />
			<node id="musk-14-64" class="Sewer" />
			<node id="musk-14-65" class="Sewer" />
			<node id="musk-14-66" class="Sewer" />
			<node id="musk-14-67" class="Sewer" />
			<node id="musk-14-68" class="Sewer" />
			<node id="musk-14-69" class="Sewer" />
			<node id="musk-14-70" class="Sewer" />
			<node id="musk-14-71" class="Sewer" />
			<node id="musk-14-72" class="Sewer" />
			<node id="musk-14-73" class="Sewer" />
			<node id="musk-14-74" class="Sewer" />
			<node id="musk-14-75" class="Sewer" />
			<node id="musk-14-76" class="Sewer" />
			<node id="musk-14-77" class="Sewer" />
			<node id="musk-14-78" class="Sewer" />
			<node id="musk-14-79" class="Sewer" />
			<node id="musk-14-80" class="Sewer" />
			<node id="musk-14-81" class="Sewer" />
			<node id="musk-14-82" class="Sewer" />
			<node id="musk-14-83" class="Sewer" />
			<node id="musk-14-84" class="Sewer" />
			<node id="musk-14-85" class="Sewer" />
			<node id="musk-14-86" class="Sewer" />
			<node id="musk-14-87" class="Sewer" />
			<node id="musk-14-88" class="Sewer" />
			<node id="musk-14-89" class="Sewer" />
			<node id="musk-14-90" class="Sewer" />
			<node id="musk-14-91" class="Sewer" />
			<node id="musk-14-92" class="Sewer" />
			<node id="musk-14-93" class="Sewer" />
			<node id="musk-14-94" class="Sewer" />
			<node id="musk-14-95" class="Sewer" />
			<node id="musk-14-96" class="Sewer" />
			<node id="musk-14-97" class="Sewer" />
			<node id="musk-14-98" class="Sewer" />
			<node id="musk-14-99" class="Sewer" />

			<node id="constsource-15" class="ConstSource">
				<parameter name="const_flow" kind="complex" type="Flow">
					<flow>
						<unit name="Q" kind="Flow" value="234.0" />
						<unit name="C0" kind="Concentration" value="0.1"/>
						<unit name="C1" kind="Concentration" value="0.2"/>
					</flow>
				</parameter>
			</node>

			<node id="musk-15-0" class="Sewer" />
			<node id="musk-15-1" class="Sewer" />
			<node id="musk-15-2" class="Sewer" />
			<node id="musk-15-3" class="Sewer" />
			<node id="musk-15-4" class="Sewer" />
			<node id="musk-15-5" class="Sewer" />
			<node id="musk-15-6" class="Sewer" />
			<node id="musk-15-7" class="Sewer" />
			<node id="musk-15-8" class="Sewer" />
			<node id="musk-15-9" class="Sewer" />
			<node id="musk-15-10" class="Sewer" />
			<node id="musk-15-11" class="Sewer" />
			<node id="musk-15-12" class="Sewer" />
			<node id="musk-15-13" class="Sewer" />
			<node id="musk-15-14" class="Sewer" />
			<node id="musk-15-15" class="Sewer" />
			<node id="musk-15-16" class="Sewer" />
			<node id="musk-15-17" class="Sewer" />
			<node id="musk-15-18" class="Sewer" />
			<node id="musk-15-19" class="Sewer" />
			<node id="musk-15-20" class="Sewer" />
			<node id="musk-15-21" class="Sewer" />
			<node id="musk-15-22" class="Sewer" />
			<node id="musk-15-23" class="Sewer" />
			<node id="musk-15-24" class="Sewer" />
			<node id="musk-15-25" class="Sewer" />
			<node id="musk-15-26" class="Sewer" />
			<node id="musk-15-27" class="Sewer" />
			<node id="musk-15-28" class="Sewer" />
			<node id="musk-15-29" class="Sewer" />
			<node id="musk-15-30" class="Sewer" />
			<node id="musk-15-31" class="Sewer" />
			<node id="musk-15-32" class="Sewer" />
			<node id="musk-15-33" class="Sewer" />
			<node id="musk-15-34" class="Sewer" />
			<node id="musk-15-35" class="Sewer" />
			<node id="musk-15-36" class="Sewer" />
			<node id="musk-15-37" class="Sewer" />
			<node id="musk-15-38" class="Sewer" />
			<node id="musk-15-39" class="Sewer" />
			<node id="musk-15-40" class="Sewer" />
			<node id="musk-15-41" class="Sewer" />
			<node id="musk-15-42" class="Sewer" />
			<node id="musk-15-43" class="Sewer" />
			<node id="musk-15-44" class="Sewer" />
			<node id="musk-15-45" class="Sewer" />
			<node id="musk-15-46" class="Sewer" />
			<node id="musk-15-47" class="Sewer" />
			<node id="musk-15-48" class="Sewer" />
			<node id="musk-15-49" class="Sewer" />
			<node id="musk-15-50" class="Sewer" />
			<node id="musk-15-51" class="Sewer" />
			<node id="musk-15-52" class="Sewer" />
			<node id="musk-15-53" class="Sewer" />
			<node id="musk-15-54" class="Sewer" />
			<node id="musk-15-55" class="Sewer" />
			<node id="musk-15-56" class="Sewer" />
			<node id="musk-15-57" class="Sewer" />
			<node id="musk-15-58" class="Sewer" />
			<node id="musk-15-59" class="Sewer" />
			<node id="musk-15-60" class="Sewer" />
			<node id="musk-15-61" class="Sewer" />
			<node id="musk-15-62" class="Sewer" />
			<node id="musk-15-63" class="Sewer" />
			<node id="musk-15-64" class="Sewer" />
			<node id="musk-15-65" class="Sewer" />
			<node id="musk-15-66" class="Sewer" />
			<node id="musk-15-67" class="Sewer" />
			<node id="musk-15-68" class="Sewer" />
			<node id="musk-15-69" class="Sewer" />
			<node id="musk-15-70" class="Sewer" />
			<node id="musk-15-71" class="Sewer" />
			<node id="musk-15-72" class="Sewer" />
			<node id="musk-15-73" class="Sewer" />
			<node id="musk-15-74" class="Sewer" />
			<node id="musk-15-75" class="Sewer" />
			<node id="musk-15-76" class="Sewer" />
			<node id="musk-15-77" class="Sewer" />
			<node id="musk-15-78" class="Sewer" />
			<node id="musk-15-79" class="Sewer" />
			<node id="musk-15-80" class="Sewer" />
			<node id="musk-15-81" class="Sewer" />
			<node id="musk-15-82" class="Sewer" />
			<node id="musk-15-83" class="Sewer" />
			<node id="musk-15-84" class="Sewer" />
			<node id="musk-15-85" class="Sewer" />
			<node id="musk-15-86" class="Sewer" />
			<node id="musk-15-87" class="Sewer" />
			<node id="musk-15-88" class="Sewer" />
			<node id="musk-15-89" class="Sewer" />
			<node id="musk-15-90" class="Sewer" />
			<node id="musk-15-91" class="Sewer" />
			<node id="musk-15-92" class="Sewer" />
			<node id="musk-15-93" class="Sewer" />
			<node id="musk-15-94" class="Sewer" />
			<node id="musk-15-95" class="Sewer" />
			<node id="musk-15-96" class="Sewer" />
			<node id="musk-15-97" class="Sewer" />
			<node id="musk-15-98" class="Sewer" />
			<node id="musk-15-99" class="Sewer" />

			<node id="constsource-16" class="ConstSource">
				<parameter name="const_flow" kind="complex" type="Flow">
					<flow>
						<unit name="Q" kind="Flow" value="234.0" />
						<unit name="C0" kind="Concentration" value="0.1"/>
						<unit name="C1" kind="Concentration" value="0.2"/>
					</flow>
				</parameter>
			</node>

			<node id="musk-16-0" class="Sewer" />
			<node id="musk-16-1" class="Sewer" />
			<node id="musk-16-2" class="Sewer" />
			<node id="musk-16-3" class="Sewer" />
			<node id="musk-16-4" class="Sewer" />
			<node id="musk-16-5" class="Sewer" />
			<node id="musk-16-6" class="Sewer" />
			<node id="musk-16-7" class="Sewer" />
			<node id="musk-16-8" class="Sewer" />
			<node id="musk-16-9" class="Sewer" />
			<node id="musk-16-10" class="Sewer" />
			<node id="musk-16-11" class="Sewer" />
			<node id="musk-16-12" class="Sewer" />
			<node id="musk-16-13" class="Sewer" />
			<node id="musk-16-14" class="Sewer" />
			<node id="musk-16-15" class="Sewer" />
			<node id="musk-16-16" class="Sewer" />
			<node id="musk-16-17" class="Sewer" />
			<node id="musk-16-18" class="Sewer" />
			<node id="musk-16-19" class="Sewer" />
			<node id="musk-16-20" class="Sewer" />
			<node id="musk-16-21" class="Sewer" />
			<node id="musk-16-22" class="Sewer" />
			<node id="musk-16-23" class="Sewer" />
			<node id="musk-16-24" class="Sewer" />
			<node id="musk-16-25" class="Sewer" />
			<node id="musk-16-26" class="Sewer" />
			<node id="musk-16-27" class="Sewer" />
			<node id="musk-16-28" class="Sewer" />
			<node id="musk-16-29" class="Sewer" />
			<node id="musk-16-30" class="Sewer" />
			<node id="musk-16-31" class="Sewer" />
			<node id="musk-16-32" class="Sewer" />
			<node id="musk-16-33" class="Sewer" />
			<node id="musk-16-34" class="Sewer" />
			<node id="musk-16-35" class="Sewer" />
			<node id="musk-16-36" class="Sewer" />
			<node id="musk-16-37" class="Sewer" />
			<node id="musk-16-38" class="Sewer" />
			<node id="musk-16-39" class="Sewer" />
			<node id="musk-16-40" class="Sewer" />
			<node id="musk-16-41" class="Sewer" />
			<node id="musk-16-42" class="Sewer" />
			<node id="musk-16-43" class="Sewer" />
			<node id="musk-16-44" class="Sewer" />
			<node id="musk-16-45" class="Sewer" />
			<node id="musk-16-46" class="Sewer" />
			<node id="musk-16-47" class="Sewer" />
			<node id="musk-16-48" class="Sewer" />
			<node id="musk-16-49" class="Sewer" />
			<node id="musk-16-50" class="Sewer" />
			<node id="musk-16-51" class="Sewer" />
			<node id="musk-16-52" class="Sewer" />
			<node id="musk-16-53" class="Sewer" />
			<node id="musk-16-54" class="Sewer" />
			<node id="musk-16-55" class="Sewer" />
			<node id="musk-16-56" class="Sewer" />
			<node id="musk-16-57" class="Sewer" />
			<node id="musk-16-58" class="Sewer" />
			<node id="musk-16-59" class="Sewer" />
			<node id="musk-16-60" class="Sewer" />
			<node id="musk-16-61" class="Sewer" />
			<node id="musk-16-62" class="Sewer" />
			<node id="musk-16-63" class="Sewer" />
			<node id="musk-16-64" class="Sewer" />
			<node id="musk-16-65" class="Sewer" />
			<node id="musk-16-66" class="Sewer" />
			<node id="musk-16-67" class="Sewer" />
			<node id="musk-16-68" class="Sewer" />
			<node id="musk-16-69" class="Sewer" />
			<node id="musk-16-70" class="Sewer" />
			<node id="musk-16-71" class="Sewer" />
			<node id="musk-16-72" class="Sewer" />
			<node id="musk-16-73" class="Sewer" />
			<node id="musk-16-74" class="Sewer" />
			<node id="musk-16-75" class="Sewer" />
			<node id="musk-16-76" class="Sewer" />
			<node id="musk-16-77" class="Sewer" />
			<node id="musk-16-78" class="Sewer" />
			<node id="musk-16-79" class="Sewer" />
			<node id="musk-16-80" class="Sewer" />
			<node id="musk-16-81" class="Sewer" />
			<node id="musk-16-82" class="Sewer" />
			<node id="musk-16-83" class="Sewer" />
			<node id="musk-16-84" class="Sewer" />
			<node id="musk-16-85" class="Sewer" />
			<node id="musk-16-86" class="Sewer" />
			<node id="musk-16-87" class="Sewer" />
			<node id="musk-16-88" class="Sewer" />
			<node id="musk-16-89" class="Sewer" />
			<node id="musk-16-90" class="Sewer" />
			<node id="musk-16-91" class="Sewer" />
			<node id="musk-16-92" class="Sewer" />
			<node id="musk-16-93" class="Sewer" />
			<node id="musk-16-94" class="Sewer" />
			<node id="musk-16-95" class="Sewer" />
			<node id="musk-16-96" class="Sewer" />
			<node id="musk-16-97" class="Sewer" />
			<node id="musk-16-98" class="Sewer" />
			<node id="musk-16-99" class="Sewer" />

			<node id="constsource-17" class="ConstSource">
				<parameter name="const_flow" kind="complex" type="Flow">
					<flow>
						<unit name="Q" kind="Flow" value="234.0" />
						<unit name="C0" kind="Concentration" value="0.1"/>
						<unit name="C1" kind="Concentration" value="0.2"/>
					</flow>
				</parameter>
			</node>

			<node id="musk-17-0" class="Sewer" />
			<node id="musk-17-1" class="Sewer" />
			<node id="musk-17-2" class="Sewer" />
			<node id="musk-17-3" class="Sewer" />
			<node id="musk-17-4" class="Sewer" />
			<node id="musk-17-5" class="Sewer" />
			<node id="musk-17-6" class="Sewer" />
			<node id="musk-17-7" class="Sewer" />
			<node id="musk-17-8" class="Sewer" />
			<node id="musk-17-9" class="Sewer" />
			<node id="musk-17-10" class="Sewer" />
			<node id="musk-17-11" class="Sewer" />
			<node id="musk-17-12" class="Sewer" />
			<node id="musk-17-13" class="Sewer" />
			<node id="musk-17-14" class="Sewer" />
			<node id="musk-17-15" class="Sewer" />
			<node id="musk-17-16" class="Sewer" />
			<node id="musk-17-17" class="Sewer" />
			<node id="musk-17-18" class="Sewer" />
			<node id="musk-17-19" class="Sewer" />
			<node id="musk-17-20" class="Sewer" />
			<node id="musk-17-21" class="Sewer" />
			<node id="musk-17-22" class="Sewer" />
			<node id="musk-17-23" class="Sewer" />
			<node id="musk-17-24" class="Sewer" />
			<node id="musk-17-25" class="Sewer" />
			<node id="musk-17-26" class="Sewer" />
			<node id="musk-17-27" class="Sewer" />
			<node id="musk-17-28" class="Sewer" />
			<node id="musk-17-29" class="Sewer" />
			<node id="musk-17-30" class="Sewer" />
			<node id="musk-17-31" class="Sewer" />
			<node id="musk-17-32" class="Sewer" />
			<node id="musk-17-33" class="Sewer" />
			<node id="musk-17-34" class="Sewer" />
			<node id="musk-17-35" class="Sewer" />
			<node id="musk-17-36" class="Sewer" />
			<node id="musk-17-37" class="Sewer" />
			<node id="musk-17-38" class="Sewer" />
			<node id="musk-17-39" class="Sewer" />
			<node id="musk-17-40" class="Sewer" />
			<node id="musk-17-41" class="Sewer" />
			<node id="musk-17-42" class="Sewer" />
			<node id="musk-17-43" class="Sewer" />
			<node id="musk-17-44" class="Sewer" />
			<node id="musk-17-45" class="Sewer" />
			<node id="musk-17-46" class="Sewer" />
			<node id="musk-17-47" class="Sewer" />
			<node id="musk-17-48" class="Sewer" />
			<node id="musk-17-49" class="Sewer" />
			<node id="musk-17-50" class="Sewer" />
			<node id="musk-17-51" class="Sewer" />
			<node id="musk-17-52" class="Sewer" />
			<node id="musk-17-53" class="Sewer" />
			<node id="musk-17-54" class="Sewer" />
			<node id="musk-17-55" class="Sewer" />
			<node id="musk-17-56" class="Sewer" />
			<node id="musk-17-57" class="Sewer" />
			<node id="musk-17-58" class="Sewer" />
			<node id="musk-17-59" class="Sewer" />
			<node id="musk-17-60" class="Sewer" />
			<node id="musk-17-61" class="Sewer" />
			<node id="musk-17-62" class="Sewer" />
			<node id="musk-17-63" class="Sewer" />
			<node id="musk-17-64" class="Sewer" />
			<node id="musk-17-65" class="Sewer" />
			<node id="musk-17-66" class="Sewer" />
			<node id="musk-17-67" class="Sewer" />
			<node id="musk-17-68" class="Sewer" />
			<node id="musk-17-69" class="Sewer" />
			<node id="musk-17-70" class="Sewer" />
			<node id="musk-17-71" class="Sewer" />
			<node id="musk-17-72" class="Sewer" />
			<node id="musk-17-73" class="Sewer" />
			<node id="musk-17-74" class="Sewer" />
			<node id="musk-17-75" class="Sewer" />
			<node id="musk-17-76" class="Sewer" />
			<node id="musk-17-77" class="Sewer" />
			<node id="musk-17-78" class="Sewer" />
			<node id="musk-17-79" class="Sewer" />
			<node id="musk-17-80" class="Sewer" />
			<node id="musk-17-81" class="Sewer" />
			<node id="musk-17-82" class="Sewer" />
			<node id="musk-17-83" class="Sewer" />
			<node id="musk-17-84" class="Sewer" />
			<node id="musk-17-85" class="Sewer" />
			<node id="musk-17-86" class="Sewer" />
			<node id="musk-17-87" class="Sewer" />
			<node id="musk-17-88" class="Sewer" />
			<node id="musk-17-89" class="Sewer" />
			<node id="musk-17-90" class="Sewer" />
			<node id="musk-17-91" class="Sewer" />
			<node id="musk-17-92" class="Sewer" />
			<node id="musk-17-93" class="Sewer" />
			<node id="musk-17-94" class="Sewer" />
			<node id="musk-17-95" class="Sewer" />
			<node id="musk-17-96" class="Sewer" />
			<node id="musk-17-97" class="Sewer" />
			<node id="musk-17-98" class="Sewer" />
			<node id="musk-17-99" class="Sewer" />

			<node id="constsource-18" class="ConstSource">
				<parameter name="const_flow" kind="complex" type="Flow">
					<flow>
						<unit name="Q" kind="Flow" value="234.0" />
						<unit name="C0" kind="Concentration" value="0.1"/>
						<unit name="C1" kind="Concentration" value="0.2"/>
					</flow>
				</parameter>
			</node>

			<node id="musk-18-0" class="Sewer" />
			<node id="musk-18-1" class="Sewer" />
			<node id="musk-18-2" class="Sewer" />
			<node id="musk-18-3" class="Sewer" />
			<node id="musk-18-4" class="Sewer" />
			<node id="musk-18-5" class="Sewer" />
			<node id="musk-18-6" class="Sewer" />
			<node id="musk-18-7" class="Sewer" />
			<node id="musk-18-8" class="Sewer" />
			<node id="musk-18-9" class="Sewer" />
			<node id="musk-18-10" class="Sewer" />
			<node id="musk-18-11" class="Sewer" />
			<node id="musk-18-12" class="Sewer" />
			<node id="musk-18-13" class="Sewer" />
			<node id="musk-18-14" class="Sewer" />
			<node id="musk-18-15" class="Sewer" />
			<node id="musk-18-16" class="Sewer" />
			<node id="musk-18-17" class="Sewer" />
			<node id="musk-18-18" class="Sewer" />
			<node id="musk-18-19" class="Sewer" />
			<node id="musk-18-20" class="Sewer" />
			<node id="musk-18-21" class="Sewer" />
			<node id="musk-18-22" class="Sewer" />
			<node id="musk-18-23" class="Sewer" />
			<node id="musk-18-24" class="Sewer" />
			<node id="musk-18-25" class="Sewer" />
			<node id="musk-18-26" class="Sewer" />
			<node id="musk-18-27" class="Sewer" />
			<node id="musk-18-28" class="Sewer" />
			<node id="musk-18-29" class="Sewer" />
			<node id="musk-18-30" class="Sewer" />
			<node id="musk-18-31" class="Sewer" />
			<node id="musk-18-32" class="Sewer" />
			<node id="musk-18-33" class="Sewer" />
			<node id="musk-18-34" class="Sewer" />
			<node id="musk-18-35" class="Sewer" />
			<node id="musk-18-36" class="Sewer" />
			<node id="musk-18-37" class="Sewer" />
			<node id="musk-18-38" class="Sewer" />
			<node id="musk-18-39" class="Sewer" />
			<node id="musk-18-40" class="Sewer" />
			<node id="musk-18-41" class="Sewer" />
			<node id="musk-18-42" class="Sewer" />
			<node id="musk-18-43" class="Sewer" />
			<node id="musk-18-44" class="Sewer" />
			<node id="musk-18-45" class="Sewer" />
			<node id="musk-18-46" class="Sewer" />
			<node id="musk-18-47" class="Sewer" />
			<node id="musk-18-48" class="Sewer" />
			<node id="musk-18-49" class="Sewer" />
			<node id="musk-18-50" class="Sewer" />
			<node id="musk-18-51" class="Sewer" />
			<node id="musk-18-52" class="Sewer" />
			<node id="musk-18-53" class="Sewer" />
			<node id="musk-18-54" class="Sewer" />
			<node id="musk-18-55" class="Sewer" />
			<node id="musk-18-56" class="Sewer" />
			<node id="musk-18-57" class="Sewer" />
			<node id="musk-18-58" class="Sewer" />
			<node id="musk-18-59" class="Sewer" />
			<node id="musk-18-60" class="Sewer" />
			<node id="musk-18-61" class="Sewer" />
			<node id="musk-18-62" class="Sewer" />
			<node id="musk-18-63" class="Sewer" />
			<node id="musk-18-64" class="Sewer" />
			<node id="musk-18-65" class="Sewer" />
			<node id="musk-18-66" class="Sewer" />
			<node id="musk-18-67" class="Sewer" />
			<node id="musk-18-68" class="Sewer" />
			<node id="musk-18-69" class="Sewer" />
			<node id="musk-18-70" class="Sewer" />
			<node id="musk-18-71" class="Sewer" />
			<node id="musk-18-72" class="Sewer" />
			<node id="musk-18-73" class="Sewer" />
			<node id="musk-18-74" class="Sewer" />
			<node id="musk-18-75" class="Sewer" />
			<node id="musk-18-76" class="Sewer" />
			<node id="musk-18-77" class="Sewer" />
			<node id="musk-18-78" class="Sewer" />
			<node id="musk-18-79" class="Sewer" />
			<node id="musk-18-80" class="Sewer" />
			<node id="musk-18-81" class="Sewer" />
			<node id="musk-18-82" class="Sewer" />
			<node id="musk-18-83" class="Sewer" />
			<node id="musk-18-84" class="Sewer" />
			<node id="musk-18-85" class="Sewer" />
			<node id="musk-18-86" class="Sewer" />
			<node id="musk-18-87" class="Sewer" />
			<node id="musk-18-88" class="Sewer" />
			<node id="musk-18-89" class="Sewer" />
			<node id="musk-18-90" class="Sewer" />
			<node id="musk-18-91" class="Sewer" />
			<node id="musk-18-92" class="Sewer" />
			<node id="musk-18-93" class="Sewer" />
			<node id="musk-18-94" class="Sewer" />
			<node id="musk-18-95" class="Sewer" />
			<node id="musk-18-96" class="Sewer" />
			<node id="musk-18-97" class="Sewer" />
			<node id="musk-18-98" class="Sewer" />
			<node id="musk-18-99" class="Sewer" />

			<node id="constsource-19" class="ConstSource">
				<parameter name="const_flow" kind="complex" type="Flow">
					<flow>
						<unit name="Q" kind="Flow" value="234.0" />
						<unit name="C0" kind="Concentration" value="0.1"/>
						<unit name="C1" kind="Concentration" value="0.2"/>
					</flow>
				</parameter>
			</node>

			<node id="musk-19-0" class="Sewer" />
			<node id="musk-19-1" class="Sewer" />
			<node id="musk-19-2" class="Sewer" />
			<node id="musk-19-3" class="Sewer" />
			<node id="musk-19-4" class="Sewer" />
			<node id="musk-19-5" class="Sewer" />
			<node id="musk-19-6" class="Sewer" />
			<node id="musk-19-7" class="Sewer" />
			<node id="musk-19-8" class="Sewer" />
			<node id="musk-19-9" class="Sewer" />
			<node id="musk-19-10" class="Sewer" />
			<node id="musk-19-11" class="Sewer" />
			<node id="musk-19-12" class="Sewer" />
			<node id="musk-19-13" class="Sewer" />
			<node id="musk-19-14" class="Sewer" />
			<node id="musk-19-15" class="Sewer" />
			<node id="musk-19-16" class="Sewer" />
			<node id="musk-19-17" class="Sewer" />
			<node id="musk-19-18" class="Sewer" />
			<node id="musk-19-19" class="Sewer" />
			<node id="musk-19-20" class="Sewer" />
			<node id="musk-19-21" class="Sewer" />
			<node id="musk-19-22" class="Sewer" />
			<node id="musk-19-23" class="Sewer" />
			<node id="musk-19-24" class="Sewer" />
			<node id="musk-19-25" class="Sewer" />
			<node id="musk-19-26" class="Sewer" />
			<node id="musk-19-27" class="Sewer" />
			<node id="musk-19-28" class="Sewer" />
			<node id="musk-19-29" class="Sewer" />
			<node id="musk-19-30" class="Sewer" />
			<node id="musk-19-31" class="Sewer" />
			<node id="musk-19-32" class="Sewer" />
			<node id="musk-19-33" class="Sewer" />
			<node id="musk-19-34" class="Sewer" />
			<node id="musk-19-35" class="Sewer" />
			<node id="musk-19-36" class="Sewer" />
			<node id="musk-19-37" class="Sewer" />
			<node id="musk-19-38" class="Sewer" />
			<node id="musk-19-39" class="Sewer" />
			<node id="musk-19-40" class="Sewer" />
			<node id="musk-19-41" class="Sewer" />
			<node id="musk-19-42" class="Sewer" />
			<node id="musk-19-43" class="Sewer" />
			<node id="musk-19-44" class="Sewer" />
			<node id="musk-19-45" class="Sewer" />
			<node id="musk-19-46" class="Sewer" />
			<node id="musk-19-47" class="Sewer" />
			<node id="musk-19-48" class="Sewer" />
			<node id="musk-19-49" class="Sewer" />
			<node id="musk-19-50" class="Sewer" />
			<node id="musk-19-51" class="Sewer" />
			<node id="musk-19-52" class="Sewer" />
			<node id="musk-19-53" class="Sewer" />
			<node id="musk-19-54" class="Sewer" />
			<node id="musk-19-55" class="Sewer" />
			<node id="musk-19-56" class="Sewer" />
			<node id="musk-19-57" class="Sewer" />
			<node id="musk-19-58" class="Sewer" />
			<node id="musk-19-59" class="Sewer" />
			<node id="musk-19-60" class="Sewer" />
			<node id="musk-19-61" class="Sewer" />
			<node id="musk-19-62" class="Sewer" />
			<node id="musk-19-63" class="Sewer" />
			<node id="musk-19-64" class="Sewer" />
			<node id="musk-19-65" class="Sewer" />
			<node id="musk-19-66" class="Sewer" />
			<node id="musk-19-67" class="Sewer" />
			<node id="musk-19-68" class="Sewer" />
			<node id="musk-19-69" class="Sewer" />
			<node id="musk-19-70" class="Sewer" />
			<node id="musk-19-71" class="Sewer" />
			<node id="musk-19-72" class="Sewer" />
			<node id="musk-19-73" class="Sewer" />
			<node id="musk-19-74" class="Sewer" />
			<node id="musk-19-75" class="Sewer" />
			<node id="musk-19-76" class="Sewer" />
			<node id="musk-19-77" class="Sewer" />
			<node id="musk-19-78" class="Sewer" />
			<node id="musk-19-79" class="Sewer" />
			<node id="musk-19-80" class="Sewer" />
			<node id="musk-19-81" class="Sewer" />
			<node id="musk-19-82" class="Sewer" />
			<node id="musk-19-83" class="Sewer" />
			<node id="musk-19-84" class="Sewer" />
			<node id="musk-19-85" class="Sewer" />
			<node id="musk-19-86" class="Sewer" />
			<node id="musk-19-87" class="Sewer" />
			<node id="musk-19-88" class="Sewer" />
			<node id="musk-19-89" class="Sewer" />
			<node id="musk-19-90" class="Sewer" />
			<node id="musk-19-91" class="Sewer" />
			<node id="musk-19-92" class="Sewer" />
			<node id="musk-19-93" class="Sewer" />
			<node id="musk-19-94" class="Sewer" />
			<node id="musk-19-95" class="Sewer" />
			<node id="musk-19-96" class="Sewer" />
			<node id="musk-19-97" class="Sewer" />
			<node id="musk-19-98" class="Sewer" />
			<node id="musk-19-99" class="Sewer" />

			<node id="mixer" class="Mixer">
				<parameter name="num_inputs" type="int" value="20" />
			</node>


			<node id="fileout" class="FileOut">
				<parameter name="out_file_name" type="string" value="tmp/par-sewer.txt" />
			</node>


		</nodelist>
		
		<connectionlist>


			<connection id="const-sewer-0">
				<source node="constsource-0" port="out" />
				<sink	node="musk-0-0" port="in" />
			</connection>

			
			<connection id="sewer-con-0-0">
				<source node="musk-0-0" port="out" />
				<sink node="musk-0-1" port="in" />
			</connection>

			
			<connection id="sewer-con-0-1">
				<source node="musk-0-1" port="out" />
				<sink node="musk-0-2" port="in" />
			</connection>

			
			<connection id="sewer-con-0-2">
				<source node="musk-0-2" port="out" />
				<sink node="musk-0-3" port="in" />
			</connection>

			
			<connection id="sewer-con-0-3">
				<source node="musk-0-3" port="out" />
				<sink node="musk-0-4" port="in" />
			</connection>

			
			<connection id="sewer-con-0-4">
				<source node="musk-0-4" port="out" />
				<sink node="musk-0-5" port="in" />
			</connection>

			
			<connection id="sewer-con-0-5">
				<source node="musk-0-5" port="out" />
				<sink node="musk-0-6" port="in" />
			</connection>

			
			<connection id="sewer-con-0-6">
				<source node="musk-0-6" port="out" />
				<sink node="musk-0-7" port="in" />
			</connection>

			
			<connection id="sewer-con-0-7">
				<source node="musk-0-7" port="out" />
				<sink node="musk-0-8" port="in" />
			</connection>

			
			<connection id="sewer-con-0-8">
				<source node="musk-0-8" port="out" />
				<sink node="musk-0-9" port="in" />
			</connection>

			
			<connection id="sewer-con-0-9">
				<source node="musk-0-9" port="out" />
				<sink node="musk-0-10" port="in" />
			</connection>

			
			<connection id="sewer-con-0-10">
				<source node="musk-0-10" port="out" />
				<sink node="musk-0-11" port="in" />
			</connection>

			
			<connection id="sewer-con-0-11">
				<source node="musk-0-11" port="out" />
				<sink node="musk-0-12" port="in" />
			</connection>

			
			<connection id="sewer-con-0-12">
				<source node="musk-0-12" port="out" />
				<sink node="musk-0-13" port="in" />
			</connection>

			
			<connection id="sewer-con-0-13">
				<source node="musk-0-13" port="out" />
				<sink node="musk-0-14" port="in" />
			</connection>

			
			<connection id="sewer-con-0-14">
				<source node="musk-0-14" port="out" />
				<sink node="musk-0-15" port="in" />
			</connection>

			
			<connection id="sewer-con-0-15">
				<source node="musk-0-15" port="out" />
				<sink node="musk-0-16" port="in" />
			</connection>

			
			<connection id="sewer-con-0-16">
				<source node="musk-0-16" port="out" />
				<sink node="musk-0-17" port="in" />
			</connection>

			
			<connection id="sewer-con-0-17">
				<source node="musk-0-17" port="out" />
				<sink node="musk-0-18" port="in" />
			</connection>

			
			<connection id="sewer-con-0-18">
				<source node="musk-0-18" port="out" />
				<sink node="musk-0-19" port="in" />
			</connection>

			
			<connection id="sewer-con-0-19">
				<source node="musk-0-19" port="out" />
				<sink node="musk-0-20" port="in" />
			</connection>

			
			<connection id="sewer-con-0-20">
				<source node="musk-0-20" port="out" />
				<sink node="musk-0-21" port="in" />
			</connection>

			
			<connection id="sewer-con-0-21">
				<source node="musk-0-21" port="out" />
				<sink node="musk-0-22" port="in" />
			</connection>

			
			<connection id="sewer-con-0-22">
				<source node="musk-0-22" port="out" />
				<sink node="musk-0-23" port="in" />
			</connection>

			
			<connection id="sewer-con-0-23">
				<source node="musk-0-23" port="out" />
				<sink node="musk-0-24" port="in" />
			</connection>

			
			<connection id="sewer-con-0-24">
				<source node="musk-0-24" port="out" />
				<sink node="musk-0-25" port="in" />
			</connection>

			
			<connection id="sewer-con-0-25">
				<source node="musk-0-25" port="out" />
				<sink node="musk-0-26" port="in" />
			</connection>

			
			<connection id="sewer-con-0-26">
				<source node="musk-0-26" port="out" />
				<sink node="musk-0-27" port="in" />
			</connection>

			
			<connection id="sewer-con-0-27">
				<source node="musk-0-27" port="out" />
				<sink node="musk-0-28" port="in" />
			</connection>

			
			<connection id="sewer-con-0-28">
				<source node="musk-0-28" port="out" />
				<sink node="musk-0-29" port="in" />
			</connection>

			
			<connection id="sewer-con-0-29">
				<source node="musk-0-29" port="out" />
				<sink node="musk-0-30" port="in" />
			</connection>

			
			<connection id="sewer-con-0-30">
				<source node="musk-0-30" port="out" />
				<sink node="musk-0-31" port="in" />
			</connection>

			
			<connection id="sewer-con-0-31">
				<source node="musk-0-31" port="out" />
				<sink node="musk-0-32" port="in" />
			</connection>

			
			<connection id="sewer-con-0-32">
				<source node="musk-0-32" port="out" />
				<sink node="musk-0-33" port="in" />
			</connection>

			
			<connection id="sewer-con-0-33">
				<source node="musk-0-33" port="out" />
				<sink node="musk-0-34" port="in" />
			</connection>

			
			<connection id="sewer-con-0-34">
				<source node="musk-0-34" port="out" />
				<sink node="musk-0-35" port="in" />
			</connection>

			
			<connection id="sewer-con-0-35">
				<source node="musk-0-35" port="out" />
				<sink node="musk-0-36" port="in" />
			</connection>

			
			<connection id="sewer-con-0-36">
				<source node="musk-0-36" port="out" />
				<sink node="musk-0-37" port="in" />
			</connection>

			
			<connection id="sewer-con-0-37">
				<source node="musk-0-37" port="out" />
				<sink node="musk-0-38" port="in" />
			</connection>

			
			<connection id="sewer-con-0-38">
				<source node="musk-0-38" port="out" />
				<sink node="musk-0-39" port="in" />
			</connection>

			
			<connection id="sewer-con-0-39">
				<source node="musk-0-39" port="out" />
				<sink node="musk-0-40" port="in" />
			</connection>

			
			<connection id="sewer-con-0-40">
				<source node="musk-0-40" port="out" />
				<sink node="musk-0-41" port="in" />
			</connection>

			
			<connection id="sewer-con-0-41">
				<source node="musk-0-41" port="out" />
				<sink node="musk-0-42" port="in" />
			</connection>

			
			<connection id="sewer-con-0-42">
				<source node="musk-0-42" port="out" />
				<sink node="musk-0-43" port="in" />
			</connection>

			
			<connection id="sewer-con-0-43">
				<source node="musk-0-43" port="out" />
				<sink node="musk-0-44" port="in" />
			</connection>

			
			<connection id="sewer-con-0-44">
				<source node="musk-0-44" port="out" />
				<sink node="musk-0-45" port="in" />
			</connection>

			
			<connection id="sewer-con-0-45">
				<source node="musk-0-45" port="out" />
				<sink node="musk-0-46" port="in" />
			</connection>

			
			<connection id="sewer-con-0-46">
				<source node="musk-0-46" port="out" />
				<sink node="musk-0-47" port="in" />
			</connection>

			
			<connection id="sewer-con-0-47">
				<source node="musk-0-47" port="out" />
				<sink node="musk-0-48" port="in" />
			</connection>

			
			<connection id="sewer-con-0-48">
				<source node="musk-0-48" port="out" />
				<sink node="musk-0-49" port="in" />
			</connection>

			
			<connection id="sewer-con-0-49">
				<source node="musk-0-49" port="out" />
				<sink node="musk-0-50" port="in" />
			</connection>

			
			<connection id="sewer-con-0-50">
				<source node="musk-0-50" port="out" />
				<sink node="musk-0-51" port="in" />
			</connection>

			
			<connection id="sewer-con-0-51">
				<source node="musk-0-51" port="out" />
				<sink node="musk-0-52" port="in" />
			</connection>

			
			<connection id="sewer-con-0-52">
				<source node="musk-0-52" port="out" />
				<sink node="musk-0-53" port="in" />
			</connection>

			
			<connection id="sewer-con-0-53">
				<source node="musk-0-53" port="out" />
				<sink node="musk-0-54" port="in" />
			</connection>

			
			<connection id="sewer-con-0-54">
				<source node="musk-0-54" port="out" />
				<sink node="musk-0-55" port="in" />
			</connection>

			
			<connection id="sewer-con-0-55">
				<source node="musk-0-55" port="out" />
				<sink node="musk-0-56" port="in" />
			</connection>

			
			<connection id="sewer-con-0-56">
				<source node="musk-0-56" port="out" />
				<sink node="musk-0-57" port="in" />
			</connection>

			
			<connection id="sewer-con-0-57">
				<source node="musk-0-57" port="out" />
				<sink node="musk-0-58" port="in" />
			</connection>

			
			<connection id="sewer-con-0-58">
				<source node="musk-0-58" port="out" />
				<sink node="musk-0-59" port="in" />
			</connection>

			
			<connection id="sewer-con-0-59">
				<source node="musk-0-59" port="out" />
				<sink node="musk-0-60" port="in" />
			</connection>

			
			<connection id="sewer-con-0-60">
				<source node="musk-0-60" port="out" />
				<sink node="musk-0-61" port="in" />
			</connection>

			
			<connection id="sewer-con-0-61">
				<source node="musk-0-61" port="out" />
				<sink node="musk-0-62" port="in" />
			</connection>

			
			<connection id="sewer-con-0-62">
				<source node="musk-0-62" port="out" />
				<sink node="musk-0-63" port="in" />
			</connection>

			
			<connection id="sewer-con-0-63">
				<source node="musk-0-63" port="out" />
				<sink node="musk-0-64" port="in" />
			</connection>

			
			<connection id="sewer-con-0-64">
				<source node="musk-0-64" port="out" />
				<sink node="musk-0-65" port="in" />
			</connection>

			
			<connection id="sewer-con-0-65">
				<source node="musk-0-65" port="out" />
				<sink node="musk-0-66" port="in" />
			</connection>

			
			<connection id="sewer-con-0-66">
				<source node="musk-0-66" port="out" />
				<sink node="musk-0-67" port="in" />
			</connection>

			
			<connection id="sewer-con-0-67">
				<source node="musk-0-67" port="out" />
				<sink node="musk-0-68" port="in" />
			</connection>

			
			<connection id="sewer-con-0-68">
				<source node="musk-0-68" port="out" />
				<sink node="musk-0-69" port="in" />
			</connection>

			
			<connection id="sewer-con-0-69">
				<source node="musk-0-69" port="out" />
				<sink node="musk-0-70" port="in" />
			</connection>

			
			<connection id="sewer-con-0-70">
				<source node="musk-0-70" port="out" />
				<sink node="musk-0-71" port="in" />
			</connection>

			
			<connection id="sewer-con-0-71">
				<source node="musk-0-71" port="out" />
				<sink node="musk-0-72" port="in" />
			</connection>

			
			<connection id="sewer-con-0-72">
				<source node="musk-0-72" port="out" />
				<sink node="musk-0-73" port="in" />
			</connection>

			
			<connection id="sewer-con-0-73">
				<source node="musk-0-73" port="out" />
				<sink node="musk-0-74" port="in" />
			</connection>

			
			<connection id="sewer-con-0-74">
				<source node="musk-0-74" port="out" />
				<sink node="musk-0-75" port="in" />
			</connection>

			
			<connection id="sewer-con-0-75">
				<source node="musk-0-75" port="out" />
				<sink node="musk-0-76" port="in" />
			</connection>

			
			<connection id="sewer-con-0-76">
				<source node="musk-0-76" port="out" />
				<sink node="musk-0-77" port="in" />
			</connection>

			
			<connection id="sewer-con-0-77">
				<source node="musk-0-77" port="out" />
				<sink node="musk-0-78" port="in" />
			</connection>

			
			<connection id="sewer-con-0-78">
				<source node="musk-0-78" port="out" />
				<sink node="musk-0-79" port="in" />
			</connection>

			
			<connection id="sewer-con-0-79">
				<source node="musk-0-79" port="out" />
				<sink node="musk-0-80" port="in" />
			</connection>

			
			<connection id="sewer-con-0-80">
				<source node="musk-0-80" port="out" />
				<sink node="musk-0-81" port="in" />
			</connection>

			
			<connection id="sewer-con-0-81">
				<source node="musk-0-81" port="out" />
				<sink node="musk-0-82" port="in" />
			</connection>

			
			<connection id="sewer-con-0-82">
				<source node="musk-0-82" port="out" />
				<sink node="musk-0-83" port="in" />
			</connection>

			
			<connection id="sewer-con-0-83">
				<source node="musk-0-83" port="out" />
				<sink node="musk-0-84" port="in" />
			</connection>

			
			<connection id="sewer-con-0-84">
				<source node="musk-0-84" port="out" />
				<sink node="musk-0-85" port="in" />
			</connection>

			
			<connection id="sewer-con-0-85">
				<source node="musk-0-85" port="out" />
				<sink node="musk-0-86" port="in" />
			</connection>

			
			<connection id="sewer-con-0-86">
				<source node="musk-0-86" port="out" />
				<sink node="musk-0-87" port="in" />
			</connection>

			
			<connection id="sewer-con-0-87">
				<source node="musk-0-87" port="out" />
				<sink node="musk-0-88" port="in" />
			</connection>

			
			<connection id="sewer-con-0-88">
				<source node="musk-0-88" port="out" />
				<sink node="musk-0-89" port="in" />
			</connection>

			
			<connection id="sewer-con-0-89">
				<source node="musk-0-89" port="out" />
				<sink node="musk-0-90" port="in" />
			</connection>

			
			<connection id="sewer-con-0-90">
				<source node="musk-0-90" port="out" />
				<sink node="musk-0-91" port="in" />
			</connection>

			
			<connection id="sewer-con-0-91">
				<source node="musk-0-91" port="out" />
				<sink node="musk-0-92" port="in" />
			</connection>

			
			<connection id="sewer-con-0-92">
				<source node="musk-0-92" port="out" />
				<sink node="musk-0-93" port="in" />
			</connection>

			
			<connection id="sewer-con-0-93">
				<source node="musk-0-93" port="out" />
				<sink node="musk-0-94" port="in" />
			</connection>

			
			<connection id="sewer-con-0-94">
				<source node="musk-0-94" port="out" />
				<sink node="musk-0-95" port="in" />
			</connection>

			
			<connection id="sewer-con-0-95">
				<source node="musk-0-95" port="out" />
				<sink node="musk-0-96" port="in" />
			</connection>

			
			<connection id="sewer-con-0-96">
				<source node="musk-0-96" port="out" />
				<sink node="musk-0-97" port="in" />
			</connection>

			
			<connection id="sewer-con-0-97">
				<source node="musk-0-97" port="out" />
				<sink node="musk-0-98" port="in" />
			</connection>

			
			<connection id="sewer-con-0-98">
				<source node="musk-0-98" port="out" />
				<sink node="musk-0-99" port="in" />
			</connection>


			<connection id="sewer-mixer-0">
				<source node="musk-0-99" port="out" />
				<sink	node="mixer" port="inputs[0]" />
			</connection>


			<connection id="const-sewer-1">
				<source node="constsource-1" port="out" />
				<sink	node="musk-1-0" port="in" />
			</connection>

			
			<connection id="sewer-con-1-0">
				<source node="musk-1-0" port="out" />
				<sink node="musk-1-1" port="in" />
			</connection>

			
			<connection id="sewer-con-1-1">
				<source node="musk-1-1" port="out" />
				<sink node="musk-1-2" port="in" />
			</connection>

			
			<connection id="sewer-con-1-2">
				<source node="musk-1-2" port="out" />
				<sink node="musk-1-3" port="in" />
			</connection>

			
			<connection id="sewer-con-1-3">
				<source node="musk-1-3" port="out" />
				<sink node="musk-1-4" port="in" />
			</connection>

			
			<connection id="sewer-con-1-4">
				<source node="musk-1-4" port="out" />
				<sink node="musk-1-5" port="in" />
			</connection>

			
			<connection id="sewer-con-1-5">
				<source node="musk-1-5" port="out" />
				<sink node="musk-1-6" port="in" />
			</connection>

			
			<connection id="sewer-con-1-6">
				<source node="musk-1-6" port="out" />
				<sink node="musk-1-7" port="in" />
			</connection>

			
			<connection id="sewer-con-1-7">
				<source node="musk-1-7" port="out" />
				<sink node="musk-1-8" port="in" />
			</connection>

			
			<connection id="sewer-con-1-8">
				<source node="musk-1-8" port="out" />
				<sink node="musk-1-9" port="in" />
			</connection>

			
			<connection id="sewer-con-1-9">
				<source node="musk-1-9" port="out" />
				<sink node="musk-1-10" port="in" />
			</connection>

			
			<connection id="sewer-con-1-10">
				<source node="musk-1-10" port="out" />
				<sink node="musk-1-11" port="in" />
			</connection>

			
			<connection id="sewer-con-1-11">
				<source node="musk-1-11" port="out" />
				<sink node="musk-1-12" port="in" />
			</connection>

			
			<connection id="sewer-con-1-12">
				<source node="musk-1-12" port="out" />
				<sink node="musk-1-13" port="in" />
			</connection>

			
			<connection id="sewer-con-1-13">
				<source node="musk-1-13" port="out" />
				<sink node="musk-1-14" port="in" />
			</connection>

			
			<connection id="sewer-con-1-14">
				<source node="musk-1-14" port="out" />
				<sink node="musk-1-15" port="in" />
			</connection>

			
			<connection id="sewer-con-1-15">
				<source node="musk-1-15" port="out" />
				<sink node="musk-1-16" port="in" />
			</connection>

			
			<connection id="sewer-con-1-16">
				<source node="musk-1-16" port="out" />
				<sink node="musk-1-17" port="in" />
			</connection>

			
			<connection id="sewer-con-1-17">
				<source node="musk-1-17" port="out" />
				<sink node="musk-1-18" port="in" />
			</connection>

			
			<connection id="sewer-con-1-18">
				<source node="musk-1-18" port="out" />
				<sink node="musk-1-19" port="in" />
			</connection>

			
			<connection id="sewer-con-1-19">
				<source node="musk-1-19" port="out" />
				<sink node="musk-1-20" port="in" />
			</connection>

			
			<connection id="sewer-con-1-20">
				<source node="musk-1-20" port="out" />
				<sink node="musk-1-21" port="in" />
			</connection>

			
			<connection id="sewer-con-1-21">
				<source node="musk-1-21" port="out" />
				<sink node="musk-1-22" port="in" />
			</connection>

			
			<connection id="sewer-con-1-22">
				<source node="musk-1-22" port="out" />
				<sink node="musk-1-23" port="in" />
			</connection>

			
			<connection id="sewer-con-1-23">
				<source node="musk-1-23" port="out" />
				<sink node="musk-1-24" port="in" />
			</connection>

			
			<connection id="sewer-con-1-24">
				<source node="musk-1-24" port="out" />
				<sink node="musk-1-25" port="in" />
			</connection>

			
			<connection id="sewer-con-1-25">
				<source node="musk-1-25" port="out" />
				<sink node="musk-1-26" port="in" />
			</connection>

			
			<connection id="sewer-con-1-26">
				<source node="musk-1-26" port="out" />
				<sink node="musk-1-27" port="in" />
			</connection>

			
			<connection id="sewer-con-1-27">
				<source node="musk-1-27" port="out" />
				<sink node="musk-1-28" port="in" />
			</connection>

			
			<connection id="sewer-con-1-28">
				<source node="musk-1-28" port="out" />
				<sink node="musk-1-29" port="in" />
			</connection>

			
			<connection id="sewer-con-1-29">
				<source node="musk-1-29" port="out" />
				<sink node="musk-1-30" port="in" />
			</connection>

			
			<connection id="sewer-con-1-30">
				<source node="musk-1-30" port="out" />
				<sink node="musk-1-31" port="in" />
			</connection>

			
			<connection id="sewer-con-1-31">
				<source node="musk-1-31" port="out" />
				<sink node="musk-1-32" port="in" />
			</connection>

			
			<connection id="sewer-con-1-32">
				<source node="musk-1-32" port="out" />
				<sink node="musk-1-33" port="in" />
			</connection>

			
			<connection id="sewer-con-1-33">
				<source node="musk-1-33" port="out" />
				<sink node="musk-1-34" port="in" />
			</connection>

			
			<connection id="sewer-con-1-34">
				<source node="musk-1-34" port="out" />
				<sink node="musk-1-35" port="in" />
			</connection>

			
			<connection id="sewer-con-1-35">
				<source node="musk-1-35" port="out" />
				<sink node="musk-1-36" port="in" />
			</connection>

			
			<connection id="sewer-con-1-36">
				<source node="musk-1-36" port="out" />
				<sink node="musk-1-37" port="in" />
			</connection>

			
			<connection id="sewer-con-1-37">
				<source node="musk-1-37" port="out" />
				<sink node="musk-1-38" port="in" />
			</connection>

			
			<connection id="sewer-con-1-38">
				<source node="musk-1-38" port="out" />
				<sink node="musk-1-39" port="in" />
			</connection>

			
			<connection id="sewer-con-1-39">
				<source node="musk-1-39" port="out" />
				<sink node="musk-1-40" port="in" />
			</connection>

			
			<connection id="sewer-con-1-40">
				<source node="musk-1-40" port="out" />
				<sink node="musk-1-41" port="in" />
			</connection>

			
			<connection id="sewer-con-1-41">
				<source node="musk-1-41" port="out" />
				<sink node="musk-1-42" port="in" />
			</connection>

			
			<connection id="sewer-con-1-42">
				<source node="musk-1-42" port="out" />
				<sink node="musk-1-43" port="in" />
			</connection>

			
			<connection id="sewer-con-1-43">
				<source node="musk-1-43" port="out" />
				<sink node="musk-1-44" port="in" />
			</connection>

			
			<connection id="sewer-con-1-44">
				<source node="musk-1-44" port="out" />
				<sink node="musk-1-45" port="in" />
			</connection>

			
			<connection id="sewer-con-1-45">
				<source node="musk-1-45" port="out" />
				<sink node="musk-1-46" port="in" />
			</connection>

			
			<connection id="sewer-con-1-46">
				<source node="musk-1-46" port="out" />
				<sink node="musk-1-47" port="in" />
			</connection>

			
			<connection id="sewer-con-1-47">
				<source node="musk-1-47" port="out" />
				<sink node="musk-1-48" port="in" />
			</connection>

			
			<connection id="sewer-con-1-48">
				<source node="musk-1-48" port="out" />
				<sink node="musk-1-49" port="in" />
			</connection>

			
			<connection id="sewer-con-1-49">
				<source node="musk-1-49" port="out" />
				<sink node="musk-1-50" port="in" />
			</connection>

			
			<connection id="sewer-con-1-50">
				<source node="musk-1-50" port="out" />
				<sink node="musk-1-51" port="in" />
			</connection>

			
			<connection id="sewer-con-1-51">
				<source node="musk-1-51" port="out" />
				<sink node="musk-1-52" port="in" />
			</connection>

			
			<connection id="sewer-con-1-52">
				<source node="musk-1-52" port="out" />
				<sink node="musk-1-53" port="in" />
			</connection>

			
			<connection id="sewer-con-1-53">
				<source node="musk-1-53" port="out" />
				<sink node="musk-1-54" port="in" />
			</connection>

			
			<connection id="sewer-con-1-54">
				<source node="musk-1-54" port="out" />
				<sink node="musk-1-55" port="in" />
			</connection>

			
			<connection id="sewer-con-1-55">
				<source node="musk-1-55" port="out" />
				<sink node="musk-1-56" port="in" />
			</connection>

			
			<connection id="sewer-con-1-56">
				<source node="musk-1-56" port="out" />
				<sink node="musk-1-57" port="in" />
			</connection>

			
			<connection id="sewer-con-1-57">
				<source node="musk-1-57" port="out" />
				<sink node="musk-1-58" port="in" />
			</connection>

			
			<connection id="sewer-con-1-58">
				<source node="musk-1-58" port="out" />
				<sink node="musk-1-59" port="in" />
			</connection>

			
			<connection id="sewer-con-1-59">
				<source node="musk-1-59" port="out" />
				<sink node="musk-1-60" port="in" />
			</connection>

			
			<connection id="sewer-con-1-60">
				<source node="musk-1-60" port="out" />
				<sink node="musk-1-61" port="in" />
			</connection>

			
			<connection id="sewer-con-1-61">
				<source node="musk-1-61" port="out" />
				<sink node="musk-1-62" port="in" />
			</connection>

			
			<connection id="sewer-con-1-62">
				<source node="musk-1-62" port="out" />
				<sink node="musk-1-63" port="in" />
			</connection>

			
			<connection id="sewer-con-1-63">
				<source node="musk-1-63" port="out" />
				<sink node="musk-1-64" port="in" />
			</connection>

			
			<connection id="sewer-con-1-64">
				<source node="musk-1-64" port="out" />
				<sink node="musk-1-65" port="in" />
			</connection>

			
			<connection id="sewer-con-1-65">
				<source node="musk-1-65" port="out" />
				<sink node="musk-1-66" port="in" />
			</connection>

			
			<connection id="sewer-con-1-66">
				<source node="musk-1-66" port="out" />
				<sink node="musk-1-67" port="in" />
			</connection>

			
			<connection id="sewer-con-1-67">
				<source node="musk-1-67" port="out" />
				<sink node="musk-1-68" port="in" />
			</connection>

			
			<connection id="sewer-con-1-68">
				<source node="musk-1-68" port="out" />
				<sink node="musk-1-69" port="in" />
			</connection>

			
			<connection id="sewer-con-1-69">
				<source node="musk-1-69" port="out" />
				<sink node="musk-1-70" port="in" />
			</connection>

			
			<connection id="sewer-con-1-70">
				<source node="musk-1-70" port="out" />
				<sink node="musk-1-71" port="in" />
			</connection>

			
			<connection id="sewer-con-1-71">
				<source node="musk-1-71" port="out" />
				<sink node="musk-1-72" port="in" />
			</connection>

			
			<connection id="sewer-con-1-72">
				<source node="musk-1-72" port="out" />
				<sink node="musk-1-73" port="in" />
			</connection>

			
			<connection id="sewer-con-1-73">
				<source node="musk-1-73" port="out" />
				<sink node="musk-1-74" port="in" />
			</connection>

			
			<connection id="sewer-con-1-74">
				<source node="musk-1-74" port="out" />
				<sink node="musk-1-75" port="in" />
			</connection>

			
			<connection id="sewer-con-1-75">
				<source node="musk-1-75" port="out" />
				<sink node="musk-1-76" port="in" />
			</connection>

			
			<connection id="sewer-con-1-76">
				<source node="musk-1-76" port="out" />
				<sink node="musk-1-77" port="in" />
			</connection>

			
			<connection id="sewer-con-1-77">
				<source node="musk-1-77" port="out" />
				<sink node="musk-1-78" port="in" />
			</connection>

			
			<connection id="sewer-con-1-78">
				<source node="musk-1-78" port="out" />
				<sink node="musk-1-79" port="in" />
			</connection>

			
			<connection id="sewer-con-1-79">
				<source node="musk-1-79" port="out" />
				<sink node="musk-1-80" port="in" />
			</connection>

			
			<connection id="sewer-con-1-80">
				<source node="musk-1-80" port="out" />
				<sink node="musk-1-81" port="in" />
			</connection>

			
			<connection id="sewer-con-1-81">
				<source node="musk-1-81" port="out" />
				<sink node="musk-1-82" port="in" />
			</connection>

			
			<connection id="sewer-con-1-82">
				<source node="musk-1-82" port="out" />
				<sink node="musk-1-83" port="in" />
			</connection>

			
			<connection id="sewer-con-1-83">
				<source node="musk-1-83" port="out" />
				<sink node="musk-1-84" port="in" />
			</connection>

			
			<connection id="sewer-con-1-84">
				<source node="musk-1-84" port="out" />
				<sink node="musk-1-85" port="in" />
			</connection>

			
			<connection id="sewer-con-1-85">
				<source node="musk-1-85" port="out" />
				<sink node="musk-1-86" port="in" />
			</connection>

			
			<connection id="sewer-con-1-86">
				<source node="musk-1-86" port="out" />
				<sink node="musk-1-87" port="in" />
			</connection>

			
			<connection id="sewer-con-1-87">
				<source node="musk-1-87" port="out" />
				<sink node="musk-1-88" port="in" />
			</connection>

			
			<connection id="sewer-con-1-88">
				<source node="musk-1-88" port="out" />
				<sink node="musk-1-89" port="in" />
			</connection>

			
			<connection id="sewer-con-1-89">
				<source node="musk-1-89" port="out" />
				<sink node="musk-1-90" port="in" />
			</connection>

			
			<connection id="sewer-con-1-90">
				<source node="musk-1-90" port="out" />
				<sink node="musk-1-91" port="in" />
			</connection>

			
			<connection id="sewer-con-1-91">
				<source node="musk-1-91" port="out" />
				<sink node="musk-1-92" port="in" />
			</connection>

			
			<connection id="sewer-con-1-92">
				<source node="musk-1-92" port="out" />
				<sink node="musk-1-93" port="in" />
			</connection>

			
			<connection id="sewer-con-1-93">
				<source node="musk-1-93" port="out" />
				<sink node="musk-1-94" port="in" />
			</connection>

			
			<connection id="sewer-con-1-94">
				<source node="musk-1-94" port="out" />
				<sink node="musk-1-95" port="in" />
			</connection>

			
			<connection id="sewer-con-1-95">
				<source node="musk-1-95" port="out" />
				<sink node="musk-1-96" port="in" />
			</connection>

			
			<connection id="sewer-con-1-96">
				<source node="musk-1-96" port="out" />
				<sink node="musk-1-97" port="in" />
			</connection>

			
			<connection id="sewer-con-1-97">
				<source node="musk-1-97" port="out" />
				<sink node="musk-1-98" port="in" />
			</connection>

			
			<connection id="sewer-con-1-98">
				<source node="musk-1-98" port="out" />
				<sink node="musk-1-99" port="in" />
			</connection>


			<connection id="sewer-mixer-1">
				<source node="musk-1-99" port="out" />
				<sink	node="mixer" port="inputs[1]" />
			</connection>


			<connection id="const-sewer-2">
				<source node="constsource-2" port="out" />
				<sink	node="musk-2-0" port="in" />
			</connection>

			
			<connection id="sewer-con-2-0">
				<source node="musk-2-0" port="out" />
				<sink node="musk-2-1" port="in" />
			</connection>

			
			<connection id="sewer-con-2-1">
				<source node="musk-2-1" port="out" />
				<sink node="musk-2-2" port="in" />
			</connection>

			
			<connection id="sewer-con-2-2">
				<source node="musk-2-2" port="out" />
				<sink node="musk-2-3" port="in" />
			</connection>

			
			<connection id="sewer-con-2-3">
				<source node="musk-2-3" port="out" />
				<sink node="musk-2-4" port="in" />
			</connection>

			
			<connection id="sewer-con-2-4">
				<source node="musk-2-4" port="out" />
				<sink node="musk-2-5" port="in" />
			</connection>

			
			<connection id="sewer-con-2-5">
				<source node="musk-2-5" port="out" />
				<sink node="musk-2-6" port="in" />
			</connection>

			
			<connection id="sewer-con-2-6">
				<source node="musk-2-6" port="out" />
				<sink node="musk-2-7" port="in" />
			</connection>

			
			<connection id="sewer-con-2-7">
				<source node="musk-2-7" port="out" />
				<sink node="musk-2-8" port="in" />
			</connection>

			
			<connection id="sewer-con-2-8">
				<source node="musk-2-8" port="out" />
				<sink node="musk-2-9" port="in" />
			</connection>

			
			<connection id="sewer-con-2-9">
				<source node="musk-2-9" port="out" />
				<sink node="musk-2-10" port="in" />
			</connection>

			
			<connection id="sewer-con-2-10">
				<source node="musk-2-10" port="out" />
				<sink node="musk-2-11" port="in" />
			</connection>

			
			<connection id="sewer-con-2-11">
				<source node="musk-2-11" port="out" />
				<sink node="musk-2-12" port="in" />
			</connection>

			
			<connection id="sewer-con-2-12">
				<source node="musk-2-12" port="out" />
				<sink node="musk-2-13" port="in" />
			</connection>

			
			<connection id="sewer-con-2-13">
				<source node="musk-2-13" port="out" />
				<sink node="musk-2-14" port="in" />
			</connection>

			
			<connection id="sewer-con-2-14">
				<source node="musk-2-14" port="out" />
				<sink node="musk-2-15" port="in" />
			</connection>

			
			<connection id="sewer-con-2-15">
				<source node="musk-2-15" port="out" />
				<sink node="musk-2-16" port="in" />
			</connection>

			
			<connection id="sewer-con-2-16">
				<source node="musk-2-16" port="out" />
				<sink node="musk-2-17" port="in" />
			</connection>

			
			<connection id="sewer-con-2-17">
				<source node="musk-2-17" port="out" />
				<sink node="musk-2-18" port="in" />
			</connection>

			
			<connection id="sewer-con-2-18">
				<source node="musk-2-18" port="out" />
				<sink node="musk-2-19" port="in" />
			</connection>

			
			<connection id="sewer-con-2-19">
				<source node="musk-2-19" port="out" />
				<sink node="musk-2-20" port="in" />
			</connection>

			
			<connection id="sewer-con-2-20">
				<source node="musk-2-20" port="out" />
				<sink node="musk-2-21" port="in" />
			</connection>

			
			<connection id="sewer-con-2-21">
				<source node="musk-2-21" port="out" />
				<sink node="musk-2-22" port="in" />
			</connection>

			
			<connection id="sewer-con-2-22">
				<source node="musk-2-22" port="out" />
				<sink node="musk-2-23" port="in" />
			</connection>

			
			<connection id="sewer-con-2-23">
				<source node="musk-2-23" port="out" />
				<sink node="musk-2-24" port="in" />
			</connection>

			
			<connection id="sewer-con-2-24">
				<source node="musk-2-24" port="out" />
				<sink node="musk-2-25" port="in" />
			</connection>

			
			<connection id="sewer-con-2-25">
				<source node="musk-2-25" port="out" />
				<sink node="musk-2-26" port="in" />
			</connection>

			
			<connection id="sewer-con-2-26">
				<source node="musk-2-26" port="out" />
				<sink node="musk-2-27" port="in" />
			</connection>

			
			<connection id="sewer-con-2-27">
				<source node="musk-2-27" port="out" />
				<sink node="musk-2-28" port="in" />
			</connection>

			
			<connection id="sewer-con-2-28">
				<source node="musk-2-28" port="out" />
				<sink node="musk-2-29" port="in" />
			</connection>

			
			<connection id="sewer-con-2-29">
				<source node="musk-2-29" port="out" />
				<sink node="musk-2-30" port="in" />
			</connection>

			
			<connection id="sewer-con-2-30">
				<source node="musk-2-30" port="out" />
				<sink node="musk-2-31" port="in" />
			</connection>

			
			<connection id="sewer-con-2-31">
				<source node="musk-2-31" port="out" />
				<sink node="musk-2-32" port="in" />
			</connection>

			
			<connection id="sewer-con-2-32">
				<source node="musk-2-32" port="out" />
				<sink node="musk-2-33" port="in" />
			</connection>

			
			<connection id="sewer-con-2-33">
				<source node="musk-2-33" port="out" />
				<sink node="musk-2-34" port="in" />
			</connection>

			
			<connection id="sewer-con-2-34">
				<source node="musk-2-34" port="out" />
				<sink node="musk-2-35" port="in" />
			</connection>

			
			<connection id="sewer-con-2-35">
				<source node="musk-2-35" port="out" />
				<sink node="musk-2-36" port="in" />
			</connection>

			
			<connection id="sewer-con-2-36">
				<source node="musk-2-36" port="out" />
				<sink node="musk-2-37" port="in" />
			</connection>

			
			<connection id="sewer-con-2-37">
				<source node="musk-2-37" port="out" />
				<sink node="musk-2-38" port="in" />
			</connection>

			
			<connection id="sewer-con-2-38">
				<source node="musk-2-38" port="out" />
				<sink node="musk-2-39" port="in" />
			</connection>

			
			<connection id="sewer-con-2-39">
				<source node="musk-2-39" port="out" />
				<sink node="musk-2-40" port="in" />
			</connection>

			
			<connection id="sewer-con-2-40">
				<source node="musk-2-40" port="out" />
				<sink node="musk-2-41" port="in" />
			</connection>

			
			<connection id="sewer-con-2-41">
				<source node="musk-2-41" port="out" />
				<sink node="musk-2-42" port="in" />
			</connection>

			
			<connection id="sewer-con-2-42">
				<source node="musk-2-42" port="out" />
				<sink node="musk-2-43" port="in" />
			</connection>

			
			<connection id="sewer-con-2-43">
				<source node="musk-2-43" port="out" />
				<sink node="musk-2-44" port="in" />
			</connection>

			
			<connection id="sewer-con-2-44">
				<source node="musk-2-44" port="out" />
				<sink node="musk-2-45" port="in" />
			</connection>

			
			<connection id="sewer-con-2-45">
				<source node="musk-2-45" port="out" />
				<sink node="musk-2-46" port="in" />
			</connection>

			
			<connection id="sewer-con-2-46">
				<source node="musk-2-46" port="out" />
				<sink node="musk-2-47" port="in" />
			</connection>

			
			<connection id="sewer-con-2-47">
				<source node="musk-2-47" port="out" />
				<sink node="musk-2-48" port="in" />
			</connection>

			
			<connection id="sewer-con-2-48">
				<source node="musk-2-48" port="out" />
				<sink node="musk-2-49" port="in" />
			</connection>

			
			<connection id="sewer-con-2-49">
				<source node="musk-2-49" port="out" />
				<sink node="musk-2-50" port="in" />
			</connection>

			
			<connection id="sewer-con-2-50">
				<source node="musk-2-50" port="out" />
				<sink node="musk-2-51" port="in" />
			</connection>

			
			<connection id="sewer-con-2-51">
				<source node="musk-2-51" port="out" />
				<sink node="musk-2-52" port="in" />
			</connection>

			
			<connection id="sewer-con-2-52">
				<source node="musk-2-52" port="out" />
				<sink node="musk-2-53" port="in" />
			</connection>

			
			<connection id="sewer-con-2-53">
				<source node="musk-2-53" port="out" />
				<sink node="musk-2-54" port="in" />
			</connection>

			
			<connection id="sewer-con-2-54">
				<source node="musk-2-54" port="out" />
				<sink node="musk-2-55" port="in" />
			</connection>

			
			<connection id="sewer-con-2-55">
				<source node="musk-2-55" port="out" />
				<sink node="musk-2-56" port="in" />
			</connection>

			
			<connection id="sewer-con-2-56">
				<source node="musk-2-56" port="out" />
				<sink node="musk-2-57" port="in" />
			</connection>

			
			<connection id="sewer-con-2-57">
				<source node="musk-2-57" port="out" />
				<sink node="musk-2-58" port="in" />
			</connection>

			
			<connection id="sewer-con-2-58">
				<source node="musk-2-58" port="out" />
				<sink node="musk-2-59" port="in" />
			</connection>

			
			<connection id="sewer-con-2-59">
				<source node="musk-2-59" port="out" />
				<sink node="musk-2-60" port="in" />
			</connection>

			
			<connection id="sewer-con-2-60">
				<source node="musk-2-60" port="out" />
				<sink node="musk-2-61" port="in" />
			</connection>

			
			<connection id="sewer-con-2-61">
				<source node="musk-2-61" port="out" />
				<sink node="musk-2-62" port="in" />
			</connection>

			
			<connection id="sewer-con-2-62">
				<source node="musk-2-62" port="out" />
				<sink node="musk-2-63" port="in" />
			</connection>

			
			<connection id="sewer-con-2-63">
				<source node="musk-2-63" port="out" />
				<sink node="musk-2-64" port="in" />
			</connection>

			
			<connection id="sewer-con-2-64">
				<source node="musk-2-64" port="out" />
				<sink node="musk-2-65" port="in" />
			</connection>

			
			<connection id="sewer-con-2-65">
				<source node="musk-2-65" port="out" />
				<sink node="musk-2-66" port="in" />
			</connection>

			
			<connection id="sewer-con-2-66">
				<source node="musk-2-66" port="out" />
				<sink node="musk-2-67" port="in" />
			</connection>

			
			<connection id="sewer-con-2-67">
				<source node="musk-2-67" port="out" />
				<sink node="musk-2-68" port="in" />
			</connection>

			
			<connection id="sewer-con-2-68">
				<source node="musk-2-68" port="out" />
				<sink node="musk-2-69" port="in" />
			</connection>

			
			<connection id="sewer-con-2-69">
				<source node="musk-2-69" port="out" />
				<sink node="musk-2-70" port="in" />
			</connection>

			
			<connection id="sewer-con-2-70">
				<source node="musk-2-70" port="out" />
				<sink node="musk-2-71" port="in" />
			</connection>

			
			<connection id="sewer-con-2-71">
				<source node="musk-2-71" port="out" />
				<sink node="musk-2-72" port="in" />
			</connection>

			
			<connection id="sewer-con-2-72">
				<source node="musk-2-72" port="out" />
				<sink node="musk-2-73" port="in" />
			</connection>

			
			<connection id="sewer-con-2-73">
				<source node="musk-2-73" port="out" />
				<sink node="musk-2-74" port="in" />
			</connection>

			
			<connection id="sewer-con-2-74">
				<source node="musk-2-74" port="out" />
				<sink node="musk-2-75" port="in" />
			</connection>

			
			<connection id="sewer-con-2-75">
				<source node="musk-2-75" port="out" />
				<sink node="musk-2-76" port="in" />
			</connection>

			
			<connection id="sewer-con-2-76">
				<source node="musk-2-76" port="out" />
				<sink node="musk-2-77" port="in" />
			</connection>

			
			<connection id="sewer-con-2-77">
				<source node="musk-2-77" port="out" />
				<sink node="musk-2-78" port="in" />
			</connection>

			
			<connection id="sewer-con-2-78">
				<source node="musk-2-78" port="out" />
				<sink node="musk-2-79" port="in" />
			</connection>

			
			<connection id="sewer-con-2-79">
				<source node="musk-2-79" port="out" />
				<sink node="musk-2-80" port="in" />
			</connection>

			
			<connection id="sewer-con-2-80">
				<source node="musk-2-80" port="out" />
				<sink node="musk-2-81" port="in" />
			</connection>

			
			<connection id="sewer-con-2-81">
				<source node="musk-2-81" port="out" />
				<sink node="musk-2-82" port="in" />
			</connection>

			
			<connection id="sewer-con-2-82">
				<source node="musk-2-82" port="out" />
				<sink node="musk-2-83" port="in" />
			</connection>

			
			<connection id="sewer-con-2-83">
				<source node="musk-2-83" port="out" />
				<sink node="musk-2-84" port="in" />
			</connection>

			
			<connection id="sewer-con-2-84">
				<source node="musk-2-84" port="out" />
				<sink node="musk-2-85" port="in" />
			</connection>

			
			<connection id="sewer-con-2-85">
				<source node="musk-2-85" port="out" />
				<sink node="musk-2-86" port="in" />
			</connection>

			
			<connection id="sewer-con-2-86">
				<source node="musk-2-86" port="out" />
				<sink node="musk-2-87" port="in" />
			</connection>

			
			<connection id="sewer-con-2-87">
				<source node="musk-2-87" port="out" />
				<sink node="musk-2-88" port="in" />
			</connection>

			
			<connection id="sewer-con-2-88">
				<source node="musk-2-88" port="out" />
				<sink node="musk-2-89" port="in" />
			</connection>

			
			<connection id="sewer-con-2-89">
				<source node="musk-2-89" port="out" />
				<sink node="musk-2-90" port="in" />
			</connection>

			
			<connection id="sewer-con-2-90">
				<source node="musk-2-90" port="out" />
				<sink node="musk-2-91" port="in" />
			</connection>

			
			<connection id="sewer-con-2-91">
				<source node="musk-2-91" port="out" />
				<sink node="musk-2-92" port="in" />
			</connection>

			
			<connection id="sewer-con-2-92">
				<source node="musk-2-92" port="out" />
				<sink node="musk-2-93" port="in" />
			</connection>

			
			<connection id="sewer-con-2-93">
				<source node="musk-2-93" port="out" />
				<sink node="musk-2-94" port="in" />
			</connection>

			
			<connection id="sewer-con-2-94">
				<source node="musk-2-94" port="out" />
				<sink node="musk-2-95" port="in" />
			</connection>

			
			<connection id="sewer-con-2-95">
				<source node="musk-2-95" port="out" />
				<sink node="musk-2-96" port="in" />
			</connection>

			
			<connection id="sewer-con-2-96">
				<source node="musk-2-96" port="out" />
				<sink node="musk-2-97" port="in" />
			</connection>

			
			<connection id="sewer-con-2-97">
				<source node="musk-2-97" port="out" />
				<sink node="musk-2-98" port="in" />
			</connection>

			
			<connection id="sewer-con-2-98">
				<source node="musk-2-98" port="out" />
				<sink node="musk-2-99" port="in" />
			</connection>


			<connection id="sewer-mixer-2">
				<source node="musk-2-99" port="out" />
				<sink	node="mixer" port="inputs[2]" />
			</connection>


			<connection id="const-sewer-3">
				<source node="constsource-3" port="out" />
				<sink	node="musk-3-0" port="in" />
			</connection>

			
			<connection id="sewer-con-3-0">
				<source node="musk-3-0" port="out" />
				<sink node="musk-3-1" port="in" />
			</connection>

			
			<connection id="sewer-con-3-1">
				<source node="musk-3-1" port="out" />
				<sink node="musk-3-2" port="in" />
			</connection>

			
			<connection id="sewer-con-3-2">
				<source node="musk-3-2" port="out" />
				<sink node="musk-3-3" port="in" />
			</connection>

			
			<connection id="sewer-con-3-3">
				<source node="musk-3-3" port="out" />
				<sink node="musk-3-4" port="in" />
			</connection>

			
			<connection id="sewer-con-3-4">
				<source node="musk-3-4" port="out" />
				<sink node="musk-3-5" port="in" />
			</connection>

			
			<connection id="sewer-con-3-5">
				<source node="musk-3-5" port="out" />
				<sink node="musk-3-6" port="in" />
			</connection>

			
			<connection id="sewer-con-3-6">
				<source node="musk-3-6" port="out" />
				<sink node="musk-3-7" port="in" />
			</connection>

			
			<connection id="sewer-con-3-7">
				<source node="musk-3-7" port="out" />
				<sink node="musk-3-8" port="in" />
			</connection>

			
			<connection id="sewer-con-3-8">
				<source node="musk-3-8" port="out" />
				<sink node="musk-3-9" port="in" />
			</connection>

			
			<connection id="sewer-con-3-9">
				<source node="musk-3-9" port="out" />
				<sink node="musk-3-10" port="in" />
			</connection>

			
			<connection id="sewer-con-3-10">
				<source node="musk-3-10" port="out" />
				<sink node="musk-3-11" port="in" />
			</connection>

			
			<connection id="sewer-con-3-11">
				<source node="musk-3-11" port="out" />
				<sink node="musk-3-12" port="in" />
			</connection>

			
			<connection id="sewer-con-3-12">
				<source node="musk-3-12" port="out" />
				<sink node="musk-3-13" port="in" />
			</connection>

			
			<connection id="sewer-con-3-13">
				<source node="musk-3-13" port="out" />
				<sink node="musk-3-14" port="in" />
			</connection>

			
			<connection id="sewer-con-3-14">
				<source node="musk-3-14" port="out" />
				<sink node="musk-3-15" port="in" />
			</connection>

			
			<connection id="sewer-con-3-15">
				<source node="musk-3-15" port="out" />
				<sink node="musk-3-16" port="in" />
			</connection>

			
			<connection id="sewer-con-3-16">
				<source node="musk-3-16" port="out" />
				<sink node="musk-3-17" port="in" />
			</connection>

			
			<connection id="sewer-con-3-17">
				<source node="musk-3-17" port="out" />
				<sink node="musk-3-18" port="in" />
			</connection>

			
			<connection id="sewer-con-3-18">
				<source node="musk-3-18" port="out" />
				<sink node="musk-3-19" port="in" />
			</connection>

			
			<connection id="sewer-con-3-19">
				<source node="musk-3-19" port="out" />
				<sink node="musk-3-20" port="in" />
			</connection>

			
			<connection id="sewer-con-3-20">
				<source node="musk-3-20" port="out" />
				<sink node="musk-3-21" port="in" />
			</connection>

			
			<connection id="sewer-con-3-21">
				<source node="musk-3-21" port="out" />
				<sink node="musk-3-22" port="in" />
			</connection>

			
			<connection id="sewer-con-3-22">
				<source node="musk-3-22" port="out" />
				<sink node="musk-3-23" port="in" />
			</connection>

			
			<connection id="sewer-con-3-23">
				<source node="musk-3-23" port="out" />
				<sink node="musk-3-24" port="in" />
			</connection>

			
			<connection id="sewer-con-3-24">
				<source node="musk-3-24" port="out" />
				<sink node="musk-3-25" port="in" />
			</connection>

			
			<connection id="sewer-con-3-25">
				<source node="musk-3-25" port="out" />
				<sink node="musk-3-26" port="in" />
			</connection>

			
			<connection id="sewer-con-3-26">
				<source node="musk-3-26" port="out" />
				<sink node="musk-3-27" port="in" />
			</connection>

			
			<connection id="sewer-con-3-27">
				<source node="musk-3-27" port="out" />
				<sink node="musk-3-28" port="in" />
			</connection>

			
			<connection id="sewer-con-3-28">
				<source node="musk-3-28" port="out" />
				<sink node="musk-3-29" port="in" />
			</connection>

			
			<connection id="sewer-con-3-29">
				<source node="musk-3-29" port="out" />
				<sink node="musk-3-30" port="in" />
			</connection>

			
			<connection id="sewer-con-3-30">
				<source node="musk-3-30" port="out" />
				<sink node="musk-3-31" port="in" />
			</connection>

			
			<connection id="sewer-con-3-31">
				<source node="musk-3-31" port="out" />
				<sink node="musk-3-32" port="in" />
			</connection>

			
			<connection id="sewer-con-3-32">
				<source node="musk-3-32" port="out" />
				<sink node="musk-3-33" port="in" />
			</connection>

			
			<connection id="sewer-con-3-33">
				<source node="musk-3-33" port="out" />
				<sink node="musk-3-34" port="in" />
			</connection>

			
			<connection id="sewer-con-3-34">
				<source node="musk-3-34" port="out" />
				<sink node="musk-3-35" port="in" />
			</connection>

			
			<connection id="sewer-con-3-35">
				<source node="musk-3-35" port="out" />
				<sink node="musk-3-36" port="in" />
			</connection>

			
			<connection id="sewer-con-3-36">
				<source node="musk-3-36" port="out" />
				<sink node="musk-3-37" port="in" />
			</connection>

			
			<connection id="sewer-con-3-37">
				<source node="musk-3-37" port="out" />
				<sink node="musk-3-38" port="in" />
			</connection>

			
			<connection id="sewer-con-3-38">
				<source node="musk-3-38" port="out" />
				<sink node="musk-3-39" port="in" />
			</connection>

			
			<connection id="sewer-con-3-39">
				<source node="musk-3-39" port="out" />
				<sink node="musk-3-40" port="in" />
			</connection>

			
			<connection id="sewer-con-3-40">
				<source node="musk-3-40" port="out" />
				<sink node="musk-3-41" port="in" />
			</connection>

			
			<connection id="sewer-con-3-41">
				<source node="musk-3-41" port="out" />
				<sink node="musk-3-42" port="in" />
			</connection>

			
			<connection id="sewer-con-3-42">
				<source node="musk-3-42" port="out" />
				<sink node="musk-3-43" port="in" />
			</connection>

			
			<connection id="sewer-con-3-43">
				<source node="musk-3-43" port="out" />
				<sink node="musk-3-44" port="in" />
			</connection>

			
			<connection id="sewer-con-3-44">
				<source node="musk-3-44" port="out" />
				<sink node="musk-3-45" port="in" />
			</connection>

			
			<connection id="sewer-con-3-45">
				<source node="musk-3-45" port="out" />
				<sink node="musk-3-46" port="in" />
			</connection>

			
			<connection id="sewer-con-3-46">
				<source node="musk-3-46" port="out" />
				<sink node="musk-3-47" port="in" />
			</connection>

			
			<connection id="sewer-con-3-47">
				<source node="musk-3-47" port="out" />
				<sink node="musk-3-48" port="in" />
			</connection>

			
			<connection id="sewer-con-3-48">
				<source node="musk-3-48" port="out" />
				<sink node="musk-3-49" port="in" />
			</connection>

			
			<connection id="sewer-con-3-49">
				<source node="musk-3-49" port="out" />
				<sink node="musk-3-50" port="in" />
			</connection>

			
			<connection id="sewer-con-3-50">
				<source node="musk-3-50" port="out" />
				<sink node="musk-3-51" port="in" />
			</connection>

			
			<connection id="sewer-con-3-51">
				<source node="musk-3-51" port="out" />
				<sink node="musk-3-52" port="in" />
			</connection>

			
			<connection id="sewer-con-3-52">
				<source node="musk-3-52" port="out" />
				<sink node="musk-3-53" port="in" />
			</connection>

			
			<connection id="sewer-con-3-53">
				<source node="musk-3-53" port="out" />
				<sink node="musk-3-54" port="in" />
			</connection>

			
			<connection id="sewer-con-3-54">
				<source node="musk-3-54" port="out" />
				<sink node="musk-3-55" port="in" />
			</connection>

			
			<connection id="sewer-con-3-55">
				<source node="musk-3-55" port="out" />
				<sink node="musk-3-56" port="in" />
			</connection>

			
			<connection id="sewer-con-3-56">
				<source node="musk-3-56" port="out" />
				<sink node="musk-3-57" port="in" />
			</connection>

			
			<connection id="sewer-con-3-57">
				<source node="musk-3-57" port="out" />
				<sink node="musk-3-58" port="in" />
			</connection>

			
			<connection id="sewer-con-3-58">
				<source node="musk-3-58" port="out" />
				<sink node="musk-3-59" port="in" />
			</connection>

			
			<connection id="sewer-con-3-59">
				<source node="musk-3-59" port="out" />
				<sink node="musk-3-60" port="in" />
			</connection>

			
			<connection id="sewer-con-3-60">
				<source node="musk-3-60" port="out" />
				<sink node="musk-3-61" port="in" />
			</connection>

			
			<connection id="sewer-con-3-61">
				<source node="musk-3-61" port="out" />
				<sink node="musk-3-62" port="in" />
			</connection>

			
			<connection id="sewer-con-3-62">
				<source node="musk-3-62" port="out" />
				<sink node="musk-3-63" port="in" />
			</connection>

			
			<connection id="sewer-con-3-63">
				<source node="musk-3-63" port="out" />
				<sink node="musk-3-64" port="in" />
			</connection>

			
			<connection id="sewer-con-3-64">
				<source node="musk-3-64" port="out" />
				<sink node="musk-3-65" port="in" />
			</connection>

			
			<connection id="sewer-con-3-65">
				<source node="musk-3-65" port="out" />
				<sink node="musk-3-66" port="in" />
			</connection>

			
			<connection id="sewer-con-3-66">
				<source node="musk-3-66" port="out" />
				<sink node="musk-3-67" port="in" />
			</connection>

			
			<connection id="sewer-con-3-67">
				<source node="musk-3-67" port="out" />
				<sink node="musk-3-68" port="in" />
			</connection>

			
			<connection id="sewer-con-3-68">
				<source node="musk-3-68" port="out" />
				<sink node="musk-3-69" port="in" />
			</connection>

			
			<connection id="sewer-con-3-69">
				<source node="musk-3-69" port="out" />
				<sink node="musk-3-70" port="in" />
			</connection>

			
			<connection id="sewer-con-3-70">
				<source node="musk-3-70" port="out" />
				<sink node="musk-3-71" port="in" />
			</connection>

			
			<connection id="sewer-con-3-71">
				<source node="musk-3-71" port="out" />
				<sink node="musk-3-72" port="in" />
			</connection>

			
			<connection id="sewer-con-3-72">
				<source node="musk-3-72" port="out" />
				<sink node="musk-3-73" port="in" />
			</connection>

			
			<connection id="sewer-con-3-73">
				<source node="musk-3-73" port="out" />
				<sink node="musk-3-74" port="in" />
			</connection>

			
			<connection id="sewer-con-3-74">
				<source node="musk-3-74" port="out" />
				<sink node="musk-3-75" port="in" />
			</connection>

			
			<connection id="sewer-con-3-75">
				<source node="musk-3-75" port="out" />
				<sink node="musk-3-76" port="in" />
			</connection>

			
			<connection id="sewer-con-3-76">
				<source node="musk-3-76" port="out" />
				<sink node="musk-3-77" port="in" />
			</connection>

			
			<connection id="sewer-con-3-77">
				<source node="musk-3-77" port="out" />
				<sink node="musk-3-78" port="in" />
			</connection>

			
			<connection id="sewer-con-3-78">
				<source node="musk-3-78" port="out" />
				<sink node="musk-3-79" port="in" />
			</connection>

			
			<connection id="sewer-con-3-79">
				<source node="musk-3-79" port="out" />
				<sink node="musk-3-80" port="in" />
			</connection>

			
			<connection id="sewer-con-3-80">
				<source node="musk-3-80" port="out" />
				<sink node="musk-3-81" port="in" />
			</connection>

			
			<connection id="sewer-con-3-81">
				<source node="musk-3-81" port="out" />
				<sink node="musk-3-82" port="in" />
			</connection>

			
			<connection id="sewer-con-3-82">
				<source node="musk-3-82" port="out" />
				<sink node="musk-3-83" port="in" />
			</connection>

			
			<connection id="sewer-con-3-83">
				<source node="musk-3-83" port="out" />
				<sink node="musk-3-84" port="in" />
			</connection>

			
			<connection id="sewer-con-3-84">
				<source node="musk-3-84" port="out" />
				<sink node="musk-3-85" port="in" />
			</connection>

			
			<connection id="sewer-con-3-85">
				<source node="musk-3-85" port="out" />
				<sink node="musk-3-86" port="in" />
			</connection>

			
			<connection id="sewer-con-3-86">
				<source node="musk-3-86" port="out" />
				<sink node="musk-3-87" port="in" />
			</connection>

			
			<connection id="sewer-con-3-87">
				<source node="musk-3-87" port="out" />
				<sink node="musk-3-88" port="in" />
			</connection>

			
			<connection id="sewer-con-3-88">
				<source node="musk-3-88" port="out" />
				<sink node="musk-3-89" port="in" />
			</connection>

			
			<connection id="sewer-con-3-89">
				<source node="musk-3-89" port="out" />
				<sink node="musk-3-90" port="in" />
			</connection>

			
			<connection id="sewer-con-3-90">
				<source node="musk-3-90" port="out" />
				<sink node="musk-3-91" port="in" />
			</connection>

			
			<connection id="sewer-con-3-91">
				<source node="musk-3-91" port="out" />
				<sink node="musk-3-92" port="in" />
			</connection>

			
			<connection id="sewer-con-3-92">
				<source node="musk-3-92" port="out" />
				<sink node="musk-3-93" port="in" />
			</connection>

			
			<connection id="sewer-con-3-93">
				<source node="musk-3-93" port="out" />
				<sink node="musk-3-94" port="in" />
			</connection>

			
			<connection id="sewer-con-3-94">
				<source node="musk-3-94" port="out" />
				<sink node="musk-3-95" port="in" />
			</connection>

			
			<connection id="sewer-con-3-95">
				<source node="musk-3-95" port="out" />
				<sink node="musk-3-96" port="in" />
			</connection>

			
			<connection id="sewer-con-3-96">
				<source node="musk-3-96" port="out" />
				<sink node="musk-3-97" port="in" />
			</connection>

			
			<connection id="sewer-con-3-97">
				<source node="musk-3-97" port="out" />
				<sink node="musk-3-98" port="in" />
			</connection>

			
			<connection id="sewer-con-3-98">
				<source node="musk-3-98" port="out" />
				<sink node="musk-3-99" port="in" />
			</connection>


			<connection id="sewer-mixer-3">
				<source node="musk-3-99" port="out" />
				<sink	node="mixer" port="inputs[3]" />
			</connection>


			<connection id="const-sewer-4">
				<source node="constsource-4" port="out" />
				<sink	node="musk-4-0" port="in" />
			</connection>

			
			<connection id="sewer-con-4-0">
				<source node="musk-4-0" port="out" />
				<sink node="musk-4-1" port="in" />
			</connection>

			
			<connection id="sewer-con-4-1">
				<source node="musk-4-1" port="out" />
				<sink node="musk-4-2" port="in" />
			</connection>

			
			<connection id="sewer-con-4-2">
				<source node="musk-4-2" port="out" />
				<sink node="musk-4-3" port="in" />
			</connection>

			
			<connection id="sewer-con-4-3">
				<source node="musk-4-3" port="out" />
				<sink node="musk-4-4" port="in" />
			</connection>

			
			<connection id="sewer-con-4-4">
				<source node="musk-4-4" port="out" />
				<sink node="musk-4-5" port="in" />
			</connection>

			
			<connection id="sewer-con-4-5">
				<source node="musk-4-5" port="out" />
				<sink node="musk-4-6" port="in" />
			</connection>

			
			<connection id="sewer-con-4-6">
				<source node="musk-4-6" port="out" />
				<sink node="musk-4-7" port="in" />
			</connection>

			
			<connection id="sewer-con-4-7">
				<source node="musk-4-7" port="out" />
				<sink node="musk-4-8" port="in" />
			</connection>

			
			<connection id="sewer-con-4-8">
				<source node="musk-4-8" port="out" />
				<sink node="musk-4-9" port="in" />
			</connection>

			
			<connection id="sewer-con-4-9">
				<source node="musk-4-9" port="out" />
				<sink node="musk-4-10" port="in" />
			</connection>

			
			<connection id="sewer-con-4-10">
				<source node="musk-4-10" port="out" />
				<sink node="musk-4-11" port="in" />
			</connection>

			
			<connection id="sewer-con-4-11">
				<source node="musk-4-11" port="out" />
				<sink node="musk-4-12" port="in" />
			</connection>

			
			<connection id="sewer-con-4-12">
				<source node="musk-4-12" port="out" />
				<sink node="musk-4-13" port="in" />
			</connection>

			
			<connection id="sewer-con-4-13">
				<source node="musk-4-13" port="out" />
				<sink node="musk-4-14" port="in" />
			</connection>

			
			<connection id="sewer-con-4-14">
				<source node="musk-4-14" port="out" />
				<sink node="musk-4-15" port="in" />
			</connection>

			
			<connection id="sewer-con-4-15">
				<source node="musk-4-15" port="out" />
				<sink node="musk-4-16" port="in" />
			</connection>

			
			<connection id="sewer-con-4-16">
				<source node="musk-4-16" port="out" />
				<sink node="musk-4-17" port="in" />
			</connection>

			
			<connection id="sewer-con-4-17">
				<source node="musk-4-17" port="out" />
				<sink node="musk-4-18" port="in" />
			</connection>

			
			<connection id="sewer-con-4-18">
				<source node="musk-4-18" port="out" />
				<sink node="musk-4-19" port="in" />
			</connection>

			
			<connection id="sewer-con-4-19">
				<source node="musk-4-19" port="out" />
				<sink node="musk-4-20" port="in" />
			</connection>

			
			<connection id="sewer-con-4-20">
				<source node="musk-4-20" port="out" />
				<sink node="musk-4-21" port="in" />
			</connection>

			
			<connection id="sewer-con-4-21">
				<source node="musk-4-21" port="out" />
				<sink node="musk-4-22" port="in" />
			</connection>

			
			<connection id="sewer-con-4-22">
				<source node="musk-4-22" port="out" />
				<sink node="musk-4-23" port="in" />
			</connection>

			
			<connection id="sewer-con-4-23">
				<source node="musk-4-23" port="out" />
				<sink node="musk-4-24" port="in" />
			</connection>

			
			<connection id="sewer-con-4-24">
				<source node="musk-4-24" port="out" />
				<sink node="musk-4-25" port="in" />
			</connection>

			
			<connection id="sewer-con-4-25">
				<source node="musk-4-25" port="out" />
				<sink node="musk-4-26" port="in" />
			</connection>

			
			<connection id="sewer-con-4-26">
				<source node="musk-4-26" port="out" />
				<sink node="musk-4-27" port="in" />
			</connection>

			
			<connection id="sewer-con-4-27">
				<source node="musk-4-27" port="out" />
				<sink node="musk-4-28" port="in" />
			</connection>

			
			<connection id="sewer-con-4-28">
				<source node="musk-4-28" port="out" />
				<sink node="musk-4-29" port="in" />
			</connection>

			
			<connection id="sewer-con-4-29">
				<source node="musk-4-29" port="out" />
				<sink node="musk-4-30" port="in" />
			</connection>

			
			<connection id="sewer-con-4-30">
				<source node="musk-4-30" port="out" />
				<sink node="musk-4-31" port="in" />
			</connection>

			
			<connection id="sewer-con-4-31">
				<source node="musk-4-31" port="out" />
				<sink node="musk-4-32" port="in" />
			</connection>

			
			<connection id="sewer-con-4-32">
				<source node="musk-4-32" port="out" />
				<sink node="musk-4-33" port="in" />
			</connection>

			
			<connection id="sewer-con-4-33">
				<source node="musk-4-33" port="out" />
				<sink node="musk-4-34" port="in" />
			</connection>

			
			<connection id="sewer-con-4-34">
				<source node="musk-4-34" port="out" />
				<sink node="musk-4-35" port="in" />
			</connection>

			
			<connection id="sewer-con-4-35">
				<source node="musk-4-35" port="out" />
				<sink node="musk-4-36" port="in" />
			</connection>

			
			<connection id="sewer-con-4-36">
				<source node="musk-4-36" port="out" />
				<sink node="musk-4-37" port="in" />
			</connection>

			
			<connection id="sewer-con-4-37">
				<source node="musk-4-37" port="out" />
				<sink node="musk-4-38" port="in" />
			</connection>

			
			<connection id="sewer-con-4-38">
				<source node="musk-4-38" port="out" />
				<sink node="musk-4-39" port="in" />
			</connection>

			
			<connection id="sewer-con-4-39">
				<source node="musk-4-39" port="out" />
				<sink node="musk-4-40" port="in" />
			</connection>

			
			<connection id="sewer-con-4-40">
				<source node="musk-4-40" port="out" />
				<sink node="musk-4-41" port="in" />
			</connection>

			
			<connection id="sewer-con-4-41">
				<source node="musk-4-41" port="out" />
				<sink node="musk-4-42" port="in" />
			</connection>

			
			<connection id="sewer-con-4-42">
				<source node="musk-4-42" port="out" />
				<sink node="musk-4-43" port="in" />
			</connection>

			
			<connection id="sewer-con-4-43">
				<source node="musk-4-43" port="out" />
				<sink node="musk-4-44" port="in" />
			</connection>

			
			<connection id="sewer-con-4-44">
				<source node="musk-4-44" port="out" />
				<sink node="musk-4-45" port="in" />
			</connection>

			
			<connection id="sewer-con-4-45">
				<source node="musk-4-45" port="out" />
				<sink node="musk-4-46" port="in" />
			</connection>

			
			<connection id="sewer-con-4-46">
				<source node="musk-4-46" port="out" />
				<sink node="musk-4-47" port="in" />
			</connection>

			
			<connection id="sewer-con-4-47">
				<source node="musk-4-47" port="out" />
				<sink node="musk-4-48" port="in" />
			</connection>

			
			<connection id="sewer-con-4-48">
				<source node="musk-4-48" port="out" />
				<sink node="musk-4-49" port="in" />
			</connection>

			
			<connection id="sewer-con-4-49">
				<source node="musk-4-49" port="out" />
				<sink node="musk-4-50" port="in" />
			</connection>

			
			<connection id="sewer-con-4-50">
				<source node="musk-4-50" port="out" />
				<sink node="musk-4-51" port="in" />
			</connection>

			
			<connection id="sewer-con-4-51">
				<source node="musk-4-51" port="out" />
				<sink node="musk-4-52" port="in" />
			</connection>

			
			<connection id="sewer-con-4-52">
				<source node="musk-4-52" port="out" />
				<sink node="musk-4-53" port="in" />
			</connection>

			
			<connection id="sewer-con-4-53">
				<source node="musk-4-53" port="out" />
				<sink node="musk-4-54" port="in" />
			</connection>

			
			<connection id="sewer-con-4-54">
				<source node="musk-4-54" port="out" />
				<sink node="musk-4-55" port="in" />
			</connection>

			
			<connection id="sewer-con-4-55">
				<source node="musk-4-55" port="out" />
				<sink node="musk-4-56" port="in" />
			</connection>

			
			<connection id="sewer-con-4-56">
				<source node="musk-4-56" port="out" />
				<sink node="musk-4-57" port="in" />
			</connection>

			
			<connection id="sewer-con-4-57">
				<source node="musk-4-57" port="out" />
				<sink node="musk-4-58" port="in" />
			</connection>

			
			<connection id="sewer-con-4-58">
				<source node="musk-4-58" port="out" />
				<sink node="musk-4-59" port="in" />
			</connection>

			
			<connection id="sewer-con-4-59">
				<source node="musk-4-59" port="out" />
				<sink node="musk-4-60" port="in" />
			</connection>

			
			<connection id="sewer-con-4-60">
				<source node="musk-4-60" port="out" />
				<sink node="musk-4-61" port="in" />
			</connection>

			
			<connection id="sewer-con-4-61">
				<source node="musk-4-61" port="out" />
				<sink node="musk-4-62" port="in" />
			</connection>

			
			<connection id="sewer-con-4-62">
				<source node="musk-4-62" port="out" />
				<sink node="musk-4-63" port="in" />
			</connection>

			
			<connection id="sewer-con-4-63">
				<source node="musk-4-63" port="out" />
				<sink node="musk-4-64" port="in" />
			</connection>

			
			<connection id="sewer-con-4-64">
				<source node="musk-4-64" port="out" />
				<sink node="musk-4-65" port="in" />
			</connection>

			
			<connection id="sewer-con-4-65">
				<source node="musk-4-65" port="out" />
				<sink node="musk-4-66" port="in" />
			</connection>

			
			<connection id="sewer-con-4-66">
				<source node="musk-4-66" port="out" />
				<sink node="musk-4-67" port="in" />
			</connection>

			
			<connection id="sewer-con-4-67">
				<source node="musk-4-67" port="out" />
				<sink node="musk-4-68" port="in" />
			</connection>

			
			<connection id="sewer-con-4-68">
				<source node="musk-4-68" port="out" />
				<sink node="musk-4-69" port="in" />
			</connection>

			
			<connection id="sewer-con-4-69">
				<source node="musk-4-69" port="out" />
				<sink node="musk-4-70" port="in" />
			</connection>

			
			<connection id="sewer-con-4-70">
				<source node="musk-4-70" port="out" />
				<sink node="musk-4-71" port="in" />
			</connection>

			
			<connection id="sewer-con-4-71">
				<source node="musk-4-71" port="out" />
				<sink node="musk-4-72" port="in" />
			</connection>

			
			<connection id="sewer-con-4-72">
				<source node="musk-4-72" port="out" />
				<sink node="musk-4-73" port="in" />
			</connection>

			
			<connection id="sewer-con-4-73">
				<source node="musk-4-73" port="out" />
				<sink node="musk-4-74" port="in" />
			</connection>

			
			<connection id="sewer-con-4-74">
				<source node="musk-4-74" port="out" />
				<sink node="musk-4-75" port="in" />
			</connection>

			
			<connection id="sewer-con-4-75">
				<source node="musk-4-75" port="out" />
				<sink node="musk-4-76" port="in" />
			</connection>

			
			<connection id="sewer-con-4-76">
				<source node="musk-4-76" port="out" />
				<sink node="musk-4-77" port="in" />
			</connection>

			
			<connection id="sewer-con-4-77">
				<source node="musk-4-77" port="out" />
				<sink node="musk-4-78" port="in" />
			</connection>

			
			<connection id="sewer-con-4-78">
				<source node="musk-4-78" port="out" />
				<sink node="musk-4-79" port="in" />
			</connection>

			
			<connection id="sewer-con-4-79">
				<source node="musk-4-79" port="out" />
				<sink node="musk-4-80" port="in" />
			</connection>

			
			<connection id="sewer-con-4-80">
				<source node="musk-4-80" port="out" />
				<sink node="musk-4-81" port="in" />
			</connection>

			
			<connection id="sewer-con-4-81">
				<source node="musk-4-81" port="out" />
				<sink node="musk-4-82" port="in" />
			</connection>

			
			<connection id="sewer-con-4-82">
				<source node="musk-4-82" port="out" />
				<sink node="musk-4-83" port="in" />
			</connection>

			
			<connection id="sewer-con-4-83">
				<source node="musk-4-83" port="out" />
				<sink node="musk-4-84" port="in" />
			</connection>

			
			<connection id="sewer-con-4-84">
				<source node="musk-4-84" port="out" />
				<sink node="musk-4-85" port="in" />
			</connection>

			
			<connection id="sewer-con-4-85">
				<source node="musk-4-85" port="out" />
				<sink node="musk-4-86" port="in" />
			</connection>

			
			<connection id="sewer-con-4-86">
				<source node="musk-4-86" port="out" />
				<sink node="musk-4-87" port="in" />
			</connection>

			
			<connection id="sewer-con-4-87">
				<source node="musk-4-87" port="out" />
				<sink node="musk-4-88" port="in" />
			</connection>

			
			<connection id="sewer-con-4-88">
				<source node="musk-4-88" port="out" />
				<sink node="musk-4-89" port="in" />
			</connection>

			
			<connection id="sewer-con-4-89">
				<source node="musk-4-89" port="out" />
				<sink node="musk-4-90" port="in" />
			</connection>

			
			<connection id="sewer-con-4-90">
				<source node="musk-4-90" port="out" />
				<sink node="musk-4-91" port="in" />
			</connection>

			
			<connection id="sewer-con-4-91">
				<source node="musk-4-91" port="out" />
				<sink node="musk-4-92" port="in" />
			</connection>

			
			<connection id="sewer-con-4-92">
				<source node="musk-4-92" port="out" />
				<sink node="musk-4-93" port="in" />
			</connection>

			
			<connection id="sewer-con-4-93">
				<source node="musk-4-93" port="out" />
				<sink node="musk-4-94" port="in" />
			</connection>

			
			<connection id="sewer-con-4-94">
				<source node="musk-4-94" port="out" />
				<sink node="musk-4-95" port="in" />
			</connection>

			
			<connection id="sewer-con-4-95">
				<source node="musk-4-95" port="out" />
				<sink node="musk-4-96" port="in" />
			</connection>

			
			<connection id="sewer-con-4-96">
				<source node="musk-4-96" port="out" />
				<sink node="musk-4-97" port="in" />
			</connection>

			
			<connection id="sewer-con-4-97">
				<source node="musk-4-97" port="out" />
				<sink node="musk-4-98" port="in" />
			</connection>

			
			<connection id="sewer-con-4-98">
				<source node="musk-4-98" port="out" />
				<sink node="musk-4-99" port="in" />
			</connection>


			<connection id="sewer-mixer-4">
				<source node="musk-4-99" port="out" />
				<sink	node="mixer" port="inputs[4]" />
			</connection>


			<connection id="const-sewer-5">
				<source node="constsource-5" port="out" />
				<sink	node="musk-5-0" port="in" />
			</connection>

			
			<connection id="sewer-con-5-0">
				<source node="musk-5-0" port="out" />
				<sink node="musk-5-1" port="in" />
			</connection>

			
			<connection id="sewer-con-5-1">
				<source node="musk-5-1" port="out" />
				<sink node="musk-5-2" port="in" />
			</connection>

			
			<connection id="sewer-con-5-2">
				<source node="musk-5-2" port="out" />
				<sink node="musk-5-3" port="in" />
			</connection>

			
			<connection id="sewer-con-5-3">
				<source node="musk-5-3" port="out" />
				<sink node="musk-5-4" port="in" />
			</connection>

			
			<connection id="sewer-con-5-4">
				<source node="musk-5-4" port="out" />
				<sink node="musk-5-5" port="in" />
			</connection>

			
			<connection id="sewer-con-5-5">
				<source node="musk-5-5" port="out" />
				<sink node="musk-5-6" port="in" />
			</connection>

			
			<connection id="sewer-con-5-6">
				<source node="musk-5-6" port="out" />
				<sink node="musk-5-7" port="in" />
			</connection>

			
			<connection id="sewer-con-5-7">
				<source node="musk-5-7" port="out" />
				<sink node="musk-5-8" port="in" />
			</connection>

			
			<connection id="sewer-con-5-8">
				<source node="musk-5-8" port="out" />
				<sink node="musk-5-9" port="in" />
			</connection>

			
			<connection id="sewer-con-5-9">
				<source node="musk-5-9" port="out" />
				<sink node="musk-5-10" port="in" />
			</connection>

			
			<connection id="sewer-con-5-10">
				<source node="musk-5-10" port="out" />
				<sink node="musk-5-11" port="in" />
			</connection>

			
			<connection id="sewer-con-5-11">
				<source node="musk-5-11" port="out" />
				<sink node="musk-5-12" port="in" />
			</connection>

			
			<connection id="sewer-con-5-12">
				<source node="musk-5-12" port="out" />
				<sink node="musk-5-13" port="in" />
			</connection>

			
			<connection id="sewer-con-5-13">
				<source node="musk-5-13" port="out" />
				<sink node="musk-5-14" port="in" />
			</connection>

			
			<connection id="sewer-con-5-14">
				<source node="musk-5-14" port="out" />
				<sink node="musk-5-15" port="in" />
			</connection>

			
			<connection id="sewer-con-5-15">
				<source node="musk-5-15" port="out" />
				<sink node="musk-5-16" port="in" />
			</connection>

			
			<connection id="sewer-con-5-16">
				<source node="musk-5-16" port="out" />
				<sink node="musk-5-17" port="in" />
			</connection>

			
			<connection id="sewer-con-5-17">
				<source node="musk-5-17" port="out" />
				<sink node="musk-5-18" port="in" />
			</connection>

			
			<connection id="sewer-con-5-18">
				<source node="musk-5-18" port="out" />
				<sink node="musk-5-19" port="in" />
			</connection>

			
			<connection id="sewer-con-5-19">
				<source node="musk-5-19" port="out" />
				<sink node="musk-5-20" port="in" />
			</connection>

			
			<connection id="sewer-con-5-20">
				<source node="musk-5-20" port="out" />
				<sink node="musk-5-21" port="in" />
			</connection>

			
			<connection id="sewer-con-5-21">
				<source node="musk-5-21" port="out" />
				<sink node="musk-5-22" port="in" />
			</connection>

			
			<connection id="sewer-con-5-22">
				<source node="musk-5-22" port="out" />
				<sink node="musk-5-23" port="in" />
			</connection>

			
			<connection id="sewer-con-5-23">
				<source node="musk-5-23" port="out" />
				<sink node="musk-5-24" port="in" />
			</connection>

			
			<connection id="sewer-con-5-24">
				<source node="musk-5-24" port="out" />
				<sink node="musk-5-25" port="in" />
			</connection>

			
			<connection id="sewer-con-5-25">
				<source node="musk-5-25" port="out" />
				<sink node="musk-5-26" port="in" />
			</connection>

			
			<connection id="sewer-con-5-26">
				<source node="musk-5-26" port="out" />
				<sink node="musk-5-27" port="in" />
			</connection>

			
			<connection id="sewer-con-5-27">
				<source node="musk-5-27" port="out" />
				<sink node="musk-5-28" port="in" />
			</connection>

			
			<connection id="sewer-con-5-28">
				<source node="musk-5-28" port="out" />
				<sink node="musk-5-29" port="in" />
			</connection>

			
			<connection id="sewer-con-5-29">
				<source node="musk-5-29" port="out" />
				<sink node="musk-5-30" port="in" />
			</connection>

			
			<connection id="sewer-con-5-30">
				<source node="musk-5-30" port="out" />
				<sink node="musk-5-31" port="in" />
			</connection>

			
			<connection id="sewer-con-5-31">
				<source node="musk-5-31" port="out" />
				<sink node="musk-5-32" port="in" />
			</connection>

			
			<connection id="sewer-con-5-32">
				<source node="musk-5-32" port="out" />
				<sink node="musk-5-33" port="in" />
			</connection>

			
			<connection id="sewer-con-5-33">
				<source node="musk-5-33" port="out" />
				<sink node="musk-5-34" port="in" />
			</connection>

			
			<connection id="sewer-con-5-34">
				<source node="musk-5-34" port="out" />
				<sink node="musk-5-35" port="in" />
			</connection>

			
			<connection id="sewer-con-5-35">
				<source node="musk-5-35" port="out" />
				<sink node="musk-5-36" port="in" />
			</connection>

			
			<connection id="sewer-con-5-36">
				<source node="musk-5-36" port="out" />
				<sink node="musk-5-37" port="in" />
			</connection>

			
			<connection id="sewer-con-5-37">
				<source node="musk-5-37" port="out" />
				<sink node="musk-5-38" port="in" />
			</connection>

			
			<connection id="sewer-con-5-38">
				<source node="musk-5-38" port="out" />
				<sink node="musk-5-39" port="in" />
			</connection>

			
			<connection id="sewer-con-5-39">
				<source node="musk-5-39" port="out" />
				<sink node="musk-5-40" port="in" />
			</connection>

			
			<connection id="sewer-con-5-40">
				<source node="musk-5-40" port="out" />
				<sink node="musk-5-41" port="in" />
			</connection>

			
			<connection id="sewer-con-5-41">
				<source node="musk-5-41" port="out" />
				<sink node="musk-5-42" port="in" />
			</connection>

			
			<connection id="sewer-con-5-42">
				<source node="musk-5-42" port="out" />
				<sink node="musk-5-43" port="in" />
			</connection>

			
			<connection id="sewer-con-5-43">
				<source node="musk-5-43" port="out" />
				<sink node="musk-5-44" port="in" />
			</connection>

			
			<connection id="sewer-con-5-44">
				<source node="musk-5-44" port="out" />
				<sink node="musk-5-45" port="in" />
			</connection>

			
			<connection id="sewer-con-5-45">
				<source node="musk-5-45" port="out" />
				<sink node="musk-5-46" port="in" />
			</connection>

			
			<connection id="sewer-con-5-46">
				<source node="musk-5-46" port="out" />
				<sink node="musk-5-47" port="in" />
			</connection>

			
			<connection id="sewer-con-5-47">
				<source node="musk-5-47" port="out" />
				<sink node="musk-5-48" port="in" />
			</connection>

			
			<connection id="sewer-con-5-48">
				<source node="musk-5-48" port="out" />
				<sink node="musk-5-49" port="in" />
			</connection>

			
			<connection id="sewer-con-5-49">
				<source node="musk-5-49" port="out" />
				<sink node="musk-5-50" port="in" />
			</connection>

			
			<connection id="sewer-con-5-50">
				<source node="musk-5-50" port="out" />
				<sink node="musk-5-51" port="in" />
			</connection>

			
			<connection id="sewer-con-5-51">
				<source node="musk-5-51" port="out" />
				<sink node="musk-5-52" port="in" />
			</connection>

			
			<connection id="sewer-con-5-52">
				<source node="musk-5-52" port="out" />
				<sink node="musk-5-53" port="in" />
			</connection>

			
			<connection id="sewer-con-5-53">
				<source node="musk-5-53" port="out" />
				<sink node="musk-5-54" port="in" />
			</connection>

			
			<connection id="sewer-con-5-54">
				<source node="musk-5-54" port="out" />
				<sink node="musk-5-55" port="in" />
			</connection>

			
			<connection id="sewer-con-5-55">
				<source node="musk-5-55" port="out" />
				<sink node="musk-5-56" port="in" />
			</connection>

			
			<connection id="sewer-con-5-56">
				<source node="musk-5-56" port="out" />
				<sink node="musk-5-57" port="in" />
			</connection>

			
			<connection id="sewer-con-5-57">
				<source node="musk-5-57" port="out" />
				<sink node="musk-5-58" port="in" />
			</connection>

			
			<connection id="sewer-con-5-58">
				<source node="musk-5-58" port="out" />
				<sink node="musk-5-59" port="in" />
			</connection>

			
			<connection id="sewer-con-5-59">
				<source node="musk-5-59" port="out" />
				<sink node="musk-5-60" port="in" />
			</connection>

			
			<connection id="sewer-con-5-60">
				<source node="musk-5-60" port="out" />
				<sink node="musk-5-61" port="in" />
			</connection>

			
			<connection id="sewer-con-5-61">
				<source node="musk-5-61" port="out" />
				<sink node="musk-5-62" port="in" />
			</connection>

			
			<connection id="sewer-con-5-62">
				<source node="musk-5-62" port="out" />
				<sink node="musk-5-63" port="in" />
			</connection>

			
			<connection id="sewer-con-5-63">
				<source node="musk-5-63" port="out" />
				<sink node="musk-5-64" port="in" />
			</connection>

			
			<connection id="sewer-con-5-64">
				<source node="musk-5-64" port="out" />
				<sink node="musk-5-65" port="in" />
			</connection>

			
			<connection id="sewer-con-5-65">
				<source node="musk-5-65" port="out" />
				<sink node="musk-5-66" port="in" />
			</connection>

			
			<connection id="sewer-con-5-66">
				<source node="musk-5-66" port="out" />
				<sink node="musk-5-67" port="in" />
			</connection>

			
			<connection id="sewer-con-5-67">
				<source node="musk-5-67" port="out" />
				<sink node="musk-5-68" port="in" />
			</connection>

			
			<connection id="sewer-con-5-68">
				<source node="musk-5-68" port="out" />
				<sink node="musk-5-69" port="in" />
			</connection>

			
			<connection id="sewer-con-5-69">
				<source node="musk-5-69" port="out" />
				<sink node="musk-5-70" port="in" />
			</connection>

			
			<connection id="sewer-con-5-70">
				<source node="musk-5-70" port="out" />
				<sink node="musk-5-71" port="in" />
			</connection>

			
			<connection id="sewer-con-5-71">
				<source node="musk-5-71" port="out" />
				<sink node="musk-5-72" port="in" />
			</connection>

			
			<connection id="sewer-con-5-72">
				<source node="musk-5-72" port="out" />
				<sink node="musk-5-73" port="in" />
			</connection>

			
			<connection id="sewer-con-5-73">
				<source node="musk-5-73" port="out" />
				<sink node="musk-5-74" port="in" />
			</connection>

			
			<connection id="sewer-con-5-74">
				<source node="musk-5-74" port="out" />
				<sink node="musk-5-75" port="in" />
			</connection>

			
			<connection id="sewer-con-5-75">
				<source node="musk-5-75" port="out" />
				<sink node="musk-5-76" port="in" />
			</connection>

			
			<connection id="sewer-con-5-76">
				<source node="musk-5-76" port="out" />
				<sink node="musk-5-77" port="in" />
			</connection>

			
			<connection id="sewer-con-5-77">
				<source node="musk-5-77" port="out" />
				<sink node="musk-5-78" port="in" />
			</connection>

			
			<connection id="sewer-con-5-78">
				<source node="musk-5-78" port="out" />
				<sink node="musk-5-79" port="in" />
			</connection>

			
			<connection id="sewer-con-5-79">
				<source node="musk-5-79" port="out" />
				<sink node="musk-5-80" port="in" />
			</connection>

			
			<connection id="sewer-con-5-80">
				<source node="musk-5-80" port="out" />
				<sink node="musk-5-81" port="in" />
			</connection>

			
			<connection id="sewer-con-5-81">
				<source node="musk-5-81" port="out" />
				<sink node="musk-5-82" port="in" />
			</connection>

			
			<connection id="sewer-con-5-82">
				<source node="musk-5-82" port="out" />
				<sink node="musk-5-83" port="in" />
			</connection>

			
			<connection id="sewer-con-5-83">
				<source node="musk-5-83" port="out" />
				<sink node="musk-5-84" port="in" />
			</connection>

			
			<connection id="sewer-con-5-84">
				<source node="musk-5-84" port="out" />
				<sink node="musk-5-85" port="in" />
			</connection>

			
			<connection id="sewer-con-5-85">
				<source node="musk-5-85" port="out" />
				<sink node="musk-5-86" port="in" />
			</connection>

			
			<connection id="sewer-con-5-86">
				<source node="musk-5-86" port="out" />
				<sink node="musk-5-87" port="in" />
			</connection>

			
			<connection id="sewer-con-5-87">
				<source node="musk-5-87" port="out" />
				<sink node="musk-5-88" port="in" />
			</connection>

			
			<connection id="sewer-con-5-88">
				<source node="musk-5-88" port="out" />
				<sink node="musk-5-89" port="in" />
			</connection>

			
			<connection id="sewer-con-5-89">
				<source node="musk-5-89" port="out" />
				<sink node="musk-5-90" port="in" />
			</connection>

			
			<connection id="sewer-con-5-90">
				<source node="musk-5-90" port="out" />
				<sink node="musk-5-91" port="in" />
			</connection>

			
			<connection id="sewer-con-5-91">
				<source node="musk-5-91" port="out" />
				<sink node="musk-5-92" port="in" />
			</connection>

			
			<connection id="sewer-con-5-92">
				<source node="musk-5-92" port="out" />
				<sink node="musk-5-93" port="in" />
			</connection>

			
			<connection id="sewer-con-5-93">
				<source node="musk-5-93" port="out" />
				<sink node="musk-5-94" port="in" />
			</connection>

			
			<connection id="sewer-con-5-94">
				<source node="musk-5-94" port="out" />
				<sink node="musk-5-95" port="in" />
			</connection>

			
			<connection id="sewer-con-5-95">
				<source node="musk-5-95" port="out" />
				<sink node="musk-5-96" port="in" />
			</connection>

			
			<connection id="sewer-con-5-96">
				<source node="musk-5-96" port="out" />
				<sink node="musk-5-97" port="in" />
			</connection>

			
			<connection id="sewer-con-5-97">
				<source node="musk-5-97" port="out" />
				<sink node="musk-5-98" port="in" />
			</connection>

			
			<connection id="sewer-con-5-98">
				<source node="musk-5-98" port="out" />
				<sink node="musk-5-99" port="in" />
			</connection>


			<connection id="sewer-mixer-5">
				<source node="musk-5-99" port="out" />
				<sink	node="mixer" port="inputs[5]" />
			</connection>


			<connection id="const-sewer-6">
				<source node="constsource-6" port="out" />
				<sink	node="musk-6-0" port="in" />
			</connection>

			
			<connection id="sewer-con-6-0">
				<source node="musk-6-0" port="out" />
				<sink node="musk-6-1" port="in" />
			</connection>

			
			<connection id="sewer-con-6-1">
				<source node="musk-6-1" port="out" />
				<sink node="musk-6-2" port="in" />
			</connection>

			
			<connection id="sewer-con-6-2">
				<source node="musk-6-2" port="out" />
				<sink node="musk-6-3" port="in" />
			</connection>

			
			<connection id="sewer-con-6-3">
				<source node="musk-6-3" port="out" />
				<sink node="musk-6-4" port="in" />
			</connection>

			
			<connection id="sewer-con-6-4">
				<source node="musk-6-4" port="out" />
				<sink node="musk-6-5" port="in" />
			</connection>

			
			<connection id="sewer-con-6-5">
				<source node="musk-6-5" port="out" />
				<sink node="musk-6-6" port="in" />
			</connection>

			
			<connection id="sewer-con-6-6">
				<source node="musk-6-6" port="out" />
				<sink node="musk-6-7" port="in" />
			</connection>

			
			<connection id="sewer-con-6-7">
				<source node="musk-6-7" port="out" />
				<sink node="musk-6-8" port="in" />
			</connection>

			
			<connection id="sewer-con-6-8">
				<source node="musk-6-8" port="out" />
				<sink node="musk-6-9" port="in" />
			</connection>

			
			<connection id="sewer-con-6-9">
				<source node="musk-6-9" port="out" />
				<sink node="musk-6-10" port="in" />
			</connection>

			
			<connection id="sewer-con-6-10">
				<source node="musk-6-10" port="out" />
				<sink node="musk-6-11" port="in" />
			</connection>

			
			<connection id="sewer-con-6-11">
				<source node="musk-6-11" port="out" />
				<sink node="musk-6-12" port="in" />
			</connection>

			
			<connection id="sewer-con-6-12">
				<source node="musk-6-12" port="out" />
				<sink node="musk-6-13" port="in" />
			</connection>

			
			<connection id="sewer-con-6-13">
				<source node="musk-6-13" port="out" />
				<sink node="musk-6-14" port="in" />
			</connection>

			
			<connection id="sewer-con-6-14">
				<source node="musk-6-14" port="out" />
				<sink node="musk-6-15" port="in" />
			</connection>

			
			<connection id="sewer-con-6-15">
				<source node="musk-6-15" port="out" />
				<sink node="musk-6-16" port="in" />
			</connection>

			
			<connection id="sewer-con-6-16">
				<source node="musk-6-16" port="out" />
				<sink node="musk-6-17" port="in" />
			</connection>

			
			<connection id="sewer-con-6-17">
				<source node="musk-6-17" port="out" />
				<sink node="musk-6-18" port="in" />
			</connection>

			
			<connection id="sewer-con-6-18">
				<source node="musk-6-18" port="out" />
				<sink node="musk-6-19" port="in" />
			</connection>

			
			<connection id="sewer-con-6-19">
				<source node="musk-6-19" port="out" />
				<sink node="musk-6-20" port="in" />
			</connection>

			
			<connection id="sewer-con-6-20">
				<source node="musk-6-20" port="out" />
				<sink node="musk-6-21" port="in" />
			</connection>

			
			<connection id="sewer-con-6-21">
				<source node="musk-6-21" port="out" />
				<sink node="musk-6-22" port="in" />
			</connection>

			
			<connection id="sewer-con-6-22">
				<source node="musk-6-22" port="out" />
				<sink node="musk-6-23" port="in" />
			</connection>

			
			<connection id="sewer-con-6-23">
				<source node="musk-6-23" port="out" />
				<sink node="musk-6-24" port="in" />
			</connection>

			
			<connection id="sewer-con-6-24">
				<source node="musk-6-24" port="out" />
				<sink node="musk-6-25" port="in" />
			</connection>

			
			<connection id="sewer-con-6-25">
				<source node="musk-6-25" port="out" />
				<sink node="musk-6-26" port="in" />
			</connection>

			
			<connection id="sewer-con-6-26">
				<source node="musk-6-26" port="out" />
				<sink node="musk-6-27" port="in" />
			</connection>

			
			<connection id="sewer-con-6-27">
				<source node="musk-6-27" port="out" />
				<sink node="musk-6-28" port="in" />
			</connection>

			
			<connection id="sewer-con-6-28">
				<source node="musk-6-28" port="out" />
				<sink node="musk-6-29" port="in" />
			</connection>

			
			<connection id="sewer-con-6-29">
				<source node="musk-6-29" port="out" />
				<sink node="musk-6-30" port="in" />
			</connection>

			
			<connection id="sewer-con-6-30">
				<source node="musk-6-30" port="out" />
				<sink node="musk-6-31" port="in" />
			</connection>

			
			<connection id="sewer-con-6-31">
				<source node="musk-6-31" port="out" />
				<sink node="musk-6-32" port="in" />
			</connection>

			
			<connection id="sewer-con-6-32">
				<source node="musk-6-32" port="out" />
				<sink node="musk-6-33" port="in" />
			</connection>

			
			<connection id="sewer-con-6-33">
				<source node="musk-6-33" port="out" />
				<sink node="musk-6-34" port="in" />
			</connection>

			
			<connection id="sewer-con-6-34">
				<source node="musk-6-34" port="out" />
				<sink node="musk-6-35" port="in" />
			</connection>

			
			<connection id="sewer-con-6-35">
				<source node="musk-6-35" port="out" />
				<sink node="musk-6-36" port="in" />
			</connection>

			
			<connection id="sewer-con-6-36">
				<source node="musk-6-36" port="out" />
				<sink node="musk-6-37" port="in" />
			</connection>

			
			<connection id="sewer-con-6-37">
				<source node="musk-6-37" port="out" />
				<sink node="musk-6-38" port="in" />
			</connection>

			
			<connection id="sewer-con-6-38">
				<source node="musk-6-38" port="out" />
				<sink node="musk-6-39" port="in" />
			</connection>

			
			<connection id="sewer-con-6-39">
				<source node="musk-6-39" port="out" />
				<sink node="musk-6-40" port="in" />
			</connection>

			
			<connection id="sewer-con-6-40">
				<source node="musk-6-40" port="out" />
				<sink node="musk-6-41" port="in" />
			</connection>

			
			<connection id="sewer-con-6-41">
				<source node="musk-6-41" port="out" />
				<sink node="musk-6-42" port="in" />
			</connection>

			
			<connection id="sewer-con-6-42">
				<source node="musk-6-42" port="out" />
				<sink node="musk-6-43" port="in" />
			</connection>

			
			<connection id="sewer-con-6-43">
				<source node="musk-6-43" port="out" />
				<sink node="musk-6-44" port="in" />
			</connection>

			
			<connection id="sewer-con-6-44">
				<source node="musk-6-44" port="out" />
				<sink node="musk-6-45" port="in" />
			</connection>

			
			<connection id="sewer-con-6-45">
				<source node="musk-6-45" port="out" />
				<sink node="musk-6-46" port="in" />
			</connection>

			
			<connection id="sewer-con-6-46">
				<source node="musk-6-46" port="out" />
				<sink node="musk-6-47" port="in" />
			</connection>

			
			<connection id="sewer-con-6-47">
				<source node="musk-6-47" port="out" />
				<sink node="musk-6-48" port="in" />
			</connection>

			
			<connection id="sewer-con-6-48">
				<source node="musk-6-48" port="out" />
				<sink node="musk-6-49" port="in" />
			</connection>

			
			<connection id="sewer-con-6-49">
				<source node="musk-6-49" port="out" />
				<sink node="musk-6-50" port="in" />
			</connection>

			
			<connection id="sewer-con-6-50">
				<source node="musk-6-50" port="out" />
				<sink node="musk-6-51" port="in" />
			</connection>

			
			<connection id="sewer-con-6-51">
				<source node="musk-6-51" port="out" />
				<sink node="musk-6-52" port="in" />
			</connection>

			
			<connection id="sewer-con-6-52">
				<source node="musk-6-52" port="out" />
				<sink node="musk-6-53" port="in" />
			</connection>

			
			<connection id="sewer-con-6-53">
				<source node="musk-6-53" port="out" />
				<sink node="musk-6-54" port="in" />
			</connection>

			
			<connection id="sewer-con-6-54">
				<source node="musk-6-54" port="out" />
				<sink node="musk-6-55" port="in" />
			</connection>

			
			<connection id="sewer-con-6-55">
				<source node="musk-6-55" port="out" />
				<sink node="musk-6-56" port="in" />
			</connection>

			
			<connection id="sewer-con-6-56">
				<source node="musk-6-56" port="out" />
				<sink node="musk-6-57" port="in" />
			</connection>

			
			<connection id="sewer-con-6-57">
				<source node="musk-6-57" port="out" />
				<sink node="musk-6-58" port="in" />
			</connection>

			
			<connection id="sewer-con-6-58">
				<source node="musk-6-58" port="out" />
				<sink node="musk-6-59" port="in" />
			</connection>

			
			<connection id="sewer-con-6-59">
				<source node="musk-6-59" port="out" />
				<sink node="musk-6-60" port="in" />
			</connection>

			
			<connection id="sewer-con-6-60">
				<source node="musk-6-60" port="out" />
				<sink node="musk-6-61" port="in" />
			</connection>

			
			<connection id="sewer-con-6-61">
				<source node="musk-6-61" port="out" />
				<sink node="musk-6-62" port="in" />
			</connection>

			
			<connection id="sewer-con-6-62">
				<source node="musk-6-62" port="out" />
				<sink node="musk-6-63" port="in" />
			</connection>

			
			<connection id="sewer-con-6-63">
				<source node="musk-6-63" port="out" />
				<sink node="musk-6-64" port="in" />
			</connection>

			
			<connection id="sewer-con-6-64">
				<source node="musk-6-64" port="out" />
				<sink node="musk-6-65" port="in" />
			</connection>

			
			<connection id="sewer-con-6-65">
				<source node="musk-6-65" port="out" />
				<sink node="musk-6-66" port="in" />
			</connection>

			
			<connection id="sewer-con-6-66">
				<source node="musk-6-66" port="out" />
				<sink node="musk-6-67" port="in" />
			</connection>

			
			<connection id="sewer-con-6-67">
				<source node="musk-6-67" port="out" />
				<sink node="musk-6-68" port="in" />
			</connection>

			
			<connection id="sewer-con-6-68">
				<source node="musk-6-68" port="out" />
				<sink node="musk-6-69" port="in" />
			</connection>

			
			<connection id="sewer-con-6-69">
				<source node="musk-6-69" port="out" />
				<sink node="musk-6-70" port="in" />
			</connection>

			
			<connection id="sewer-con-6-70">
				<source node="musk-6-70" port="out" />
				<sink node="musk-6-71" port="in" />
			</connection>

			
			<connection id="sewer-con-6-71">
				<source node="musk-6-71" port="out" />
				<sink node="musk-6-72" port="in" />
			</connection>

			
			<connection id="sewer-con-6-72">
				<source node="musk-6-72" port="out" />
				<sink node="musk-6-73" port="in" />
			</connection>

			
			<connection id="sewer-con-6-73">
				<source node="musk-6-73" port="out" />
				<sink node="musk-6-74" port="in" />
			</connection>

			
			<connection id="sewer-con-6-74">
				<source node="musk-6-74" port="out" />
				<sink node="musk-6-75" port="in" />
			</connection>

			
			<connection id="sewer-con-6-75">
				<source node="musk-6-75" port="out" />
				<sink node="musk-6-76" port="in" />
			</connection>

			
			<connection id="sewer-con-6-76">
				<source node="musk-6-76" port="out" />
				<sink node="musk-6-77" port="in" />
			</connection>

			
			<connection id="sewer-con-6-77">
				<source node="musk-6-77" port="out" />
				<sink node="musk-6-78" port="in" />
			</connection>

			
			<connection id="sewer-con-6-78">
				<source node="musk-6-78" port="out" />
				<sink node="musk-6-79" port="in" />
			</connection>

			
			<connection id="sewer-con-6-79">
				<source node="musk-6-79" port="out" />
				<sink node="musk-6-80" port="in" />
			</connection>

			
			<connection id="sewer-con-6-80">
				<source node="musk-6-80" port="out" />
				<sink node="musk-6-81" port="in" />
			</connection>

			
			<connection id="sewer-con-6-81">
				<source node="musk-6-81" port="out" />
				<sink node="musk-6-82" port="in" />
			</connection>

			
			<connection id="sewer-con-6-82">
				<source node="musk-6-82" port="out" />
				<sink node="musk-6-83" port="in" />
			</connection>

			
			<connection id="sewer-con-6-83">
				<source node="musk-6-83" port="out" />
				<sink node="musk-6-84" port="in" />
			</connection>

			
			<connection id="sewer-con-6-84">
				<source node="musk-6-84" port="out" />
				<sink node="musk-6-85" port="in" />
			</connection>

			
			<connection id="sewer-con-6-85">
				<source node="musk-6-85" port="out" />
				<sink node="musk-6-86" port="in" />
			</connection>

			
			<connection id="sewer-con-6-86">
				<source node="musk-6-86" port="out" />
				<sink node="musk-6-87" port="in" />
			</connection>

			
			<connection id="sewer-con-6-87">
				<source node="musk-6-87" port="out" />
				<sink node="musk-6-88" port="in" />
			</connection>

			
			<connection id="sewer-con-6-88">
				<source node="musk-6-88" port="out" />
				<sink node="musk-6-89" port="in" />
			</connection>

			
			<connection id="sewer-con-6-89">
				<source node="musk-6-89" port="out" />
				<sink node="musk-6-90" port="in" />
			</connection>

			
			<connection id="sewer-con-6-90">
				<source node="musk-6-90" port="out" />
				<sink node="musk-6-91" port="in" />
			</connection>

			
			<connection id="sewer-con-6-91">
				<source node="musk-6-91" port="out" />
				<sink node="musk-6-92" port="in" />
			</connection>

			
			<connection id="sewer-con-6-92">
				<source node="musk-6-92" port="out" />
				<sink node="musk-6-93" port="in" />
			</connection>

			
			<connection id="sewer-con-6-93">
				<source node="musk-6-93" port="out" />
				<sink node="musk-6-94" port="in" />
			</connection>

			
			<connection id="sewer-con-6-94">
				<source node="musk-6-94" port="out" />
				<sink node="musk-6-95" port="in" />
			</connection>

			
			<connection id="sewer-con-6-95">
				<source node="musk-6-95" port="out" />
				<sink node="musk-6-96" port="in" />
			</connection>

			
			<connection id="sewer-con-6-96">
				<source node="musk-6-96" port="out" />
				<sink node="musk-6-97" port="in" />
			</connection>

			
			<connection id="sewer-con-6-97">
				<source node="musk-6-97" port="out" />
				<sink node="musk-6-98" port="in" />
			</connection>

			
			<connection id="sewer-con-6-98">
				<source node="musk-6-98" port="out" />
				<sink node="musk-6-99" port="in" />
			</connection>


			<connection id="sewer-mixer-6">
				<source node="musk-6-99" port="out" />
				<sink	node="mixer" port="inputs[6]" />
			</connection>


			<connection id="const-sewer-7">
				<source node="constsource-7" port="out" />
				<sink	node="musk-7-0" port="in" />
			</connection>

			
			<connection id="sewer-con-7-0">
				<source node="musk-7-0" port="out" />
				<sink node="musk-7-1" port="in" />
			</connection>

			
			<connection id="sewer-con-7-1">
				<source node="musk-7-1" port="out" />
				<sink node="musk-7-2" port="in" />
			</connection>

			
			<connection id="sewer-con-7-2">
				<source node="musk-7-2" port="out" />
				<sink node="musk-7-3" port="in" />
			</connection>

			
			<connection id="sewer-con-7-3">
				<source node="musk-7-3" port="out" />
				<sink node="musk-7-4" port="in" />
			</connection>

			
			<connection id="sewer-con-7-4">
				<source node="musk-7-4" port="out" />
				<sink node="musk-7-5" port="in" />
			</connection>

			
			<connection id="sewer-con-7-5">
				<source node="musk-7-5" port="out" />
				<sink node="musk-7-6" port="in" />
			</connection>

			
			<connection id="sewer-con-7-6">
				<source node="musk-7-6" port="out" />
				<sink node="musk-7-7" port="in" />
			</connection>

			
			<connection id="sewer-con-7-7">
				<source node="musk-7-7" port="out" />
				<sink node="musk-7-8" port="in" />
			</connection>

			
			<connection id="sewer-con-7-8">
				<source node="musk-7-8" port="out" />
				<sink node="musk-7-9" port="in" />
			</connection>

			
			<connection id="sewer-con-7-9">
				<source node="musk-7-9" port="out" />
				<sink node="musk-7-10" port="in" />
			</connection>

			
			<connection id="sewer-con-7-10">
				<source node="musk-7-10" port="out" />
				<sink node="musk-7-11" port="in" />
			</connection>

			
			<connection id="sewer-con-7-11">
				<source node="musk-7-11" port="out" />
				<sink node="musk-7-12" port="in" />
			</connection>

			
			<connection id="sewer-con-7-12">
				<source node="musk-7-12" port="out" />
				<sink node="musk-7-13" port="in" />
			</connection>

			
			<connection id="sewer-con-7-13">
				<source node="musk-7-13" port="out" />
				<sink node="musk-7-14" port="in" />
			</connection>

			
			<connection id="sewer-con-7-14">
				<source node="musk-7-14" port="out" />
				<sink node="musk-7-15" port="in" />
			</connection>

			
			<connection id="sewer-con-7-15">
				<source node="musk-7-15" port="out" />
				<sink node="musk-7-16" port="in" />
			</connection>

			
			<connection id="sewer-con-7-16">
				<source node="musk-7-16" port="out" />
				<sink node="musk-7-17" port="in" />
			</connection>

			
			<connection id="sewer-con-7-17">
				<source node="musk-7-17" port="out" />
				<sink node="musk-7-18" port="in" />
			</connection>

			
			<connection id="sewer-con-7-18">
				<source node="musk-7-18" port="out" />
				<sink node="musk-7-19" port="in" />
			</connection>

			
			<connection id="sewer-con-7-19">
				<source node="musk-7-19" port="out" />
				<sink node="musk-7-20" port="in" />
			</connection>

			
			<connection id="sewer-con-7-20">
				<source node="musk-7-20" port="out" />
				<sink node="musk-7-21" port="in" />
			</connection>

			
			<connection id="sewer-con-7-21">
				<source node="musk-7-21" port="out" />
				<sink node="musk-7-22" port="in" />
			</connection>

			
			<connection id="sewer-con-7-22">
				<source node="musk-7-22" port="out" />
				<sink node="musk-7-23" port="in" />
			</connection>

			
			<connection id="sewer-con-7-23">
				<source node="musk-7-23" port="out" />
				<sink node="musk-7-24" port="in" />
			</connection>

			
			<connection id="sewer-con-7-24">
				<source node="musk-7-24" port="out" />
				<sink node="musk-7-25" port="in" />
			</connection>

			
			<connection id="sewer-con-7-25">
				<source node="musk-7-25" port="out" />
				<sink node="musk-7-26" port="in" />
			</connection>

			
			<connection id="sewer-con-7-26">
				<source node="musk-7-26" port="out" />
				<sink node="musk-7-27" port="in" />
			</connection>

			
			<connection id="sewer-con-7-27">
				<source node="musk-7-27" port="out" />
				<sink node="musk-7-28" port="in" />
			</connection>

			
			<connection id="sewer-con-7-28">
				<source node="musk-7-28" port="out" />
				<sink node="musk-7-29" port="in" />
			</connection>

			
			<connection id="sewer-con-7-29">
				<source node="musk-7-29" port="out" />
				<sink node="musk-7-30" port="in" />
			</connection>

			
			<connection id="sewer-con-7-30">
				<source node="musk-7-30" port="out" />
				<sink node="musk-7-31" port="in" />
			</connection>

			
			<connection id="sewer-con-7-31">
				<source node="musk-7-31" port="out" />
				<sink node="musk-7-32" port="in" />
			</connection>

			
			<connection id="sewer-con-7-32">
				<source node="musk-7-32" port="out" />
				<sink node="musk-7-33" port="in" />
			</connection>

			
			<connection id="sewer-con-7-33">
				<source node="musk-7-33" port="out" />
				<sink node="musk-7-34" port="in" />
			</connection>

			
			<connection id="sewer-con-7-34">
				<source node="musk-7-34" port="out" />
				<sink node="musk-7-35" port="in" />
			</connection>

			
			<connection id="sewer-con-7-35">
				<source node="musk-7-35" port="out" />
				<sink node="musk-7-36" port="in" />
			</connection>

			
			<connection id="sewer-con-7-36">
				<source node="musk-7-36" port="out" />
				<sink node="musk-7-37" port="in" />
			</connection>

			
			<connection id="sewer-con-7-37">
				<source node="musk-7-37" port="out" />
				<sink node="musk-7-38" port="in" />
			</connection>

			
			<connection id="sewer-con-7-38">
				<source node="musk-7-38" port="out" />
				<sink node="musk-7-39" port="in" />
			</connection>

			
			<connection id="sewer-con-7-39">
				<source node="musk-7-39" port="out" />
				<sink node="musk-7-40" port="in" />
			</connection>

			
			<connection id="sewer-con-7-40">
				<source node="musk-7-40" port="out" />
				<sink node="musk-7-41" port="in" />
			</connection>

			
			<connection id="sewer-con-7-41">
				<source node="musk-7-41" port="out" />
				<sink node="musk-7-42" port="in" />
			</connection>

			
			<connection id="sewer-con-7-42">
				<source node="musk-7-42" port="out" />
				<sink node="musk-7-43" port="in" />
			</connection>

			
			<connection id="sewer-con-7-43">
				<source node="musk-7-43" port="out" />
				<sink node="musk-7-44" port="in" />
			</connection>

			
			<connection id="sewer-con-7-44">
				<source node="musk-7-44" port="out" />
				<sink node="musk-7-45" port="in" />
			</connection>

			
			<connection id="sewer-con-7-45">
				<source node="musk-7-45" port="out" />
				<sink node="musk-7-46" port="in" />
			</connection>

			
			<connection id="sewer-con-7-46">
				<source node="musk-7-46" port="out" />
				<sink node="musk-7-47" port="in" />
			</connection>

			
			<connection id="sewer-con-7-47">
				<source node="musk-7-47" port="out" />
				<sink node="musk-7-48" port="in" />
			</connection>

			
			<connection id="sewer-con-7-48">
				<source node="musk-7-48" port="out" />
				<sink node="musk-7-49" port="in" />
			</connection>

			
			<connection id="sewer-con-7-49">
				<source node="musk-7-49" port="out" />
				<sink node="musk-7-50" port="in" />
			</connection>

			
			<connection id="sewer-con-7-50">
				<source node="musk-7-50" port="out" />
				<sink node="musk-7-51" port="in" />
			</connection>

			
			<connection id="sewer-con-7-51">
				<source node="musk-7-51" port="out" />
				<sink node="musk-7-52" port="in" />
			</connection>

			
			<connection id="sewer-con-7-52">
				<source node="musk-7-52" port="out" />
				<sink node="musk-7-53" port="in" />
			</connection>

			
			<connection id="sewer-con-7-53">
				<source node="musk-7-53" port="out" />
				<sink node="musk-7-54" port="in" />
			</connection>

			
			<connection id="sewer-con-7-54">
				<source node="musk-7-54" port="out" />
				<sink node="musk-7-55" port="in" />
			</connection>

			
			<connection id="sewer-con-7-55">
				<source node="musk-7-55" port="out" />
				<sink node="musk-7-56" port="in" />
			</connection>

			
			<connection id="sewer-con-7-56">
				<source node="musk-7-56" port="out" />
				<sink node="musk-7-57" port="in" />
			</connection>

			
			<connection id="sewer-con-7-57">
				<source node="musk-7-57" port="out" />
				<sink node="musk-7-58" port="in" />
			</connection>

			
			<connection id="sewer-con-7-58">
				<source node="musk-7-58" port="out" />
				<sink node="musk-7-59" port="in" />
			</connection>

			
			<connection id="sewer-con-7-59">
				<source node="musk-7-59" port="out" />
				<sink node="musk-7-60" port="in" />
			</connection>

			
			<connection id="sewer-con-7-60">
				<source node="musk-7-60" port="out" />
				<sink node="musk-7-61" port="in" />
			</connection>

			
			<connection id="sewer-con-7-61">
				<source node="musk-7-61" port="out" />
				<sink node="musk-7-62" port="in" />
			</connection>

			
			<connection id="sewer-con-7-62">
				<source node="musk-7-62" port="out" />
				<sink node="musk-7-63" port="in" />
			</connection>

			
			<connection id="sewer-con-7-63">
				<source node="musk-7-63" port="out" />
				<sink node="musk-7-64" port="in" />
			</connection>

			
			<connection id="sewer-con-7-64">
				<source node="musk-7-64" port="out" />
				<sink node="musk-7-65" port="in" />
			</connection>

			
			<connection id="sewer-con-7-65">
				<source node="musk-7-65" port="out" />
				<sink node="musk-7-66" port="in" />
			</connection>

			
			<connection id="sewer-con-7-66">
				<source node="musk-7-66" port="out" />
				<sink node="musk-7-67" port="in" />
			</connection>

			
			<connection id="sewer-con-7-67">
				<source node="musk-7-67" port="out" />
				<sink node="musk-7-68" port="in" />
			</connection>

			
			<connection id="sewer-con-7-68">
				<source node="musk-7-68" port="out" />
				<sink node="musk-7-69" port="in" />
			</connection>

			
			<connection id="sewer-con-7-69">
				<source node="musk-7-69" port="out" />
				<sink node="musk-7-70" port="in" />
			</connection>

			
			<connection id="sewer-con-7-70">
				<source node="musk-7-70" port="out" />
				<sink node="musk-7-71" port="in" />
			</connection>

			
			<connection id="sewer-con-7-71">
				<source node="musk-7-71" port="out" />
				<sink node="musk-7-72" port="in" />
			</connection>

			
			<connection id="sewer-con-7-72">
				<source node="musk-7-72" port="out" />
				<sink node="musk-7-73" port="in" />
			</connection>

			
			<connection id="sewer-con-7-73">
				<source node="musk-7-73" port="out" />
				<sink node="musk-7-74" port="in" />
			</connection>

			
			<connection id="sewer-con-7-74">
				<source node="musk-7-74" port="out" />
				<sink node="musk-7-75" port="in" />
			</connection>

			
			<connection id="sewer-con-7-75">
				<source node="musk-7-75" port="out" />
				<sink node="musk-7-76" port="in" />
			</connection>

			
			<connection id="sewer-con-7-76">
				<source node="musk-7-76" port="out" />
				<sink node="musk-7-77" port="in" />
			</connection>

			
			<connection id="sewer-con-7-77">
				<source node="musk-7-77" port="out" />
				<sink node="musk-7-78" port="in" />
			</connection>

			
			<connection id="sewer-con-7-78">
				<source node="musk-7-78" port="out" />
				<sink node="musk-7-79" port="in" />
			</connection>

			
			<connection id="sewer-con-7-79">
				<source node="musk-7-79" port="out" />
				<sink node="musk-7-80" port="in" />
			</connection>

			
			<connection id="sewer-con-7-80">
				<source node="musk-7-80" port="out" />
				<sink node="musk-7-81" port="in" />
			</connection>

			
			<connection id="sewer-con-7-81">
				<source node="musk-7-81" port="out" />
				<sink node="musk-7-82" port="in" />
			</connection>

			
			<connection id="sewer-con-7-82">
				<source node="musk-7-82" port="out" />
				<sink node="musk-7-83" port="in" />
			</connection>

			
			<connection id="sewer-con-7-83">
				<source node="musk-7-83" port="out" />
				<sink node="musk-7-84" port="in" />
			</connection>

			
			<connection id="sewer-con-7-84">
				<source node="musk-7-84" port="out" />
				<sink node="musk-7-85" port="in" />
			</connection>

			
			<connection id="sewer-con-7-85">
				<source node="musk-7-85" port="out" />
				<sink node="musk-7-86" port="in" />
			</connection>

			
			<connection id="sewer-con-7-86">
				<source node="musk-7-86" port="out" />
				<sink node="musk-7-87" port="in" />
			</connection>

			
			<connection id="sewer-con-7-87">
				<source node="musk-7-87" port="out" />
				<sink node="musk-7-88" port="in" />
			</connection>

			
			<connection id="sewer-con-7-88">
				<source node="musk-7-88" port="out" />
				<sink node="musk-7-89" port="in" />
			</connection>

			
			<connection id="sewer-con-7-89">
				<source node="musk-7-89" port="out" />
				<sink node="musk-7-90" port="in" />
			</connection>

			
			<connection id="sewer-con-7-90">
				<source node="musk-7-90" port="out" />
				<sink node="musk-7-91" port="in" />
			</connection>

			
			<connection id="sewer-con-7-91">
				<source node="musk-7-91" port="out" />
				<sink node="musk-7-92" port="in" />
			</connection>

			
			<connection id="sewer-con-7-92">
				<source node="musk-7-92" port="out" />
				<sink node="musk-7-93" port="in" />
			</connection>

			
			<connection id="sewer-con-7-93">
				<source node="musk-7-93" port="out" />
				<sink node="musk-7-94" port="in" />
			</connection>

			
			<connection id="sewer-con-7-94">
				<source node="musk-7-94" port="out" />
				<sink node="musk-7-95" port="in" />
			</connection>

			
			<connection id="sewer-con-7-95">
				<source node="musk-7-95" port="out" />
				<sink node="musk-7-96" port="in" />
			</connection>

			
			<connection id="sewer-con-7-96">
				<source node="musk-7-96" port="out" />
				<sink node="musk-7-97" port="in" />
			</connection>

			
			<connection id="sewer-con-7-97">
				<source node="musk-7-97" port="out" />
				<sink node="musk-7-98" port="in" />
			</connection>

			
			<connection id="sewer-con-7-98">
				<source node="musk-7-98" port="out" />
				<sink node="musk-7-99" port="in" />
			</connection>


			<connection id="sewer-mixer-7">
				<source node="musk-7-99" port="out" />
				<sink	node="mixer" port="inputs[7]" />
			</connection>


			<connection id="const-sewer-8">
				<source node="constsource-8" port="out" />
				<sink	node="musk-8-0" port="in" />
			</connection>

			
			<connection id="sewer-con-8-0">
				<source node="musk-8-0" port="out" />
				<sink node="musk-8-1" port="in" />
			</connection>

			
			<connection id="sewer-con-8-1">
				<source node="musk-8-1" port="out" />
				<sink node="musk-8-2" port="in" />
			</connection>

			
			<connection id="sewer-con-8-2">
				<source node="musk-8-2" port="out" />
				<sink node="musk-8-3" port="in" />
			</connection>

			
			<connection id="sewer-con-8-3">
				<source node="musk-8-3" port="out" />
				<sink node="musk-8-4" port="in" />
			</connection>

			
			<connection id="sewer-con-8-4">
				<source node="musk-8-4" port="out" />
				<sink node="musk-8-5" port="in" />
			</connection>

			
			<connection id="sewer-con-8-5">
				<source node="musk-8-5" port="out" />
				<sink node="musk-8-6" port="in" />
			</connection>

			
			<connection id="sewer-con-8-6">
				<source node="musk-8-6" port="out" />
				<sink node="musk-8-7" port="in" />
			</connection>

			
			<connection id="sewer-con-8-7">
				<source node="musk-8-7" port="out" />
				<sink node="musk-8-8" port="in" />
			</connection>

			
			<connection id="sewer-con-8-8">
				<source node="musk-8-8" port="out" />
				<sink node="musk-8-9" port="in" />
			</connection>

			
			<connection id="sewer-con-8-9">
				<source node="musk-8-9" port="out" />
				<sink node="musk-8-10" port="in" />
			</connection>

			
			<connection id="sewer-con-8-10">
				<source node="musk-8-10" port="out" />
				<sink node="musk-8-11" port="in" />
			</connection>

			
			<connection id="sewer-con-8-11">
				<source node="musk-8-11" port="out" />
				<sink node="musk-8-12" port="in" />
			</connection>

			
			<connection id="sewer-con-8-12">
				<source node="musk-8-12" port="out" />
				<sink node="musk-8-13" port="in" />
			</connection>

			
			<connection id="sewer-con-8-13">
				<source node="musk-8-13" port="out" />
				<sink node="musk-8-14" port="in" />
			</connection>

			
			<connection id="sewer-con-8-14">
				<source node="musk-8-14" port="out" />
				<sink node="musk-8-15" port="in" />
			</connection>

			
			<connection id="sewer-con-8-15">
				<source node="musk-8-15" port="out" />
				<sink node="musk-8-16" port="in" />
			</connection>

			
			<connection id="sewer-con-8-16">
				<source node="musk-8-16" port="out" />
				<sink node="musk-8-17" port="in" />
			</connection>

			
			<connection id="sewer-con-8-17">
				<source node="musk-8-17" port="out" />
				<sink node="musk-8-18" port="in" />
			</connection>

			
			<connection id="sewer-con-8-18">
				<source node="musk-8-18" port="out" />
				<sink node="musk-8-19" port="in" />
			</connection>

			
			<connection id="sewer-con-8-19">
				<source node="musk-8-19" port="out" />
				<sink node="musk-8-20" port="in" />
			</connection>

			
			<connection id="sewer-con-8-20">
				<source node="musk-8-20" port="out" />
				<sink node="musk-8-21" port="in" />
			</connection>

			
			<connection id="sewer-con-8-21">
				<source node="musk-8-21" port="out" />
				<sink node="musk-8-22" port="in" />
			</connection>

			
			<connection id="sewer-con-8-22">
				<source node="musk-8-22" port="out" />
				<sink node="musk-8-23" port="in" />
			</connection>

			
			<connection id="sewer-con-8-23">
				<source node="musk-8-23" port="out" />
				<sink node="musk-8-24" port="in" />
			</connection>

			
			<connection id="sewer-con-8-24">
				<source node="musk-8-24" port="out" />
				<sink node="musk-8-25" port="in" />
			</connection>

			
			<connection id="sewer-con-8-25">
				<source node="musk-8-25" port="out" />
				<sink node="musk-8-26" port="in" />
			</connection>

			
			<connection id="sewer-con-8-26">
				<source node="musk-8-26" port="out" />
				<sink node="musk-8-27" port="in" />
			</connection>

			
			<connection id="sewer-con-8-27">
				<source node="musk-8-27" port="out" />
				<sink node="musk-8-28" port="in" />
			</connection>

			
			<connection id="sewer-con-8-28">
				<source node="musk-8-28" port="out" />
				<sink node="musk-8-29" port="in" />
			</connection>

			
			<connection id="sewer-con-8-29">
				<source node="musk-8-29" port="out" />
				<sink node="musk-8-30" port="in" />
			</connection>

			
			<connection id="sewer-con-8-30">
				<source node="musk-8-30" port="out" />
				<sink node="musk-8-31" port="in" />
			</connection>

			
			<connection id="sewer-con-8-31">
				<source node="musk-8-31" port="out" />
				<sink node="musk-8-32" port="in" />
			</connection>

			
			<connection id="sewer-con-8-32">
				<source node="musk-8-32" port="out" />
				<sink node="musk-8-33" port="in" />
			</connection>

			
			<connection id="sewer-con-8-33">
				<source node="musk-8-33" port="out" />
				<sink node="musk-8-34" port="in" />
			</connection>

			
			<connection id="sewer-con-8-34">
				<source node="musk-8-34" port="out" />
				<sink node="musk-8-35" port="in" />
			</connection>

			
			<connection id="sewer-con-8-35">
				<source node="musk-8-35" port="out" />
				<sink node="musk-8-36" port="in" />
			</connection>

			
			<connection id="sewer-con-8-36">
				<source node="musk-8-36" port="out" />
				<sink node="musk-8-37" port="in" />
			</connection>

			
			<connection id="sewer-con-8-37">
				<source node="musk-8-37" port="out" />
				<sink node="musk-8-38" port="in" />
			</connection>

			
			<connection id="sewer-con-8-38">
				<source node="musk-8-38" port="out" />
				<sink node="musk-8-39" port="in" />
			</connection>

			
			<connection id="sewer-con-8-39">
				<source node="musk-8-39" port="out" />
				<sink node="musk-8-40" port="in" />
			</connection>

			
			<connection id="sewer-con-8-40">
				<source node="musk-8-40" port="out" />
				<sink node="musk-8-41" port="in" />
			</connection>

			
			<connection id="sewer-con-8-41">
				<source node="musk-8-41" port="out" />
				<sink node="musk-8-42" port="in" />
			</connection>

			
			<connection id="sewer-con-8-42">
				<source node="musk-8-42" port="out" />
				<sink node="musk-8-43" port="in" />
			</connection>

			
			<connection id="sewer-con-8-43">
				<source node="musk-8-43" port="out" />
				<sink node="musk-8-44" port="in" />
			</connection>

			
			<connection id="sewer-con-8-44">
				<source node="musk-8-44" port="out" />
				<sink node="musk-8-45" port="in" />
			</connection>

			
			<connection id="sewer-con-8-45">
				<source node="musk-8-45" port="out" />
				<sink node="musk-8-46" port="in" />
			</connection>

			
			<connection id="sewer-con-8-46">
				<source node="musk-8-46" port="out" />
				<sink node="musk-8-47" port="in" />
			</connection>

			
			<connection id="sewer-con-8-47">
				<source node="musk-8-47" port="out" />
				<sink node="musk-8-48" port="in" />
			</connection>

			
			<connection id="sewer-con-8-48">
				<source node="musk-8-48" port="out" />
				<sink node="musk-8-49" port="in" />
			</connection>

			
			<connection id="sewer-con-8-49">
				<source node="musk-8-49" port="out" />
				<sink node="musk-8-50" port="in" />
			</connection>

			
			<connection id="sewer-con-8-50">
				<source node="musk-8-50" port="out" />
				<sink node="musk-8-51" port="in" />
			</connection>

			
			<connection id="sewer-con-8-51">
				<source node="musk-8-51" port="out" />
				<sink node="musk-8-52" port="in" />
			</connection>

			
			<connection id="sewer-con-8-52">
				<source node="musk-8-52" port="out" />
				<sink node="musk-8-53" port="in" />
			</connection>

			
			<connection id="sewer-con-8-53">
				<source node="musk-8-53" port="out" />
				<sink node="musk-8-54" port="in" />
			</connection>

			
			<connection id="sewer-con-8-54">
				<source node="musk-8-54" port="out" />
				<sink node="musk-8-55" port="in" />
			</connection>

			
			<connection id="sewer-con-8-55">
				<source node="musk-8-55" port="out" />
				<sink node="musk-8-56" port="in" />
			</connection>

			
			<connection id="sewer-con-8-56">
				<source node="musk-8-56" port="out" />
				<sink node="musk-8-57" port="in" />
			</connection>

			
			<connection id="sewer-con-8-57">
				<source node="musk-8-57" port="out" />
				<sink node="musk-8-58" port="in" />
			</connection>

			
			<connection id="sewer-con-8-58">
				<source node="musk-8-58" port="out" />
				<sink node="musk-8-59" port="in" />
			</connection>

			
			<connection id="sewer-con-8-59">
				<source node="musk-8-59" port="out" />
				<sink node="musk-8-60" port="in" />
			</connection>

			
			<connection id="sewer-con-8-60">
				<source node="musk-8-60" port="out" />
				<sink node="musk-8-61" port="in" />
			</connection>

			
			<connection id="sewer-con-8-61">
				<source node="musk-8-61" port="out" />
				<sink node="musk-8-62" port="in" />
			</connection>

			
			<connection id="sewer-con-8-62">
				<source node="musk-8-62" port="out" />
				<sink node="musk-8-63" port="in" />
			</connection>

			
			<connection id="sewer-con-8-63">
				<source node="musk-8-63" port="out" />
				<sink node="musk-8-64" port="in" />
			</connection>

			
			<connection id="sewer-con-8-64">
				<source node="musk-8-64" port="out" />
				<sink node="musk-8-65" port="in" />
			</connection>

			
			<connection id="sewer-con-8-65">
				<source node="musk-8-65" port="out" />
				<sink node="musk-8-66" port="in" />
			</connection>

			
			<connection id="sewer-con-8-66">
				<source node="musk-8-66" port="out" />
				<sink node="musk-8-67" port="in" />
			</connection>

			
			<connection id="sewer-con-8-67">
				<source node="musk-8-67" port="out" />
				<sink node="musk-8-68" port="in" />
			</connection>

			
			<connection id="sewer-con-8-68">
				<source node="musk-8-68" port="out" />
				<sink node="musk-8-69" port="in" />
			</connection>

			
			<connection id="sewer-con-8-69">
				<source node="musk-8-69" port="out" />
				<sink node="musk-8-70" port="in" />
			</connection>

			
			<connection id="sewer-con-8-70">
				<source node="musk-8-70" port="out" />
				<sink node="musk-8-71" port="in" />
			</connection>

			
			<connection id="sewer-con-8-71">
				<source node="musk-8-71" port="out" />
				<sink node="musk-8-72" port="in" />
			</connection>

			
			<connection id="sewer-con-8-72">
				<source node="musk-8-72" port="out" />
				<sink node="musk-8-73" port="in" />
			</connection>

			
			<connection id="sewer-con-8-73">
				<source node="musk-8-73" port="out" />
				<sink node="musk-8-74" port="in" />
			</connection>

			
			<connection id="sewer-con-8-74">
				<source node="musk-8-74" port="out" />
				<sink node="musk-8-75" port="in" />
			</connection>

			
			<connection id="sewer-con-8-75">
				<source node="musk-8-75" port="out" />
				<sink node="musk-8-76" port="in" />
			</connection>

			
			<connection id="sewer-con-8-76">
				<source node="musk-8-76" port="out" />
				<sink node="musk-8-77" port="in" />
			</connection>

			
			<connection id="sewer-con-8-77">
				<source node="musk-8-77" port="out" />
				<sink node="musk-8-78" port="in" />
			</connection>

			
			<connection id="sewer-con-8-78">
				<source node="musk-8-78" port="out" />
				<sink node="musk-8-79" port="in" />
			</connection>

			
			<connection id="sewer-con-8-79">
				<source node="musk-8-79" port="out" />
				<sink node="musk-8-80" port="in" />
			</connection>

			
			<connection id="sewer-con-8-80">
				<source node="musk-8-80" port="out" />
				<sink node="musk-8-81" port="in" />
			</connection>

			
			<connection id="sewer-con-8-81">
				<source node="musk-8-81" port="out" />
				<sink node="musk-8-82" port="in" />
			</connection>

			
			<connection id="sewer-con-8-82">
				<source node="musk-8-82" port="out" />
				<sink node="musk-8-83" port="in" />
			</connection>

			
			<connection id="sewer-con-8-83">
				<source node="musk-8-83" port="out" />
				<sink node="musk-8-84" port="in" />
			</connection>

			
			<connection id="sewer-con-8-84">
				<source node="musk-8-84" port="out" />
				<sink node="musk-8-85" port="in" />
			</connection>

			
			<connection id="sewer-con-8-85">
				<source node="musk-8-85" port="out" />
				<sink node="musk-8-86" port="in" />
			</connection>

			
			<connection id="sewer-con-8-86">
				<source node="musk-8-86" port="out" />
				<sink node="musk-8-87" port="in" />
			</connection>

			
			<connection id="sewer-con-8-87">
				<source node="musk-8-87" port="out" />
				<sink node="musk-8-88" port="in" />
			</connection>

			
			<connection id="sewer-con-8-88">
				<source node="musk-8-88" port="out" />
				<sink node="musk-8-89" port="in" />
			</connection>

			
			<connection id="sewer-con-8-89">
				<source node="musk-8-89" port="out" />
				<sink node="musk-8-90" port="in" />
			</connection>

			
			<connection id="sewer-con-8-90">
				<source node="musk-8-90" port="out" />
				<sink node="musk-8-91" port="in" />
			</connection>

			
			<connection id="sewer-con-8-91">
				<source node="musk-8-91" port="out" />
				<sink node="musk-8-92" port="in" />
			</connection>

			
			<connection id="sewer-con-8-92">
				<source node="musk-8-92" port="out" />
				<sink node="musk-8-93" port="in" />
			</connection>

			
			<connection id="sewer-con-8-93">
				<source node="musk-8-93" port="out" />
				<sink node="musk-8-94" port="in" />
			</connection>

			
			<connection id="sewer-con-8-94">
				<source node="musk-8-94" port="out" />
				<sink node="musk-8-95" port="in" />
			</connection>

			
			<connection id="sewer-con-8-95">
				<source node="musk-8-95" port="out" />
				<sink node="musk-8-96" port="in" />
			</connection>

			
			<connection id="sewer-con-8-96">
				<source node="musk-8-96" port="out" />
				<sink node="musk-8-97" port="in" />
			</connection>

			
			<connection id="sewer-con-8-97">
				<source node="musk-8-97" port="out" />
				<sink node="musk-8-98" port="in" />
			</connection>

			
			<connection id="sewer-con-8-98">
				<source node="musk-8-98" port="out" />
				<sink node="musk-8-99" port="in" />
			</connection>


			<connection id="sewer-mixer-8">
				<source node="musk-8-99" port="out" />
				<sink	node="mixer" port="inputs[8]" />
			</connection>


			<connection id="const-sewer-9">
				<source node="constsource-9" port="out" />
				<sink	node="musk-9-0" port="in" />
			</connection>

			
			<connection id="sewer-con-9-0">
				<source node="musk-9-0" port="out" />
				<sink node="musk-9-1" port="in" />
			</connection>

			
			<connection id="sewer-con-9-1">
				<source node="musk-9-1" port="out" />
				<sink node="musk-9-2" port="in" />
			</connection>

			
			<connection id="sewer-con-9-2">
				<source node="musk-9-2" port="out" />
				<sink node="musk-9-3" port="in" />
			</connection>

			
			<connection id="sewer-con-9-3">
				<source node="musk-9-3" port="out" />
				<sink node="musk-9-4" port="in" />
			</connection>

			
			<connection id="sewer-con-9-4">
				<source node="musk-9-4" port="out" />
				<sink node="musk-9-5" port="in" />
			</connection>

			
			<connection id="sewer-con-9-5">
				<source node="musk-9-5" port="out" />
				<sink node="musk-9-6" port="in" />
			</connection>

			
			<connection id="sewer-con-9-6">
				<source node="musk-9-6" port="out" />
				<sink node="musk-9-7" port="in" />
			</connection>

			
			<connection id="sewer-con-9-7">
				<source node="musk-9-7" port="out" />
				<sink node="musk-9-8" port="in" />
			</connection>

			
			<connection id="sewer-con-9-8">
				<source node="musk-9-8" port="out" />
				<sink node="musk-9-9" port="in" />
			</connection>

			
			<connection id="sewer-con-9-9">
				<source node="musk-9-9" port="out" />
				<sink node="musk-9-10" port="in" />
			</connection>

			
			<connection id="sewer-con-9-10">
				<source node="musk-9-10" port="out" />
				<sink node="musk-9-11" port="in" />
			</connection>

			
			<connection id="sewer-con-9-11">
				<source node="musk-9-11" port="out" />
				<sink node="musk-9-12" port="in" />
			</connection>

			
			<connection id="sewer-con-9-12">
				<source node="musk-9-12" port="out" />
				<sink node="musk-9-13" port="in" />
			</connection>

			
			<connection id="sewer-con-9-13">
				<source node="musk-9-13" port="out" />
				<sink node="musk-9-14" port="in" />
			</connection>

			
			<connection id="sewer-con-9-14">
				<source node="musk-9-14" port="out" />
				<sink node="musk-9-15" port="in" />
			</connection>

			
			<connection id="sewer-con-9-15">
				<source node="musk-9-15" port="out" />
				<sink node="musk-9-16" port="in" />
			</connection>

			
			<connection id="sewer-con-9-16">
				<source node="musk-9-16" port="out" />
				<sink node="musk-9-17" port="in" />
			</connection>

			
			<connection id="sewer-con-9-17">
				<source node="musk-9-17" port="out" />
				<sink node="musk-9-18" port="in" />
			</connection>

			
			<connection id="sewer-con-9-18">
				<source node="musk-9-18" port="out" />
				<sink node="musk-9-19" port="in" />
			</connection>

			
			<connection id="sewer-con-9-19">
				<source node="musk-9-19" port="out" />
				<sink node="musk-9-20" port="in" />
			</connection>

			
			<connection id="sewer-con-9-20">
				<source node="musk-9-20" port="out" />
				<sink node="musk-9-21" port="in" />
			</connection>

			
			<connection id="sewer-con-9-21">
				<source node="musk-9-21" port="out" />
				<sink node="musk-9-22" port="in" />
			</connection>

			
			<connection id="sewer-con-9-22">
				<source node="musk-9-22" port="out" />
				<sink node="musk-9-23" port="in" />
			</connection>

			
			<connection id="sewer-con-9-23">
				<source node="musk-9-23" port="out" />
				<sink node="musk-9-24" port="in" />
			</connection>

			
			<connection id="sewer-con-9-24">
				<source node="musk-9-24" port="out" />
				<sink node="musk-9-25" port="in" />
			</connection>

			
			<connection id="sewer-con-9-25">
				<source node="musk-9-25" port="out" />
				<sink node="musk-9-26" port="in" />
			</connection>

			
			<connection id="sewer-con-9-26">
				<source node="musk-9-26" port="out" />
				<sink node="musk-9-27" port="in" />
			</connection>

			
			<connection id="sewer-con-9-27">
				<source node="musk-9-27" port="out" />
				<sink node="musk-9-28" port="in" />
			</connection>

			
			<connection id="sewer-con-9-28">
				<source node="musk-9-28" port="out" />
				<sink node="musk-9-29" port="in" />
			</connection>

			
			<connection id="sewer-con-9-29">
				<source node="musk-9-29" port="out" />
				<sink node="musk-9-30" port="in" />
			</connection>

			
			<connection id="sewer-con-9-30">
				<source node="musk-9-30" port="out" />
				<sink node="musk-9-31" port="in" />
			</connection>

			
			<connection id="sewer-con-9-31">
				<source node="musk-9-31" port="out" />
				<sink node="musk-9-32" port="in" />
			</connection>

			
			<connection id="sewer-con-9-32">
				<source node="musk-9-32" port="out" />
				<sink node="musk-9-33" port="in" />
			</connection>

			
			<connection id="sewer-con-9-33">
				<source node="musk-9-33" port="out" />
				<sink node="musk-9-34" port="in" />
			</connection>

			
			<connection id="sewer-con-9-34">
				<source node="musk-9-34" port="out" />
				<sink node="musk-9-35" port="in" />
			</connection>

			
			<connection id="sewer-con-9-35">
				<source node="musk-9-35" port="out" />
				<sink node="musk-9-36" port="in" />
			</connection>

			
			<connection id="sewer-con-9-36">
				<source node="musk-9-36" port="out" />
				<sink node="musk-9-37" port="in" />
			</connection>

			
			<connection id="sewer-con-9-37">
				<source node="musk-9-37" port="out" />
				<sink node="musk-9-38" port="in" />
			</connection>

			
			<connection id="sewer-con-9-38">
				<source node="musk-9-38" port="out" />
				<sink node="musk-9-39" port="in" />
			</connection>

			
			<connection id="sewer-con-9-39">
				<source node="musk-9-39" port="out" />
				<sink node="musk-9-40" port="in" />
			</connection>

			
			<connection id="sewer-con-9-40">
				<source node="musk-9-40" port="out" />
				<sink node="musk-9-41" port="in" />
			</connection>

			
			<connection id="sewer-con-9-41">
				<source node="musk-9-41" port="out" />
				<sink node="musk-9-42" port="in" />
			</connection>

			
			<connection id="sewer-con-9-42">
				<source node="musk-9-42" port="out" />
				<sink node="musk-9-43" port="in" />
			</connection>

			
			<connection id="sewer-con-9-43">
				<source node="musk-9-43" port="out" />
				<sink node="musk-9-44" port="in" />
			</connection>

			
			<connection id="sewer-con-9-44">
				<source node="musk-9-44" port="out" />
				<sink node="musk-9-45" port="in" />
			</connection>

			
			<connection id="sewer-con-9-45">
				<source node="musk-9-45" port="out" />
				<sink node="musk-9-46" port="in" />
			</connection>

			
			<connection id="sewer-con-9-46">
				<source node="musk-9-46" port="out" />
				<sink node="musk-9-47" port="in" />
			</connection>

			
			<connection id="sewer-con-9-47">
				<source node="musk-9-47" port="out" />
				<sink node="musk-9-48" port="in" />
			</connection>

			
			<connection id="sewer-con-9-48">
				<source node="musk-9-48" port="out" />
				<sink node="musk-9-49" port="in" />
			</connection>

			
			<connection id="sewer-con-9-49">
				<source node="musk-9-49" port="out" />
				<sink node="musk-9-50" port="in" />
			</connection>

			
			<connection id="sewer-con-9-50">
				<source node="musk-9-50" port="out" />
				<sink node="musk-9-51" port="in" />
			</connection>

			
			<connection id="sewer-con-9-51">
				<source node="musk-9-51" port="out" />
				<sink node="musk-9-52" port="in" />
			</connection>

			
			<connection id="sewer-con-9-52">
				<source node="musk-9-52" port="out" />
				<sink node="musk-9-53" port="in" />
			</connection>

			
			<connection id="sewer-con-9-53">
				<source node="musk-9-53" port="out" />
				<sink node="musk-9-54" port="in" />
			</connection>

			
			<connection id="sewer-con-9-54">
				<source node="musk-9-54" port="out" />
				<sink node="musk-9-55" port="in" />
			</connection>

			
			<connection id="sewer-con-9-55">
				<source node="musk-9-55" port="out" />
				<sink node="musk-9-56" port="in" />
			</connection>

			
			<connection id="sewer-con-9-56">
				<source node="musk-9-56" port="out" />
				<sink node="musk-9-57" port="in" />
			</connection>

			
			<connection id="sewer-con-9-57">
				<source node="musk-9-57" port="out" />
				<sink node="musk-9-58" port="in" />
			</connection>

			
			<connection id="sewer-con-9-58">
				<source node="musk-9-58" port="out" />
				<sink node="musk-9-59" port="in" />
			</connection>

			
			<connection id="sewer-con-9-59">
				<source node="musk-9-59" port="out" />
				<sink node="musk-9-60" port="in" />
			</connection>

			
			<connection id="sewer-con-9-60">
				<source node="musk-9-60" port="out" />
				<sink node="musk-9-61" port="in" />
			</connection>

			
			<connection id="sewer-con-9-61">
				<source node="musk-9-61" port="out" />
				<sink node="musk-9-62" port="in" />
			</connection>

			
			<connection id="sewer-con-9-62">
				<source node="musk-9-62" port="out" />
				<sink node="musk-9-63" port="in" />
			</connection>

			
			<connection id="sewer-con-9-63">
				<source node="musk-9-63" port="out" />
				<sink node="musk-9-64" port="in" />
			</connection>

			
			<connection id="sewer-con-9-64">
				<source node="musk-9-64" port="out" />
				<sink node="musk-9-65" port="in" />
			</connection>

			
			<connection id="sewer-con-9-65">
				<source node="musk-9-65" port="out" />
				<sink node="musk-9-66" port="in" />
			</connection>

			
			<connection id="sewer-con-9-66">
				<source node="musk-9-66" port="out" />
				<sink node="musk-9-67" port="in" />
			</connection>

			
			<connection id="sewer-con-9-67">
				<source node="musk-9-67" port="out" />
				<sink node="musk-9-68" port="in" />
			</connection>

			
			<connection id="sewer-con-9-68">
				<source node="musk-9-68" port="out" />
				<sink node="musk-9-69" port="in" />
			</connection>

			
			<connection id="sewer-con-9-69">
				<source node="musk-9-69" port="out" />
				<sink node="musk-9-70" port="in" />
			</connection>

			
			<connection id="sewer-con-9-70">
				<source node="musk-9-70" port="out" />
				<sink node="musk-9-71" port="in" />
			</connection>

			
			<connection id="sewer-con-9-71">
				<source node="musk-9-71" port="out" />
				<sink node="musk-9-72" port="in" />
			</connection>

			
			<connection id="sewer-con-9-72">
				<source node="musk-9-72" port="out" />
				<sink node="musk-9-73" port="in" />
			</connection>

			
			<connection id="sewer-con-9-73">
				<source node="musk-9-73" port="out" />
				<sink node="musk-9-74" port="in" />
			</connection>

			
			<connection id="sewer-con-9-74">
				<source node="musk-9-74" port="out" />
				<sink node="musk-9-75" port="in" />
			</connection>

			
			<connection id="sewer-con-9-75">
				<source node="musk-9-75" port="out" />
				<sink node="musk-9-76" port="in" />
			</connection>

			
			<connection id="sewer-con-9-76">
				<source node="musk-9-76" port="out" />
				<sink node="musk-9-77" port="in" />
			</connection>

			
			<connection id="sewer-con-9-77">
				<source node="musk-9-77" port="out" />
				<sink node="musk-9-78" port="in" />
			</connection>

			
			<connection id="sewer-con-9-78">
				<source node="musk-9-78" port="out" />
				<sink node="musk-9-79" port="in" />
			</connection>

			
			<connection id="sewer-con-9-79">
				<source node="musk-9-79" port="out" />
				<sink node="musk-9-80" port="in" />
			</connection>

			
			<connection id="sewer-con-9-80">
				<source node="musk-9-80" port="out" />
				<sink node="musk-9-81" port="in" />
			</connection>

			
			<connection id="sewer-con-9-81">
				<source node="musk-9-81" port="out" />
				<sink node="musk-9-82" port="in" />
			</connection>

			
			<connection id="sewer-con-9-82">
				<source node="musk-9-82" port="out" />
				<sink node="musk-9-83" port="in" />
			</connection>

			
			<connection id="sewer-con-9-83">
				<source node="musk-9-83" port="out" />
				<sink node="musk-9-84" port="in" />
			</connection>

			
			<connection id="sewer-con-9-84">
				<source node="musk-9-84" port="out" />
				<sink node="musk-9-85" port="in" />
			</connection>

			
			<connection id="sewer-con-9-85">
				<source node="musk-9-85" port="out" />
				<sink node="musk-9-86" port="in" />
			</connection>

			
			<connection id="sewer-con-9-86">
				<source node="musk-9-86" port="out" />
				<sink node="musk-9-87" port="in" />
			</connection>

			
			<connection id="sewer-con-9-87">
				<source node="musk-9-87" port="out" />
				<sink node="musk-9-88" port="in" />
			</connection>

			
			<connection id="sewer-con-9-88">
				<source node="musk-9-88" port="out" />
				<sink node="musk-9-89" port="in" />
			</connection>

			
			<connection id="sewer-con-9-89">
				<source node="musk-9-89" port="out" />
				<sink node="musk-9-90" port="in" />
			</connection>

			
			<connection id="sewer-con-9-90">
				<source node="musk-9-90" port="out" />
				<sink node="musk-9-91" port="in" />
			</connection>

			
			<connection id="sewer-con-9-91">
				<source node="musk-9-91" port="out" />
				<sink node="musk-9-92" port="in" />
			</connection>

			
			<connection id="sewer-con-9-92">
				<source node="musk-9-92" port="out" />
				<sink node="musk-9-93" port="in" />
			</connection>

			
			<connection id="sewer-con-9-93">
				<source node="musk-9-93" port="out" />
				<sink node="musk-9-94" port="in" />
			</connection>

			
			<connection id="sewer-con-9-94">
				<source node="musk-9-94" port="out" />
				<sink node="musk-9-95" port="in" />
			</connection>

			
			<connection id="sewer-con-9-95">
				<source node="musk-9-95" port="out" />
				<sink node="musk-9-96" port="in" />
			</connection>

			
			<connection id="sewer-con-9-96">
				<source node="musk-9-96" port="out" />
				<sink node="musk-9-97" port="in" />
			</connection>

			
			<connection id="sewer-con-9-97">
				<source node="musk-9-97" port="out" />
				<sink node="musk-9-98" port="in" />
			</connection>

			
			<connection id="sewer-con-9-98">
				<source node="musk-9-98" port="out" />
				<sink node="musk-9-99" port="in" />
			</connection>


			<connection id="sewer-mixer-9">
				<source node="musk-9-99" port="out" />
				<sink	node="mixer" port="inputs[9]" />
			</connection>


			<connection id="const-sewer-10">
				<source node="constsource-10" port="out" />
				<sink	node="musk-10-0" port="in" />
			</connection>

			
			<connection id="sewer-con-10-0">
				<source node="musk-10-0" port="out" />
				<sink node="musk-10-1" port="in" />
			</connection>

			
			<connection id="sewer-con-10-1">
				<source node="musk-10-1" port="out" />
				<sink node="musk-10-2" port="in" />
			</connection>

			
			<connection id="sewer-con-10-2">
				<source node="musk-10-2" port="out" />
				<sink node="musk-10-3" port="in" />
			</connection>

			
			<connection id="sewer-con-10-3">
				<source node="musk-10-3" port="out" />
				<sink node="musk-10-4" port="in" />
			</connection>

			
			<connection id="sewer-con-10-4">
				<source node="musk-10-4" port="out" />
				<sink node="musk-10-5" port="in" />
			</connection>

			
			<connection id="sewer-con-10-5">
				<source node="musk-10-5" port="out" />
				<sink node="musk-10-6" port="in" />
			</connection>

			
			<connection id="sewer-con-10-6">
				<source node="musk-10-6" port="out" />
				<sink node="musk-10-7" port="in" />
			</connection>

			
			<connection id="sewer-con-10-7">
				<source node="musk-10-7" port="out" />
				<sink node="musk-10-8" port="in" />
			</connection>

			
			<connection id="sewer-con-10-8">
				<source node="musk-10-8" port="out" />
				<sink node="musk-10-9" port="in" />
			</connection>

			
			<connection id="sewer-con-10-9">
				<source node="musk-10-9" port="out" />
				<sink node="musk-10-10" port="in" />
			</connection>

			
			<connection id="sewer-con-10-10">
				<source node="musk-10-10" port="out" />
				<sink node="musk-10-11" port="in" />
			</connection>

			
			<connection id="sewer-con-10-11">
				<source node="musk-10-11" port="out" />
				<sink node="musk-10-12" port="in" />
			</connection>

			
			<connection id="sewer-con-10-12">
				<source node="musk-10-12" port="out" />
				<sink node="musk-10-13" port="in" />
			</connection>

			
			<connection id="sewer-con-10-13">
				<source node="musk-10-13" port="out" />
				<sink node="musk-10-14" port="in" />
			</connection>

			
			<connection id="sewer-con-10-14">
				<source node="musk-10-14" port="out" />
				<sink node="musk-10-15" port="in" />
			</connection>

			
			<connection id="sewer-con-10-15">
				<source node="musk-10-15" port="out" />
				<sink node="musk-10-16" port="in" />
			</connection>

			
			<connection id="sewer-con-10-16">
				<source node="musk-10-16" port="out" />
				<sink node="musk-10-17" port="in" />
			</connection>

			
			<connection id="sewer-con-10-17">
				<source node="musk-10-17" port="out" />
				<sink node="musk-10-18" port="in" />
			</connection>

			
			<connection id="sewer-con-10-18">
				<source node="musk-10-18" port="out" />
				<sink node="musk-10-19" port="in" />
			</connection>

			
			<connection id="sewer-con-10-19">
				<source node="musk-10-19" port="out" />
				<sink node="musk-10-20" port="in" />
			</connection>

			
			<connection id="sewer-con-10-20">
				<source node="musk-10-20" port="out" />
				<sink node="musk-10-21" port="in" />
			</connection>

			
			<connection id="sewer-con-10-21">
				<source node="musk-10-21" port="out" />
				<sink node="musk-10-22" port="in" />
			</connection>

			
			<connection id="sewer-con-10-22">
				<source node="musk-10-22" port="out" />
				<sink node="musk-10-23" port="in" />
			</connection>

			
			<connection id="sewer-con-10-23">
				<source node="musk-10-23" port="out" />
				<sink node="musk-10-24" port="in" />
			</connection>

			
			<connection id="sewer-con-10-24">
				<source node="musk-10-24" port="out" />
				<sink node="musk-10-25" port="in" />
			</connection>

			
			<connection id="sewer-con-10-25">
				<source node="musk-10-25" port="out" />
				<sink node="musk-10-26" port="in" />
			</connection>

			
			<connection id="sewer-con-10-26">
				<source node="musk-10-26" port="out" />
				<sink node="musk-10-27" port="in" />
			</connection>

			
			<connection id="sewer-con-10-27">
				<source node="musk-10-27" port="out" />
				<sink node="musk-10-28" port="in" />
			</connection>

			
			<connection id="sewer-con-10-28">
				<source node="musk-10-28" port="out" />
				<sink node="musk-10-29" port="in" />
			</connection>

			
			<connection id="sewer-con-10-29">
				<source node="musk-10-29" port="out" />
				<sink node="musk-10-30" port="in" />
			</connection>

			
			<connection id="sewer-con-10-30">
				<source node="musk-10-30" port="out" />
				<sink node="musk-10-31" port="in" />
			</connection>

			
			<connection id="sewer-con-10-31">
				<source node="musk-10-31" port="out" />
				<sink node="musk-10-32" port="in" />
			</connection>

			
			<connection id="sewer-con-10-32">
				<source node="musk-10-32" port="out" />
				<sink node="musk-10-33" port="in" />
			</connection>

			
			<connection id="sewer-con-10-33">
				<source node="musk-10-33" port="out" />
				<sink node="musk-10-34" port="in" />
			</connection>

			
			<connection id="sewer-con-10-34">
				<source node="musk-10-34" port="out" />
				<sink node="musk-10-35" port="in" />
			</connection>

			
			<connection id="sewer-con-10-35">
				<source node="musk-10-35" port="out" />
				<sink node="musk-10-36" port="in" />
			</connection>

			
			<connection id="sewer-con-10-36">
				<source node="musk-10-36" port="out" />
				<sink node="musk-10-37" port="in" />
			</connection>

			
			<connection id="sewer-con-10-37">
				<source node="musk-10-37" port="out" />
				<sink node="musk-10-38" port="in" />
			</connection>

			
			<connection id="sewer-con-10-38">
				<source node="musk-10-38" port="out" />
				<sink node="musk-10-39" port="in" />
			</connection>

			
			<connection id="sewer-con-10-39">
				<source node="musk-10-39" port="out" />
				<sink node="musk-10-40" port="in" />
			</connection>

			
			<connection id="sewer-con-10-40">
				<source node="musk-10-40" port="out" />
				<sink node="musk-10-41" port="in" />
			</connection>

			
			<connection id="sewer-con-10-41">
				<source node="musk-10-41" port="out" />
				<sink node="musk-10-42" port="in" />
			</connection>

			
			<connection id="sewer-con-10-42">
				<source node="musk-10-42" port="out" />
				<sink node="musk-10-43" port="in" />
			</connection>

			
			<connection id="sewer-con-10-43">
				<source node="musk-10-43" port="out" />
				<sink node="musk-10-44" port="in" />
			</connection>

			
			<connection id="sewer-con-10-44">
				<source node="musk-10-44" port="out" />
				<sink node="musk-10-45" port="in" />
			</connection>

			
			<connection id="sewer-con-10-45">
				<source node="musk-10-45" port="out" />
				<sink node="musk-10-46" port="in" />
			</connection>

			
			<connection id="sewer-con-10-46">
				<source node="musk-10-46" port="out" />
				<sink node="musk-10-47" port="in" />
			</connection>

			
			<connection id="sewer-con-10-47">
				<source node="musk-10-47" port="out" />
				<sink node="musk-10-48" port="in" />
			</connection>

			
			<connection id="sewer-con-10-48">
				<source node="musk-10-48" port="out" />
				<sink node="musk-10-49" port="in" />
			</connection>

			
			<connection id="sewer-con-10-49">
				<source node="musk-10-49" port="out" />
				<sink node="musk-10-50" port="in" />
			</connection>

			
			<connection id="sewer-con-10-50">
				<source node="musk-10-50" port="out" />
				<sink node="musk-10-51" port="in" />
			</connection>

			
			<connection id="sewer-con-10-51">
				<source node="musk-10-51" port="out" />
				<sink node="musk-10-52" port="in" />
			</connection>

			
			<connection id="sewer-con-10-52">
				<source node="musk-10-52" port="out" />
				<sink node="musk-10-53" port="in" />
			</connection>

			
			<connection id="sewer-con-10-53">
				<source node="musk-10-53" port="out" />
				<sink node="musk-10-54" port="in" />
			</connection>

			
			<connection id="sewer-con-10-54">
				<source node="musk-10-54" port="out" />
				<sink node="musk-10-55" port="in" />
			</connection>

			
			<connection id="sewer-con-10-55">
				<source node="musk-10-55" port="out" />
				<sink node="musk-10-56" port="in" />
			</connection>

			
			<connection id="sewer-con-10-56">
				<source node="musk-10-56" port="out" />
				<sink node="musk-10-57" port="in" />
			</connection>

			
			<connection id="sewer-con-10-57">
				<source node="musk-10-57" port="out" />
				<sink node="musk-10-58" port="in" />
			</connection>

			
			<connection id="sewer-con-10-58">
				<source node="musk-10-58" port="out" />
				<sink node="musk-10-59" port="in" />
			</connection>

			
			<connection id="sewer-con-10-59">
				<source node="musk-10-59" port="out" />
				<sink node="musk-10-60" port="in" />
			</connection>

			
			<connection id="sewer-con-10-60">
				<source node="musk-10-60" port="out" />
				<sink node="musk-10-61" port="in" />
			</connection>

			
			<connection id="sewer-con-10-61">
				<source node="musk-10-61" port="out" />
				<sink node="musk-10-62" port="in" />
			</connection>

			
			<connection id="sewer-con-10-62">
				<source node="musk-10-62" port="out" />
				<sink node="musk-10-63" port="in" />
			</connection>

			
			<connection id="sewer-con-10-63">
				<source node="musk-10-63" port="out" />
				<sink node="musk-10-64" port="in" />
			</connection>

			
			<connection id="sewer-con-10-64">
				<source node="musk-10-64" port="out" />
				<sink node="musk-10-65" port="in" />
			</connection>

			
			<connection id="sewer-con-10-65">
				<source node="musk-10-65" port="out" />
				<sink node="musk-10-66" port="in" />
			</connection>

			
			<connection id="sewer-con-10-66">
				<source node="musk-10-66" port="out" />
				<sink node="musk-10-67" port="in" />
			</connection>

			
			<connection id="sewer-con-10-67">
				<source node="musk-10-67" port="out" />
				<sink node="musk-10-68" port="in" />
			</connection>

			
			<connection id="sewer-con-10-68">
				<source node="musk-10-68" port="out" />
				<sink node="musk-10-69" port="in" />
			</connection>

			
			<connection id="sewer-con-10-69">
				<source node="musk-10-69" port="out" />
				<sink node="musk-10-70" port="in" />
			</connection>

			
			<connection id="sewer-con-10-70">
				<source node="musk-10-70" port="out" />
				<sink node="musk-10-71" port="in" />
			</connection>

			
			<connection id="sewer-con-10-71">
				<source node="musk-10-71" port="out" />
				<sink node="musk-10-72" port="in" />
			</connection>

			
			<connection id="sewer-con-10-72">
				<source node="musk-10-72" port="out" />
				<sink node="musk-10-73" port="in" />
			</connection>

			
			<connection id="sewer-con-10-73">
				<source node="musk-10-73" port="out" />
				<sink node="musk-10-74" port="in" />
			</connection>

			
			<connection id="sewer-con-10-74">
				<source node="musk-10-74" port="out" />
				<sink node="musk-10-75" port="in" />
			</connection>

			
			<connection id="sewer-con-10-75">
				<source node="musk-10-75" port="out" />
				<sink node="musk-10-76" port="in" />
			</connection>

			
			<connection id="sewer-con-10-76">
				<source node="musk-10-76" port="out" />
				<sink node="musk-10-77" port="in" />
			</connection>

			
			<connection id="sewer-con-10-77">
				<source node="musk-10-77" port="out" />
				<sink node="musk-10-78" port="in" />
			</connection>

			
			<connection id="sewer-con-10-78">
				<source node="musk-10-78" port="out" />
				<sink node="musk-10-79" port="in" />
			</connection>

			
			<connection id="sewer-con-10-79">
				<source node="musk-10-79" port="out" />
				<sink node="musk-10-80" port="in" />
			</connection>

			
			<connection id="sewer-con-10-80">
				<source node="musk-10-80" port="out" />
				<sink node="musk-10-81" port="in" />
			</connection>

			
			<connection id="sewer-con-10-81">
				<source node="musk-10-81" port="out" />
				<sink node="musk-10-82" port="in" />
			</connection>

			
			<connection id="sewer-con-10-82">
				<source node="musk-10-82" port="out" />
				<sink node="musk-10-83" port="in" />
			</connection>

			
			<connection id="sewer-con-10-83">
				<source node="musk-10-83" port="out" />
				<sink node="musk-10-84" port="in" />
			</connection>

			
			<connection id="sewer-con-10-84">
				<source node="musk-10-84" port="out" />
				<sink node="musk-10-85" port="in" />
			</connection>

			
			<connection id="sewer-con-10-85">
				<source node="musk-10-85" port="out" />
				<sink node="musk-10-86" port="in" />
			</connection>

			
			<connection id="sewer-con-10-86">
				<source node="musk-10-86" port="out" />
				<sink node="musk-10-87" port="in" />
			</connection>

			
			<connection id="sewer-con-10-87">
				<source node="musk-10-87" port="out" />
				<sink node="musk-10-88" port="in" />
			</connection>

			
			<connection id="sewer-con-10-88">
				<source node="musk-10-88" port="out" />
				<sink node="musk-10-89" port="in" />
			</connection>

			
			<connection id="sewer-con-10-89">
				<source node="musk-10-89" port="out" />
				<sink node="musk-10-90" port="in" />
			</connection>

			
			<connection id="sewer-con-10-90">
				<source node="musk-10-90" port="out" />
				<sink node="musk-10-91" port="in" />
			</connection>

			
			<connection id="sewer-con-10-91">
				<source node="musk-10-91" port="out" />
				<sink node="musk-10-92" port="in" />
			</connection>

			
			<connection id="sewer-con-10-92">
				<source node="musk-10-92" port="out" />
				<sink node="musk-10-93" port="in" />
			</connection>

			
			<connection id="sewer-con-10-93">
				<source node="musk-10-93" port="out" />
				<sink node="musk-10-94" port="in" />
			</connection>

			
			<connection id="sewer-con-10-94">
				<source node="musk-10-94" port="out" />
				<sink node="musk-10-95" port="in" />
			</connection>

			
			<connection id="sewer-con-10-95">
				<source node="musk-10-95" port="out" />
				<sink node="musk-10-96" port="in" />
			</connection>

			
			<connection id="sewer-con-10-96">
				<source node="musk-10-96" port="out" />
				<sink node="musk-10-97" port="in" />
			</connection>

			
			<connection id="sewer-con-10-97">
				<source node="musk-10-97" port="out" />
				<sink node="musk-10-98" port="in" />
			</connection>

			
			<connection id="sewer-con-10-98">
				<source node="musk-10-98" port="out" />
				<sink node="musk-10-99" port="in" />
			</connection>


			<connection id="sewer-mixer-10">
				<source node="musk-10-99" port="out" />
				<sink	node="mixer" port="inputs[10]" />
			</connection>


			<connection id="const-sewer-11">
				<source node="constsource-11" port="out" />
				<sink	node="musk-11-0" port="in" />
			</connection>

			
			<connection id="sewer-con-11-0">
				<source node="musk-11-0" port="out" />
				<sink node="musk-11-1" port="in" />
			</connection>

			
			<connection id="sewer-con-11-1">
				<source node="musk-11-1" port="out" />
				<sink node="musk-11-2" port="in" />
			</connection>

			
			<connection id="sewer-con-11-2">
				<source node="musk-11-2" port="out" />
				<sink node="musk-11-3" port="in" />
			</connection>

			
			<connection id="sewer-con-11-3">
				<source node="musk-11-3" port="out" />
				<sink node="musk-11-4" port="in" />
			</connection>

			
			<connection id="sewer-con-11-4">
				<source node="musk-11-4" port="out" />
				<sink node="musk-11-5" port="in" />
			</connection>

			
			<connection id="sewer-con-11-5">
				<source node="musk-11-5" port="out" />
				<sink node="musk-11-6" port="in" />
			</connection>

			
			<connection id="sewer-con-11-6">
				<source node="musk-11-6" port="out" />
				<sink node="musk-11-7" port="in" />
			</connection>

			
			<connection id="sewer-con-11-7">
				<source node="musk-11-7" port="out" />
				<sink node="musk-11-8" port="in" />
			</connection>

			
			<connection id="sewer-con-11-8">
				<source node="musk-11-8" port="out" />
				<sink node="musk-11-9" port="in" />
			</connection>

			
			<connection id="sewer-con-11-9">
				<source node="musk-11-9" port="out" />
				<sink node="musk-11-10" port="in" />
			</connection>

			
			<connection id="sewer-con-11-10">
				<source node="musk-11-10" port="out" />
				<sink node="musk-11-11" port="in" />
			</connection>

			
			<connection id="sewer-con-11-11">
				<source node="musk-11-11" port="out" />
				<sink node="musk-11-12" port="in" />
			</connection>

			
			<connection id="sewer-con-11-12">
				<source node="musk-11-12" port="out" />
				<sink node="musk-11-13" port="in" />
			</connection>

			
			<connection id="sewer-con-11-13">
				<source node="musk-11-13" port="out" />
				<sink node="musk-11-14" port="in" />
			</connection>

			
			<connection id="sewer-con-11-14">
				<source node="musk-11-14" port="out" />
				<sink node="musk-11-15" port="in" />
			</connection>

			
			<connection id="sewer-con-11-15">
				<source node="musk-11-15" port="out" />
				<sink node="musk-11-16" port="in" />
			</connection>

			
			<connection id="sewer-con-11-16">
				<source node="musk-11-16" port="out" />
				<sink node="musk-11-17" port="in" />
			</connection>

			
			<connection id="sewer-con-11-17">
				<source node="musk-11-17" port="out" />
				<sink node="musk-11-18" port="in" />
			</connection>

			
			<connection id="sewer-con-11-18">
				<source node="musk-11-18" port="out" />
				<sink node="musk-11-19" port="in" />
			</connection>

			
			<connection id="sewer-con-11-19">
				<source node="musk-11-19" port="out" />
				<sink node="musk-11-20" port="in" />
			</connection>

			
			<connection id="sewer-con-11-20">
				<source node="musk-11-20" port="out" />
				<sink node="musk-11-21" port="in" />
			</connection>

			
			<connection id="sewer-con-11-21">
				<source node="musk-11-21" port="out" />
				<sink node="musk-11-22" port="in" />
			</connection>

			
			<connection id="sewer-con-11-22">
				<source node="musk-11-22" port="out" />
				<sink node="musk-11-23" port="in" />
			</connection>

			
			<connection id="sewer-con-11-23">
				<source node="musk-11-23" port="out" />
				<sink node="musk-11-24" port="in" />
			</connection>

			
			<connection id="sewer-con-11-24">
				<source node="musk-11-24" port="out" />
				<sink node="musk-11-25" port="in" />
			</connection>

			
			<connection id="sewer-con-11-25">
				<source node="musk-11-25" port="out" />
				<sink node="musk-11-26" port="in" />
			</connection>

			
			<connection id="sewer-con-11-26">
				<source node="musk-11-26" port="out" />
				<sink node="musk-11-27" port="in" />
			</connection>

			
			<connection id="sewer-con-11-27">
				<source node="musk-11-27" port="out" />
				<sink node="musk-11-28" port="in" />
			</connection>

			
			<connection id="sewer-con-11-28">
				<source node="musk-11-28" port="out" />
				<sink node="musk-11-29" port="in" />
			</connection>

			
			<connection id="sewer-con-11-29">
				<source node="musk-11-29" port="out" />
				<sink node="musk-11-30" port="in" />
			</connection>

			
			<connection id="sewer-con-11-30">
				<source node="musk-11-30" port="out" />
				<sink node="musk-11-31" port="in" />
			</connection>

			
			<connection id="sewer-con-11-31">
				<source node="musk-11-31" port="out" />
				<sink node="musk-11-32" port="in" />
			</connection>

			
			<connection id="sewer-con-11-32">
				<source node="musk-11-32" port="out" />
				<sink node="musk-11-33" port="in" />
			</connection>

			
			<connection id="sewer-con-11-33">
				<source node="musk-11-33" port="out" />
				<sink node="musk-11-34" port="in" />
			</connection>

			
			<connection id="sewer-con-11-34">
				<source node="musk-11-34" port="out" />
				<sink node="musk-11-35" port="in" />
			</connection>

			
			<connection id="sewer-con-11-35">
				<source node="musk-11-35" port="out" />
				<sink node="musk-11-36" port="in" />
			</connection>

			
			<connection id="sewer-con-11-36">
				<source node="musk-11-36" port="out" />
				<sink node="musk-11-37" port="in" />
			</connection>

			
			<connection id="sewer-con-11-37">
				<source node="musk-11-37" port="out" />
				<sink node="musk-11-38" port="in" />
			</connection>

			
			<connection id="sewer-con-11-38">
				<source node="musk-11-38" port="out" />
				<sink node="musk-11-39" port="in" />
			</connection>

			
			<connection id="sewer-con-11-39">
				<source node="musk-11-39" port="out" />
				<sink node="musk-11-40" port="in" />
			</connection>

			
			<connection id="sewer-con-11-40">
				<source node="musk-11-40" port="out" />
				<sink node="musk-11-41" port="in" />
			</connection>

			
			<connection id="sewer-con-11-41">
				<source node="musk-11-41" port="out" />
				<sink node="musk-11-42" port="in" />
			</connection>

			
			<connection id="sewer-con-11-42">
				<source node="musk-11-42" port="out" />
				<sink node="musk-11-43" port="in" />
			</connection>

			
			<connection id="sewer-con-11-43">
				<source node="musk-11-43" port="out" />
				<sink node="musk-11-44" port="in" />
			</connection>

			
			<connection id="sewer-con-11-44">
				<source node="musk-11-44" port="out" />
				<sink node="musk-11-45" port="in" />
			</connection>

			
			<connection id="sewer-con-11-45">
				<source node="musk-11-45" port="out" />
				<sink node="musk-11-46" port="in" />
			</connection>

			
			<connection id="sewer-con-11-46">
				<source node="musk-11-46" port="out" />
				<sink node="musk-11-47" port="in" />
			</connection>

			
			<connection id="sewer-con-11-47">
				<source node="musk-11-47" port="out" />
				<sink node="musk-11-48" port="in" />
			</connection>

			
			<connection id="sewer-con-11-48">
				<source node="musk-11-48" port="out" />
				<sink node="musk-11-49" port="in" />
			</connection>

			
			<connection id="sewer-con-11-49">
				<source node="musk-11-49" port="out" />
				<sink node="musk-11-50" port="in" />
			</connection>

			
			<connection id="sewer-con-11-50">
				<source node="musk-11-50" port="out" />
				<sink node="musk-11-51" port="in" />
			</connection>

			
			<connection id="sewer-con-11-51">
				<source node="musk-11-51" port="out" />
				<sink node="musk-11-52" port="in" />
			</connection>

			
			<connection id="sewer-con-11-52">
				<source node="musk-11-52" port="out" />
				<sink node="musk-11-53" port="in" />
			</connection>

			
			<connection id="sewer-con-11-53">
				<source node="musk-11-53" port="out" />
				<sink node="musk-11-54" port="in" />
			</connection>

			
			<connection id="sewer-con-11-54">
				<source node="musk-11-54" port="out" />
				<sink node="musk-11-55" port="in" />
			</connection>

			
			<connection id="sewer-con-11-55">
				<source node="musk-11-55" port="out" />
				<sink node="musk-11-56" port="in" />
			</connection>

			
			<connection id="sewer-con-11-56">
				<source node="musk-11-56" port="out" />
				<sink node="musk-11-57" port="in" />
			</connection>

			
			<connection id="sewer-con-11-57">
				<source node="musk-11-57" port="out" />
				<sink node="musk-11-58" port="in" />
			</connection>

			
			<connection id="sewer-con-11-58">
				<source node="musk-11-58" port="out" />
				<sink node="musk-11-59" port="in" />
			</connection>

			
			<connection id="sewer-con-11-59">
				<source node="musk-11-59" port="out" />
				<sink node="musk-11-60" port="in" />
			</connection>

			
			<connection id="sewer-con-11-60">
				<source node="musk-11-60" port="out" />
				<sink node="musk-11-61" port="in" />
			</connection>

			
			<connection id="sewer-con-11-61">
				<source node="musk-11-61" port="out" />
				<sink node="musk-11-62" port="in" />
			</connection>

			
			<connection id="sewer-con-11-62">
				<source node="musk-11-62" port="out" />
				<sink node="musk-11-63" port="in" />
			</connection>

			
			<connection id="sewer-con-11-63">
				<source node="musk-11-63" port="out" />
				<sink node="musk-11-64" port="in" />
			</connection>

			
			<connection id="sewer-con-11-64">
				<source node="musk-11-64" port="out" />
				<sink node="musk-11-65" port="in" />
			</connection>

			
			<connection id="sewer-con-11-65">
				<source node="musk-11-65" port="out" />
				<sink node="musk-11-66" port="in" />
			</connection>

			
			<connection id="sewer-con-11-66">
				<source node="musk-11-66" port="out" />
				<sink node="musk-11-67" port="in" />
			</connection>

			
			<connection id="sewer-con-11-67">
				<source node="musk-11-67" port="out" />
				<sink node="musk-11-68" port="in" />
			</connection>

			
			<connection id="sewer-con-11-68">
				<source node="musk-11-68" port="out" />
				<sink node="musk-11-69" port="in" />
			</connection>

			
			<connection id="sewer-con-11-69">
				<source node="musk-11-69" port="out" />
				<sink node="musk-11-70" port="in" />
			</connection>

			
			<connection id="sewer-con-11-70">
				<source node="musk-11-70" port="out" />
				<sink node="musk-11-71" port="in" />
			</connection>

			
			<connection id="sewer-con-11-71">
				<source node="musk-11-71" port="out" />
				<sink node="musk-11-72" port="in" />
			</connection>

			
			<connection id="sewer-con-11-72">
				<source node="musk-11-72" port="out" />
				<sink node="musk-11-73" port="in" />
			</connection>

			
			<connection id="sewer-con-11-73">
				<source node="musk-11-73" port="out" />
				<sink node="musk-11-74" port="in" />
			</connection>

			
			<connection id="sewer-con-11-74">
				<source node="musk-11-74" port="out" />
				<sink node="musk-11-75" port="in" />
			</connection>

			
			<connection id="sewer-con-11-75">
				<source node="musk-11-75" port="out" />
				<sink node="musk-11-76" port="in" />
			</connection>

			
			<connection id="sewer-con-11-76">
				<source node="musk-11-76" port="out" />
				<sink node="musk-11-77" port="in" />
			</connection>

			
			<connection id="sewer-con-11-77">
				<source node="musk-11-77" port="out" />
				<sink node="musk-11-78" port="in" />
			</connection>

			
			<connection id="sewer-con-11-78">
				<source node="musk-11-78" port="out" />
				<sink node="musk-11-79" port="in" />
			</connection>

			
			<connection id="sewer-con-11-79">
				<source node="musk-11-79" port="out" />
				<sink node="musk-11-80" port="in" />
			</connection>

			
			<connection id="sewer-con-11-80">
				<source node="musk-11-80" port="out" />
				<sink node="musk-11-81" port="in" />
			</connection>

			
			<connection id="sewer-con-11-81">
				<source node="musk-11-81" port="out" />
				<sink node="musk-11-82" port="in" />
			</connection>

			
			<connection id="sewer-con-11-82">
				<source node="musk-11-82" port="out" />
				<sink node="musk-11-83" port="in" />
			</connection>

			
			<connection id="sewer-con-11-83">
				<source node="musk-11-83" port="out" />
				<sink node="musk-11-84" port="in" />
			</connection>

			
			<connection id="sewer-con-11-84">
				<source node="musk-11-84" port="out" />
				<sink node="musk-11-85" port="in" />
			</connection>

			
			<connection id="sewer-con-11-85">
				<source node="musk-11-85" port="out" />
				<sink node="musk-11-86" port="in" />
			</connection>

			
			<connection id="sewer-con-11-86">
				<source node="musk-11-86" port="out" />
				<sink node="musk-11-87" port="in" />
			</connection>

			
			<connection id="sewer-con-11-87">
				<source node="musk-11-87" port="out" />
				<sink node="musk-11-88" port="in" />
			</connection>

			
			<connection id="sewer-con-11-88">
				<source node="musk-11-88" port="out" />
				<sink node="musk-11-89" port="in" />
			</connection>

			
			<connection id="sewer-con-11-89">
				<source node="musk-11-89" port="out" />
				<sink node="musk-11-90" port="in" />
			</connection>

			
			<connection id="sewer-con-11-90">
				<source node="musk-11-90" port="out" />
				<sink node="musk-11-91" port="in" />
			</connection>

			
			<connection id="sewer-con-11-91">
				<source node="musk-11-91" port="out" />
				<sink node="musk-11-92" port="in" />
			</connection>

			
			<connection id="sewer-con-11-92">
				<source node="musk-11-92" port="out" />
				<sink node="musk-11-93" port="in" />
			</connection>

			
			<connection id="sewer-con-11-93">
				<source node="musk-11-93" port="out" />
				<sink node="musk-11-94" port="in" />
			</connection>

			
			<connection id="sewer-con-11-94">
				<source node="musk-11-94" port="out" />
				<sink node="musk-11-95" port="in" />
			</connection>

			
			<connection id="sewer-con-11-95">
				<source node="musk-11-95" port="out" />
				<sink node="musk-11-96" port="in" />
			</connection>

			
			<connection id="sewer-con-11-96">
				<source node="musk-11-96" port="out" />
				<sink node="musk-11-97" port="in" />
			</connection>

			
			<connection id="sewer-con-11-97">
				<source node="musk-11-97" port="out" />
				<sink node="musk-11-98" port="in" />
			</connection>

			
			<connection id="sewer-con-11-98">
				<source node="musk-11-98" port="out" />
				<sink node="musk-11-99" port="in" />
			</connection>


			<connection id="sewer-mixer-11">
				<source node="musk-11-99" port="out" />
				<sink	node="mixer" port="inputs[11]" />
			</connection>


			<connection id="const-sewer-12">
				<source node="constsource-12" port="out" />
				<sink	node="musk-12-0" port="in" />
			</connection>

			
			<connection id="sewer-con-12-0">
				<source node="musk-12-0" port="out" />
				<sink node="musk-12-1" port="in" />
			</connection>

			
			<connection id="sewer-con-12-1">
				<source node="musk-12-1" port="out" />
				<sink node="musk-12-2" port="in" />
			</connection>

			
			<connection id="sewer-con-12-2">
				<source node="musk-12-2" port="out" />
				<sink node="musk-12-3" port="in" />
			</connection>

			
			<connection id="sewer-con-12-3">
				<source node="musk-12-3" port="out" />
				<sink node="musk-12-4" port="in" />
			</connection>

			
			<connection id="sewer-con-12-4">
				<source node="musk-12-4" port="out" />
				<sink node="musk-12-5" port="in" />
			</connection>

			
			<connection id="sewer-con-12-5">
				<source node="musk-12-5" port="out" />
				<sink node="musk-12-6" port="in" />
			</connection>

			
			<connection id="sewer-con-12-6">
				<source node="musk-12-6" port="out" />
				<sink node="musk-12-7" port="in" />
			</connection>

			
			<connection id="sewer-con-12-7">
				<source node="musk-12-7" port="out" />
				<sink node="musk-12-8" port="in" />
			</connection>

			
			<connection id="sewer-con-12-8">
				<source node="musk-12-8" port="out" />
				<sink node="musk-12-9" port="in" />
			</connection>

			
			<connection id="sewer-con-12-9">
				<source node="musk-12-9" port="out" />
				<sink node="musk-12-10" port="in" />
			</connection>

			
			<connection id="sewer-con-12-10">
				<source node="musk-12-10" port="out" />
				<sink node="musk-12-11" port="in" />
			</connection>

			
			<connection id="sewer-con-12-11">
				<source node="musk-12-11" port="out" />
				<sink node="musk-12-12" port="in" />
			</connection>

			
			<connection id="sewer-con-12-12">
				<source node="musk-12-12" port="out" />
				<sink node="musk-12-13" port="in" />
			</connection>

			
			<connection id="sewer-con-12-13">
				<source node="musk-12-13" port="out" />
				<sink node="musk-12-14" port="in" />
			</connection>

			
			<connection id="sewer-con-12-14">
				<source node="musk-12-14" port="out" />
				<sink node="musk-12-15" port="in" />
			</connection>

			
			<connection id="sewer-con-12-15">
				<source node="musk-12-15" port="out" />
				<sink node="musk-12-16" port="in" />
			</connection>

			
			<connection id="sewer-con-12-16">
				<source node="musk-12-16" port="out" />
				<sink node="musk-12-17" port="in" />
			</connection>

			
			<connection id="sewer-con-12-17">
				<source node="musk-12-17" port="out" />
				<sink node="musk-12-18" port="in" />
			</connection>

			
			<connection id="sewer-con-12-18">
				<source node="musk-12-18" port="out" />
				<sink node="musk-12-19" port="in" />
			</connection>

			
			<connection id="sewer-con-12-19">
				<source node="musk-12-19" port="out" />
				<sink node="musk-12-20" port="in" />
			</connection>

			
			<connection id="sewer-con-12-20">
				<source node="musk-12-20" port="out" />
				<sink node="musk-12-21" port="in" />
			</connection>

			
			<connection id="sewer-con-12-21">
				<source node="musk-12-21" port="out" />
				<sink node="musk-12-22" port="in" />
			</connection>

			
			<connection id="sewer-con-12-22">
				<source node="musk-12-22" port="out" />
				<sink node="musk-12-23" port="in" />
			</connection>

			
			<connection id="sewer-con-12-23">
				<source node="musk-12-23" port="out" />
				<sink node="musk-12-24" port="in" />
			</connection>

			
			<connection id="sewer-con-12-24">
				<source node="musk-12-24" port="out" />
				<sink node="musk-12-25" port="in" />
			</connection>

			
			<connection id="sewer-con-12-25">
				<source node="musk-12-25" port="out" />
				<sink node="musk-12-26" port="in" />
			</connection>

			
			<connection id="sewer-con-12-26">
				<source node="musk-12-26" port="out" />
				<sink node="musk-12-27" port="in" />
			</connection>

			
			<connection id="sewer-con-12-27">
				<source node="musk-12-27" port="out" />
				<sink node="musk-12-28" port="in" />
			</connection>

			
			<connection id="sewer-con-12-28">
				<source node="musk-12-28" port="out" />
				<sink node="musk-12-29" port="in" />
			</connection>

			
			<connection id="sewer-con-12-29">
				<source node="musk-12-29" port="out" />
				<sink node="musk-12-30" port="in" />
			</connection>

			
			<connection id="sewer-con-12-30">
				<source node="musk-12-30" port="out" />
				<sink node="musk-12-31" port="in" />
			</connection>

			
			<connection id="sewer-con-12-31">
				<source node="musk-12-31" port="out" />
				<sink node="musk-12-32" port="in" />
			</connection>

			
			<connection id="sewer-con-12-32">
				<source node="musk-12-32" port="out" />
				<sink node="musk-12-33" port="in" />
			</connection>

			
			<connection id="sewer-con-12-33">
				<source node="musk-12-33" port="out" />
				<sink node="musk-12-34" port="in" />
			</connection>

			
			<connection id="sewer-con-12-34">
				<source node="musk-12-34" port="out" />
				<sink node="musk-12-35" port="in" />
			</connection>

			
			<connection id="sewer-con-12-35">
				<source node="musk-12-35" port="out" />
				<sink node="musk-12-36" port="in" />
			</connection>

			
			<connection id="sewer-con-12-36">
				<source node="musk-12-36" port="out" />
				<sink node="musk-12-37" port="in" />
			</connection>

			
			<connection id="sewer-con-12-37">
				<source node="musk-12-37" port="out" />
				<sink node="musk-12-38" port="in" />
			</connection>

			
			<connection id="sewer-con-12-38">
				<source node="musk-12-38" port="out" />
				<sink node="musk-12-39" port="in" />
			</connection>

			
			<connection id="sewer-con-12-39">
				<source node="musk-12-39" port="out" />
				<sink node="musk-12-40" port="in" />
			</connection>

			
			<connection id="sewer-con-12-40">
				<source node="musk-12-40" port="out" />
				<sink node="musk-12-41" port="in" />
			</connection>

			
			<connection id="sewer-con-12-41">
				<source node="musk-12-41" port="out" />
				<sink node="musk-12-42" port="in" />
			</connection>

			
			<connection id="sewer-con-12-42">
				<source node="musk-12-42" port="out" />
				<sink node="musk-12-43" port="in" />
			</connection>

			
			<connection id="sewer-con-12-43">
				<source node="musk-12-43" port="out" />
				<sink node="musk-12-44" port="in" />
			</connection>

			
			<connection id="sewer-con-12-44">
				<source node="musk-12-44" port="out" />
				<sink node="musk-12-45" port="in" />
			</connection>

			
			<connection id="sewer-con-12-45">
				<source node="musk-12-45" port="out" />
				<sink node="musk-12-46" port="in" />
			</connection>

			
			<connection id="sewer-con-12-46">
				<source node="musk-12-46" port="out" />
				<sink node="musk-12-47" port="in" />
			</connection>

			
			<connection id="sewer-con-12-47">
				<source node="musk-12-47" port="out" />
				<sink node="musk-12-48" port="in" />
			</connection>

			
			<connection id="sewer-con-12-48">
				<source node="musk-12-48" port="out" />
				<sink node="musk-12-49" port="in" />
			</connection>

			
			<connection id="sewer-con-12-49">
				<source node="musk-12-49" port="out" />
				<sink node="musk-12-50" port="in" />
			</connection>

			
			<connection id="sewer-con-12-50">
				<source node="musk-12-50" port="out" />
				<sink node="musk-12-51" port="in" />
			</connection>

			
			<connection id="sewer-con-12-51">
				<source node="musk-12-51" port="out" />
				<sink node="musk-12-52" port="in" />
			</connection>

			
			<connection id="sewer-con-12-52">
				<source node="musk-12-52" port="out" />
				<sink node="musk-12-53" port="in" />
			</connection>

			
			<connection id="sewer-con-12-53">
				<source node="musk-12-53" port="out" />
				<sink node="musk-12-54" port="in" />
			</connection>

			
			<connection id="sewer-con-12-54">
				<source node="musk-12-54" port="out" />
				<sink node="musk-12-55" port="in" />
			</connection>

			
			<connection id="sewer-con-12-55">
				<source node="musk-12-55" port="out" />
				<sink node="musk-12-56" port="in" />
			</connection>

			
			<connection id="sewer-con-12-56">
				<source node="musk-12-56" port="out" />
				<sink node="musk-12-57" port="in" />
			</connection>

			
			<connection id="sewer-con-12-57">
				<source node="musk-12-57" port="out" />
				<sink node="musk-12-58" port="in" />
			</connection>

			
			<connection id="sewer-con-12-58">
				<source node="musk-12-58" port="out" />
				<sink node="musk-12-59" port="in" />
			</connection>

			
			<connection id="sewer-con-12-59">
				<source node="musk-12-59" port="out" />
				<sink node="musk-12-60" port="in" />
			</connection>

			
			<connection id="sewer-con-12-60">
				<source node="musk-12-60" port="out" />
				<sink node="musk-12-61" port="in" />
			</connection>

			
			<connection id="sewer-con-12-61">
				<source node="musk-12-61" port="out" />
				<sink node="musk-12-62" port="in" />
			</connection>

			
			<connection id="sewer-con-12-62">
				<source node="musk-12-62" port="out" />
				<sink node="musk-12-63" port="in" />
			</connection>

			
			<connection id="sewer-con-12-63">
				<source node="musk-12-63" port="out" />
				<sink node="musk-12-64" port="in" />
			</connection>

			
			<connection id="sewer-con-12-64">
				<source node="musk-12-64" port="out" />
				<sink node="musk-12-65" port="in" />
			</connection>

			
			<connection id="sewer-con-12-65">
				<source node="musk-12-65" port="out" />
				<sink node="musk-12-66" port="in" />
			</connection>

			
			<connection id="sewer-con-12-66">
				<source node="musk-12-66" port="out" />
				<sink node="musk-12-67" port="in" />
			</connection>

			
			<connection id="sewer-con-12-67">
				<source node="musk-12-67" port="out" />
				<sink node="musk-12-68" port="in" />
			</connection>

			
			<connection id="sewer-con-12-68">
				<source node="musk-12-68" port="out" />
				<sink node="musk-12-69" port="in" />
			</connection>

			
			<connection id="sewer-con-12-69">
				<source node="musk-12-69" port="out" />
				<sink node="musk-12-70" port="in" />
			</connection>

			
			<connection id="sewer-con-12-70">
				<source node="musk-12-70" port="out" />
				<sink node="musk-12-71" port="in" />
			</connection>

			
			<connection id="sewer-con-12-71">
				<source node="musk-12-71" port="out" />
				<sink node="musk-12-72" port="in" />
			</connection>

			
			<connection id="sewer-con-12-72">
				<source node="musk-12-72" port="out" />
				<sink node="musk-12-73" port="in" />
			</connection>

			
			<connection id="sewer-con-12-73">
				<source node="musk-12-73" port="out" />
				<sink node="musk-12-74" port="in" />
			</connection>

			
			<connection id="sewer-con-12-74">
				<source node="musk-12-74" port="out" />
				<sink node="musk-12-75" port="in" />
			</connection>

			
			<connection id="sewer-con-12-75">
				<source node="musk-12-75" port="out" />
				<sink node="musk-12-76" port="in" />
			</connection>

			
			<connection id="sewer-con-12-76">
				<source node="musk-12-76" port="out" />
				<sink node="musk-12-77" port="in" />
			</connection>

			
			<connection id="sewer-con-12-77">
				<source node="musk-12-77" port="out" />
				<sink node="musk-12-78" port="in" />
			</connection>

			
			<connection id="sewer-con-12-78">
				<source node="musk-12-78" port="out" />
				<sink node="musk-12-79" port="in" />
			</connection>

			
			<connection id="sewer-con-12-79">
				<source node="musk-12-79" port="out" />
				<sink node="musk-12-80" port="in" />
			</connection>

			
			<connection id="sewer-con-12-80">
				<source node="musk-12-80" port="out" />
				<sink node="musk-12-81" port="in" />
			</connection>

			
			<connection id="sewer-con-12-81">
				<source node="musk-12-81" port="out" />
				<sink node="musk-12-82" port="in" />
			</connection>

			
			<connection id="sewer-con-12-82">
				<source node="musk-12-82" port="out" />
				<sink node="musk-12-83" port="in" />
			</connection>

			
			<connection id="sewer-con-12-83">
				<source node="musk-12-83" port="out" />
				<sink node="musk-12-84" port="in" />
			</connection>

			
			<connection id="sewer-con-12-84">
				<source node="musk-12-84" port="out" />
				<sink node="musk-12-85" port="in" />
			</connection>

			
			<connection id="sewer-con-12-85">
				<source node="musk-12-85" port="out" />
				<sink node="musk-12-86" port="in" />
			</connection>

			
			<connection id="sewer-con-12-86">
				<source node="musk-12-86" port="out" />
				<sink node="musk-12-87" port="in" />
			</connection>

			
			<connection id="sewer-con-12-87">
				<source node="musk-12-87" port="out" />
				<sink node="musk-12-88" port="in" />
			</connection>

			
			<connection id="sewer-con-12-88">
				<source node="musk-12-88" port="out" />
				<sink node="musk-12-89" port="in" />
			</connection>

			
			<connection id="sewer-con-12-89">
				<source node="musk-12-89" port="out" />
				<sink node="musk-12-90" port="in" />
			</connection>

			
			<connection id="sewer-con-12-90">
				<source node="musk-12-90" port="out" />
				<sink node="musk-12-91" port="in" />
			</connection>

			
			<connection id="sewer-con-12-91">
				<source node="musk-12-91" port="out" />
				<sink node="musk-12-92" port="in" />
			</connection>

			
			<connection id="sewer-con-12-92">
				<source node="musk-12-92" port="out" />
				<sink node="musk-12-93" port="in" />
			</connection>

			
			<connection id="sewer-con-12-93">
				<source node="musk-12-93" port="out" />
				<sink node="musk-12-94" port="in" />
			</connection>

			
			<connection id="sewer-con-12-94">
				<source node="musk-12-94" port="out" />
				<sink node="musk-12-95" port="in" />
			</connection>

			
			<connection id="sewer-con-12-95">
				<source node="musk-12-95" port="out" />
				<sink node="musk-12-96" port="in" />
			</connection>

			
			<connection id="sewer-con-12-96">
				<source node="musk-12-96" port="out" />
				<sink node="musk-12-97" port="in" />
			</connection>

			
			<connection id="sewer-con-12-97">
				<source node="musk-12-97" port="out" />
				<sink node="musk-12-98" port="in" />
			</connection>

			
			<connection id="sewer-con-12-98">
				<source node="musk-12-98" port="out" />
				<sink node="musk-12-99" port="in" />
			</connection>


			<connection id="sewer-mixer-12">
				<source node="musk-12-99" port="out" />
				<sink	node="mixer" port="inputs[12]" />
			</connection>


			<connection id="const-sewer-13">
				<source node="constsource-13" port="out" />
				<sink	node="musk-13-0" port="in" />
			</connection>

			
			<connection id="sewer-con-13-0">
				<source node="musk-13-0" port="out" />
				<sink node="musk-13-1" port="in" />
			</connection>

			
			<connection id="sewer-con-13-1">
				<source node="musk-13-1" port="out" />
				<sink node="musk-13-2" port="in" />
			</connection>

			
			<connection id="sewer-con-13-2">
				<source node="musk-13-2" port="out" />
				<sink node="musk-13-3" port="in" />
			</connection>

			
			<connection id="sewer-con-13-3">
				<source node="musk-13-3" port="out" />
				<sink node="musk-13-4" port="in" />
			</connection>

			
			<connection id="sewer-con-13-4">
				<source node="musk-13-4" port="out" />
				<sink node="musk-13-5" port="in" />
			</connection>

			
			<connection id="sewer-con-13-5">
				<source node="musk-13-5" port="out" />
				<sink node="musk-13-6" port="in" />
			</connection>

			
			<connection id="sewer-con-13-6">
				<source node="musk-13-6" port="out" />
				<sink node="musk-13-7" port="in" />
			</connection>

			
			<connection id="sewer-con-13-7">
				<source node="musk-13-7" port="out" />
				<sink node="musk-13-8" port="in" />
			</connection>

			
			<connection id="sewer-con-13-8">
				<source node="musk-13-8" port="out" />
				<sink node="musk-13-9" port="in" />
			</connection>

			
			<connection id="sewer-con-13-9">
				<source node="musk-13-9" port="out" />
				<sink node="musk-13-10" port="in" />
			</connection>

			
			<connection id="sewer-con-13-10">
				<source node="musk-13-10" port="out" />
				<sink node="musk-13-11" port="in" />
			</connection>

			
			<connection id="sewer-con-13-11">
				<source node="musk-13-11" port="out" />
				<sink node="musk-13-12" port="in" />
			</connection>

			
			<connection id="sewer-con-13-12">
				<source node="musk-13-12" port="out" />
				<sink node="musk-13-13" port="in" />
			</connection>

			
			<connection id="sewer-con-13-13">
				<source node="musk-13-13" port="out" />
				<sink node="musk-13-14" port="in" />
			</connection>

			
			<connection id="sewer-con-13-14">
				<source node="musk-13-14" port="out" />
				<sink node="musk-13-15" port="in" />
			</connection>

			
			<connection id="sewer-con-13-15">
				<source node="musk-13-15" port="out" />
				<sink node="musk-13-16" port="in" />
			</connection>

			
			<connection id="sewer-con-13-16">
				<source node="musk-13-16" port="out" />
				<sink node="musk-13-17" port="in" />
			</connection>

			
			<connection id="sewer-con-13-17">
				<source node="musk-13-17" port="out" />
				<sink node="musk-13-18" port="in" />
			</connection>

			
			<connection id="sewer-con-13-18">
				<source node="musk-13-18" port="out" />
				<sink node="musk-13-19" port="in" />
			</connection>

			
			<connection id="sewer-con-13-19">
				<source node="musk-13-19" port="out" />
				<sink node="musk-13-20" port="in" />
			</connection>

			
			<connection id="sewer-con-13-20">
				<source node="musk-13-20" port="out" />
				<sink node="musk-13-21" port="in" />
			</connection>

			
			<connection id="sewer-con-13-21">
				<source node="musk-13-21" port="out" />
				<sink node="musk-13-22" port="in" />
			</connection>

			
			<connection id="sewer-con-13-22">
				<source node="musk-13-22" port="out" />
				<sink node="musk-13-23" port="in" />
			</connection>

			
			<connection id="sewer-con-13-23">
				<source node="musk-13-23" port="out" />
				<sink node="musk-13-24" port="in" />
			</connection>

			
			<connection id="sewer-con-13-24">
				<source node="musk-13-24" port="out" />
				<sink node="musk-13-25" port="in" />
			</connection>

			
			<connection id="sewer-con-13-25">
				<source node="musk-13-25" port="out" />
				<sink node="musk-13-26" port="in" />
			</connection>

			
			<connection id="sewer-con-13-26">
				<source node="musk-13-26" port="out" />
				<sink node="musk-13-27" port="in" />
			</connection>

			
			<connection id="sewer-con-13-27">
				<source node="musk-13-27" port="out" />
				<sink node="musk-13-28" port="in" />
			</connection>

			
			<connection id="sewer-con-13-28">
				<source node="musk-13-28" port="out" />
				<sink node="musk-13-29" port="in" />
			</connection>

			
			<connection id="sewer-con-13-29">
				<source node="musk-13-29" port="out" />
				<sink node="musk-13-30" port="in" />
			</connection>

			
			<connection id="sewer-con-13-30">
				<source node="musk-13-30" port="out" />
				<sink node="musk-13-31" port="in" />
			</connection>

			
			<connection id="sewer-con-13-31">
				<source node="musk-13-31" port="out" />
				<sink node="musk-13-32" port="in" />
			</connection>

			
			<connection id="sewer-con-13-32">
				<source node="musk-13-32" port="out" />
				<sink node="musk-13-33" port="in" />
			</connection>

			
			<connection id="sewer-con-13-33">
				<source node="musk-13-33" port="out" />
				<sink node="musk-13-34" port="in" />
			</connection>

			
			<connection id="sewer-con-13-34">
				<source node="musk-13-34" port="out" />
				<sink node="musk-13-35" port="in" />
			</connection>

			
			<connection id="sewer-con-13-35">
				<source node="musk-13-35" port="out" />
				<sink node="musk-13-36" port="in" />
			</connection>

			
			<connection id="sewer-con-13-36">
				<source node="musk-13-36" port="out" />
				<sink node="musk-13-37" port="in" />
			</connection>

			
			<connection id="sewer-con-13-37">
				<source node="musk-13-37" port="out" />
				<sink node="musk-13-38" port="in" />
			</connection>

			
			<connection id="sewer-con-13-38">
				<source node="musk-13-38" port="out" />
				<sink node="musk-13-39" port="in" />
			</connection>

			
			<connection id="sewer-con-13-39">
				<source node="musk-13-39" port="out" />
				<sink node="musk-13-40" port="in" />
			</connection>

			
			<connection id="sewer-con-13-40">
				<source node="musk-13-40" port="out" />
				<sink node="musk-13-41" port="in" />
			</connection>

			
			<connection id="sewer-con-13-41">
				<source node="musk-13-41" port="out" />
				<sink node="musk-13-42" port="in" />
			</connection>

			
			<connection id="sewer-con-13-42">
				<source node="musk-13-42" port="out" />
				<sink node="musk-13-43" port="in" />
			</connection>

			
			<connection id="sewer-con-13-43">
				<source node="musk-13-43" port="out" />
				<sink node="musk-13-44" port="in" />
			</connection>

			
			<connection id="sewer-con-13-44">
				<source node="musk-13-44" port="out" />
				<sink node="musk-13-45" port="in" />
			</connection>

			
			<connection id="sewer-con-13-45">
				<source node="musk-13-45" port="out" />
				<sink node="musk-13-46" port="in" />
			</connection>

			
			<connection id="sewer-con-13-46">
				<source node="musk-13-46" port="out" />
				<sink node="musk-13-47" port="in" />
			</connection>

			
			<connection id="sewer-con-13-47">
				<source node="musk-13-47" port="out" />
				<sink node="musk-13-48" port="in" />
			</connection>

			
			<connection id="sewer-con-13-48">
				<source node="musk-13-48" port="out" />
				<sink node="musk-13-49" port="in" />
			</connection>

			
			<connection id="sewer-con-13-49">
				<source node="musk-13-49" port="out" />
				<sink node="musk-13-50" port="in" />
			</connection>

			
			<connection id="sewer-con-13-50">
				<source node="musk-13-50" port="out" />
				<sink node="musk-13-51" port="in" />
			</connection>

			
			<connection id="sewer-con-13-51">
				<source node="musk-13-51" port="out" />
				<sink node="musk-13-52" port="in" />
			</connection>

			
			<connection id="sewer-con-13-52">
				<source node="musk-13-52" port="out" />
				<sink node="musk-13-53" port="in" />
			</connection>

			
			<connection id="sewer-con-13-53">
				<source node="musk-13-53" port="out" />
				<sink node="musk-13-54" port="in" />
			</connection>

			
			<connection id="sewer-con-13-54">
				<source node="musk-13-54" port="out" />
				<sink node="musk-13-55" port="in" />
			</connection>

			
			<connection id="sewer-con-13-55">
				<source node="musk-13-55" port="out" />
				<sink node="musk-13-56" port="in" />
			</connection>

			
			<connection id="sewer-con-13-56">
				<source node="musk-13-56" port="out" />
				<sink node="musk-13-57" port="in" />
			</connection>

			
			<connection id="sewer-con-13-57">
				<source node="musk-13-57" port="out" />
				<sink node="musk-13-58" port="in" />
			</connection>

			
			<connection id="sewer-con-13-58">
				<source node="musk-13-58" port="out" />
				<sink node="musk-13-59" port="in" />
			</connection>

			
			<connection id="sewer-con-13-59">
				<source node="musk-13-59" port="out" />
				<sink node="musk-13-60" port="in" />
			</connection>

			
			<connection id="sewer-con-13-60">
				<source node="musk-13-60" port="out" />
				<sink node="musk-13-61" port="in" />
			</connection>

			
			<connection id="sewer-con-13-61">
				<source node="musk-13-61" port="out" />
				<sink node="musk-13-62" port="in" />
			</connection>

			
			<connection id="sewer-con-13-62">
				<source node="musk-13-62" port="out" />
				<sink node="musk-13-63" port="in" />
			</connection>

			
			<connection id="sewer-con-13-63">
				<source node="musk-13-63" port="out" />
				<sink node="musk-13-64" port="in" />
			</connection>

			
			<connection id="sewer-con-13-64">
				<source node="musk-13-64" port="out" />
				<sink node="musk-13-65" port="in" />
			</connection>

			
			<connection id="sewer-con-13-65">
				<source node="musk-13-65" port="out" />
				<sink node="musk-13-66" port="in" />
			</connection>

			
			<connection id="sewer-con-13-66">
				<source node="musk-13-66" port="out" />
				<sink node="musk-13-67" port="in" />
			</connection>

			
			<connection id="sewer-con-13-67">
				<source node="musk-13-67" port="out" />
				<sink node="musk-13-68" port="in" />
			</connection>

			
			<connection id="sewer-con-13-68">
				<source node="musk-13-68" port="out" />
				<sink node="musk-13-69" port="in" />
			</connection>

			
			<connection id="sewer-con-13-69">
				<source node="musk-13-69" port="out" />
				<sink node="musk-13-70" port="in" />
			</connection>

			
			<connection id="sewer-con-13-70">
				<source node="musk-13-70" port="out" />
				<sink node="musk-13-71" port="in" />
			</connection>

			
			<connection id="sewer-con-13-71">
				<source node="musk-13-71" port="out" />
				<sink node="musk-13-72" port="in" />
			</connection>

			
			<connection id="sewer-con-13-72">
				<source node="musk-13-72" port="out" />
				<sink node="musk-13-73" port="in" />
			</connection>

			
			<connection id="sewer-con-13-73">
				<source node="musk-13-73" port="out" />
				<sink node="musk-13-74" port="in" />
			</connection>

			
			<connection id="sewer-con-13-74">
				<source node="musk-13-74" port="out" />
				<sink node="musk-13-75" port="in" />
			</connection>

			
			<connection id="sewer-con-13-75">
				<source node="musk-13-75" port="out" />
				<sink node="musk-13-76" port="in" />
			</connection>

			
			<connection id="sewer-con-13-76">
				<source node="musk-13-76" port="out" />
				<sink node="musk-13-77" port="in" />
			</connection>

			
			<connection id="sewer-con-13-77">
				<source node="musk-13-77" port="out" />
				<sink node="musk-13-78" port="in" />
			</connection>

			
			<connection id="sewer-con-13-78">
				<source node="musk-13-78" port="out" />
				<sink node="musk-13-79" port="in" />
			</connection>

			
			<connection id="sewer-con-13-79">
				<source node="musk-13-79" port="out" />
				<sink node="musk-13-80" port="in" />
			</connection>

			
			<connection id="sewer-con-13-80">
				<source node="musk-13-80" port="out" />
				<sink node="musk-13-81" port="in" />
			</connection>

			
			<connection id="sewer-con-13-81">
				<source node="musk-13-81" port="out" />
				<sink node="musk-13-82" port="in" />
			</connection>

			
			<connection id="sewer-con-13-82">
				<source node="musk-13-82" port="out" />
				<sink node="musk-13-83" port="in" />
			</connection>

			
			<connection id="sewer-con-13-83">
				<source node="musk-13-83" port="out" />
				<sink node="musk-13-84" port="in" />
			</connection>

			
			<connection id="sewer-con-13-84">
				<source node="musk-13-84" port="out" />
				<sink node="musk-13-85" port="in" />
			</connection>

			
			<connection id="sewer-con-13-85">
				<source node="musk-13-85" port="out" />
				<sink node="musk-13-86" port="in" />
			</connection>

			
			<connection id="sewer-con-13-86">
				<source node="musk-13-86" port="out" />
				<sink node="musk-13-87" port="in" />
			</connection>

			
			<connection id="sewer-con-13-87">
				<source node="musk-13-87" port="out" />
				<sink node="musk-13-88" port="in" />
			</connection>

			
			<connection id="sewer-con-13-88">
				<source node="musk-13-88" port="out" />
				<sink node="musk-13-89" port="in" />
			</connection>

			
			<connection id="sewer-con-13-89">
				<source node="musk-13-89" port="out" />
				<sink node="musk-13-90" port="in" />
			</connection>

			
			<connection id="sewer-con-13-90">
				<source node="musk-13-90" port="out" />
				<sink node="musk-13-91" port="in" />
			</connection>

			
			<connection id="sewer-con-13-91">
				<source node="musk-13-91" port="out" />
				<sink node="musk-13-92" port="in" />
			</connection>

			
			<connection id="sewer-con-13-92">
				<source node="musk-13-92" port="out" />
				<sink node="musk-13-93" port="in" />
			</connection>

			
			<connection id="sewer-con-13-93">
				<source node="musk-13-93" port="out" />
				<sink node="musk-13-94" port="in" />
			</connection>

			
			<connection id="sewer-con-13-94">
				<source node="musk-13-94" port="out" />
				<sink node="musk-13-95" port="in" />
			</connection>

			
			<connection id="sewer-con-13-95">
				<source node="musk-13-95" port="out" />
				<sink node="musk-13-96" port="in" />
			</connection>

			
			<connection id="sewer-con-13-96">
				<source node="musk-13-96" port="out" />
				<sink node="musk-13-97" port="in" />
			</connection>

			
			<connection id="sewer-con-13-97">
				<source node="musk-13-97" port="out" />
				<sink node="musk-13-98" port="in" />
			</connection>

			
			<connection id="sewer-con-13-98">
				<source node="musk-13-98" port="out" />
				<sink node="musk-13-99" port="in" />
			</connection>


			<connection id="sewer-mixer-13">
				<source node="musk-13-99" port="out" />
				<sink	node="mixer" port="inputs[13]" />
			</connection>


			<connection id="const-sewer-14">
				<source node="constsource-14" port="out" />
				<sink	node="musk-14-0" port="in" />
			</connection>

			
			<connection id="sewer-con-14-0">
				<source node="musk-14-0" port="out" />
				<sink node="musk-14-1" port="in" />
			</connection>

			
			<connection id="sewer-con-14-1">
				<source node="musk-14-1" port="out" />
				<sink node="musk-14-2" port="in" />
			</connection>

			
			<connection id="sewer-con-14-2">
				<source node="musk-14-2" port="out" />
				<sink node="musk-14-3" port="in" />
			</connection>

			
			<connection id="sewer-con-14-3">
				<source node="musk-14-3" port="out" />
				<sink node="musk-14-4" port="in" />
			</connection>

			
			<connection id="sewer-con-14-4">
				<source node="musk-14-4" port="out" />
				<sink node="musk-14-5" port="in" />
			</connection>

			
			<connection id="sewer-con-14-5">
				<source node="musk-14-5" port="out" />
				<sink node="musk-14-6" port="in" />
			</connection>

			
			<connection id="sewer-con-14-6">
				<source node="musk-14-6" port="out" />
				<sink node="musk-14-7" port="in" />
			</connection>

			
			<connection id="sewer-con-14-7">
				<source node="musk-14-7" port="out" />
				<sink node="musk-14-8" port="in" />
			</connection>

			
			<connection id="sewer-con-14-8">
				<source node="musk-14-8" port="out" />
				<sink node="musk-14-9" port="in" />
			</connection>

			
			<connection id="sewer-con-14-9">
				<source node="musk-14-9" port="out" />
				<sink node="musk-14-10" port="in" />
			</connection>

			
			<connection id="sewer-con-14-10">
				<source node="musk-14-10" port="out" />
				<sink node="musk-14-11" port="in" />
			</connection>

			
			<connection id="sewer-con-14-11">
				<source node="musk-14-11" port="out" />
				<sink node="musk-14-12" port="in" />
			</connection>

			
			<connection id="sewer-con-14-12">
				<source node="musk-14-12" port="out" />
				<sink node="musk-14-13" port="in" />
			</connection>

			
			<connection id="sewer-con-14-13">
				<source node="musk-14-13" port="out" />
				<sink node="musk-14-14" port="in" />
			</connection>

			
			<connection id="sewer-con-14-14">
				<source node="musk-14-14" port="out" />
				<sink node="musk-14-15" port="in" />
			</connection>

			
			<connection id="sewer-con-14-15">
				<source node="musk-14-15" port="out" />
				<sink node="musk-14-16" port="in" />
			</connection>

			
			<connection id="sewer-con-14-16">
				<source node="musk-14-16" port="out" />
				<sink node="musk-14-17" port="in" />
			</connection>

			
			<connection id="sewer-con-14-17">
				<source node="musk-14-17" port="out" />
				<sink node="musk-14-18" port="in" />
			</connection>

			
			<connection id="sewer-con-14-18">
				<source node="musk-14-18" port="out" />
				<sink node="musk-14-19" port="in" />
			</connection>

			
			<connection id="sewer-con-14-19">
				<source node="musk-14-19" port="out" />
				<sink node="musk-14-20" port="in" />
			</connection>

			
			<connection id="sewer-con-14-20">
				<source node="musk-14-20" port="out" />
				<sink node="musk-14-21" port="in" />
			</connection>

			
			<connection id="sewer-con-14-21">
				<source node="musk-14-21" port="out" />
				<sink node="musk-14-22" port="in" />
			</connection>

			
			<connection id="sewer-con-14-22">
				<source node="musk-14-22" port="out" />
				<sink node="musk-14-23" port="in" />
			</connection>

			
			<connection id="sewer-con-14-23">
				<source node="musk-14-23" port="out" />
				<sink node="musk-14-24" port="in" />
			</connection>

			
			<connection id="sewer-con-14-24">
				<source node="musk-14-24" port="out" />
				<sink node="musk-14-25" port="in" />
			</connection>

			
			<connection id="sewer-con-14-25">
				<source node="musk-14-25" port="out" />
				<sink node="musk-14-26" port="in" />
			</connection>

			
			<connection id="sewer-con-14-26">
				<source node="musk-14-26" port="out" />
				<sink node="musk-14-27" port="in" />
			</connection>

			
			<connection id="sewer-con-14-27">
				<source node="musk-14-27" port="out" />
				<sink node="musk-14-28" port="in" />
			</connection>

			
			<connection id="sewer-con-14-28">
				<source node="musk-14-28" port="out" />
				<sink node="musk-14-29" port="in" />
			</connection>

			
			<connection id="sewer-con-14-29">
				<source node="musk-14-29" port="out" />
				<sink node="musk-14-30" port="in" />
			</connection>

			
			<connection id="sewer-con-14-30">
				<source node="musk-14-30" port="out" />
				<sink node="musk-14-31" port="in" />
			</connection>

			
			<connection id="sewer-con-14-31">
				<source node="musk-14-31" port="out" />
				<sink node="musk-14-32" port="in" />
			</connection>

			
			<connection id="sewer-con-14-32">
				<source node="musk-14-32" port="out" />
				<sink node="musk-14-33" port="in" />
			</connection>

			
			<connection id="sewer-con-14-33">
				<source node="musk-14-33" port="out" />
				<sink node="musk-14-34" port="in" />
			</connection>

			
			<connection id="sewer-con-14-34">
				<source node="musk-14-34" port="out" />
				<sink node="musk-14-35" port="in" />
			</connection>

			
			<connection id="sewer-con-14-35">
				<source node="musk-14-35" port="out" />
				<sink node="musk-14-36" port="in" />
			</connection>

			
			<connection id="sewer-con-14-36">
				<source node="musk-14-36" port="out" />
				<sink node="musk-14-37" port="in" />
			</connection>

			
			<connection id="sewer-con-14-37">
				<source node="musk-14-37" port="out" />
				<sink node="musk-14-38" port="in" />
			</connection>

			
			<connection id="sewer-con-14-38">
				<source node="musk-14-38" port="out" />
				<sink node="musk-14-39" port="in" />
			</connection>

			
			<connection id="sewer-con-14-39">
				<source node="musk-14-39" port="out" />
				<sink node="musk-14-40" port="in" />
			</connection>

			
			<connection id="sewer-con-14-40">
				<source node="musk-14-40" port="out" />
				<sink node="musk-14-41" port="in" />
			</connection>

			
			<connection id="sewer-con-14-41">
				<source node="musk-14-41" port="out" />
				<sink node="musk-14-42" port="in" />
			</connection>

			
			<connection id="sewer-con-14-42">
				<source node="musk-14-42" port="out" />
				<sink node="musk-14-43" port="in" />
			</connection>

			
			<connection id="sewer-con-14-43">
				<source node="musk-14-43" port="out" />
				<sink node="musk-14-44" port="in" />
			</connection>

			
			<connection id="sewer-con-14-44">
				<source node="musk-14-44" port="out" />
				<sink node="musk-14-45" port="in" />
			</connection>

			
			<connection id="sewer-con-14-45">
				<source node="musk-14-45" port="out" />
				<sink node="musk-14-46" port="in" />
			</connection>

			
			<connection id="sewer-con-14-46">
				<source node="musk-14-46" port="out" />
				<sink node="musk-14-47" port="in" />
			</connection>

			
			<connection id="sewer-con-14-47">
				<source node="musk-14-47" port="out" />
				<sink node="musk-14-48" port="in" />
			</connection>

			
			<connection id="sewer-con-14-48">
				<source node="musk-14-48" port="out" />
				<sink node="musk-14-49" port="in" />
			</connection>

			
			<connection id="sewer-con-14-49">
				<source node="musk-14-49" port="out" />
				<sink node="musk-14-50" port="in" />
			</connection>

			
			<connection id="sewer-con-14-50">
				<source node="musk-14-50" port="out" />
				<sink node="musk-14-51" port="in" />
			</connection>

			
			<connection id="sewer-con-14-51">
				<source node="musk-14-51" port="out" />
				<sink node="musk-14-52" port="in" />
			</connection>

			
			<connection id="sewer-con-14-52">
				<source node="musk-14-52" port="out" />
				<sink node="musk-14-53" port="in" />
			</connection>

			
			<connection id="sewer-con-14-53">
				<source node="musk-14-53" port="out" />
				<sink node="musk-14-54" port="in" />
			</connection>

			
			<connection id="sewer-con-14-54">
				<source node="musk-14-54" port="out" />
				<sink node="musk-14-55" port="in" />
			</connection>

			
			<connection id="sewer-con-14-55">
				<source node="musk-14-55" port="out" />
				<sink node="musk-14-56" port="in" />
			</connection>

			
			<connection id="sewer-con-14-56">
				<source node="musk-14-56" port="out" />
				<sink node="musk-14-57" port="in" />
			</connection>

			
			<connection id="sewer-con-14-57">
				<source node="musk-14-57" port="out" />
				<sink node="musk-14-58" port="in" />
			</connection>

			
			<connection id="sewer-con-14-58">
				<source node="musk-14-58" port="out" />
				<sink node="musk-14-59" port="in" />
			</connection>

			
			<connection id="sewer-con-14-59">
				<source node="musk-14-59" port="out" />
				<sink node="musk-14-60" port="in" />
			</connection>

			
			<connection id="sewer-con-14-60">
				<source node="musk-14-60" port="out" />
				<sink node="musk-14-61" port="in" />
			</connection>

			
			<connection id="sewer-con-14-61">
				<source node="musk-14-61" port="out" />
				<sink node="musk-14-62" port="in" />
			</connection>

			
			<connection id="sewer-con-14-62">
				<source node="musk-14-62" port="out" />
				<sink node="musk-14-63" port="in" />
			</connection>

			
			<connection id="sewer-con-14-63">
				<source node="musk-14-63" port="out" />
				<sink node="musk-14-64" port="in" />
			</connection>

			
			<connection id="sewer-con-14-64">
				<source node="musk-14-64" port="out" />
				<sink node="musk-14-65" port="in" />
			</connection>

			
			<connection id="sewer-con-14-65">
				<source node="musk-14-65" port="out" />
				<sink node="musk-14-66" port="in" />
			</connection>

			
			<connection id="sewer-con-14-66">
				<source node="musk-14-66" port="out" />
				<sink node="musk-14-67" port="in" />
			</connection>

			
			<connection id="sewer-con-14-67">
				<source node="musk-14-67" port="out" />
				<sink node="musk-14-68" port="in" />
			</connection>

			
			<connection id="sewer-con-14-68">
				<source node="musk-14-68" port="out" />
				<sink node="musk-14-69" port="in" />
			</connection>

			
			<connection id="sewer-con-14-69">
				<source node="musk-14-69" port="out" />
				<sink node="musk-14-70" port="in" />
			</connection>

			
			<connection id="sewer-con-14-70">
				<source node="musk-14-70" port="out" />
				<sink node="musk-14-71" port="in" />
			</connection>

			
			<connection id="sewer-con-14-71">
				<source node="musk-14-71" port="out" />
				<sink node="musk-14-72" port="in" />
			</connection>

			
			<connection id="sewer-con-14-72">
				<source node="musk-14-72" port="out" />
				<sink node="musk-14-73" port="in" />
			</connection>

			
			<connection id="sewer-con-14-73">
				<source node="musk-14-73" port="out" />
				<sink node="musk-14-74" port="in" />
			</connection>

			
			<connection id="sewer-con-14-74">
				<source node="musk-14-74" port="out" />
				<sink node="musk-14-75" port="in" />
			</connection>

			
			<connection id="sewer-con-14-75">
				<source node="musk-14-75" port="out" />
				<sink node="musk-14-76" port="in" />
			</connection>

			
			<connection id="sewer-con-14-76">
				<source node="musk-14-76" port="out" />
				<sink node="musk-14-77" port="in" />
			</connection>

			
			<connection id="sewer-con-14-77">
				<source node="musk-14-77" port="out" />
				<sink node="musk-14-78" port="in" />
			</connection>

			
			<connection id="sewer-con-14-78">
				<source node="musk-14-78" port="out" />
				<sink node="musk-14-79" port="in" />
			</connection>

			
			<connection id="sewer-con-14-79">
				<source node="musk-14-79" port="out" />
				<sink node="musk-14-80" port="in" />
			</connection>

			
			<connection id="sewer-con-14-80">
				<source node="musk-14-80" port="out" />
				<sink node="musk-14-81" port="in" />
			</connection>

			
			<connection id="sewer-con-14-81">
				<source node="musk-14-81" port="out" />
				<sink node="musk-14-82" port="in" />
			</connection>

			
			<connection id="sewer-con-14-82">
				<source node="musk-14-82" port="out" />
				<sink node="musk-14-83" port="in" />
			</connection>

			
			<connection id="sewer-con-14-83">
				<source node="musk-14-83" port="out" />
				<sink node="musk-14-84" port="in" />
			</connection>

			
			<connection id="sewer-con-14-84">
				<source node="musk-14-84" port="out" />
				<sink node="musk-14-85" port="in" />
			</connection>

			
			<connection id="sewer-con-14-85">
				<source node="musk-14-85" port="out" />
				<sink node="musk-14-86" port="in" />
			</connection>

			
			<connection id="sewer-con-14-86">
				<source node="musk-14-86" port="out" />
				<sink node="musk-14-87" port="in" />
			</connection>

			
			<connection id="sewer-con-14-87">
				<source node="musk-14-87" port="out" />
				<sink node="musk-14-88" port="in" />
			</connection>

			
			<connection id="sewer-con-14-88">
				<source node="musk-14-88" port="out" />
				<sink node="musk-14-89" port="in" />
			</connection>

			
			<connection id="sewer-con-14-89">
				<source node="musk-14-89" port="out" />
				<sink node="musk-14-90" port="in" />
			</connection>

			
			<connection id="sewer-con-14-90">
				<source node="musk-14-90" port="out" />
				<sink node="musk-14-91" port="in" />
			</connection>

			
			<connection id="sewer-con-14-91">
				<source node="musk-14-91" port="out" />
				<sink node="musk-14-92" port="in" />
			</connection>

			
			<connection id="sewer-con-14-92">
				<source node="musk-14-92" port="out" />
				<sink node="musk-14-93" port="in" />
			</connection>

			
			<connection id="sewer-con-14-93">
				<source node="musk-14-93" port="out" />
				<sink node="musk-14-94" port="in" />
			</connection>

			
			<connection id="sewer-con-14-94">
				<source node="musk-14-94" port="out" />
				<sink node="musk-14-95" port="in" />
			</connection>

			
			<connection id="sewer-con-14-95">
				<source node="musk-14-95" port="out" />
				<sink node="musk-14-96" port="in" />
			</connection>

			
			<connection id="sewer-con-14-96">
				<source node="musk-14-96" port="out" />
				<sink node="musk-14-97" port="in" />
			</connection>

			
			<connection id="sewer-con-14-97">
				<source node="musk-14-97" port="out" />
				<sink node="musk-14-98" port="in" />
			</connection>

			
			<connection id="sewer-con-14-98">
				<source node="musk-14-98" port="out" />
				<sink node="musk-14-99" port="in" />
			</connection>


			<connection id="sewer-mixer-14">
				<source node="musk-14-99" port="out" />
				<sink	node="mixer" port="inputs[14]" />
			</connection>


			<connection id="const-sewer-15">
				<source node="constsource-15" port="out" />
				<sink	node="musk-15-0" port="in" />
			</connection>

			
			<connection id="sewer-con-15-0">
				<source node="musk-15-0" port="out" />
				<sink node="musk-15-1" port="in" />
			</connection>

			
			<connection id="sewer-con-15-1">
				<source node="musk-15-1" port="out" />
				<sink node="musk-15-2" port="in" />
			</connection>

			
			<connection id="sewer-con-15-2">
				<source node="musk-15-2" port="out" />
				<sink node="musk-15-3" port="in" />
			</connection>

			
			<connection id="sewer-con-15-3">
				<source node="musk-15-3" port="out" />
				<sink node="musk-15-4" port="in" />
			</connection>

			
			<connection id="sewer-con-15-4">
				<source node="musk-15-4" port="out" />
				<sink node="musk-15-5" port="in" />
			</connection>

			
			<connection id="sewer-con-15-5">
				<source node="musk-15-5" port="out" />
				<sink node="musk-15-6" port="in" />
			</connection>

			
			<connection id="sewer-con-15-6">
				<source node="musk-15-6" port="out" />
				<sink node="musk-15-7" port="in" />
			</connection>

			
			<connection id="sewer-con-15-7">
				<source node="musk-15-7" port="out" />
				<sink node="musk-15-8" port="in" />
			</connection>

			
			<connection id="sewer-con-15-8">
				<source node="musk-15-8" port="out" />
				<sink node="musk-15-9" port="in" />
			</connection>

			
			<connection id="sewer-con-15-9">
				<source node="musk-15-9" port="out" />
				<sink node="musk-15-10" port="in" />
			</connection>

			
			<connection id="sewer-con-15-10">
				<source node="musk-15-10" port="out" />
				<sink node="musk-15-11" port="in" />
			</connection>

			
			<connection id="sewer-con-15-11">
				<source node="musk-15-11" port="out" />
				<sink node="musk-15-12" port="in" />
			</connection>

			
			<connection id="sewer-con-15-12">
				<source node="musk-15-12" port="out" />
				<sink node="musk-15-13" port="in" />
			</connection>

			
			<connection id="sewer-con-15-13">
				<source node="musk-15-13" port="out" />
				<sink node="musk-15-14" port="in" />
			</connection>

			
			<connection id="sewer-con-15-14">
				<source node="musk-15-14" port="out" />
				<sink node="musk-15-15" port="in" />
			</connection>

			
			<connection id="sewer-con-15-15">
				<source node="musk-15-15" port="out" />
				<sink node="musk-15-16" port="in" />
			</connection>

			
			<connection id="sewer-con-15-16">
				<source node="musk-15-16" port="out" />
				<sink node="musk-15-17" port="in" />
			</connection>

			
			<connection id="sewer-con-15-17">
				<source node="musk-15-17" port="out" />
				<sink node="musk-15-18" port="in" />
			</connection>

			
			<connection id="sewer-con-15-18">
				<source node="musk-15-18" port="out" />
				<sink node="musk-15-19" port="in" />
			</connection>

			
			<connection id="sewer-con-15-19">
				<source node="musk-15-19" port="out" />
				<sink node="musk-15-20" port="in" />
			</connection>

			
			<connection id="sewer-con-15-20">
				<source node="musk-15-20" port="out" />
				<sink node="musk-15-21" port="in" />
			</connection>

			
			<connection id="sewer-con-15-21">
				<source node="musk-15-21" port="out" />
				<sink node="musk-15-22" port="in" />
			</connection>

			
			<connection id="sewer-con-15-22">
				<source node="musk-15-22" port="out" />
				<sink node="musk-15-23" port="in" />
			</connection>

			
			<connection id="sewer-con-15-23">
				<source node="musk-15-23" port="out" />
				<sink node="musk-15-24" port="in" />
			</connection>

			
			<connection id="sewer-con-15-24">
				<source node="musk-15-24" port="out" />
				<sink node="musk-15-25" port="in" />
			</connection>

			
			<connection id="sewer-con-15-25">
				<source node="musk-15-25" port="out" />
				<sink node="musk-15-26" port="in" />
			</connection>

			
			<connection id="sewer-con-15-26">
				<source node="musk-15-26" port="out" />
				<sink node="musk-15-27" port="in" />
			</connection>

			
			<connection id="sewer-con-15-27">
				<source node="musk-15-27" port="out" />
				<sink node="musk-15-28" port="in" />
			</connection>

			
			<connection id="sewer-con-15-28">
				<source node="musk-15-28" port="out" />
				<sink node="musk-15-29" port="in" />
			</connection>

			
			<connection id="sewer-con-15-29">
				<source node="musk-15-29" port="out" />
				<sink node="musk-15-30" port="in" />
			</connection>

			
			<connection id="sewer-con-15-30">
				<source node="musk-15-30" port="out" />
				<sink node="musk-15-31" port="in" />
			</connection>

			
			<connection id="sewer-con-15-31">
				<source node="musk-15-31" port="out" />
				<sink node="musk-15-32" port="in" />
			</connection>

			
			<connection id="sewer-con-15-32">
				<source node="musk-15-32" port="out" />
				<sink node="musk-15-33" port="in" />
			</connection>

			
			<connection id="sewer-con-15-33">
				<source node="musk-15-33" port="out" />
				<sink node="musk-15-34" port="in" />
			</connection>

			
			<connection id="sewer-con-15-34">
				<source node="musk-15-34" port="out" />
				<sink node="musk-15-35" port="in" />
			</connection>

			
			<connection id="sewer-con-15-35">
				<source node="musk-15-35" port="out" />
				<sink node="musk-15-36" port="in" />
			</connection>

			
			<connection id="sewer-con-15-36">
				<source node="musk-15-36" port="out" />
				<sink node="musk-15-37" port="in" />
			</connection>

			
			<connection id="sewer-con-15-37">
				<source node="musk-15-37" port="out" />
				<sink node="musk-15-38" port="in" />
			</connection>

			
			<connection id="sewer-con-15-38">
				<source node="musk-15-38" port="out" />
				<sink node="musk-15-39" port="in" />
			</connection>

			
			<connection id="sewer-con-15-39">
				<source node="musk-15-39" port="out" />
				<sink node="musk-15-40" port="in" />
			</connection>

			
			<connection id="sewer-con-15-40">
				<source node="musk-15-40" port="out" />
				<sink node="musk-15-41" port="in" />
			</connection>

			
			<connection id="sewer-con-15-41">
				<source node="musk-15-41" port="out" />
				<sink node="musk-15-42" port="in" />
			</connection>

			
			<connection id="sewer-con-15-42">
				<source node="musk-15-42" port="out" />
				<sink node="musk-15-43" port="in" />
			</connection>

			
			<connection id="sewer-con-15-43">
				<source node="musk-15-43" port="out" />
				<sink node="musk-15-44" port="in" />
			</connection>

			
			<connection id="sewer-con-15-44">
				<source node="musk-15-44" port="out" />
				<sink node="musk-15-45" port="in" />
			</connection>

			
			<connection id="sewer-con-15-45">
				<source node="musk-15-45" port="out" />
				<sink node="musk-15-46" port="in" />
			</connection>

			
			<connection id="sewer-con-15-46">
				<source node="musk-15-46" port="out" />
				<sink node="musk-15-47" port="in" />
			</connection>

			
			<connection id="sewer-con-15-47">
				<source node="musk-15-47" port="out" />
				<sink node="musk-15-48" port="in" />
			</connection>

			
			<connection id="sewer-con-15-48">
				<source node="musk-15-48" port="out" />
				<sink node="musk-15-49" port="in" />
			</connection>

			
			<connection id="sewer-con-15-49">
				<source node="musk-15-49" port="out" />
				<sink node="musk-15-50" port="in" />
			</connection>

			
			<connection id="sewer-con-15-50">
				<source node="musk-15-50" port="out" />
				<sink node="musk-15-51" port="in" />
			</connection>

			
			<connection id="sewer-con-15-51">
				<source node="musk-15-51" port="out" />
				<sink node="musk-15-52" port="in" />
			</connection>

			
			<connection id="sewer-con-15-52">
				<source node="musk-15-52" port="out" />
				<sink node="musk-15-53" port="in" />
			</connection>

			
			<connection id="sewer-con-15-53">
				<source node="musk-15-53" port="out" />
				<sink node="musk-15-54" port="in" />
			</connection>

			
			<connection id="sewer-con-15-54">
				<source node="musk-15-54" port="out" />
				<sink node="musk-15-55" port="in" />
			</connection>

			
			<connection id="sewer-con-15-55">
				<source node="musk-15-55" port="out" />
				<sink node="musk-15-56" port="in" />
			</connection>

			
			<connection id="sewer-con-15-56">
				<source node="musk-15-56" port="out" />
				<sink node="musk-15-57" port="in" />
			</connection>

			
			<connection id="sewer-con-15-57">
				<source node="musk-15-57" port="out" />
				<sink node="musk-15-58" port="in" />
			</connection>

			
			<connection id="sewer-con-15-58">
				<source node="musk-15-58" port="out" />
				<sink node="musk-15-59" port="in" />
			</connection>

			
			<connection id="sewer-con-15-59">
				<source node="musk-15-59" port="out" />
				<sink node="musk-15-60" port="in" />
			</connection>

			
			<connection id="sewer-con-15-60">
				<source node="musk-15-60" port="out" />
				<sink node="musk-15-61" port="in" />
			</connection>

			
			<connection id="sewer-con-15-61">
				<source node="musk-15-61" port="out" />
				<sink node="musk-15-62" port="in" />
			</connection>

			
			<connection id="sewer-con-15-62">
				<source node="musk-15-62" port="out" />
				<sink node="musk-15-63" port="in" />
			</connection>

			
			<connection id="sewer-con-15-63">
				<source node="musk-15-63" port="out" />
				<sink node="musk-15-64" port="in" />
			</connection>

			
			<connection id="sewer-con-15-64">
				<source node="musk-15-64" port="out" />
				<sink node="musk-15-65" port="in" />
			</connection>

			
			<connection id="sewer-con-15-65">
				<source node="musk-15-65" port="out" />
				<sink node="musk-15-66" port="in" />
			</connection>

			
			<connection id="sewer-con-15-66">
				<source node="musk-15-66" port="out" />
				<sink node="musk-15-67" port="in" />
			</connection>

			
			<connection id="sewer-con-15-67">
				<source node="musk-15-67" port="out" />
				<sink node="musk-15-68" port="in" />
			</connection>

			
			<connection id="sewer-con-15-68">
				<source node="musk-15-68" port="out" />
				<sink node="musk-15-69" port="in" />
			</connection>

			
			<connection id="sewer-con-15-69">
				<source node="musk-15-69" port="out" />
				<sink node="musk-15-70" port="in" />
			</connection>

			
			<connection id="sewer-con-15-70">
				<source node="musk-15-70" port="out" />
				<sink node="musk-15-71" port="in" />
			</connection>

			
			<connection id="sewer-con-15-71">
				<source node="musk-15-71" port="out" />
				<sink node="musk-15-72" port="in" />
			</connection>

			
			<connection id="sewer-con-15-72">
				<source node="musk-15-72" port="out" />
				<sink node="musk-15-73" port="in" />
			</connection>

			
			<connection id="sewer-con-15-73">
				<source node="musk-15-73" port="out" />
				<sink node="musk-15-74" port="in" />
			</connection>

			
			<connection id="sewer-con-15-74">
				<source node="musk-15-74" port="out" />
				<sink node="musk-15-75" port="in" />
			</connection>

			
			<connection id="sewer-con-15-75">
				<source node="musk-15-75" port="out" />
				<sink node="musk-15-76" port="in" />
			</connection>

			
			<connection id="sewer-con-15-76">
				<source node="musk-15-76" port="out" />
				<sink node="musk-15-77" port="in" />
			</connection>

			
			<connection id="sewer-con-15-77">
				<source node="musk-15-77" port="out" />
				<sink node="musk-15-78" port="in" />
			</connection>

			
			<connection id="sewer-con-15-78">
				<source node="musk-15-78" port="out" />
				<sink node="musk-15-79" port="in" />
			</connection>

			
			<connection id="sewer-con-15-79">
				<source node="musk-15-79" port="out" />
				<sink node="musk-15-80" port="in" />
			</connection>

			
			<connection id="sewer-con-15-80">
				<source node="musk-15-80" port="out" />
				<sink node="musk-15-81" port="in" />
			</connection>

			
			<connection id="sewer-con-15-81">
				<source node="musk-15-81" port="out" />
				<sink node="musk-15-82" port="in" />
			</connection>

			
			<connection id="sewer-con-15-82">
				<source node="musk-15-82" port="out" />
				<sink node="musk-15-83" port="in" />
			</connection>

			
			<connection id="sewer-con-15-83">
				<source node="musk-15-83" port="out" />
				<sink node="musk-15-84" port="in" />
			</connection>

			
			<connection id="sewer-con-15-84">
				<source node="musk-15-84" port="out" />
				<sink node="musk-15-85" port="in" />
			</connection>

			
			<connection id="sewer-con-15-85">
				<source node="musk-15-85" port="out" />
				<sink node="musk-15-86" port="in" />
			</connection>

			
			<connection id="sewer-con-15-86">
				<source node="musk-15-86" port="out" />
				<sink node="musk-15-87" port="in" />
			</connection>

			
			<connection id="sewer-con-15-87">
				<source node="musk-15-87" port="out" />
				<sink node="musk-15-88" port="in" />
			</connection>

			
			<connection id="sewer-con-15-88">
				<source node="musk-15-88" port="out" />
				<sink node="musk-15-89" port="in" />
			</connection>

			
			<connection id="sewer-con-15-89">
				<source node="musk-15-89" port="out" />
				<sink node="musk-15-90" port="in" />
			</connection>

			
			<connection id="sewer-con-15-90">
				<source node="musk-15-90" port="out" />
				<sink node="musk-15-91" port="in" />
			</connection>

			
			<connection id="sewer-con-15-91">
				<source node="musk-15-91" port="out" />
				<sink node="musk-15-92" port="in" />
			</connection>

			
			<connection id="sewer-con-15-92">
				<source node="musk-15-92" port="out" />
				<sink node="musk-15-93" port="in" />
			</connection>

			
			<connection id="sewer-con-15-93">
				<source node="musk-15-93" port="out" />
				<sink node="musk-15-94" port="in" />
			</connection>

			
			<connection id="sewer-con-15-94">
				<source node="musk-15-94" port="out" />
				<sink node="musk-15-95" port="in" />
			</connection>

			
			<connection id="sewer-con-15-95">
				<source node="musk-15-95" port="out" />
				<sink node="musk-15-96" port="in" />
			</connection>

			
			<connection id="sewer-con-15-96">
				<source node="musk-15-96" port="out" />
				<sink node="musk-15-97" port="in" />
			</connection>

			
			<connection id="sewer-con-15-97">
				<source node="musk-15-97" port="out" />
				<sink node="musk-15-98" port="in" />
			</connection>

			
			<connection id="sewer-con-15-98">
				<source node="musk-15-98" port="out" />
				<sink node="musk-15-99" port="in" />
			</connection>


			<connection id="sewer-mixer-15">
				<source node="musk-15-99" port="out" />
				<sink	node="mixer" port="inputs[15]" />
			</connection>


			<connection id="const-sewer-16">
				<source node="constsource-16" port="out" />
				<sink	node="musk-16-0" port="in" />
			</connection>

			
			<connection id="sewer-con-16-0">
				<source node="musk-16-0" port="out" />
				<sink node="musk-16-1" port="in" />
			</connection>

			
			<connection id="sewer-con-16-1">
				<source node="musk-16-1" port="out" />
				<sink node="musk-16-2" port="in" />
			</connection>

			
			<connection id="sewer-con-16-2">
				<source node="musk-16-2" port="out" />
				<sink node="musk-16-3" port="in" />
			</connection>

			
			<connection id="sewer-con-16-3">
				<source node="musk-16-3" port="out" />
				<sink node="musk-16-4" port="in" />
			</connection>

			
			<connection id="sewer-con-16-4">
				<source node="musk-16-4" port="out" />
				<sink node="musk-16-5" port="in" />
			</connection>

			
			<connection id="sewer-con-16-5">
				<source node="musk-16-5" port="out" />
				<sink node="musk-16-6" port="in" />
			</connection>

			
			<connection id="sewer-con-16-6">
				<source node="musk-16-6" port="out" />
				<sink node="musk-16-7" port="in" />
			</connection>

			
			<connection id="sewer-con-16-7">
				<source node="musk-16-7" port="out" />
				<sink node="musk-16-8" port="in" />
			</connection>

			
			<connection id="sewer-con-16-8">
				<source node="musk-16-8" port="out" />
				<sink node="musk-16-9" port="in" />
			</connection>

			
			<connection id="sewer-con-16-9">
				<source node="musk-16-9" port="out" />
				<sink node="musk-16-10" port="in" />
			</connection>

			
			<connection id="sewer-con-16-10">
				<source node="musk-16-10" port="out" />
				<sink node="musk-16-11" port="in" />
			</connection>

			
			<connection id="sewer-con-16-11">
				<source node="musk-16-11" port="out" />
				<sink node="musk-16-12" port="in" />
			</connection>

			
			<connection id="sewer-con-16-12">
				<source node="musk-16-12" port="out" />
				<sink node="musk-16-13" port="in" />
			</connection>

			
			<connection id="sewer-con-16-13">
				<source node="musk-16-13" port="out" />
				<sink node="musk-16-14" port="in" />
			</connection>

			
			<connection id="sewer-con-16-14">
				<source node="musk-16-14" port="out" />
				<sink node="musk-16-15" port="in" />
			</connection>

			
			<connection id="sewer-con-16-15">
				<source node="musk-16-15" port="out" />
				<sink node="musk-16-16" port="in" />
			</connection>

			
			<connection id="sewer-con-16-16">
				<source node="musk-16-16" port="out" />
				<sink node="musk-16-17" port="in" />
			</connection>

			
			<connection id="sewer-con-16-17">
				<source node="musk-16-17" port="out" />
				<sink node="musk-16-18" port="in" />
			</connection>

			
			<connection id="sewer-con-16-18">
				<source node="musk-16-18" port="out" />
				<sink node="musk-16-19" port="in" />
			</connection>

			
			<connection id="sewer-con-16-19">
				<source node="musk-16-19" port="out" />
				<sink node="musk-16-20" port="in" />
			</connection>

			
			<connection id="sewer-con-16-20">
				<source node="musk-16-20" port="out" />
				<sink node="musk-16-21" port="in" />
			</connection>

			
			<connection id="sewer-con-16-21">
				<source node="musk-16-21" port="out" />
				<sink node="musk-16-22" port="in" />
			</connection>

			
			<connection id="sewer-con-16-22">
				<source node="musk-16-22" port="out" />
				<sink node="musk-16-23" port="in" />
			</connection>

			
			<connection id="sewer-con-16-23">
				<source node="musk-16-23" port="out" />
				<sink node="musk-16-24" port="in" />
			</connection>

			
			<connection id="sewer-con-16-24">
				<source node="musk-16-24" port="out" />
				<sink node="musk-16-25" port="in" />
			</connection>

			
			<connection id="sewer-con-16-25">
				<source node="musk-16-25" port="out" />
				<sink node="musk-16-26" port="in" />
			</connection>

			
			<connection id="sewer-con-16-26">
				<source node="musk-16-26" port="out" />
				<sink node="musk-16-27" port="in" />
			</connection>

			
			<connection id="sewer-con-16-27">
				<source node="musk-16-27" port="out" />
				<sink node="musk-16-28" port="in" />
			</connection>

			
			<connection id="sewer-con-16-28">
				<source node="musk-16-28" port="out" />
				<sink node="musk-16-29" port="in" />
			</connection>

			
			<connection id="sewer-con-16-29">
				<source node="musk-16-29" port="out" />
				<sink node="musk-16-30" port="in" />
			</connection>

			
			<connection id="sewer-con-16-30">
				<source node="musk-16-30" port="out" />
				<sink node="musk-16-31" port="in" />
			</connection>

			
			<connection id="sewer-con-16-31">
				<source node="musk-16-31" port="out" />
				<sink node="musk-16-32" port="in" />
			</connection>

			
			<connection id="sewer-con-16-32">
				<source node="musk-16-32" port="out" />
				<sink node="musk-16-33" port="in" />
			</connection>

			
			<connection id="sewer-con-16-33">
				<source node="musk-16-33" port="out" />
				<sink node="musk-16-34" port="in" />
			</connection>

			
			<connection id="sewer-con-16-34">
				<source node="musk-16-34" port="out" />
				<sink node="musk-16-35" port="in" />
			</connection>

			
			<connection id="sewer-con-16-35">
				<source node="musk-16-35" port="out" />
				<sink node="musk-16-36" port="in" />
			</connection>

			
			<connection id="sewer-con-16-36">
				<source node="musk-16-36" port="out" />
				<sink node="musk-16-37" port="in" />
			</connection>

			
			<connection id="sewer-con-16-37">
				<source node="musk-16-37" port="out" />
				<sink node="musk-16-38" port="in" />
			</connection>

			
			<connection id="sewer-con-16-38">
				<source node="musk-16-38" port="out" />
				<sink node="musk-16-39" port="in" />
			</connection>

			
			<connection id="sewer-con-16-39">
				<source node="musk-16-39" port="out" />
				<sink node="musk-16-40" port="in" />
			</connection>

			
			<connection id="sewer-con-16-40">
				<source node="musk-16-40" port="out" />
				<sink node="musk-16-41" port="in" />
			</connection>

			
			<connection id="sewer-con-16-41">
				<source node="musk-16-41" port="out" />
				<sink node="musk-16-42" port="in" />
			</connection>

			
			<connection id="sewer-con-16-42">
				<source node="musk-16-42" port="out" />
				<sink node="musk-16-43" port="in" />
			</connection>

			
			<connection id="sewer-con-16-43">
				<source node="musk-16-43" port="out" />
				<sink node="musk-16-44" port="in" />
			</connection>

			
			<connection id="sewer-con-16-44">
				<source node="musk-16-44" port="out" />
				<sink node="musk-16-45" port="in" />
			</connection>

			
			<connection id="sewer-con-16-45">
				<source node="musk-16-45" port="out" />
				<sink node="musk-16-46" port="in" />
			</connection>

			
			<connection id="sewer-con-16-46">
				<source node="musk-16-46" port="out" />
				<sink node="musk-16-47" port="in" />
			</connection>

			
			<connection id="sewer-con-16-47">
				<source node="musk-16-47" port="out" />
				<sink node="musk-16-48" port="in" />
			</connection>

			
			<connection id="sewer-con-16-48">
				<source node="musk-16-48" port="out" />
				<sink node="musk-16-49" port="in" />
			</connection>

			
			<connection id="sewer-con-16-49">
				<source node="musk-16-49" port="out" />
				<sink node="musk-16-50" port="in" />
			</connection>

			
			<connection id="sewer-con-16-50">
				<source node="musk-16-50" port="out" />
				<sink node="musk-16-51" port="in" />
			</connection>

			
			<connection id="sewer-con-16-51">
				<source node="musk-16-51" port="out" />
				<sink node="musk-16-52" port="in" />
			</connection>

			
			<connection id="sewer-con-16-52">
				<source node="musk-16-52" port="out" />
				<sink node="musk-16-53" port="in" />
			</connection>

			
			<connection id="sewer-con-16-53">
				<source node="musk-16-53" port="out" />
				<sink node="musk-16-54" port="in" />
			</connection>

			
			<connection id="sewer-con-16-54">
				<source node="musk-16-54" port="out" />
				<sink node="musk-16-55" port="in" />
			</connection>

			
			<connection id="sewer-con-16-55">
				<source node="musk-16-55" port="out" />
				<sink node="musk-16-56" port="in" />
			</connection>

			
			<connection id="sewer-con-16-56">
				<source node="musk-16-56" port="out" />
				<sink node="musk-16-57" port="in" />
			</connection>

			
			<connection id="sewer-con-16-57">
				<source node="musk-16-57" port="out" />
				<sink node="musk-16-58" port="in" />
			</connection>

			
			<connection id="sewer-con-16-58">
				<source node="musk-16-58" port="out" />
				<sink node="musk-16-59" port="in" />
			</connection>

			
			<connection id="sewer-con-16-59">
				<source node="musk-16-59" port="out" />
				<sink node="musk-16-60" port="in" />
			</connection>

			
			<connection id="sewer-con-16-60">
				<source node="musk-16-60" port="out" />
				<sink node="musk-16-61" port="in" />
			</connection>

			
			<connection id="sewer-con-16-61">
				<source node="musk-16-61" port="out" />
				<sink node="musk-16-62" port="in" />
			</connection>

			
			<connection id="sewer-con-16-62">
				<source node="musk-16-62" port="out" />
				<sink node="musk-16-63" port="in" />
			</connection>

			
			<connection id="sewer-con-16-63">
				<source node="musk-16-63" port="out" />
				<sink node="musk-16-64" port="in" />
			</connection>

			
			<connection id="sewer-con-16-64">
				<source node="musk-16-64" port="out" />
				<sink node="musk-16-65" port="in" />
			</connection>

			
			<connection id="sewer-con-16-65">
				<source node="musk-16-65" port="out" />
				<sink node="musk-16-66" port="in" />
			</connection>

			
			<connection id="sewer-con-16-66">
				<source node="musk-16-66" port="out" />
				<sink node="musk-16-67" port="in" />
			</connection>

			
			<connection id="sewer-con-16-67">
				<source node="musk-16-67" port="out" />
				<sink node="musk-16-68" port="in" />
			</connection>

			
			<connection id="sewer-con-16-68">
				<source node="musk-16-68" port="out" />
				<sink node="musk-16-69" port="in" />
			</connection>

			
			<connection id="sewer-con-16-69">
				<source node="musk-16-69" port="out" />
				<sink node="musk-16-70" port="in" />
			</connection>

			
			<connection id="sewer-con-16-70">
				<source node="musk-16-70" port="out" />
				<sink node="musk-16-71" port="in" />
			</connection>

			
			<connection id="sewer-con-16-71">
				<source node="musk-16-71" port="out" />
				<sink node="musk-16-72" port="in" />
			</connection>

			
			<connection id="sewer-con-16-72">
				<source node="musk-16-72" port="out" />
				<sink node="musk-16-73" port="in" />
			</connection>

			
			<connection id="sewer-con-16-73">
				<source node="musk-16-73" port="out" />
				<sink node="musk-16-74" port="in" />
			</connection>

			
			<connection id="sewer-con-16-74">
				<source node="musk-16-74" port="out" />
				<sink node="musk-16-75" port="in" />
			</connection>

			
			<connection id="sewer-con-16-75">
				<source node="musk-16-75" port="out" />
				<sink node="musk-16-76" port="in" />
			</connection>

			
			<connection id="sewer-con-16-76">
				<source node="musk-16-76" port="out" />
				<sink node="musk-16-77" port="in" />
			</connection>

			
			<connection id="sewer-con-16-77">
				<source node="musk-16-77" port="out" />
				<sink node="musk-16-78" port="in" />
			</connection>

			
			<connection id="sewer-con-16-78">
				<source node="musk-16-78" port="out" />
				<sink node="musk-16-79" port="in" />
			</connection>

			
			<connection id="sewer-con-16-79">
				<source node="musk-16-79" port="out" />
				<sink node="musk-16-80" port="in" />
			</connection>

			
			<connection id="sewer-con-16-80">
				<source node="musk-16-80" port="out" />
				<sink node="musk-16-81" port="in" />
			</connection>

			
			<connection id="sewer-con-16-81">
				<source node="musk-16-81" port="out" />
				<sink node="musk-16-82" port="in" />
			</connection>

			
			<connection id="sewer-con-16-82">
				<source node="musk-16-82" port="out" />
				<sink node="musk-16-83" port="in" />
			</connection>

			
			<connection id="sewer-con-16-83">
				<source node="musk-16-83" port="out" />
				<sink node="musk-16-84" port="in" />
			</connection>

			
			<connection id="sewer-con-16-84">
				<source node="musk-16-84" port="out" />
				<sink node="musk-16-85" port="in" />
			</connection>

			
			<connection id="sewer-con-16-85">
				<source node="musk-16-85" port="out" />
				<sink node="musk-16-86" port="in" />
			</connection>

			
			<connection id="sewer-con-16-86">
				<source node="musk-16-86" port="out" />
				<sink node="musk-16-87" port="in" />
			</connection>

			
			<connection id="sewer-con-16-87">
				<source node="musk-16-87" port="out" />
				<sink node="musk-16-88" port="in" />
			</connection>

			
			<connection id="sewer-con-16-88">
				<source node="musk-16-88" port="out" />
				<sink node="musk-16-89" port="in" />
			</connection>

			
			<connection id="sewer-con-16-89">
				<source node="musk-16-89" port="out" />
				<sink node="musk-16-90" port="in" />
			</connection>

			
			<connection id="sewer-con-16-90">
				<source node="musk-16-90" port="out" />
				<sink node="musk-16-91" port="in" />
			</connection>

			
			<connection id="sewer-con-16-91">
				<source node="musk-16-91" port="out" />
				<sink node="musk-16-92" port="in" />
			</connection>

			
			<connection id="sewer-con-16-92">
				<source node="musk-16-92" port="out" />
				<sink node="musk-16-93" port="in" />
			</connection>

			
			<connection id="sewer-con-16-93">
				<source node="musk-16-93" port="out" />
				<sink node="musk-16-94" port="in" />
			</connection>

			
			<connection id="sewer-con-16-94">
				<source node="musk-16-94" port="out" />
				<sink node="musk-16-95" port="in" />
			</connection>

			
			<connection id="sewer-con-16-95">
				<source node="musk-16-95" port="out" />
				<sink node="musk-16-96" port="in" />
			</connection>

			
			<connection id="sewer-con-16-96">
				<source node="musk-16-96" port="out" />
				<sink node="musk-16-97" port="in" />
			</connection>

			
			<connection id="sewer-con-16-97">
				<source node="musk-16-97" port="out" />
				<sink node="musk-16-98" port="in" />
			</connection>

			
			<connection id="sewer-con-16-98">
				<source node="musk-16-98" port="out" />
				<sink node="musk-16-99" port="in" />
			</connection>


			<connection id="sewer-mixer-16">
				<source node="musk-16-99" port="out" />
				<sink	node="mixer" port="inputs[16]" />
			</connection>


			<connection id="const-sewer-17">
				<source node="constsource-17" port="out" />
				<sink	node="musk-17-0" port="in" />
			</connection>

			
			<connection id="sewer-con-17-0">
				<source node="musk-17-0" port="out" />
				<sink node="musk-17-1" port="in" />
			</connection>

			
			<connection id="sewer-con-17-1">
				<source node="musk-17-1" port="out" />
				<sink node="musk-17-2" port="in" />
			</connection>

			
			<connection id="sewer-con-17-2">
				<source node="musk-17-2" port="out" />
				<sink node="musk-17-3" port="in" />
			</connection>

			
			<connection id="sewer-con-17-3">
				<source node="musk-17-3" port="out" />
				<sink node="musk-17-4" port="in" />
			</connection>

			
			<connection id="sewer-con-17-4">
				<source node="musk-17-4" port="out" />
				<sink node="musk-17-5" port="in" />
			</connection>

			
			<connection id="sewer-con-17-5">
				<source node="musk-17-5" port="out" />
				<sink node="musk-17-6" port="in" />
			</connection>

			
			<connection id="sewer-con-17-6">
				<source node="musk-17-6" port="out" />
				<sink node="musk-17-7" port="in" />
			</connection>

			
			<connection id="sewer-con-17-7">
				<source node="musk-17-7" port="out" />
				<sink node="musk-17-8" port="in" />
			</connection>

			
			<connection id="sewer-con-17-8">
				<source node="musk-17-8" port="out" />
				<sink node="musk-17-9" port="in" />
			</connection>

			
			<connection id="sewer-con-17-9">
				<source node="musk-17-9" port="out" />
				<sink node="musk-17-10" port="in" />
			</connection>

			
			<connection id="sewer-con-17-10">
				<source node="musk-17-10" port="out" />
				<sink node="musk-17-11" port="in" />
			</connection>

			
			<connection id="sewer-con-17-11">
				<source node="musk-17-11" port="out" />
				<sink node="musk-17-12" port="in" />
			</connection>

			
			<connection id="sewer-con-17-12">
				<source node="musk-17-12" port="out" />
				<sink node="musk-17-13" port="in" />
			</connection>

			
			<connection id="sewer-con-17-13">
				<source node="musk-17-13" port="out" />
				<sink node="musk-17-14" port="in" />
			</connection>

			
			<connection id="sewer-con-17-14">
				<source node="musk-17-14" port="out" />
				<sink node="musk-17-15" port="in" />
			</connection>

			
			<connection id="sewer-con-17-15">
				<source node="musk-17-15" port="out" />
				<sink node="musk-17-16" port="in" />
			</connection>

			
			<connection id="sewer-con-17-16">
				<source node="musk-17-16" port="out" />
				<sink node="musk-17-17" port="in" />
			</connection>

			
			<connection id="sewer-con-17-17">
				<source node="musk-17-17" port="out" />
				<sink node="musk-17-18" port="in" />
			</connection>

			
			<connection id="sewer-con-17-18">
				<source node="musk-17-18" port="out" />
				<sink node="musk-17-19" port="in" />
			</connection>

			
			<connection id="sewer-con-17-19">
				<source node="musk-17-19" port="out" />
				<sink node="musk-17-20" port="in" />
			</connection>

			
			<connection id="sewer-con-17-20">
				<source node="musk-17-20" port="out" />
				<sink node="musk-17-21" port="in" />
			</connection>

			
			<connection id="sewer-con-17-21">
				<source node="musk-17-21" port="out" />
				<sink node="musk-17-22" port="in" />
			</connection>

			
			<connection id="sewer-con-17-22">
				<source node="musk-17-22" port="out" />
				<sink node="musk-17-23" port="in" />
			</connection>

			
			<connection id="sewer-con-17-23">
				<source node="musk-17-23" port="out" />
				<sink node="musk-17-24" port="in" />
			</connection>

			
			<connection id="sewer-con-17-24">
				<source node="musk-17-24" port="out" />
				<sink node="musk-17-25" port="in" />
			</connection>

			
			<connection id="sewer-con-17-25">
				<source node="musk-17-25" port="out" />
				<sink node="musk-17-26" port="in" />
			</connection>

			
			<connection id="sewer-con-17-26">
				<source node="musk-17-26" port="out" />
				<sink node="musk-17-27" port="in" />
			</connection>

			
			<connection id="sewer-con-17-27">
				<source node="musk-17-27" port="out" />
				<sink node="musk-17-28" port="in" />
			</connection>

			
			<connection id="sewer-con-17-28">
				<source node="musk-17-28" port="out" />
				<sink node="musk-17-29" port="in" />
			</connection>

			
			<connection id="sewer-con-17-29">
				<source node="musk-17-29" port="out" />
				<sink node="musk-17-30" port="in" />
			</connection>

			
			<connection id="sewer-con-17-30">
				<source node="musk-17-30" port="out" />
				<sink node="musk-17-31" port="in" />
			</connection>

			
			<connection id="sewer-con-17-31">
				<source node="musk-17-31" port="out" />
				<sink node="musk-17-32" port="in" />
			</connection>

			
			<connection id="sewer-con-17-32">
				<source node="musk-17-32" port="out" />
				<sink node="musk-17-33" port="in" />
			</connection>

			
			<connection id="sewer-con-17-33">
				<source node="musk-17-33" port="out" />
				<sink node="musk-17-34" port="in" />
			</connection>

			
			<connection id="sewer-con-17-34">
				<source node="musk-17-34" port="out" />
				<sink node="musk-17-35" port="in" />
			</connection>

			
			<connection id="sewer-con-17-35">
				<source node="musk-17-35" port="out" />
				<sink node="musk-17-36" port="in" />
			</connection>

			
			<connection id="sewer-con-17-36">
				<source node="musk-17-36" port="out" />
				<sink node="musk-17-37" port="in" />
			</connection>

			
			<connection id="sewer-con-17-37">
				<source node="musk-17-37" port="out" />
				<sink node="musk-17-38" port="in" />
			</connection>

			
			<connection id="sewer-con-17-38">
				<source node="musk-17-38" port="out" />
				<sink node="musk-17-39" port="in" />
			</connection>

			
			<connection id="sewer-con-17-39">
				<source node="musk-17-39" port="out" />
				<sink node="musk-17-40" port="in" />
			</connection>

			
			<connection id="sewer-con-17-40">
				<source node="musk-17-40" port="out" />
				<sink node="musk-17-41" port="in" />
			</connection>

			
			<connection id="sewer-con-17-41">
				<source node="musk-17-41" port="out" />
				<sink node="musk-17-42" port="in" />
			</connection>

			
			<connection id="sewer-con-17-42">
				<source node="musk-17-42" port="out" />
				<sink node="musk-17-43" port="in" />
			</connection>

			
			<connection id="sewer-con-17-43">
				<source node="musk-17-43" port="out" />
				<sink node="musk-17-44" port="in" />
			</connection>

			
			<connection id="sewer-con-17-44">
				<source node="musk-17-44" port="out" />
				<sink node="musk-17-45" port="in" />
			</connection>

			
			<connection id="sewer-con-17-45">
				<source node="musk-17-45" port="out" />
				<sink node="musk-17-46" port="in" />
			</connection>

			
			<connection id="sewer-con-17-46">
				<source node="musk-17-46" port="out" />
				<sink node="musk-17-47" port="in" />
			</connection>

			
			<connection id="sewer-con-17-47">
				<source node="musk-17-47" port="out" />
				<sink node="musk-17-48" port="in" />
			</connection>

			
			<connection id="sewer-con-17-48">
				<source node="musk-17-48" port="out" />
				<sink node="musk-17-49" port="in" />
			</connection>

			
			<connection id="sewer-con-17-49">
				<source node="musk-17-49" port="out" />
				<sink node="musk-17-50" port="in" />
			</connection>

			
			<connection id="sewer-con-17-50">
				<source node="musk-17-50" port="out" />
				<sink node="musk-17-51" port="in" />
			</connection>

			
			<connection id="sewer-con-17-51">
				<source node="musk-17-51" port="out" />
				<sink node="musk-17-52" port="in" />
			</connection>

			
			<connection id="sewer-con-17-52">
				<source node="musk-17-52" port="out" />
				<sink node="musk-17-53" port="in" />
			</connection>

			
			<connection id="sewer-con-17-53">
				<source node="musk-17-53" port="out" />
				<sink node="musk-17-54" port="in" />
			</connection>

			
			<connection id="sewer-con-17-54">
				<source node="musk-17-54" port="out" />
				<sink node="musk-17-55" port="in" />
			</connection>

			
			<connection id="sewer-con-17-55">
				<source node="musk-17-55" port="out" />
				<sink node="musk-17-56" port="in" />
			</connection>

			
			<connection id="sewer-con-17-56">
				<source node="musk-17-56" port="out" />
				<sink node="musk-17-57" port="in" />
			</connection>

			
			<connection id="sewer-con-17-57">
				<source node="musk-17-57" port="out" />
				<sink node="musk-17-58" port="in" />
			</connection>

			
			<connection id="sewer-con-17-58">
				<source node="musk-17-58" port="out" />
				<sink node="musk-17-59" port="in" />
			</connection>

			
			<connection id="sewer-con-17-59">
				<source node="musk-17-59" port="out" />
				<sink node="musk-17-60" port="in" />
			</connection>

			
			<connection id="sewer-con-17-60">
				<source node="musk-17-60" port="out" />
				<sink node="musk-17-61" port="in" />
			</connection>

			
			<connection id="sewer-con-17-61">
				<source node="musk-17-61" port="out" />
				<sink node="musk-17-62" port="in" />
			</connection>

			
			<connection id="sewer-con-17-62">
				<source node="musk-17-62" port="out" />
				<sink node="musk-17-63" port="in" />
			</connection>

			
			<connection id="sewer-con-17-63">
				<source node="musk-17-63" port="out" />
				<sink node="musk-17-64" port="in" />
			</connection>

			
			<connection id="sewer-con-17-64">
				<source node="musk-17-64" port="out" />
				<sink node="musk-17-65" port="in" />
			</connection>

			
			<connection id="sewer-con-17-65">
				<source node="musk-17-65" port="out" />
				<sink node="musk-17-66" port="in" />
			</connection>

			
			<connection id="sewer-con-17-66">
				<source node="musk-17-66" port="out" />
				<sink node="musk-17-67" port="in" />
			</connection>

			
			<connection id="sewer-con-17-67">
				<source node="musk-17-67" port="out" />
				<sink node="musk-17-68" port="in" />
			</connection>

			
			<connection id="sewer-con-17-68">
				<source node="musk-17-68" port="out" />
				<sink node="musk-17-69" port="in" />
			</connection>

			
			<connection id="sewer-con-17-69">
				<source node="musk-17-69" port="out" />
				<sink node="musk-17-70" port="in" />
			</connection>

			
			<connection id="sewer-con-17-70">
				<source node="musk-17-70" port="out" />
				<sink node="musk-17-71" port="in" />
			</connection>

			
			<connection id="sewer-con-17-71">
				<source node="musk-17-71" port="out" />
				<sink node="musk-17-72" port="in" />
			</connection>

			
			<connection id="sewer-con-17-72">
				<source node="musk-17-72" port="out" />
				<sink node="musk-17-73" port="in" />
			</connection>

			
			<connection id="sewer-con-17-73">
				<source node="musk-17-73" port="out" />
				<sink node="musk-17-74" port="in" />
			</connection>

			
			<connection id="sewer-con-17-74">
				<source node="musk-17-74" port="out" />
				<sink node="musk-17-75" port="in" />
			</connection>

			
			<connection id="sewer-con-17-75">
				<source node="musk-17-75" port="out" />
				<sink node="musk-17-76" port="in" />
			</connection>

			
			<connection id="sewer-con-17-76">
				<source node="musk-17-76" port="out" />
				<sink node="musk-17-77" port="in" />
			</connection>

			
			<connection id="sewer-con-17-77">
				<source node="musk-17-77" port="out" />
				<sink node="musk-17-78" port="in" />
			</connection>

			
			<connection id="sewer-con-17-78">
				<source node="musk-17-78" port="out" />
				<sink node="musk-17-79" port="in" />
			</connection>

			
			<connection id="sewer-con-17-79">
				<source node="musk-17-79" port="out" />
				<sink node="musk-17-80" port="in" />
			</connection>

			
			<connection id="sewer-con-17-80">
				<source node="musk-17-80" port="out" />
				<sink node="musk-17-81" port="in" />
			</connection>

			
			<connection id="sewer-con-17-81">
				<source node="musk-17-81" port="out" />
				<sink node="musk-17-82" port="in" />
			</connection>

			
			<connection id="sewer-con-17-82">
				<source node="musk-17-82" port="out" />
				<sink node="musk-17-83" port="in" />
			</connection>

			
			<connection id="sewer-con-17-83">
				<source node="musk-17-83" port="out" />
				<sink node="musk-17-84" port="in" />
			</connection>

			
			<connection id="sewer-con-17-84">
				<source node="musk-17-84" port="out" />
				<sink node="musk-17-85" port="in" />
			</connection>

			
			<connection id="sewer-con-17-85">
				<source node="musk-17-85" port="out" />
				<sink node="musk-17-86" port="in" />
			</connection>

			
			<connection id="sewer-con-17-86">
				<source node="musk-17-86" port="out" />
				<sink node="musk-17-87" port="in" />
			</connection>

			
			<connection id="sewer-con-17-87">
				<source node="musk-17-87" port="out" />
				<sink node="musk-17-88" port="in" />
			</connection>

			
			<connection id="sewer-con-17-88">
				<source node="musk-17-88" port="out" />
				<sink node="musk-17-89" port="in" />
			</connection>

			
			<connection id="sewer-con-17-89">
				<source node="musk-17-89" port="out" />
				<sink node="musk-17-90" port="in" />
			</connection>

			
			<connection id="sewer-con-17-90">
				<source node="musk-17-90" port="out" />
				<sink node="musk-17-91" port="in" />
			</connection>

			
			<connection id="sewer-con-17-91">
				<source node="musk-17-91" port="out" />
				<sink node="musk-17-92" port="in" />
			</connection>

			
			<connection id="sewer-con-17-92">
				<source node="musk-17-92" port="out" />
				<sink node="musk-17-93" port="in" />
			</connection>

			
			<connection id="sewer-con-17-93">
				<source node="musk-17-93" port="out" />
				<sink node="musk-17-94" port="in" />
			</connection>

			
			<connection id="sewer-con-17-94">
				<source node="musk-17-94" port="out" />
				<sink node="musk-17-95" port="in" />
			</connection>

			
			<connection id="sewer-con-17-95">
				<source node="musk-17-95" port="out" />
				<sink node="musk-17-96" port="in" />
			</connection>

			
			<connection id="sewer-con-17-96">
				<source node="musk-17-96" port="out" />
				<sink node="musk-17-97" port="in" />
			</connection>

			
			<connection id="sewer-con-17-97">
				<source node="musk-17-97" port="out" />
				<sink node="musk-17-98" port="in" />
			</connection>

			
			<connection id="sewer-con-17-98">
				<source node="musk-17-98" port="out" />
				<sink node="musk-17-99" port="in" />
			</connection>


			<connection id="sewer-mixer-17">
				<source node="musk-17-99" port="out" />
				<sink	node="mixer" port="inputs[17]" />
			</connection>


			<connection id="const-sewer-18">
				<source node="constsource-18" port="out" />
				<sink	node="musk-18-0" port="in" />
			</connection>

			
			<connection id="sewer-con-18-0">
				<source node="musk-18-0" port="out" />
				<sink node="musk-18-1" port="in" />
			</connection>

			
			<connection id="sewer-con-18-1">
				<source node="musk-18-1" port="out" />
				<sink node="musk-18-2" port="in" />
			</connection>

			
			<connection id="sewer-con-18-2">
				<source node="musk-18-2" port="out" />
				<sink node="musk-18-3" port="in" />
			</connection>

			
			<connection id="sewer-con-18-3">
				<source node="musk-18-3" port="out" />
				<sink node="musk-18-4" port="in" />
			</connection>

			
			<connection id="sewer-con-18-4">
				<source node="musk-18-4" port="out" />
				<sink node="musk-18-5" port="in" />
			</connection>

			
			<connection id="sewer-con-18-5">
				<source node="musk-18-5" port="out" />
				<sink node="musk-18-6" port="in" />
			</connection>

			
			<connection id="sewer-con-18-6">
				<source node="musk-18-6" port="out" />
				<sink node="musk-18-7" port="in" />
			</connection>

			
			<connection id="sewer-con-18-7">
				<source node="musk-18-7" port="out" />
				<sink node="musk-18-8" port="in" />
			</connection>

			
			<connection id="sewer-con-18-8">
				<source node="musk-18-8" port="out" />
				<sink node="musk-18-9" port="in" />
			</connection>

			
			<connection id="sewer-con-18-9">
				<source node="musk-18-9" port="out" />
				<sink node="musk-18-10" port="in" />
			</connection>

			
			<connection id="sewer-con-18-10">
				<source node="musk-18-10" port="out" />
				<sink node="musk-18-11" port="in" />
			</connection>

			
			<connection id="sewer-con-18-11">
				<source node="musk-18-11" port="out" />
				<sink node="musk-18-12" port="in" />
			</connection>

			
			<connection id="sewer-con-18-12">
				<source node="musk-18-12" port="out" />
				<sink node="musk-18-13" port="in" />
			</connection>

			
			<connection id="sewer-con-18-13">
				<source node="musk-18-13" port="out" />
				<sink node="musk-18-14" port="in" />
			</connection>

			
			<connection id="sewer-con-18-14">
				<source node="musk-18-14" port="out" />
				<sink node="musk-18-15" port="in" />
			</connection>

			
			<connection id="sewer-con-18-15">
				<source node="musk-18-15" port="out" />
				<sink node="musk-18-16" port="in" />
			</connection>

			
			<connection id="sewer-con-18-16">
				<source node="musk-18-16" port="out" />
				<sink node="musk-18-17" port="in" />
			</connection>

			
			<connection id="sewer-con-18-17">
				<source node="musk-18-17" port="out" />
				<sink node="musk-18-18" port="in" />
			</connection>

			
			<connection id="sewer-con-18-18">
				<source node="musk-18-18" port="out" />
				<sink node="musk-18-19" port="in" />
			</connection>

			
			<connection id="sewer-con-18-19">
				<source node="musk-18-19" port="out" />
				<sink node="musk-18-20" port="in" />
			</connection>

			
			<connection id="sewer-con-18-20">
				<source node="musk-18-20" port="out" />
				<sink node="musk-18-21" port="in" />
			</connection>

			
			<connection id="sewer-con-18-21">
				<source node="musk-18-21" port="out" />
				<sink node="musk-18-22" port="in" />
			</connection>

			
			<connection id="sewer-con-18-22">
				<source node="musk-18-22" port="out" />
				<sink node="musk-18-23" port="in" />
			</connection>

			
			<connection id="sewer-con-18-23">
				<source node="musk-18-23" port="out" />
				<sink node="musk-18-24" port="in" />
			</connection>

			
			<connection id="sewer-con-18-24">
				<source node="musk-18-24" port="out" />
				<sink node="musk-18-25" port="in" />
			</connection>

			
			<connection id="sewer-con-18-25">
				<source node="musk-18-25" port="out" />
				<sink node="musk-18-26" port="in" />
			</connection>

			
			<connection id="sewer-con-18-26">
				<source node="musk-18-26" port="out" />
				<sink node="musk-18-27" port="in" />
			</connection>

			
			<connection id="sewer-con-18-27">
				<source node="musk-18-27" port="out" />
				<sink node="musk-18-28" port="in" />
			</connection>

			
			<connection id="sewer-con-18-28">
				<source node="musk-18-28" port="out" />
				<sink node="musk-18-29" port="in" />
			</connection>

			
			<connection id="sewer-con-18-29">
				<source node="musk-18-29" port="out" />
				<sink node="musk-18-30" port="in" />
			</connection>

			
			<connection id="sewer-con-18-30">
				<source node="musk-18-30" port="out" />
				<sink node="musk-18-31" port="in" />
			</connection>

			
			<connection id="sewer-con-18-31">
				<source node="musk-18-31" port="out" />
				<sink node="musk-18-32" port="in" />
			</connection>

			
			<connection id="sewer-con-18-32">
				<source node="musk-18-32" port="out" />
				<sink node="musk-18-33" port="in" />
			</connection>

			
			<connection id="sewer-con-18-33">
				<source node="musk-18-33" port="out" />
				<sink node="musk-18-34" port="in" />
			</connection>

			
			<connection id="sewer-con-18-34">
				<source node="musk-18-34" port="out" />
				<sink node="musk-18-35" port="in" />
			</connection>

			
			<connection id="sewer-con-18-35">
				<source node="musk-18-35" port="out" />
				<sink node="musk-18-36" port="in" />
			</connection>

			
			<connection id="sewer-con-18-36">
				<source node="musk-18-36" port="out" />
				<sink node="musk-18-37" port="in" />
			</connection>

			
			<connection id="sewer-con-18-37">
				<source node="musk-18-37" port="out" />
				<sink node="musk-18-38" port="in" />
			</connection>

			
			<connection id="sewer-con-18-38">
				<source node="musk-18-38" port="out" />
				<sink node="musk-18-39" port="in" />
			</connection>

			
			<connection id="sewer-con-18-39">
				<source node="musk-18-39" port="out" />
				<sink node="musk-18-40" port="in" />
			</connection>

			
			<connection id="sewer-con-18-40">
				<source node="musk-18-40" port="out" />
				<sink node="musk-18-41" port="in" />
			</connection>

			
			<connection id="sewer-con-18-41">
				<source node="musk-18-41" port="out" />
				<sink node="musk-18-42" port="in" />
			</connection>

			
			<connection id="sewer-con-18-42">
				<source node="musk-18-42" port="out" />
				<sink node="musk-18-43" port="in" />
			</connection>

			
			<connection id="sewer-con-18-43">
				<source node="musk-18-43" port="out" />
				<sink node="musk-18-44" port="in" />
			</connection>

			
			<connection id="sewer-con-18-44">
				<source node="musk-18-44" port="out" />
				<sink node="musk-18-45" port="in" />
			</connection>

			
			<connection id="sewer-con-18-45">
				<source node="musk-18-45" port="out" />
				<sink node="musk-18-46" port="in" />
			</connection>

			
			<connection id="sewer-con-18-46">
				<source node="musk-18-46" port="out" />
				<sink node="musk-18-47" port="in" />
			</connection>

			
			<connection id="sewer-con-18-47">
				<source node="musk-18-47" port="out" />
				<sink node="musk-18-48" port="in" />
			</connection>

			
			<connection id="sewer-con-18-48">
				<source node="musk-18-48" port="out" />
				<sink node="musk-18-49" port="in" />
			</connection>

			
			<connection id="sewer-con-18-49">
				<source node="musk-18-49" port="out" />
				<sink node="musk-18-50" port="in" />
			</connection>

			
			<connection id="sewer-con-18-50">
				<source node="musk-18-50" port="out" />
				<sink node="musk-18-51" port="in" />
			</connection>

			
			<connection id="sewer-con-18-51">
				<source node="musk-18-51" port="out" />
				<sink node="musk-18-52" port="in" />
			</connection>

			
			<connection id="sewer-con-18-52">
				<source node="musk-18-52" port="out" />
				<sink node="musk-18-53" port="in" />
			</connection>

			
			<connection id="sewer-con-18-53">
				<source node="musk-18-53" port="out" />
				<sink node="musk-18-54" port="in" />
			</connection>

			
			<connection id="sewer-con-18-54">
				<source node="musk-18-54" port="out" />
				<sink node="musk-18-55" port="in" />
			</connection>

			
			<connection id="sewer-con-18-55">
				<source node="musk-18-55" port="out" />
				<sink node="musk-18-56" port="in" />
			</connection>

			
			<connection id="sewer-con-18-56">
				<source node="musk-18-56" port="out" />
				<sink node="musk-18-57" port="in" />
			</connection>

			
			<connection id="sewer-con-18-57">
				<source node="musk-18-57" port="out" />
				<sink node="musk-18-58" port="in" />
			</connection>

			
			<connection id="sewer-con-18-58">
				<source node="musk-18-58" port="out" />
				<sink node="musk-18-59" port="in" />
			</connection>

			
			<connection id="sewer-con-18-59">
				<source node="musk-18-59" port="out" />
				<sink node="musk-18-60" port="in" />
			</connection>

			
			<connection id="sewer-con-18-60">
				<source node="musk-18-60" port="out" />
				<sink node="musk-18-61" port="in" />
			</connection>

			
			<connection id="sewer-con-18-61">
				<source node="musk-18-61" port="out" />
				<sink node="musk-18-62" port="in" />
			</connection>

			
			<connection id="sewer-con-18-62">
				<source node="musk-18-62" port="out" />
				<sink node="musk-18-63" port="in" />
			</connection>

			
			<connection id="sewer-con-18-63">
				<source node="musk-18-63" port="out" />
				<sink node="musk-18-64" port="in" />
			</connection>

			
			<connection id="sewer-con-18-64">
				<source node="musk-18-64" port="out" />
				<sink node="musk-18-65" port="in" />
			</connection>

			
			<connection id="sewer-con-18-65">
				<source node="musk-18-65" port="out" />
				<sink node="musk-18-66" port="in" />
			</connection>

			
			<connection id="sewer-con-18-66">
				<source node="musk-18-66" port="out" />
				<sink node="musk-18-67" port="in" />
			</connection>

			
			<connection id="sewer-con-18-67">
				<source node="musk-18-67" port="out" />
				<sink node="musk-18-68" port="in" />
			</connection>

			
			<connection id="sewer-con-18-68">
				<source node="musk-18-68" port="out" />
				<sink node="musk-18-69" port="in" />
			</connection>

			
			<connection id="sewer-con-18-69">
				<source node="musk-18-69" port="out" />
				<sink node="musk-18-70" port="in" />
			</connection>

			
			<connection id="sewer-con-18-70">
				<source node="musk-18-70" port="out" />
				<sink node="musk-18-71" port="in" />
			</connection>

			
			<connection id="sewer-con-18-71">
				<source node="musk-18-71" port="out" />
				<sink node="musk-18-72" port="in" />
			</connection>

			
			<connection id="sewer-con-18-72">
				<source node="musk-18-72" port="out" />
				<sink node="musk-18-73" port="in" />
			</connection>

			
			<connection id="sewer-con-18-73">
				<source node="musk-18-73" port="out" />
				<sink node="musk-18-74" port="in" />
			</connection>

			
			<connection id="sewer-con-18-74">
				<source node="musk-18-74" port="out" />
				<sink node="musk-18-75" port="in" />
			</connection>

			
			<connection id="sewer-con-18-75">
				<source node="musk-18-75" port="out" />
				<sink node="musk-18-76" port="in" />
			</connection>

			
			<connection id="sewer-con-18-76">
				<source node="musk-18-76" port="out" />
				<sink node="musk-18-77" port="in" />
			</connection>

			
			<connection id="sewer-con-18-77">
				<source node="musk-18-77" port="out" />
				<sink node="musk-18-78" port="in" />
			</connection>

			
			<connection id="sewer-con-18-78">
				<source node="musk-18-78" port="out" />
				<sink node="musk-18-79" port="in" />
			</connection>

			
			<connection id="sewer-con-18-79">
				<source node="musk-18-79" port="out" />
				<sink node="musk-18-80" port="in" />
			</connection>

			
			<connection id="sewer-con-18-80">
				<source node="musk-18-80" port="out" />
				<sink node="musk-18-81" port="in" />
			</connection>

			
			<connection id="sewer-con-18-81">
				<source node="musk-18-81" port="out" />
				<sink node="musk-18-82" port="in" />
			</connection>

			
			<connection id="sewer-con-18-82">
				<source node="musk-18-82" port="out" />
				<sink node="musk-18-83" port="in" />
			</connection>

			
			<connection id="sewer-con-18-83">
				<source node="musk-18-83" port="out" />
				<sink node="musk-18-84" port="in" />
			</connection>

			
			<connection id="sewer-con-18-84">
				<source node="musk-18-84" port="out" />
				<sink node="musk-18-85" port="in" />
			</connection>

			
			<connection id="sewer-con-18-85">
				<source node="musk-18-85" port="out" />
				<sink node="musk-18-86" port="in" />
			</connection>

			
			<connection id="sewer-con-18-86">
				<source node="musk-18-86" port="out" />
				<sink node="musk-18-87" port="in" />
			</connection>

			
			<connection id="sewer-con-18-87">
				<source node="musk-18-87" port="out" />
				<sink node="musk-18-88" port="in" />
			</connection>

			
			<connection id="sewer-con-18-88">
				<source node="musk-18-88" port="out" />
				<sink node="musk-18-89" port="in" />
			</connection>

			
			<connection id="sewer-con-18-89">
				<source node="musk-18-89" port="out" />
				<sink node="musk-18-90" port="in" />
			</connection>

			
			<connection id="sewer-con-18-90">
				<source node="musk-18-90" port="out" />
				<sink node="musk-18-91" port="in" />
			</connection>

			
			<connection id="sewer-con-18-91">
				<source node="musk-18-91" port="out" />
				<sink node="musk-18-92" port="in" />
			</connection>

			
			<connection id="sewer-con-18-92">
				<source node="musk-18-92" port="out" />
				<sink node="musk-18-93" port="in" />
			</connection>

			
			<connection id="sewer-con-18-93">
				<source node="musk-18-93" port="out" />
				<sink node="musk-18-94" port="in" />
			</connection>

			
			<connection id="sewer-con-18-94">
				<source node="musk-18-94" port="out" />
				<sink node="musk-18-95" port="in" />
			</connection>

			
			<connection id="sewer-con-18-95">
				<source node="musk-18-95" port="out" />
				<sink node="musk-18-96" port="in" />
			</connection>

			
			<connection id="sewer-con-18-96">
				<source node="musk-18-96" port="out" />
				<sink node="musk-18-97" port="in" />
			</connection>

			
			<connection id="sewer-con-18-97">
				<source node="musk-18-97" port="out" />
				<sink node="musk-18-98" port="in" />
			</connection>

			
			<connection id="sewer-con-18-98">
				<source node="musk-18-98" port="out" />
				<sink node="musk-18-99" port="in" />
			</connection>


			<connection id="sewer-mixer-18">
				<source node="musk-18-99" port="out" />
				<sink	node="mixer" port="inputs[18]" />
			</connection>


			<connection id="const-sewer-19">
				<source node="constsource-19" port="out" />
				<sink	node="musk-19-0" port="in" />
			</connection>

			
			<connection id="sewer-con-19-0">
				<source node="musk-19-0" port="out" />
				<sink node="musk-19-1" port="in" />
			</connection>

			
			<connection id="sewer-con-19-1">
				<source node="musk-19-1" port="out" />
				<sink node="musk-19-2" port="in" />
			</connection>

			
			<connection id="sewer-con-19-2">
				<source node="musk-19-2" port="out" />
				<sink node="musk-19-3" port="in" />
			</connection>

			
			<connection id="sewer-con-19-3">
				<source node="musk-19-3" port="out" />
				<sink node="musk-19-4" port="in" />
			</connection>

			
			<connection id="sewer-con-19-4">
				<source node="musk-19-4" port="out" />
				<sink node="musk-19-5" port="in" />
			</connection>

			
			<connection id="sewer-con-19-5">
				<source node="musk-19-5" port="out" />
				<sink node="musk-19-6" port="in" />
			</connection>

			
			<connection id="sewer-con-19-6">
				<source node="musk-19-6" port="out" />
				<sink node="musk-19-7" port="in" />
			</connection>

			
			<connection id="sewer-con-19-7">
				<source node="musk-19-7" port="out" />
				<sink node="musk-19-8" port="in" />
			</connection>

			
			<connection id="sewer-con-19-8">
				<source node="musk-19-8" port="out" />
				<sink node="musk-19-9" port="in" />
			</connection>

			
			<connection id="sewer-con-19-9">
				<source node="musk-19-9" port="out" />
				<sink node="musk-19-10" port="in" />
			</connection>

			
			<connection id="sewer-con-19-10">
				<source node="musk-19-10" port="out" />
				<sink node="musk-19-11" port="in" />
			</connection>

			
			<connection id="sewer-con-19-11">
				<source node="musk-19-11" port="out" />
				<sink node="musk-19-12" port="in" />
			</connection>

			
			<connection id="sewer-con-19-12">
				<source node="musk-19-12" port="out" />
				<sink node="musk-19-13" port="in" />
			</connection>

			
			<connection id="sewer-con-19-13">
				<source node="musk-19-13" port="out" />
				<sink node="musk-19-14" port="in" />
			</connection>

			
			<connection id="sewer-con-19-14">
				<source node="musk-19-14" port="out" />
				<sink node="musk-19-15" port="in" />
			</connection>

			
			<connection id="sewer-con-19-15">
				<source node="musk-19-15" port="out" />
				<sink node="musk-19-16" port="in" />
			</connection>

			
			<connection id="sewer-con-19-16">
				<source node="musk-19-16" port="out" />
				<sink node="musk-19-17" port="in" />
			</connection>

			
			<connection id="sewer-con-19-17">
				<source node="musk-19-17" port="out" />
				<sink node="musk-19-18" port="in" />
			</connection>

			
			<connection id="sewer-con-19-18">
				<source node="musk-19-18" port="out" />
				<sink node="musk-19-19" port="in" />
			</connection>

			
			<connection id="sewer-con-19-19">
				<source node="musk-19-19" port="out" />
				<sink node="musk-19-20" port="in" />
			</connection>

			
			<connection id="sewer-con-19-20">
				<source node="musk-19-20" port="out" />
				<sink node="musk-19-21" port="in" />
			</connection>

			
			<connection id="sewer-con-19-21">
				<source node="musk-19-21" port="out" />
				<sink node="musk-19-22" port="in" />
			</connection>

			
			<connection id="sewer-con-19-22">
				<source node="musk-19-22" port="out" />
				<sink node="musk-19-23" port="in" />
			</connection>

			
			<connection id="sewer-con-19-23">
				<source node="musk-19-23" port="out" />
				<sink node="musk-19-24" port="in" />
			</connection>

			
			<connection id="sewer-con-19-24">
				<source node="musk-19-24" port="out" />
				<sink node="musk-19-25" port="in" />
			</connection>

			
			<connection id="sewer-con-19-25">
				<source node="musk-19-25" port="out" />
				<sink node="musk-19-26" port="in" />
			</connection>

			
			<connection id="sewer-con-19-26">
				<source node="musk-19-26" port="out" />
				<sink node="musk-19-27" port="in" />
			</connection>

			
			<connection id="sewer-con-19-27">
				<source node="musk-19-27" port="out" />
				<sink node="musk-19-28" port="in" />
			</connection>

			
			<connection id="sewer-con-19-28">
				<source node="musk-19-28" port="out" />
				<sink node="musk-19-29" port="in" />
			</connection>

			
			<connection id="sewer-con-19-29">
				<source node="musk-19-29" port="out" />
				<sink node="musk-19-30" port="in" />
			</connection>

			
			<connection id="sewer-con-19-30">
				<source node="musk-19-30" port="out" />
				<sink node="musk-19-31" port="in" />
			</connection>

			
			<connection id="sewer-con-19-31">
				<source node="musk-19-31" port="out" />
				<sink node="musk-19-32" port="in" />
			</connection>

			
			<connection id="sewer-con-19-32">
				<source node="musk-19-32" port="out" />
				<sink node="musk-19-33" port="in" />
			</connection>

			
			<connection id="sewer-con-19-33">
				<source node="musk-19-33" port="out" />
				<sink node="musk-19-34" port="in" />
			</connection>

			
			<connection id="sewer-con-19-34">
				<source node="musk-19-34" port="out" />
				<sink node="musk-19-35" port="in" />
			</connection>

			
			<connection id="sewer-con-19-35">
				<source node="musk-19-35" port="out" />
				<sink node="musk-19-36" port="in" />
			</connection>

			
			<connection id="sewer-con-19-36">
				<source node="musk-19-36" port="out" />
				<sink node="musk-19-37" port="in" />
			</connection>

			
			<connection id="sewer-con-19-37">
				<source node="musk-19-37" port="out" />
				<sink node="musk-19-38" port="in" />
			</connection>

			
			<connection id="sewer-con-19-38">
				<source node="musk-19-38" port="out" />
				<sink node="musk-19-39" port="in" />
			</connection>

			
			<connection id="sewer-con-19-39">
				<source node="musk-19-39" port="out" />
				<sink node="musk-19-40" port="in" />
			</connection>

			
			<connection id="sewer-con-19-40">
				<source node="musk-19-40" port="out" />
				<sink node="musk-19-41" port="in" />
			</connection>

			
			<connection id="sewer-con-19-41">
				<source node="musk-19-41" port="out" />
				<sink node="musk-19-42" port="in" />
			</connection>

			
			<connection id="sewer-con-19-42">
				<source node="musk-19-42" port="out" />
				<sink node="musk-19-43" port="in" />
			</connection>

			
			<connection id="sewer-con-19-43">
				<source node="musk-19-43" port="out" />
				<sink node="musk-19-44" port="in" />
			</connection>

			
			<connection id="sewer-con-19-44">
				<source node="musk-19-44" port="out" />
				<sink node="musk-19-45" port="in" />
			</connection>

			
			<connection id="sewer-con-19-45">
				<source node="musk-19-45" port="out" />
				<sink node="musk-19-46" port="in" />
			</connection>

			
			<connection id="sewer-con-19-46">
				<source node="musk-19-46" port="out" />
				<sink node="musk-19-47" port="in" />
			</connection>

			
			<connection id="sewer-con-19-47">
				<source node="musk-19-47" port="out" />
				<sink node="musk-19-48" port="in" />
			</connection>

			
			<connection id="sewer-con-19-48">
				<source node="musk-19-48" port="out" />
				<sink node="musk-19-49" port="in" />
			</connection>

			
			<connection id="sewer-con-19-49">
				<source node="musk-19-49" port="out" />
				<sink node="musk-19-50" port="in" />
			</connection>

			
			<connection id="sewer-con-19-50">
				<source node="musk-19-50" port="out" />
				<sink node="musk-19-51" port="in" />
			</connection>

			
			<connection id="sewer-con-19-51">
				<source node="musk-19-51" port="out" />
				<sink node="musk-19-52" port="in" />
			</connection>

			
			<connection id="sewer-con-19-52">
				<source node="musk-19-52" port="out" />
				<sink node="musk-19-53" port="in" />
			</connection>

			
			<connection id="sewer-con-19-53">
				<source node="musk-19-53" port="out" />
				<sink node="musk-19-54" port="in" />
			</connection>

			
			<connection id="sewer-con-19-54">
				<source node="musk-19-54" port="out" />
				<sink node="musk-19-55" port="in" />
			</connection>

			
			<connection id="sewer-con-19-55">
				<source node="musk-19-55" port="out" />
				<sink node="musk-19-56" port="in" />
			</connection>

			
			<connection id="sewer-con-19-56">
				<source node="musk-19-56" port="out" />
				<sink node="musk-19-57" port="in" />
			</connection>

			
			<connection id="sewer-con-19-57">
				<source node="musk-19-57" port="out" />
				<sink node="musk-19-58" port="in" />
			</connection>

			
			<connection id="sewer-con-19-58">
				<source node="musk-19-58" port="out" />
				<sink node="musk-19-59" port="in" />
			</connection>

			
			<connection id="sewer-con-19-59">
				<source node="musk-19-59" port="out" />
				<sink node="musk-19-60" port="in" />
			</connection>

			
			<connection id="sewer-con-19-60">
				<source node="musk-19-60" port="out" />
				<sink node="musk-19-61" port="in" />
			</connection>

			
			<connection id="sewer-con-19-61">
				<source node="musk-19-61" port="out" />
				<sink node="musk-19-62" port="in" />
			</connection>

			
			<connection id="sewer-con-19-62">
				<source node="musk-19-62" port="out" />
				<sink node="musk-19-63" port="in" />
			</connection>

			
			<connection id="sewer-con-19-63">
				<source node="musk-19-63" port="out" />
				<sink node="musk-19-64" port="in" />
			</connection>

			
			<connection id="sewer-con-19-64">
				<source node="musk-19-64" port="out" />
				<sink node="musk-19-65" port="in" />
			</connection>

			
			<connection id="sewer-con-19-65">
				<source node="musk-19-65" port="out" />
				<sink node="musk-19-66" port="in" />
			</connection>

			
			<connection id="sewer-con-19-66">
				<source node="musk-19-66" port="out" />
				<sink node="musk-19-67" port="in" />
			</connection>

			
			<connection id="sewer-con-19-67">
				<source node="musk-19-67" port="out" />
				<sink node="musk-19-68" port="in" />
			</connection>

			
			<connection id="sewer-con-19-68">
				<source node="musk-19-68" port="out" />
				<sink node="musk-19-69" port="in" />
			</connection>

			
			<connection id="sewer-con-19-69">
				<source node="musk-19-69" port="out" />
				<sink node="musk-19-70" port="in" />
			</connection>

			
			<connection id="sewer-con-19-70">
				<source node="musk-19-70" port="out" />
				<sink node="musk-19-71" port="in" />
			</connection>

			
			<connection id="sewer-con-19-71">
				<source node="musk-19-71" port="out" />
				<sink node="musk-19-72" port="in" />
			</connection>

			
			<connection id="sewer-con-19-72">
				<source node="musk-19-72" port="out" />
				<sink node="musk-19-73" port="in" />
			</connection>

			
			<connection id="sewer-con-19-73">
				<source node="musk-19-73" port="out" />
				<sink node="musk-19-74" port="in" />
			</connection>

			
			<connection id="sewer-con-19-74">
				<source node="musk-19-74" port="out" />
				<sink node="musk-19-75" port="in" />
			</connection>

			
			<connection id="sewer-con-19-75">
				<source node="musk-19-75" port="out" />
				<sink node="musk-19-76" port="in" />
			</connection>

			
			<connection id="sewer-con-19-76">
				<source node="musk-19-76" port="out" />
				<sink node="musk-19-77" port="in" />
			</connection>

			
			<connection id="sewer-con-19-77">
				<source node="musk-19-77" port="out" />
				<sink node="musk-19-78" port="in" />
			</connection>

			
			<connection id="sewer-con-19-78">
				<source node="musk-19-78" port="out" />
				<sink node="musk-19-79" port="in" />
			</connection>

			
			<connection id="sewer-con-19-79">
				<source node="musk-19-79" port="out" />
				<sink node="musk-19-80" port="in" />
			</connection>

			
			<connection id="sewer-con-19-80">
				<source node="musk-19-80" port="out" />
				<sink node="musk-19-81" port="in" />
			</connection>

			
			<connection id="sewer-con-19-81">
				<source node="musk-19-81" port="out" />
				<sink node="musk-19-82" port="in" />
			</connection>

			
			<connection id="sewer-con-19-82">
				<source node="musk-19-82" port="out" />
				<sink node="musk-19-83" port="in" />
			</connection>

			
			<connection id="sewer-con-19-83">
				<source node="musk-19-83" port="out" />
				<sink node="musk-19-84" port="in" />
			</connection>

			
			<connection id="sewer-con-19-84">
				<source node="musk-19-84" port="out" />
				<sink node="musk-19-85" port="in" />
			</connection>

			
			<connection id="sewer-con-19-85">
				<source node="musk-19-85" port="out" />
				<sink node="musk-19-86" port="in" />
			</connection>

			
			<connection id="sewer-con-19-86">
				<source node="musk-19-86" port="out" />
				<sink node="musk-19-87" port="in" />
			</connection>

			
			<connection id="sewer-con-19-87">
				<source node="musk-19-87" port="out" />
				<sink node="musk-19-88" port="in" />
			</connection>

			
			<connection id="sewer-con-19-88">
				<source node="musk-19-88" port="out" />
				<sink node="musk-19-89" port="in" />
			</connection>

			
			<connection id="sewer-con-19-89">
				<source node="musk-19-89" port="out" />
				<sink node="musk-19-90" port="in" />
			</connection>

			
			<connection id="sewer-con-19-90">
				<source node="musk-19-90" port="out" />
				<sink node="musk-19-91" port="in" />
			</connection>

			
			<connection id="sewer-con-19-91">
				<source node="musk-19-91" port="out" />
				<sink node="musk-19-92" port="in" />
			</connection>

			
			<connection id="sewer-con-19-92">
				<source node="musk-19-92" port="out" />
				<sink node="musk-19-93" port="in" />
			</connection>

			
			<connection id="sewer-con-19-93">
				<source node="musk-19-93" port="out" />
				<sink node="musk-19-94" port="in" />
			</connection>

			
			<connection id="sewer-con-19-94">
				<source node="musk-19-94" port="out" />
				<sink node="musk-19-95" port="in" />
			</connection>

			
			<connection id="sewer-con-19-95">
				<source node="musk-19-95" port="out" />
				<sink node="musk-19-96" port="in" />
			</connection>

			
			<connection id="sewer-con-19-96">
				<source node="musk-19-96" port="out" />
				<sink node="musk-19-97" port="in" />
			</connection>

			
			<connection id="sewer-con-19-97">
				<source node="musk-19-97" port="out" />
				<sink node="musk-19-98" port="in" />
			</connection>

			
			<connection id="sewer-con-19-98">
				<source node="musk-19-98" port="out" />
				<sink node="musk-19-99" port="in" />
			</connection>


			<connection id="sewer-mixer-19">
				<source node="musk-19-99" port="out" />
				<sink	node="mixer" port="inputs[19]" />
			</connection>


			<connection id="mixer-fileout">
				<source node="mixer" port="out" />
				<sink	node="fileout" port="in" />
			</connection>


			
		</connectionlist>
	</model>
</citydrain>

